2019-09-12 20:14:29,473 - tdm - DEBUG - EntityDb(time): add_entity(sort=u'alarm_time', grammar_entry='8 30', name=u'eight_thirty')
2019-09-12 20:14:29,473 - tdm - DEBUG - EntityDb(time): add_entity returns u'eight_thirty'
2019-09-12 20:14:29,473 - tdm - DEBUG - EntityDb(time): add_entity(sort=u'alarm_time', grammar_entry='eight thirty', name=u'eight_thirty')
2019-09-12 20:14:29,473 - tdm - DEBUG - EntityDb(time): add_entity returns u'eight_thirty'
2019-09-12 20:14:29,473 - tdm - DEBUG - EntityDb(time): add_entity(sort=u'alarm_time', grammar_entry='8 30', name=u'eight_thirty')
2019-09-12 20:14:29,473 - tdm - DEBUG - EntityDb(time): add_entity returns u'eight_thirty'
2019-09-12 20:14:29,473 - tdm - DEBUG - EntityDb(time): add_entity(sort=u'alarm_time', grammar_entry='8:30', name=u'eight_thirty')
2019-09-12 20:14:29,474 - tdm - DEBUG - EntityDb(time): add_entity returns u'eight_thirty'
2019-09-12 20:14:29,474 - tdm - DEBUG - EntityDb(time): add_entity(sort=u'alarm_time', grammar_entry='nine', name=u'nine')
2019-09-12 20:14:29,474 - tdm - DEBUG - EntityDb(time): add_entity returns u'nine'
2019-09-12 20:14:29,474 - tdm - DEBUG - EntityDb(time): add_entity(sort=u'alarm_time', grammar_entry='9', name=u'nine')
2019-09-12 20:14:29,474 - tdm - DEBUG - EntityDb(time): add_entity returns u'nine'
2019-09-12 20:14:29,474 - tdm - DEBUG - EntityDb(time): add_entity(sort=u'alarm_time', grammar_entry='eight', name=u'eight')
2019-09-12 20:14:29,474 - tdm - DEBUG - EntityDb(time): add_entity returns u'eight'
2019-09-12 20:14:29,474 - tdm - DEBUG - EntityDb(time): add_entity(sort=u'alarm_time', grammar_entry='8', name=u'eight')
2019-09-12 20:14:29,474 - tdm - DEBUG - EntityDb(time): add_entity returns u'eight'
2019-09-12 20:14:29,474 - tdm - DEBUG - EntityDb(time): add_entity(sort=u'alarm_time', grammar_entry='off', name=u'alarm_off')
2019-09-12 20:14:29,474 - tdm - DEBUG - EntityDb(time): add_entity returns u'alarm_off'
2019-09-12 20:14:29,474 - tdm - DEBUG - DddDb().__init__(name='ddds', default_ddds=[u'time'])
2019-09-12 20:14:29,475 - tdm - DEBUG - DddDb(): DB file name is '/Users/marta/Desktop/Course project/time_ddd/ddds.json'
2019-09-12 20:14:29,481 - tdm - DEBUG - FrontendConnectionHandler(id=4457546000, session=None).open()
2019-09-12 20:14:29,482 - tdm - DEBUG - thread_manager.create_thread() with threading.active_count()=3
2019-09-12 20:14:29,483 - tdm - DEBUG - FrontendConnectionHandler(id=4457546000, session=None).on_message({"handshake_content": {"session_id": null, "keep_session_alive": false}, "name": "Frontend"})
2019-09-12 20:14:29,483 - tdm - DEBUG - FrontendConnectionHandler(id=4457546000, session=None)._register({"handshake_content": {"session_id": null, "keep_session_alive": false}, "name": "Frontend"})
2019-09-12 20:14:29,483 - tdm - DEBUG - thread_manager.create_thread() with threading.active_count()=4
2019-09-12 20:14:29,484 - tdm - DEBUG - Creating backend and session with id 2019-09-12T20_14_29_0.
2019-09-12 20:14:29,486 - tdm - DEBUG - FrontendConnectionHandler(id=4457546000, session='2019-09-12T20_14_29_0'): writing {"content": "2019-09-12T20_14_29_0", "_sender": null, "_reason": null, "event_type": "SESSION_ID"}
2019-09-12 20:14:29,486 - tdm - DEBUG - FrontendConnectionHandler(id=4457546000, session='2019-09-12T20_14_29_0'): OK
2019-09-12 20:14:29,486 - tdm - DEBUG - FrontendConnectionHandler._register: Registered in session 2019-09-12T20_14_29_0 with backend <tdm.backend.Backend object at 0x109b33350>.
2019-09-12 20:14:29,487 - tdm - DEBUG - FrontendConnectionHandler(id=4457546000, session='2019-09-12T20_14_29_0').on_message({"content": null, "_sender": "Frontend", "_reason": null, "event_type": "START"})
2019-09-12 20:14:29,519 - tdm - DEBUG - FrontendConnectionHandler(id=4457546000, session='2019-09-12T20_14_29_0').on_event(Event(SET_DDD, {'ddd_name': 'time', 'language_code': 'eng'}, sender=DmeModule, reason=None))
2019-09-12 20:14:29,519 - tdm - DEBUG - FrontendConnectionHandler(id=4457546000, session='2019-09-12T20_14_29_0'): writing {"content": {"ddd_name": "time", "language_code": "eng"}, "_sender": "DmeModule", "_reason": null, "event_type": "SET_DDD"}
2019-09-12 20:14:29,520 - tdm - DEBUG - FrontendConnectionHandler(id=4457546000, session='2019-09-12T20_14_29_0'): OK
2019-09-12 20:14:29,520 - tdm - DEBUG - FrontendConnectionHandler(id=4457546000, session='2019-09-12T20_14_29_0').on_event(Event(FACTS, [], sender=DmeModule, reason=None))
2019-09-12 20:14:29,520 - tdm - DEBUG - FrontendConnectionHandler(id=4457546000, session='2019-09-12T20_14_29_0'): writing {"content": [], "_sender": "DmeModule", "_reason": null, "event_type": "FACTS"}
2019-09-12 20:14:29,520 - tdm - DEBUG - FrontendConnectionHandler(id=4457546000, session='2019-09-12T20_14_29_0'): OK
2019-09-12 20:14:29,520 - tdm - DEBUG - FrontendConnectionHandler(id=4457546000, session='2019-09-12T20_14_29_0').on_event(Event(FACTS, [], sender=DmeModule, reason=None))
2019-09-12 20:14:29,520 - tdm - DEBUG - FrontendConnectionHandler(id=4457546000, session='2019-09-12T20_14_29_0'): writing {"content": [], "_sender": "DmeModule", "_reason": null, "event_type": "FACTS"}
2019-09-12 20:14:29,521 - tdm - DEBUG - FrontendConnectionHandler(id=4457546000, session='2019-09-12T20_14_29_0'): OK
2019-09-12 20:14:29,521 - tdm - DEBUG - FrontendConnectionHandler(id=4457546000, session='2019-09-12T20_14_29_0').on_event(Event(END_SYSTEM_TURN, {'passivity_duration': None, 'system_has_asked_question': True}, sender=DmeModule, reason=None))
2019-09-12 20:14:29,521 - tdm - DEBUG - FrontendConnectionHandler(id=4457546000, session='2019-09-12T20_14_29_0'): writing {"content": {"passivity_duration": null, "system_has_asked_question": true}, "_sender": "DmeModule", "_reason": null, "event_type": "END_SYSTEM_TURN"}
2019-09-12 20:14:29,521 - tdm - DEBUG - FrontendConnectionHandler(id=4457546000, session='2019-09-12T20_14_29_0'): OK
2019-09-12 20:14:29,521 - tdm - DEBUG - FrontendConnectionHandler(id=4457546000, session='2019-09-12T20_14_29_0').on_event(Event(SYSTEM_UTTERANCE_TO_SPEAK, ['Do you want to know the current time, know the current alarm, set the time or set the alarm?'], sender=None, reason=None))
2019-09-12 20:14:29,522 - tdm - DEBUG - FrontendConnectionHandler(id=4457546000, session='2019-09-12T20_14_29_0'): writing {"content": ["Do you want to know the current time, know the current alarm, set the time or set the alarm?"], "_sender": null, "_reason": null, "event_type": "SYSTEM_UTTERANCE_TO_SPEAK"}
2019-09-12 20:14:29,522 - tdm - DEBUG - FrontendConnectionHandler(id=4457546000, session='2019-09-12T20_14_29_0'): OK
2019-09-12 20:14:29,522 - tdm - DEBUG - FrontendConnectionHandler(id=4457546000, session='2019-09-12T20_14_29_0').on_event(Event(MESSAGE_TO_GUI, [Screen(top, Main menu, [<tdm.nlg.tdm_gui_protocol.Element instance at 0x109aab638>])], sender=None, reason=None))
2019-09-12 20:14:29,522 - tdm - DEBUG - FrontendConnectionHandler(id=4457546000, session='2019-09-12T20_14_29_0'): writing {"content": [{"Screen": {"elements": [{"Element": {"name": "move", "title": "", "items": [{"Item": {"attributes": null, "selected": false, "predicted": false, "value": "ask(?X.current_time(X))", "title": "The current time?"}}, {"Item": {"attributes": null, "selected": false, "predicted": false, "value": "ask(?X.current_alarm(X))", "title": "The current alarm?"}}, {"Item": {"attributes": null, "selected": false, "predicted": false, "value": "request(set_time)", "title": "Set the time"}}, {"Item": {"attributes": null, "selected": false, "predicted": false, "value": "request(set_alarm)", "title": "Set the alarm"}}], "format": "", "voice_browsed": false, "value": "", "template": "menu", "type": "list"}}], "name": "top", "title": "Main menu"}}], "_sender": null, "_reason": null, "event_type": "MESSAGE_TO_GUI"}
2019-09-12 20:14:29,522 - tdm - DEBUG - FrontendConnectionHandler(id=4457546000, session='2019-09-12T20_14_29_0'): OK
2019-09-12 20:14:32,157 - tdm - DEBUG - FrontendConnectionHandler(id=4457546000, session='2019-09-12T20_14_29_0').on_message({"content": [{"score": 1.0, "utterance": "set the alarm"}], "_sender": "TextInputComponent", "_reason": null, "event_type": "RECOGNITION"})
2019-09-12 20:14:32,191 - tdm - DEBUG - DeviceHandler.query_all(?X.selected_alarm_time(X), {}, eng)
2019-09-12 20:14:32,191 - tdm - DEBUG - DeviceHandler invocation ID: cbad72ded9cb7f255b5214f250528f46
2019-09-12 20:14:32,191 - tdm - DEBUG - DeviceHandler.query_all(?X.selected_alarm_time(X), {}, eng)
2019-09-12 20:14:32,191 - tdm - DEBUG - DeviceHandler invocation ID: e82df44891b4c9cf90946b9a2b651441
2019-09-12 20:14:32,193 - tdm - DEBUG - DeviceHandler.query_all(?X.selected_alarm_time(X), {}, eng)
2019-09-12 20:14:32,193 - tdm - DEBUG - DeviceHandler invocation ID: 9b25553da19d181d8168fe5a4b9180e3
2019-09-12 20:14:32,193 - tdm - DEBUG - DeviceHandler.query_all(?X.selected_alarm_time(X), {}, eng)
2019-09-12 20:14:32,193 - tdm - DEBUG - DeviceHandler invocation ID: 502da48a1faba9acc640e8429e14321d
2019-09-12 20:14:32,202 - tdm - DEBUG - DeviceHandler.query_all(?X.selected_alarm_time(X), {}, eng)
2019-09-12 20:14:32,202 - tdm - DEBUG - DeviceHandler invocation ID: 0cf1872c6136f024208179b11870b2eb
2019-09-12 20:14:32,217 - tdm - DEBUG - DeviceHandler.query_all(?X.selected_alarm_time(X), {}, eng)
2019-09-12 20:14:32,217 - tdm - DEBUG - DeviceHandler invocation ID: 56a12203f0cfe77f19298aaf8e7253df
2019-09-12 20:14:32,218 - tdm - DEBUG - DeviceHandler.query_all(?X.selected_alarm_time(X), {}, eng)
2019-09-12 20:14:32,218 - tdm - DEBUG - DeviceHandler invocation ID: e119e54817f61a45ba8402cb145aec53
2019-09-12 20:14:32,226 - tdm - DEBUG - FrontendConnectionHandler(id=4457546000, session='2019-09-12T20_14_29_0').on_event(Event(SELECTED_RECOGNITION, 'set the alarm', sender=DmeModule, reason=None))
2019-09-12 20:14:32,226 - tdm - DEBUG - FrontendConnectionHandler(id=4457546000, session='2019-09-12T20_14_29_0'): writing {"content": "set the alarm", "_sender": "DmeModule", "_reason": null, "event_type": "SELECTED_RECOGNITION"}
2019-09-12 20:14:32,226 - tdm - DEBUG - FrontendConnectionHandler(id=4457546000, session='2019-09-12T20_14_29_0'): OK
2019-09-12 20:14:32,226 - tdm - DEBUG - FrontendConnectionHandler(id=4457546000, session='2019-09-12T20_14_29_0').on_event(Event(FACTS, [], sender=DmeModule, reason=None))
2019-09-12 20:14:32,226 - tdm - DEBUG - FrontendConnectionHandler(id=4457546000, session='2019-09-12T20_14_29_0'): writing {"content": [], "_sender": "DmeModule", "_reason": null, "event_type": "FACTS"}
2019-09-12 20:14:32,227 - tdm - DEBUG - FrontendConnectionHandler(id=4457546000, session='2019-09-12T20_14_29_0'): OK
2019-09-12 20:14:32,227 - tdm - DEBUG - FrontendConnectionHandler(id=4457546000, session='2019-09-12T20_14_29_0').on_event(Event(FACTS, [], sender=DmeModule, reason=None))
2019-09-12 20:14:32,227 - tdm - DEBUG - FrontendConnectionHandler(id=4457546000, session='2019-09-12T20_14_29_0'): writing {"content": [], "_sender": "DmeModule", "_reason": null, "event_type": "FACTS"}
2019-09-12 20:14:32,227 - tdm - DEBUG - FrontendConnectionHandler(id=4457546000, session='2019-09-12T20_14_29_0'): OK
2019-09-12 20:14:32,227 - tdm - DEBUG - FrontendConnectionHandler(id=4457546000, session='2019-09-12T20_14_29_0').on_event(Event(END_SYSTEM_TURN, {'passivity_duration': 5.0, 'system_has_asked_question': True}, sender=DmeModule, reason=None))
2019-09-12 20:14:32,227 - tdm - DEBUG - FrontendConnectionHandler(id=4457546000, session='2019-09-12T20_14_29_0'): writing {"content": {"passivity_duration": 5.0, "system_has_asked_question": true}, "_sender": "DmeModule", "_reason": null, "event_type": "END_SYSTEM_TURN"}
2019-09-12 20:14:32,228 - tdm - DEBUG - FrontendConnectionHandler(id=4457546000, session='2019-09-12T20_14_29_0'): OK
2019-09-12 20:14:32,228 - tdm - DEBUG - FrontendConnectionHandler(id=4457546000, session='2019-09-12T20_14_29_0').on_event(Event(EXPECTED_PASSIVITY_DURATION, 5.0, sender=DmeModule, reason=None))
2019-09-12 20:14:32,228 - tdm - DEBUG - FrontendConnectionHandler(id=4457546000, session='2019-09-12T20_14_29_0'): writing {"content": 5.0, "_sender": "DmeModule", "_reason": null, "event_type": "EXPECTED_PASSIVITY_DURATION"}
2019-09-12 20:14:32,228 - tdm - DEBUG - FrontendConnectionHandler(id=4457546000, session='2019-09-12T20_14_29_0'): OK
2019-09-12 20:14:32,228 - tdm - DEBUG - FrontendConnectionHandler(id=4457546000, session='2019-09-12T20_14_29_0').on_event(Event(SYSTEM_UTTERANCE_TO_SPEAK, ['', '', 'What time do you want to set your alarm to : eight, 8 30 or nine?'], sender=None, reason=None))
2019-09-12 20:14:32,228 - tdm - DEBUG - FrontendConnectionHandler(id=4457546000, session='2019-09-12T20_14_29_0'): writing {"content": ["", "", "What time do you want to set your alarm to : eight, 8 30 or nine?"], "_sender": null, "_reason": null, "event_type": "SYSTEM_UTTERANCE_TO_SPEAK"}
2019-09-12 20:14:32,228 - tdm - DEBUG - FrontendConnectionHandler(id=4457546000, session='2019-09-12T20_14_29_0'): OK
2019-09-12 20:14:32,229 - tdm - DEBUG - FrontendConnectionHandler(id=4457546000, session='2019-09-12T20_14_29_0').on_event(Event(MESSAGE_TO_GUI, [Screen(set_alarm, Set the alarm, [<tdm.nlg.tdm_gui_protocol.Element instance at 0x109b48440>])], sender=None, reason=None))
2019-09-12 20:14:32,229 - tdm - DEBUG - FrontendConnectionHandler(id=4457546000, session='2019-09-12T20_14_29_0'): writing {"content": [{"Screen": {"elements": [{"Element": {"name": "move", "title": null, "items": [{"Item": {"attributes": [], "selected": false, "predicted": false, "value": "answer(selected_alarm_time(eight_thirty))", "title": "8 30"}}, {"Item": {"attributes": [], "selected": false, "predicted": false, "value": "answer(selected_alarm_time(eight))", "title": "Eight"}}, {"Item": {"attributes": [], "selected": false, "predicted": false, "value": "answer(selected_alarm_time(nine))", "title": "Nine"}}], "format": "", "voice_browsed": false, "value": "", "template": "list", "type": "list"}}], "name": "set_alarm", "title": "Set the alarm"}}], "_sender": null, "_reason": null, "event_type": "MESSAGE_TO_GUI"}
2019-09-12 20:14:32,229 - tdm - DEBUG - FrontendConnectionHandler(id=4457546000, session='2019-09-12T20_14_29_0'): OK
2019-09-12 20:14:34,384 - tdm - DEBUG - FrontendConnectionHandler(id=4457546000, session='2019-09-12T20_14_29_0').on_close()
2019-09-12 20:14:34,385 - tdm - DEBUG - SessionManager.stop('2019-09-12T20_14_29_0')
2019-09-12 20:14:34,386 - tdm - DEBUG - TdmApplication.stop(): Stopping HTTP server
2019-09-12 20:14:34,386 - tdm - DEBUG - TdmApplication.stop(): Stopping IO-loop
2019-09-12 20:14:34,386 - tdm - DEBUG - TdmApplication.stop(): Stopping sessions []
