2019-09-12 20:56:44,220 - tdm - DEBUG - EntityDb(time): add_entity(sort=u'alarm_time', grammar_entry='08:30', name=u'eight_thirty')
2019-09-12 20:56:44,221 - tdm - DEBUG - EntityDb(time): add_entity returns u'eight_thirty'
2019-09-12 20:56:44,221 - tdm - DEBUG - EntityDb(time): add_entity(sort=u'alarm_time', grammar_entry='8:30', name=u'eight_thirty')
2019-09-12 20:56:44,221 - tdm - DEBUG - EntityDb(time): add_entity returns u'eight_thirty'
2019-09-12 20:56:44,221 - tdm - DEBUG - EntityDb(time): add_entity(sort=u'alarm_time', grammar_entry='8 30', name=u'eight_thirty')
2019-09-12 20:56:44,221 - tdm - DEBUG - EntityDb(time): add_entity returns u'eight_thirty'
2019-09-12 20:56:44,221 - tdm - DEBUG - EntityDb(time): add_entity(sort=u'alarm_time', grammar_entry='08 30', name=u'eight_thirty')
2019-09-12 20:56:44,221 - tdm - DEBUG - EntityDb(time): add_entity returns u'eight_thirty'
2019-09-12 20:56:44,221 - tdm - DEBUG - EntityDb(time): add_entity(sort=u'alarm_time', grammar_entry='eight thirty', name=u'eight_thirty')
2019-09-12 20:56:44,221 - tdm - DEBUG - EntityDb(time): add_entity returns u'eight_thirty'
2019-09-12 20:56:44,221 - tdm - DEBUG - EntityDb(time): add_entity(sort=u'alarm_time', grammar_entry='09:00', name=u'nine')
2019-09-12 20:56:44,221 - tdm - DEBUG - EntityDb(time): add_entity returns u'nine'
2019-09-12 20:56:44,221 - tdm - DEBUG - EntityDb(time): add_entity(sort=u'alarm_time', grammar_entry='9:00', name=u'nine')
2019-09-12 20:56:44,222 - tdm - DEBUG - EntityDb(time): add_entity returns u'nine'
2019-09-12 20:56:44,222 - tdm - DEBUG - EntityDb(time): add_entity(sort=u'alarm_time', grammar_entry='09', name=u'nine')
2019-09-12 20:56:44,222 - tdm - DEBUG - EntityDb(time): add_entity returns u'nine'
2019-09-12 20:56:44,222 - tdm - DEBUG - EntityDb(time): add_entity(sort=u'alarm_time', grammar_entry='9', name=u'nine')
2019-09-12 20:56:44,222 - tdm - DEBUG - EntityDb(time): add_entity returns u'nine'
2019-09-12 20:56:44,222 - tdm - DEBUG - EntityDb(time): add_entity(sort=u'alarm_time', grammar_entry='nine', name=u'nine')
2019-09-12 20:56:44,222 - tdm - DEBUG - EntityDb(time): add_entity returns u'nine'
2019-09-12 20:56:44,222 - tdm - DEBUG - EntityDb(time): add_entity(sort=u'alarm_time', grammar_entry='08:00', name=u'eight')
2019-09-12 20:56:44,222 - tdm - DEBUG - EntityDb(time): add_entity returns u'eight'
2019-09-12 20:56:44,222 - tdm - DEBUG - EntityDb(time): add_entity(sort=u'alarm_time', grammar_entry='8:00', name=u'eight')
2019-09-12 20:56:44,222 - tdm - DEBUG - EntityDb(time): add_entity returns u'eight'
2019-09-12 20:56:44,222 - tdm - DEBUG - EntityDb(time): add_entity(sort=u'alarm_time', grammar_entry='8', name=u'eight')
2019-09-12 20:56:44,222 - tdm - DEBUG - EntityDb(time): add_entity returns u'eight'
2019-09-12 20:56:44,222 - tdm - DEBUG - EntityDb(time): add_entity(sort=u'alarm_time', grammar_entry='08', name=u'eight')
2019-09-12 20:56:44,222 - tdm - DEBUG - EntityDb(time): add_entity returns u'eight'
2019-09-12 20:56:44,222 - tdm - DEBUG - EntityDb(time): add_entity(sort=u'alarm_time', grammar_entry='eight', name=u'eight')
2019-09-12 20:56:44,222 - tdm - DEBUG - EntityDb(time): add_entity returns u'eight'
2019-09-12 20:56:44,222 - tdm - DEBUG - EntityDb(time): add_entity(sort=u'alarm_time', grammar_entry='off', name=u'alarm_off')
2019-09-12 20:56:44,223 - tdm - DEBUG - EntityDb(time): add_entity returns u'alarm_off'
2019-09-12 20:56:44,223 - tdm - DEBUG - DddDb().__init__(name='ddds', default_ddds=[u'time'])
2019-09-12 20:56:44,223 - tdm - DEBUG - DddDb(): DB file name is '/Users/marta/Desktop/Course project/time_ddd/ddds.json'
2019-09-12 20:56:44,232 - tdm - DEBUG - FrontendConnectionHandler(id=4428058960, session=None).open()
2019-09-12 20:56:44,233 - tdm - DEBUG - thread_manager.create_thread() with threading.active_count()=3
2019-09-12 20:56:44,234 - tdm - DEBUG - FrontendConnectionHandler(id=4428058960, session=None).on_message({"handshake_content": {"session_id": null, "keep_session_alive": false}, "name": "Frontend"})
2019-09-12 20:56:44,234 - tdm - DEBUG - FrontendConnectionHandler(id=4428058960, session=None)._register({"handshake_content": {"session_id": null, "keep_session_alive": false}, "name": "Frontend"})
2019-09-12 20:56:44,234 - tdm - DEBUG - thread_manager.create_thread() with threading.active_count()=4
2019-09-12 20:56:44,235 - tdm - DEBUG - Creating backend and session with id 2019-09-12T20_56_44_0.
2019-09-12 20:56:44,237 - tdm - DEBUG - FrontendConnectionHandler(id=4428058960, session='2019-09-12T20_56_44_0'): writing {"content": "2019-09-12T20_56_44_0", "_sender": null, "_reason": null, "event_type": "SESSION_ID"}
2019-09-12 20:56:44,237 - tdm - DEBUG - FrontendConnectionHandler(id=4428058960, session='2019-09-12T20_56_44_0'): OK
2019-09-12 20:56:44,237 - tdm - DEBUG - FrontendConnectionHandler._register: Registered in session 2019-09-12T20_56_44_0 with backend <tdm.backend.Backend object at 0x107f15410>.
2019-09-12 20:56:44,238 - tdm - DEBUG - FrontendConnectionHandler(id=4428058960, session='2019-09-12T20_56_44_0').on_message({"content": null, "_sender": "Frontend", "_reason": null, "event_type": "START"})
2019-09-12 20:56:44,270 - tdm - DEBUG - FrontendConnectionHandler(id=4428058960, session='2019-09-12T20_56_44_0').on_event(Event(SET_DDD, {'ddd_name': 'time', 'language_code': 'eng'}, sender=DmeModule, reason=None))
2019-09-12 20:56:44,270 - tdm - DEBUG - FrontendConnectionHandler(id=4428058960, session='2019-09-12T20_56_44_0'): writing {"content": {"ddd_name": "time", "language_code": "eng"}, "_sender": "DmeModule", "_reason": null, "event_type": "SET_DDD"}
2019-09-12 20:56:44,270 - tdm - DEBUG - FrontendConnectionHandler(id=4428058960, session='2019-09-12T20_56_44_0'): OK
2019-09-12 20:56:44,270 - tdm - DEBUG - FrontendConnectionHandler(id=4428058960, session='2019-09-12T20_56_44_0').on_event(Event(FACTS, [], sender=DmeModule, reason=None))
2019-09-12 20:56:44,270 - tdm - DEBUG - FrontendConnectionHandler(id=4428058960, session='2019-09-12T20_56_44_0'): writing {"content": [], "_sender": "DmeModule", "_reason": null, "event_type": "FACTS"}
2019-09-12 20:56:44,271 - tdm - DEBUG - FrontendConnectionHandler(id=4428058960, session='2019-09-12T20_56_44_0'): OK
2019-09-12 20:56:44,271 - tdm - DEBUG - FrontendConnectionHandler(id=4428058960, session='2019-09-12T20_56_44_0').on_event(Event(FACTS, [], sender=DmeModule, reason=None))
2019-09-12 20:56:44,271 - tdm - DEBUG - FrontendConnectionHandler(id=4428058960, session='2019-09-12T20_56_44_0'): writing {"content": [], "_sender": "DmeModule", "_reason": null, "event_type": "FACTS"}
2019-09-12 20:56:44,271 - tdm - DEBUG - FrontendConnectionHandler(id=4428058960, session='2019-09-12T20_56_44_0'): OK
2019-09-12 20:56:44,271 - tdm - DEBUG - FrontendConnectionHandler(id=4428058960, session='2019-09-12T20_56_44_0').on_event(Event(END_SYSTEM_TURN, {'passivity_duration': None, 'system_has_asked_question': True}, sender=DmeModule, reason=None))
2019-09-12 20:56:44,272 - tdm - DEBUG - FrontendConnectionHandler(id=4428058960, session='2019-09-12T20_56_44_0'): writing {"content": {"passivity_duration": null, "system_has_asked_question": true}, "_sender": "DmeModule", "_reason": null, "event_type": "END_SYSTEM_TURN"}
2019-09-12 20:56:44,272 - tdm - DEBUG - FrontendConnectionHandler(id=4428058960, session='2019-09-12T20_56_44_0'): OK
2019-09-12 20:56:44,273 - tdm - DEBUG - FrontendConnectionHandler(id=4428058960, session='2019-09-12T20_56_44_0').on_event(Event(SYSTEM_UTTERANCE_TO_SPEAK, ['Do you want to know the current time, know the current alarm, set the time or set the alarm?'], sender=None, reason=None))
2019-09-12 20:56:44,273 - tdm - DEBUG - FrontendConnectionHandler(id=4428058960, session='2019-09-12T20_56_44_0'): writing {"content": ["Do you want to know the current time, know the current alarm, set the time or set the alarm?"], "_sender": null, "_reason": null, "event_type": "SYSTEM_UTTERANCE_TO_SPEAK"}
2019-09-12 20:56:44,273 - tdm - DEBUG - FrontendConnectionHandler(id=4428058960, session='2019-09-12T20_56_44_0'): OK
2019-09-12 20:56:44,274 - tdm - DEBUG - FrontendConnectionHandler(id=4428058960, session='2019-09-12T20_56_44_0').on_event(Event(MESSAGE_TO_GUI, [Screen(top, Main menu, [<tdm.nlg.tdm_gui_protocol.Element instance at 0x107e9e758>])], sender=None, reason=None))
2019-09-12 20:56:44,274 - tdm - DEBUG - FrontendConnectionHandler(id=4428058960, session='2019-09-12T20_56_44_0'): writing {"content": [{"Screen": {"elements": [{"Element": {"name": "move", "title": "", "items": [{"Item": {"attributes": null, "selected": false, "predicted": false, "value": "ask(?X.current_time(X))", "title": "The current time?"}}, {"Item": {"attributes": null, "selected": false, "predicted": false, "value": "ask(?X.current_alarm(X))", "title": "The current alarm?"}}, {"Item": {"attributes": null, "selected": false, "predicted": false, "value": "request(set_time)", "title": "Set the time"}}, {"Item": {"attributes": null, "selected": false, "predicted": false, "value": "request(set_alarm)", "title": "Set the alarm"}}], "format": "", "voice_browsed": false, "value": "", "template": "menu", "type": "list"}}], "name": "top", "title": "Main menu"}}], "_sender": null, "_reason": null, "event_type": "MESSAGE_TO_GUI"}
2019-09-12 20:56:44,275 - tdm - DEBUG - FrontendConnectionHandler(id=4428058960, session='2019-09-12T20_56_44_0'): OK
2019-09-12 20:56:47,754 - tdm - DEBUG - FrontendConnectionHandler(id=4428058960, session='2019-09-12T20_56_44_0').on_message({"content": [{"score": 1.0, "utterance": "set the alarm"}], "_sender": "TextInputComponent", "_reason": null, "event_type": "RECOGNITION"})
2019-09-12 20:56:47,786 - tdm - DEBUG - DeviceHandler.query_all(?X.selected_alarm_time(X), {}, eng)
2019-09-12 20:56:47,786 - tdm - DEBUG - DeviceHandler invocation ID: 8b19e88a995556283b9af234e191a7d6
2019-09-12 20:56:47,786 - tdm - DEBUG - DeviceHandler.query_all(?X.selected_alarm_time(X), {}, eng)
2019-09-12 20:56:47,786 - tdm - DEBUG - DeviceHandler invocation ID: d29466ddb1bc647d0114b6148ea04ed9
2019-09-12 20:56:47,788 - tdm - DEBUG - DeviceHandler.query_all(?X.selected_alarm_time(X), {}, eng)
2019-09-12 20:56:47,788 - tdm - DEBUG - DeviceHandler invocation ID: 3d8ca9bf9bd2c045829dea467da7c47f
2019-09-12 20:56:47,788 - tdm - DEBUG - DeviceHandler.query_all(?X.selected_alarm_time(X), {}, eng)
2019-09-12 20:56:47,788 - tdm - DEBUG - DeviceHandler invocation ID: eb5246e4e836c12e400dae29d49bd11e
2019-09-12 20:56:47,799 - tdm - DEBUG - DeviceHandler.query_all(?X.selected_alarm_time(X), {}, eng)
2019-09-12 20:56:47,799 - tdm - DEBUG - DeviceHandler invocation ID: 5ff00d2af051f42e92565e83ce0f2068
2019-09-12 20:56:47,815 - tdm - DEBUG - DeviceHandler.query_all(?X.selected_alarm_time(X), {}, eng)
2019-09-12 20:56:47,815 - tdm - DEBUG - DeviceHandler invocation ID: 21759d3d7f446509c88248f13490b7f4
2019-09-12 20:56:47,815 - tdm - DEBUG - DeviceHandler.query_all(?X.selected_alarm_time(X), {}, eng)
2019-09-12 20:56:47,815 - tdm - DEBUG - DeviceHandler invocation ID: cc872df3126c2976416af8672c0d9c94
2019-09-12 20:56:47,824 - tdm - DEBUG - FrontendConnectionHandler(id=4428058960, session='2019-09-12T20_56_44_0').on_event(Event(SELECTED_RECOGNITION, 'set the alarm', sender=DmeModule, reason=None))
2019-09-12 20:56:47,824 - tdm - DEBUG - FrontendConnectionHandler(id=4428058960, session='2019-09-12T20_56_44_0'): writing {"content": "set the alarm", "_sender": "DmeModule", "_reason": null, "event_type": "SELECTED_RECOGNITION"}
2019-09-12 20:56:47,824 - tdm - DEBUG - FrontendConnectionHandler(id=4428058960, session='2019-09-12T20_56_44_0'): OK
2019-09-12 20:56:47,825 - tdm - DEBUG - FrontendConnectionHandler(id=4428058960, session='2019-09-12T20_56_44_0').on_event(Event(FACTS, [], sender=DmeModule, reason=None))
2019-09-12 20:56:47,825 - tdm - DEBUG - FrontendConnectionHandler(id=4428058960, session='2019-09-12T20_56_44_0'): writing {"content": [], "_sender": "DmeModule", "_reason": null, "event_type": "FACTS"}
2019-09-12 20:56:47,825 - tdm - DEBUG - FrontendConnectionHandler(id=4428058960, session='2019-09-12T20_56_44_0'): OK
2019-09-12 20:56:47,825 - tdm - DEBUG - FrontendConnectionHandler(id=4428058960, session='2019-09-12T20_56_44_0').on_event(Event(FACTS, [], sender=DmeModule, reason=None))
2019-09-12 20:56:47,825 - tdm - DEBUG - FrontendConnectionHandler(id=4428058960, session='2019-09-12T20_56_44_0'): writing {"content": [], "_sender": "DmeModule", "_reason": null, "event_type": "FACTS"}
2019-09-12 20:56:47,825 - tdm - DEBUG - FrontendConnectionHandler(id=4428058960, session='2019-09-12T20_56_44_0'): OK
2019-09-12 20:56:47,826 - tdm - DEBUG - FrontendConnectionHandler(id=4428058960, session='2019-09-12T20_56_44_0').on_event(Event(END_SYSTEM_TURN, {'passivity_duration': 5.0, 'system_has_asked_question': True}, sender=DmeModule, reason=None))
2019-09-12 20:56:47,826 - tdm - DEBUG - FrontendConnectionHandler(id=4428058960, session='2019-09-12T20_56_44_0'): writing {"content": {"passivity_duration": 5.0, "system_has_asked_question": true}, "_sender": "DmeModule", "_reason": null, "event_type": "END_SYSTEM_TURN"}
2019-09-12 20:56:47,826 - tdm - DEBUG - FrontendConnectionHandler(id=4428058960, session='2019-09-12T20_56_44_0'): OK
2019-09-12 20:56:47,826 - tdm - DEBUG - FrontendConnectionHandler(id=4428058960, session='2019-09-12T20_56_44_0').on_event(Event(EXPECTED_PASSIVITY_DURATION, 5.0, sender=DmeModule, reason=None))
2019-09-12 20:56:47,826 - tdm - DEBUG - FrontendConnectionHandler(id=4428058960, session='2019-09-12T20_56_44_0'): writing {"content": 5.0, "_sender": "DmeModule", "_reason": null, "event_type": "EXPECTED_PASSIVITY_DURATION"}
2019-09-12 20:56:47,827 - tdm - DEBUG - FrontendConnectionHandler(id=4428058960, session='2019-09-12T20_56_44_0'): OK
2019-09-12 20:56:47,827 - tdm - DEBUG - FrontendConnectionHandler(id=4428058960, session='2019-09-12T20_56_44_0').on_event(Event(SYSTEM_UTTERANCE_TO_SPEAK, ['', '', 'What time do you want to set your alarm to : 08:00, 08:30 or 09:00?'], sender=None, reason=None))
2019-09-12 20:56:47,827 - tdm - DEBUG - FrontendConnectionHandler(id=4428058960, session='2019-09-12T20_56_44_0'): writing {"content": ["", "", "What time do you want to set your alarm to : 08:00, 08:30 or 09:00?"], "_sender": null, "_reason": null, "event_type": "SYSTEM_UTTERANCE_TO_SPEAK"}
2019-09-12 20:56:47,827 - tdm - DEBUG - FrontendConnectionHandler(id=4428058960, session='2019-09-12T20_56_44_0'): OK
2019-09-12 20:56:47,827 - tdm - DEBUG - FrontendConnectionHandler(id=4428058960, session='2019-09-12T20_56_44_0').on_event(Event(MESSAGE_TO_GUI, [Screen(set_alarm, Set the alarm, [<tdm.nlg.tdm_gui_protocol.Element instance at 0x107f775f0>])], sender=None, reason=None))
2019-09-12 20:56:47,827 - tdm - DEBUG - FrontendConnectionHandler(id=4428058960, session='2019-09-12T20_56_44_0'): writing {"content": [{"Screen": {"elements": [{"Element": {"name": "move", "title": null, "items": [{"Item": {"attributes": [], "selected": false, "predicted": false, "value": "answer(selected_alarm_time(eight))", "title": "08:00"}}, {"Item": {"attributes": [], "selected": false, "predicted": false, "value": "answer(selected_alarm_time(eight_thirty))", "title": "08:30"}}, {"Item": {"attributes": [], "selected": false, "predicted": false, "value": "answer(selected_alarm_time(nine))", "title": "09:00"}}], "format": "", "voice_browsed": false, "value": "", "template": "list", "type": "list"}}], "name": "set_alarm", "title": "Set the alarm"}}], "_sender": null, "_reason": null, "event_type": "MESSAGE_TO_GUI"}
2019-09-12 20:56:47,828 - tdm - DEBUG - FrontendConnectionHandler(id=4428058960, session='2019-09-12T20_56_44_0'): OK
2019-09-12 20:56:50,357 - tdm - DEBUG - FrontendConnectionHandler(id=4428058960, session='2019-09-12T20_56_44_0').on_message({"content": [{"score": 1.0, "utterance": "8"}], "_sender": "TextInputComponent", "_reason": null, "event_type": "RECOGNITION"})
2019-09-12 20:56:50,373 - tdm - DEBUG - DeviceHandler.query_all(?X.selected_alarm_time(X), set([selected_alarm_time(eight), selected_alarm_time(eight_thirty), selected_alarm_time(nine)]), {}, eng)
2019-09-12 20:56:50,373 - tdm - DEBUG - DeviceHandler invocation ID: a15e632397ca19c4dcd99894fa4581b4
2019-09-12 20:56:50,384 - tdm - DEBUG - DeviceHandler.is_valid_parameter(selected_alarm_time(eight), {}, eng)
2019-09-12 20:56:50,392 - tdm - DEBUG - DeviceHandler.perform(SetAlarm, {selected_alarm_time(eight), resolved(?X.selected_alarm_time(X), set([selected_alarm_time(eight), selected_alarm_time(eight_thirty), selected_alarm_time(nine)]))}, eng)
2019-09-12 20:56:50,392 - tdm - DEBUG - DeviceHandler invocation ID: 6b8f52f4a9f9c1f981566e52d869e34e
2019-09-12 20:56:50,423 - tdm - DEBUG - FrontendConnectionHandler(id=4428058960, session='2019-09-12T20_56_44_0').on_event(Event(SELECTED_RECOGNITION, '8', sender=DmeModule, reason=None))
2019-09-12 20:56:50,423 - tdm - DEBUG - FrontendConnectionHandler(id=4428058960, session='2019-09-12T20_56_44_0'): writing {"content": "8", "_sender": "DmeModule", "_reason": null, "event_type": "SELECTED_RECOGNITION"}
2019-09-12 20:56:50,423 - tdm - DEBUG - FrontendConnectionHandler(id=4428058960, session='2019-09-12T20_56_44_0'): OK
2019-09-12 20:56:50,424 - tdm - DEBUG - FrontendConnectionHandler(id=4428058960, session='2019-09-12T20_56_44_0').on_event(Event(FACTS, [{'predicate': 'selected_alarm_time', 'grammar_entry': '08:00', 'value': 'eight'}], sender=DmeModule, reason=None))
2019-09-12 20:56:50,424 - tdm - DEBUG - FrontendConnectionHandler(id=4428058960, session='2019-09-12T20_56_44_0'): writing {"content": [{"predicate": "selected_alarm_time", "grammar_entry": "08:00", "value": "eight"}], "_sender": "DmeModule", "_reason": null, "event_type": "FACTS"}
2019-09-12 20:56:50,424 - tdm - DEBUG - FrontendConnectionHandler(id=4428058960, session='2019-09-12T20_56_44_0'): OK
2019-09-12 20:56:50,424 - tdm - DEBUG - FrontendConnectionHandler(id=4428058960, session='2019-09-12T20_56_44_0').on_event(Event(FACTS, [{'predicate': 'selected_alarm_time', 'grammar_entry': '08:00', 'value': 'eight'}], sender=DmeModule, reason=None))
2019-09-12 20:56:50,425 - tdm - DEBUG - FrontendConnectionHandler(id=4428058960, session='2019-09-12T20_56_44_0'): writing {"content": [{"predicate": "selected_alarm_time", "grammar_entry": "08:00", "value": "eight"}], "_sender": "DmeModule", "_reason": null, "event_type": "FACTS"}
2019-09-12 20:56:50,425 - tdm - DEBUG - FrontendConnectionHandler(id=4428058960, session='2019-09-12T20_56_44_0'): OK
2019-09-12 20:56:50,425 - tdm - DEBUG - FrontendConnectionHandler(id=4428058960, session='2019-09-12T20_56_44_0').on_event(Event(END_SYSTEM_TURN, {'passivity_duration': 1.0, 'system_has_asked_question': False}, sender=DmeModule, reason=None))
2019-09-12 20:56:50,425 - tdm - DEBUG - FrontendConnectionHandler(id=4428058960, session='2019-09-12T20_56_44_0'): writing {"content": {"passivity_duration": 1.0, "system_has_asked_question": false}, "_sender": "DmeModule", "_reason": null, "event_type": "END_SYSTEM_TURN"}
2019-09-12 20:56:50,425 - tdm - DEBUG - FrontendConnectionHandler(id=4428058960, session='2019-09-12T20_56_44_0'): OK
2019-09-12 20:56:50,426 - tdm - DEBUG - FrontendConnectionHandler(id=4428058960, session='2019-09-12T20_56_44_0').on_event(Event(EXPECTED_PASSIVITY_DURATION, 1.0, sender=DmeModule, reason=None))
2019-09-12 20:56:50,426 - tdm - DEBUG - FrontendConnectionHandler(id=4428058960, session='2019-09-12T20_56_44_0'): writing {"content": 1.0, "_sender": "DmeModule", "_reason": null, "event_type": "EXPECTED_PASSIVITY_DURATION"}
2019-09-12 20:56:50,426 - tdm - DEBUG - FrontendConnectionHandler(id=4428058960, session='2019-09-12T20_56_44_0'): OK
2019-09-12 20:56:50,426 - tdm - DEBUG - FrontendConnectionHandler(id=4428058960, session='2019-09-12T20_56_44_0').on_event(Event(SYSTEM_UTTERANCE_TO_SPEAK, ['', 'The alarm was set to 08:00.'], sender=None, reason=None))
2019-09-12 20:56:50,427 - tdm - DEBUG - FrontendConnectionHandler(id=4428058960, session='2019-09-12T20_56_44_0'): writing {"content": ["", "The alarm was set to 08:00."], "_sender": null, "_reason": null, "event_type": "SYSTEM_UTTERANCE_TO_SPEAK"}
2019-09-12 20:56:50,427 - tdm - DEBUG - FrontendConnectionHandler(id=4428058960, session='2019-09-12T20_56_44_0'): OK
2019-09-12 20:56:50,427 - tdm - DEBUG - FrontendConnectionHandler(id=4428058960, session='2019-09-12T20_56_44_0').on_event(Event(MESSAGE_TO_GUI, [Popup(The alarm was set to 08:00., elements=[])], sender=None, reason=None))
2019-09-12 20:56:50,427 - tdm - DEBUG - FrontendConnectionHandler(id=4428058960, session='2019-09-12T20_56_44_0'): writing {"content": [{"Popup": {"elements": [], "title": "The alarm was set to 08:00."}}], "_sender": null, "_reason": null, "event_type": "MESSAGE_TO_GUI"}
2019-09-12 20:56:50,428 - tdm - DEBUG - FrontendConnectionHandler(id=4428058960, session='2019-09-12T20_56_44_0'): OK
2019-09-12 20:56:50,428 - tdm - DEBUG - FrontendConnectionHandler(id=4428058960, session='2019-09-12T20_56_44_0').on_event(Event(GUI.POPUP, {'options': [], 'title': 'The alarm was set to 08:00.'}, sender=None, reason=None))
2019-09-12 20:56:50,428 - tdm - DEBUG - FrontendConnectionHandler(id=4428058960, session='2019-09-12T20_56_44_0'): writing {"content": {"options": [], "title": "The alarm was set to 08:00."}, "_sender": null, "_reason": null, "event_type": "GUI.POPUP"}
2019-09-12 20:56:50,428 - tdm - DEBUG - FrontendConnectionHandler(id=4428058960, session='2019-09-12T20_56_44_0'): OK
2019-09-12 20:56:51,435 - tdm - DEBUG - FrontendConnectionHandler(id=4428058960, session='2019-09-12T20_56_44_0').on_message({"content": null, "_sender": "Frontend", "_reason": null, "event_type": "PASSIVITY"})
2019-09-12 20:56:51,481 - tdm - DEBUG - FrontendConnectionHandler(id=4428058960, session='2019-09-12T20_56_44_0').on_event(Event(FACTS, [], sender=DmeModule, reason=None))
2019-09-12 20:56:51,481 - tdm - DEBUG - FrontendConnectionHandler(id=4428058960, session='2019-09-12T20_56_44_0'): writing {"content": [], "_sender": "DmeModule", "_reason": null, "event_type": "FACTS"}
2019-09-12 20:56:51,481 - tdm - DEBUG - FrontendConnectionHandler(id=4428058960, session='2019-09-12T20_56_44_0'): OK
2019-09-12 20:56:51,482 - tdm - DEBUG - FrontendConnectionHandler(id=4428058960, session='2019-09-12T20_56_44_0').on_event(Event(FACTS, [], sender=DmeModule, reason=None))
2019-09-12 20:56:51,482 - tdm - DEBUG - FrontendConnectionHandler(id=4428058960, session='2019-09-12T20_56_44_0'): writing {"content": [], "_sender": "DmeModule", "_reason": null, "event_type": "FACTS"}
2019-09-12 20:56:51,482 - tdm - DEBUG - FrontendConnectionHandler(id=4428058960, session='2019-09-12T20_56_44_0'): OK
2019-09-12 20:56:51,482 - tdm - DEBUG - FrontendConnectionHandler(id=4428058960, session='2019-09-12T20_56_44_0').on_event(Event(END_SYSTEM_TURN, {'passivity_duration': None, 'system_has_asked_question': True}, sender=DmeModule, reason=None))
2019-09-12 20:56:51,482 - tdm - DEBUG - FrontendConnectionHandler(id=4428058960, session='2019-09-12T20_56_44_0'): writing {"content": {"passivity_duration": null, "system_has_asked_question": true}, "_sender": "DmeModule", "_reason": null, "event_type": "END_SYSTEM_TURN"}
2019-09-12 20:56:51,482 - tdm - DEBUG - FrontendConnectionHandler(id=4428058960, session='2019-09-12T20_56_44_0'): OK
2019-09-12 20:56:51,482 - tdm - DEBUG - FrontendConnectionHandler(id=4428058960, session='2019-09-12T20_56_44_0').on_event(Event(SYSTEM_UTTERANCE_TO_SPEAK, ['Returning to main menu.', 'Do you want to know the current time, know the current alarm, set the time or set the alarm?'], sender=None, reason=None))
2019-09-12 20:56:51,483 - tdm - DEBUG - FrontendConnectionHandler(id=4428058960, session='2019-09-12T20_56_44_0'): writing {"content": ["Returning to main menu.", "Do you want to know the current time, know the current alarm, set the time or set the alarm?"], "_sender": null, "_reason": null, "event_type": "SYSTEM_UTTERANCE_TO_SPEAK"}
2019-09-12 20:56:51,483 - tdm - DEBUG - FrontendConnectionHandler(id=4428058960, session='2019-09-12T20_56_44_0'): OK
2019-09-12 20:56:51,483 - tdm - DEBUG - FrontendConnectionHandler(id=4428058960, session='2019-09-12T20_56_44_0').on_event(Event(MESSAGE_TO_GUI, [ClosePopup(), Screen(top, Main menu, [<tdm.nlg.tdm_gui_protocol.Element instance at 0x107f72a28>])], sender=None, reason=None))
2019-09-12 20:56:51,483 - tdm - DEBUG - FrontendConnectionHandler(id=4428058960, session='2019-09-12T20_56_44_0'): writing {"content": [{"ClosePopup": {}}, {"Screen": {"elements": [{"Element": {"name": "move", "title": "", "items": [{"Item": {"attributes": null, "selected": false, "predicted": false, "value": "ask(?X.current_time(X))", "title": "The current time?"}}, {"Item": {"attributes": null, "selected": false, "predicted": false, "value": "ask(?X.current_alarm(X))", "title": "The current alarm?"}}, {"Item": {"attributes": null, "selected": false, "predicted": false, "value": "request(set_time)", "title": "Set the time"}}, {"Item": {"attributes": null, "selected": true, "predicted": false, "value": "request(set_alarm)", "title": "Set the alarm"}}], "format": "", "voice_browsed": false, "value": "", "template": "menu", "type": "list"}}], "name": "top", "title": "Main menu"}}], "_sender": null, "_reason": null, "event_type": "MESSAGE_TO_GUI"}
2019-09-12 20:56:51,484 - tdm - DEBUG - FrontendConnectionHandler(id=4428058960, session='2019-09-12T20_56_44_0'): OK
2019-09-12 20:56:55,489 - tdm - DEBUG - FrontendConnectionHandler(id=4428058960, session='2019-09-12T20_56_44_0').on_message({"content": [{"score": 1.0, "utterance": "whats the alarm"}], "_sender": "TextInputComponent", "_reason": null, "event_type": "RECOGNITION"})
2019-09-12 20:56:55,518 - tdm - DEBUG - DeviceHandler.query_all(?X.current_alarm(X), {}, eng)
2019-09-12 20:56:55,518 - tdm - DEBUG - DeviceHandler invocation ID: 09bd3fc0a662a74da5b74505ad0053e3
2019-09-12 20:56:55,548 - tdm - DEBUG - FrontendConnectionHandler(id=4428058960, session='2019-09-12T20_56_44_0').on_event(Event(SELECTED_RECOGNITION, 'whats the alarm', sender=DmeModule, reason=None))
2019-09-12 20:56:55,548 - tdm - DEBUG - FrontendConnectionHandler(id=4428058960, session='2019-09-12T20_56_44_0'): writing {"content": "whats the alarm", "_sender": "DmeModule", "_reason": null, "event_type": "SELECTED_RECOGNITION"}
2019-09-12 20:56:55,548 - tdm - DEBUG - FrontendConnectionHandler(id=4428058960, session='2019-09-12T20_56_44_0'): OK
2019-09-12 20:56:55,549 - tdm - DEBUG - FrontendConnectionHandler(id=4428058960, session='2019-09-12T20_56_44_0').on_event(Event(FACTS, [{'predicate': 'current_alarm', 'grammar_entry': '08:00', 'value': 'eight'}], sender=DmeModule, reason=None))
2019-09-12 20:56:55,549 - tdm - DEBUG - FrontendConnectionHandler(id=4428058960, session='2019-09-12T20_56_44_0'): writing {"content": [{"predicate": "current_alarm", "grammar_entry": "08:00", "value": "eight"}], "_sender": "DmeModule", "_reason": null, "event_type": "FACTS"}
2019-09-12 20:56:55,549 - tdm - DEBUG - FrontendConnectionHandler(id=4428058960, session='2019-09-12T20_56_44_0'): OK
2019-09-12 20:56:55,549 - tdm - DEBUG - FrontendConnectionHandler(id=4428058960, session='2019-09-12T20_56_44_0').on_event(Event(FACTS, [{'predicate': 'current_alarm', 'grammar_entry': '08:00', 'value': 'eight'}], sender=DmeModule, reason=None))
2019-09-12 20:56:55,549 - tdm - DEBUG - FrontendConnectionHandler(id=4428058960, session='2019-09-12T20_56_44_0'): writing {"content": [{"predicate": "current_alarm", "grammar_entry": "08:00", "value": "eight"}], "_sender": "DmeModule", "_reason": null, "event_type": "FACTS"}
2019-09-12 20:56:55,549 - tdm - DEBUG - FrontendConnectionHandler(id=4428058960, session='2019-09-12T20_56_44_0'): OK
2019-09-12 20:56:55,549 - tdm - DEBUG - FrontendConnectionHandler(id=4428058960, session='2019-09-12T20_56_44_0').on_event(Event(END_SYSTEM_TURN, {'passivity_duration': 1.0, 'system_has_asked_question': False}, sender=DmeModule, reason=None))
2019-09-12 20:56:55,549 - tdm - DEBUG - FrontendConnectionHandler(id=4428058960, session='2019-09-12T20_56_44_0'): writing {"content": {"passivity_duration": 1.0, "system_has_asked_question": false}, "_sender": "DmeModule", "_reason": null, "event_type": "END_SYSTEM_TURN"}
2019-09-12 20:56:55,550 - tdm - DEBUG - FrontendConnectionHandler(id=4428058960, session='2019-09-12T20_56_44_0'): OK
2019-09-12 20:56:55,550 - tdm - DEBUG - FrontendConnectionHandler(id=4428058960, session='2019-09-12T20_56_44_0').on_event(Event(EXPECTED_PASSIVITY_DURATION, 1.0, sender=DmeModule, reason=None))
2019-09-12 20:56:55,550 - tdm - DEBUG - FrontendConnectionHandler(id=4428058960, session='2019-09-12T20_56_44_0'): writing {"content": 1.0, "_sender": "DmeModule", "_reason": null, "event_type": "EXPECTED_PASSIVITY_DURATION"}
2019-09-12 20:56:55,550 - tdm - DEBUG - FrontendConnectionHandler(id=4428058960, session='2019-09-12T20_56_44_0'): OK
2019-09-12 20:56:55,550 - tdm - DEBUG - FrontendConnectionHandler(id=4428058960, session='2019-09-12T20_56_44_0').on_event(Event(SYSTEM_UTTERANCE_TO_SPEAK, ['The alarm is 08:00.'], sender=None, reason=None))
2019-09-12 20:56:55,550 - tdm - DEBUG - FrontendConnectionHandler(id=4428058960, session='2019-09-12T20_56_44_0'): writing {"content": ["The alarm is 08:00."], "_sender": null, "_reason": null, "event_type": "SYSTEM_UTTERANCE_TO_SPEAK"}
2019-09-12 20:56:55,550 - tdm - DEBUG - FrontendConnectionHandler(id=4428058960, session='2019-09-12T20_56_44_0'): OK
2019-09-12 20:56:55,550 - tdm - DEBUG - FrontendConnectionHandler(id=4428058960, session='2019-09-12T20_56_44_0').on_event(Event(MESSAGE_TO_GUI, [Popup(The alarm is 08:00., elements=[])], sender=None, reason=None))
2019-09-12 20:56:55,550 - tdm - DEBUG - FrontendConnectionHandler(id=4428058960, session='2019-09-12T20_56_44_0'): writing {"content": [{"Popup": {"elements": [], "title": "The alarm is 08:00."}}], "_sender": null, "_reason": null, "event_type": "MESSAGE_TO_GUI"}
2019-09-12 20:56:55,551 - tdm - DEBUG - FrontendConnectionHandler(id=4428058960, session='2019-09-12T20_56_44_0'): OK
2019-09-12 20:56:55,551 - tdm - DEBUG - FrontendConnectionHandler(id=4428058960, session='2019-09-12T20_56_44_0').on_event(Event(GUI.POPUP, {'options': [], 'title': 'The alarm is 08:00.'}, sender=None, reason=None))
2019-09-12 20:56:55,551 - tdm - DEBUG - FrontendConnectionHandler(id=4428058960, session='2019-09-12T20_56_44_0'): writing {"content": {"options": [], "title": "The alarm is 08:00."}, "_sender": null, "_reason": null, "event_type": "GUI.POPUP"}
2019-09-12 20:56:55,551 - tdm - DEBUG - FrontendConnectionHandler(id=4428058960, session='2019-09-12T20_56_44_0'): OK
2019-09-12 20:56:56,558 - tdm - DEBUG - FrontendConnectionHandler(id=4428058960, session='2019-09-12T20_56_44_0').on_message({"content": null, "_sender": "Frontend", "_reason": null, "event_type": "PASSIVITY"})
2019-09-12 20:56:56,604 - tdm - DEBUG - FrontendConnectionHandler(id=4428058960, session='2019-09-12T20_56_44_0').on_event(Event(FACTS, [], sender=DmeModule, reason=None))
2019-09-12 20:56:56,604 - tdm - DEBUG - FrontendConnectionHandler(id=4428058960, session='2019-09-12T20_56_44_0'): writing {"content": [], "_sender": "DmeModule", "_reason": null, "event_type": "FACTS"}
2019-09-12 20:56:56,604 - tdm - DEBUG - FrontendConnectionHandler(id=4428058960, session='2019-09-12T20_56_44_0'): OK
2019-09-12 20:56:56,604 - tdm - DEBUG - FrontendConnectionHandler(id=4428058960, session='2019-09-12T20_56_44_0').on_event(Event(FACTS, [], sender=DmeModule, reason=None))
2019-09-12 20:56:56,605 - tdm - DEBUG - FrontendConnectionHandler(id=4428058960, session='2019-09-12T20_56_44_0'): writing {"content": [], "_sender": "DmeModule", "_reason": null, "event_type": "FACTS"}
2019-09-12 20:56:56,605 - tdm - DEBUG - FrontendConnectionHandler(id=4428058960, session='2019-09-12T20_56_44_0'): OK
2019-09-12 20:56:56,605 - tdm - DEBUG - FrontendConnectionHandler(id=4428058960, session='2019-09-12T20_56_44_0').on_event(Event(END_SYSTEM_TURN, {'passivity_duration': None, 'system_has_asked_question': True}, sender=DmeModule, reason=None))
2019-09-12 20:56:56,605 - tdm - DEBUG - FrontendConnectionHandler(id=4428058960, session='2019-09-12T20_56_44_0'): writing {"content": {"passivity_duration": null, "system_has_asked_question": true}, "_sender": "DmeModule", "_reason": null, "event_type": "END_SYSTEM_TURN"}
2019-09-12 20:56:56,605 - tdm - DEBUG - FrontendConnectionHandler(id=4428058960, session='2019-09-12T20_56_44_0'): OK
2019-09-12 20:56:56,605 - tdm - DEBUG - FrontendConnectionHandler(id=4428058960, session='2019-09-12T20_56_44_0').on_event(Event(SYSTEM_UTTERANCE_TO_SPEAK, ['Returning to main menu.', 'Do you want to know the current time, know the current alarm, set the time or set the alarm?'], sender=None, reason=None))
2019-09-12 20:56:56,605 - tdm - DEBUG - FrontendConnectionHandler(id=4428058960, session='2019-09-12T20_56_44_0'): writing {"content": ["Returning to main menu.", "Do you want to know the current time, know the current alarm, set the time or set the alarm?"], "_sender": null, "_reason": null, "event_type": "SYSTEM_UTTERANCE_TO_SPEAK"}
2019-09-12 20:56:56,606 - tdm - DEBUG - FrontendConnectionHandler(id=4428058960, session='2019-09-12T20_56_44_0'): OK
2019-09-12 20:56:56,606 - tdm - DEBUG - FrontendConnectionHandler(id=4428058960, session='2019-09-12T20_56_44_0').on_event(Event(MESSAGE_TO_GUI, [ClosePopup(), Screen(top, Main menu, [<tdm.nlg.tdm_gui_protocol.Element instance at 0x107f72e18>])], sender=None, reason=None))
2019-09-12 20:56:56,607 - tdm - DEBUG - FrontendConnectionHandler(id=4428058960, session='2019-09-12T20_56_44_0'): writing {"content": [{"ClosePopup": {}}, {"Screen": {"elements": [{"Element": {"name": "move", "title": "", "items": [{"Item": {"attributes": null, "selected": false, "predicted": false, "value": "ask(?X.current_time(X))", "title": "The current time?"}}, {"Item": {"attributes": null, "selected": false, "predicted": false, "value": "ask(?X.current_alarm(X))", "title": "The current alarm?"}}, {"Item": {"attributes": null, "selected": false, "predicted": false, "value": "request(set_time)", "title": "Set the time"}}, {"Item": {"attributes": null, "selected": true, "predicted": false, "value": "request(set_alarm)", "title": "Set the alarm"}}], "format": "", "voice_browsed": false, "value": "", "template": "menu", "type": "list"}}], "name": "top", "title": "Main menu"}}], "_sender": null, "_reason": null, "event_type": "MESSAGE_TO_GUI"}
2019-09-12 20:56:56,607 - tdm - DEBUG - FrontendConnectionHandler(id=4428058960, session='2019-09-12T20_56_44_0'): OK
2019-09-12 20:58:25,828 - tdm - DEBUG - FrontendConnectionHandler(id=4428058960, session='2019-09-12T20_56_44_0').on_close()
2019-09-12 20:58:25,828 - tdm - DEBUG - SessionManager.stop('2019-09-12T20_56_44_0')
2019-09-12 20:58:25,829 - tdm - DEBUG - TdmApplication.stop(): Stopping HTTP server
2019-09-12 20:58:25,829 - tdm - DEBUG - TdmApplication.stop(): Stopping IO-loop
2019-09-12 20:58:25,829 - tdm - DEBUG - TdmApplication.stop(): Stopping sessions []
