2019-09-12 20:38:01,058 - tdm - DEBUG - EntityDb(time): add_entity(sort=u'alarm_time', grammar_entry='08:30', name=u'eight_thirty')
2019-09-12 20:38:01,059 - tdm - DEBUG - EntityDb(time): add_entity returns u'eight_thirty'
2019-09-12 20:38:01,059 - tdm - DEBUG - EntityDb(time): add_entity(sort=u'alarm_time', grammar_entry='8:30', name=u'eight_thirty')
2019-09-12 20:38:01,059 - tdm - DEBUG - EntityDb(time): add_entity returns u'eight_thirty'
2019-09-12 20:38:01,059 - tdm - DEBUG - EntityDb(time): add_entity(sort=u'alarm_time', grammar_entry='8 30', name=u'eight_thirty')
2019-09-12 20:38:01,059 - tdm - DEBUG - EntityDb(time): add_entity returns u'eight_thirty'
2019-09-12 20:38:01,059 - tdm - DEBUG - EntityDb(time): add_entity(sort=u'alarm_time', grammar_entry='08 30', name=u'eight_thirty')
2019-09-12 20:38:01,059 - tdm - DEBUG - EntityDb(time): add_entity returns u'eight_thirty'
2019-09-12 20:38:01,059 - tdm - DEBUG - EntityDb(time): add_entity(sort=u'alarm_time', grammar_entry='eight thirty', name=u'eight_thirty')
2019-09-12 20:38:01,059 - tdm - DEBUG - EntityDb(time): add_entity returns u'eight_thirty'
2019-09-12 20:38:01,059 - tdm - DEBUG - EntityDb(time): add_entity(sort=u'alarm_time', grammar_entry='09:00', name=u'nine')
2019-09-12 20:38:01,059 - tdm - DEBUG - EntityDb(time): add_entity returns u'nine'
2019-09-12 20:38:01,059 - tdm - DEBUG - EntityDb(time): add_entity(sort=u'alarm_time', grammar_entry='9:00', name=u'nine')
2019-09-12 20:38:01,059 - tdm - DEBUG - EntityDb(time): add_entity returns u'nine'
2019-09-12 20:38:01,059 - tdm - DEBUG - EntityDb(time): add_entity(sort=u'alarm_time', grammar_entry='09', name=u'nine')
2019-09-12 20:38:01,060 - tdm - DEBUG - EntityDb(time): add_entity returns u'nine'
2019-09-12 20:38:01,060 - tdm - DEBUG - EntityDb(time): add_entity(sort=u'alarm_time', grammar_entry='9', name=u'nine')
2019-09-12 20:38:01,060 - tdm - DEBUG - EntityDb(time): add_entity returns u'nine'
2019-09-12 20:38:01,060 - tdm - DEBUG - EntityDb(time): add_entity(sort=u'alarm_time', grammar_entry='nine', name=u'nine')
2019-09-12 20:38:01,060 - tdm - DEBUG - EntityDb(time): add_entity returns u'nine'
2019-09-12 20:38:01,060 - tdm - DEBUG - EntityDb(time): add_entity(sort=u'alarm_time', grammar_entry='08:00', name=u'eight')
2019-09-12 20:38:01,060 - tdm - DEBUG - EntityDb(time): add_entity returns u'eight'
2019-09-12 20:38:01,060 - tdm - DEBUG - EntityDb(time): add_entity(sort=u'alarm_time', grammar_entry='8:00', name=u'eight')
2019-09-12 20:38:01,060 - tdm - DEBUG - EntityDb(time): add_entity returns u'eight'
2019-09-12 20:38:01,060 - tdm - DEBUG - EntityDb(time): add_entity(sort=u'alarm_time', grammar_entry='8', name=u'eight')
2019-09-12 20:38:01,060 - tdm - DEBUG - EntityDb(time): add_entity returns u'eight'
2019-09-12 20:38:01,060 - tdm - DEBUG - EntityDb(time): add_entity(sort=u'alarm_time', grammar_entry='08', name=u'eight')
2019-09-12 20:38:01,060 - tdm - DEBUG - EntityDb(time): add_entity returns u'eight'
2019-09-12 20:38:01,060 - tdm - DEBUG - EntityDb(time): add_entity(sort=u'alarm_time', grammar_entry='eight', name=u'eight')
2019-09-12 20:38:01,060 - tdm - DEBUG - EntityDb(time): add_entity returns u'eight'
2019-09-12 20:38:01,060 - tdm - DEBUG - EntityDb(time): add_entity(sort=u'alarm_time', grammar_entry='off', name=u'alarm_off')
2019-09-12 20:38:01,060 - tdm - DEBUG - EntityDb(time): add_entity returns u'alarm_off'
2019-09-12 20:38:01,061 - tdm - DEBUG - DddDb().__init__(name='ddds', default_ddds=[u'time'])
2019-09-12 20:38:01,061 - tdm - DEBUG - DddDb(): DB file name is '/Users/marta/Desktop/Course project/time_ddd/ddds.json'
2019-09-12 20:38:01,069 - tdm - DEBUG - FrontendConnectionHandler(id=4387529168, session=None).open()
2019-09-12 20:38:01,070 - tdm - DEBUG - FrontendConnectionHandler(id=4387529168, session=None).on_message({"handshake_content": {"session_id": null, "keep_session_alive": false}, "name": "Frontend"})
2019-09-12 20:38:01,070 - tdm - DEBUG - thread_manager.create_thread() with threading.active_count()=3
2019-09-12 20:38:01,070 - tdm - DEBUG - FrontendConnectionHandler(id=4387529168, session=None)._register({"handshake_content": {"session_id": null, "keep_session_alive": false}, "name": "Frontend"})
2019-09-12 20:38:01,071 - tdm - DEBUG - thread_manager.create_thread() with threading.active_count()=4
2019-09-12 20:38:01,072 - tdm - DEBUG - Creating backend and session with id 2019-09-12T20_38_01_0.
2019-09-12 20:38:01,074 - tdm - DEBUG - FrontendConnectionHandler(id=4387529168, session='2019-09-12T20_38_01_0'): writing {"content": "2019-09-12T20_38_01_0", "_sender": null, "_reason": null, "event_type": "SESSION_ID"}
2019-09-12 20:38:01,074 - tdm - DEBUG - FrontendConnectionHandler(id=4387529168, session='2019-09-12T20_38_01_0'): OK
2019-09-12 20:38:01,074 - tdm - DEBUG - FrontendConnectionHandler._register: Registered in session 2019-09-12T20_38_01_0 with backend <tdm.backend.Backend object at 0x10586c510>.
2019-09-12 20:38:01,075 - tdm - DEBUG - FrontendConnectionHandler(id=4387529168, session='2019-09-12T20_38_01_0').on_message({"content": null, "_sender": "Frontend", "_reason": null, "event_type": "START"})
2019-09-12 20:38:01,109 - tdm - DEBUG - FrontendConnectionHandler(id=4387529168, session='2019-09-12T20_38_01_0').on_event(Event(SET_DDD, {'ddd_name': 'time', 'language_code': 'eng'}, sender=DmeModule, reason=None))
2019-09-12 20:38:01,109 - tdm - DEBUG - FrontendConnectionHandler(id=4387529168, session='2019-09-12T20_38_01_0'): writing {"content": {"ddd_name": "time", "language_code": "eng"}, "_sender": "DmeModule", "_reason": null, "event_type": "SET_DDD"}
2019-09-12 20:38:01,109 - tdm - DEBUG - FrontendConnectionHandler(id=4387529168, session='2019-09-12T20_38_01_0'): OK
2019-09-12 20:38:01,109 - tdm - DEBUG - FrontendConnectionHandler(id=4387529168, session='2019-09-12T20_38_01_0').on_event(Event(FACTS, [], sender=DmeModule, reason=None))
2019-09-12 20:38:01,110 - tdm - DEBUG - FrontendConnectionHandler(id=4387529168, session='2019-09-12T20_38_01_0'): writing {"content": [], "_sender": "DmeModule", "_reason": null, "event_type": "FACTS"}
2019-09-12 20:38:01,110 - tdm - DEBUG - FrontendConnectionHandler(id=4387529168, session='2019-09-12T20_38_01_0'): OK
2019-09-12 20:38:01,110 - tdm - DEBUG - FrontendConnectionHandler(id=4387529168, session='2019-09-12T20_38_01_0').on_event(Event(FACTS, [], sender=DmeModule, reason=None))
2019-09-12 20:38:01,110 - tdm - DEBUG - FrontendConnectionHandler(id=4387529168, session='2019-09-12T20_38_01_0'): writing {"content": [], "_sender": "DmeModule", "_reason": null, "event_type": "FACTS"}
2019-09-12 20:38:01,110 - tdm - DEBUG - FrontendConnectionHandler(id=4387529168, session='2019-09-12T20_38_01_0'): OK
2019-09-12 20:38:01,110 - tdm - DEBUG - FrontendConnectionHandler(id=4387529168, session='2019-09-12T20_38_01_0').on_event(Event(END_SYSTEM_TURN, {'passivity_duration': None, 'system_has_asked_question': True}, sender=DmeModule, reason=None))
2019-09-12 20:38:01,110 - tdm - DEBUG - FrontendConnectionHandler(id=4387529168, session='2019-09-12T20_38_01_0'): writing {"content": {"passivity_duration": null, "system_has_asked_question": true}, "_sender": "DmeModule", "_reason": null, "event_type": "END_SYSTEM_TURN"}
2019-09-12 20:38:01,111 - tdm - DEBUG - FrontendConnectionHandler(id=4387529168, session='2019-09-12T20_38_01_0'): OK
2019-09-12 20:38:01,111 - tdm - DEBUG - FrontendConnectionHandler(id=4387529168, session='2019-09-12T20_38_01_0').on_event(Event(SYSTEM_UTTERANCE_TO_SPEAK, ['Do you want to know the current time, know the current alarm, set the time or set the alarm?'], sender=None, reason=None))
2019-09-12 20:38:01,111 - tdm - DEBUG - FrontendConnectionHandler(id=4387529168, session='2019-09-12T20_38_01_0'): writing {"content": ["Do you want to know the current time, know the current alarm, set the time or set the alarm?"], "_sender": null, "_reason": null, "event_type": "SYSTEM_UTTERANCE_TO_SPEAK"}
2019-09-12 20:38:01,111 - tdm - DEBUG - FrontendConnectionHandler(id=4387529168, session='2019-09-12T20_38_01_0'): OK
2019-09-12 20:38:01,112 - tdm - DEBUG - FrontendConnectionHandler(id=4387529168, session='2019-09-12T20_38_01_0').on_event(Event(MESSAGE_TO_GUI, [Screen(top, Main menu, [<tdm.nlg.tdm_gui_protocol.Element instance at 0x1057e9ea8>])], sender=None, reason=None))
2019-09-12 20:38:01,112 - tdm - DEBUG - FrontendConnectionHandler(id=4387529168, session='2019-09-12T20_38_01_0'): writing {"content": [{"Screen": {"elements": [{"Element": {"name": "move", "title": "", "items": [{"Item": {"attributes": null, "selected": false, "predicted": false, "value": "ask(?X.current_time(X))", "title": "The current time?"}}, {"Item": {"attributes": null, "selected": false, "predicted": false, "value": "ask(?X.current_alarm(X))", "title": "The current alarm?"}}, {"Item": {"attributes": null, "selected": false, "predicted": false, "value": "request(set_time)", "title": "Set the time"}}, {"Item": {"attributes": null, "selected": false, "predicted": false, "value": "request(set_alarm)", "title": "Set the alarm"}}], "format": "", "voice_browsed": false, "value": "", "template": "menu", "type": "list"}}], "name": "top", "title": "Main menu"}}], "_sender": null, "_reason": null, "event_type": "MESSAGE_TO_GUI"}
2019-09-12 20:38:01,112 - tdm - DEBUG - FrontendConnectionHandler(id=4387529168, session='2019-09-12T20_38_01_0'): OK
2019-09-12 20:38:05,381 - tdm - DEBUG - FrontendConnectionHandler(id=4387529168, session='2019-09-12T20_38_01_0').on_message({"content": [{"score": 1.0, "utterance": "set the alarm"}], "_sender": "TextInputComponent", "_reason": null, "event_type": "RECOGNITION"})
2019-09-12 20:38:05,413 - tdm - DEBUG - DeviceHandler.query_all(?X.selected_alarm_time(X), {}, eng)
2019-09-12 20:38:05,413 - tdm - DEBUG - DeviceHandler invocation ID: 29646de6215497e12919d0bb582a62f0
2019-09-12 20:38:05,413 - tdm - DEBUG - DeviceHandler.query_all(?X.selected_alarm_time(X), {}, eng)
2019-09-12 20:38:05,413 - tdm - DEBUG - DeviceHandler invocation ID: c3611718d4d31a9accba6f305314a7c7
2019-09-12 20:38:05,415 - tdm - DEBUG - DeviceHandler.query_all(?X.selected_alarm_time(X), {}, eng)
2019-09-12 20:38:05,415 - tdm - DEBUG - DeviceHandler invocation ID: 18d3d9e81c41a995a071c76c15036e1f
2019-09-12 20:38:05,415 - tdm - DEBUG - DeviceHandler.query_all(?X.selected_alarm_time(X), {}, eng)
2019-09-12 20:38:05,415 - tdm - DEBUG - DeviceHandler invocation ID: c146eb40832a10434ef5c7d0fdb4bc3a
2019-09-12 20:38:05,425 - tdm - DEBUG - DeviceHandler.query_all(?X.selected_alarm_time(X), {}, eng)
2019-09-12 20:38:05,425 - tdm - DEBUG - DeviceHandler invocation ID: ccba33902c60869f047ca28295bbdafe
2019-09-12 20:38:05,439 - tdm - DEBUG - DeviceHandler.query_all(?X.selected_alarm_time(X), {}, eng)
2019-09-12 20:38:05,439 - tdm - DEBUG - DeviceHandler invocation ID: 0ed58fca34935df9112260cdacedd59c
2019-09-12 20:38:05,439 - tdm - DEBUG - DeviceHandler.query_all(?X.selected_alarm_time(X), {}, eng)
2019-09-12 20:38:05,439 - tdm - DEBUG - DeviceHandler invocation ID: 2dd2f8c88aca0c9c227216ce5c9f8dfc
2019-09-12 20:38:05,447 - tdm - DEBUG - FrontendConnectionHandler(id=4387529168, session='2019-09-12T20_38_01_0').on_event(Event(SELECTED_RECOGNITION, 'set the alarm', sender=DmeModule, reason=None))
2019-09-12 20:38:05,447 - tdm - DEBUG - FrontendConnectionHandler(id=4387529168, session='2019-09-12T20_38_01_0'): writing {"content": "set the alarm", "_sender": "DmeModule", "_reason": null, "event_type": "SELECTED_RECOGNITION"}
2019-09-12 20:38:05,447 - tdm - DEBUG - FrontendConnectionHandler(id=4387529168, session='2019-09-12T20_38_01_0'): OK
2019-09-12 20:38:05,447 - tdm - DEBUG - FrontendConnectionHandler(id=4387529168, session='2019-09-12T20_38_01_0').on_event(Event(FACTS, [], sender=DmeModule, reason=None))
2019-09-12 20:38:05,447 - tdm - DEBUG - FrontendConnectionHandler(id=4387529168, session='2019-09-12T20_38_01_0'): writing {"content": [], "_sender": "DmeModule", "_reason": null, "event_type": "FACTS"}
2019-09-12 20:38:05,448 - tdm - DEBUG - FrontendConnectionHandler(id=4387529168, session='2019-09-12T20_38_01_0'): OK
2019-09-12 20:38:05,448 - tdm - DEBUG - FrontendConnectionHandler(id=4387529168, session='2019-09-12T20_38_01_0').on_event(Event(FACTS, [], sender=DmeModule, reason=None))
2019-09-12 20:38:05,448 - tdm - DEBUG - FrontendConnectionHandler(id=4387529168, session='2019-09-12T20_38_01_0'): writing {"content": [], "_sender": "DmeModule", "_reason": null, "event_type": "FACTS"}
2019-09-12 20:38:05,448 - tdm - DEBUG - FrontendConnectionHandler(id=4387529168, session='2019-09-12T20_38_01_0'): OK
2019-09-12 20:38:05,448 - tdm - DEBUG - FrontendConnectionHandler(id=4387529168, session='2019-09-12T20_38_01_0').on_event(Event(END_SYSTEM_TURN, {'passivity_duration': 5.0, 'system_has_asked_question': True}, sender=DmeModule, reason=None))
2019-09-12 20:38:05,448 - tdm - DEBUG - FrontendConnectionHandler(id=4387529168, session='2019-09-12T20_38_01_0'): writing {"content": {"passivity_duration": 5.0, "system_has_asked_question": true}, "_sender": "DmeModule", "_reason": null, "event_type": "END_SYSTEM_TURN"}
2019-09-12 20:38:05,449 - tdm - DEBUG - FrontendConnectionHandler(id=4387529168, session='2019-09-12T20_38_01_0'): OK
2019-09-12 20:38:05,449 - tdm - DEBUG - FrontendConnectionHandler(id=4387529168, session='2019-09-12T20_38_01_0').on_event(Event(EXPECTED_PASSIVITY_DURATION, 5.0, sender=DmeModule, reason=None))
2019-09-12 20:38:05,449 - tdm - DEBUG - FrontendConnectionHandler(id=4387529168, session='2019-09-12T20_38_01_0'): writing {"content": 5.0, "_sender": "DmeModule", "_reason": null, "event_type": "EXPECTED_PASSIVITY_DURATION"}
2019-09-12 20:38:05,449 - tdm - DEBUG - FrontendConnectionHandler(id=4387529168, session='2019-09-12T20_38_01_0'): OK
2019-09-12 20:38:05,449 - tdm - DEBUG - FrontendConnectionHandler(id=4387529168, session='2019-09-12T20_38_01_0').on_event(Event(SYSTEM_UTTERANCE_TO_SPEAK, ['', '', 'What time do you want to set your alarm to : 08:00, 08:30 or 09:00?'], sender=None, reason=None))
2019-09-12 20:38:05,449 - tdm - DEBUG - FrontendConnectionHandler(id=4387529168, session='2019-09-12T20_38_01_0'): writing {"content": ["", "", "What time do you want to set your alarm to : 08:00, 08:30 or 09:00?"], "_sender": null, "_reason": null, "event_type": "SYSTEM_UTTERANCE_TO_SPEAK"}
2019-09-12 20:38:05,449 - tdm - DEBUG - FrontendConnectionHandler(id=4387529168, session='2019-09-12T20_38_01_0'): OK
2019-09-12 20:38:05,450 - tdm - DEBUG - FrontendConnectionHandler(id=4387529168, session='2019-09-12T20_38_01_0').on_event(Event(MESSAGE_TO_GUI, [Screen(set_alarm, Set the alarm, [<tdm.nlg.tdm_gui_protocol.Element instance at 0x10587d5a8>])], sender=None, reason=None))
2019-09-12 20:38:05,450 - tdm - DEBUG - FrontendConnectionHandler(id=4387529168, session='2019-09-12T20_38_01_0'): writing {"content": [{"Screen": {"elements": [{"Element": {"name": "move", "title": null, "items": [{"Item": {"attributes": [], "selected": false, "predicted": false, "value": "answer(selected_alarm_time(eight))", "title": "08:00"}}, {"Item": {"attributes": [], "selected": false, "predicted": false, "value": "answer(selected_alarm_time(eight_thirty))", "title": "08:30"}}, {"Item": {"attributes": [], "selected": false, "predicted": false, "value": "answer(selected_alarm_time(nine))", "title": "09:00"}}], "format": "", "voice_browsed": false, "value": "", "template": "list", "type": "list"}}], "name": "set_alarm", "title": "Set the alarm"}}], "_sender": null, "_reason": null, "event_type": "MESSAGE_TO_GUI"}
2019-09-12 20:38:05,450 - tdm - DEBUG - FrontendConnectionHandler(id=4387529168, session='2019-09-12T20_38_01_0'): OK
2019-09-12 20:38:07,797 - tdm - DEBUG - FrontendConnectionHandler(id=4387529168, session='2019-09-12T20_38_01_0').on_message({"content": [{"score": 1.0, "utterance": "eight"}], "_sender": "TextInputComponent", "_reason": null, "event_type": "RECOGNITION"})
2019-09-12 20:38:07,812 - tdm - DEBUG - DeviceHandler.query_all(?X.selected_alarm_time(X), set([selected_alarm_time(eight), selected_alarm_time(eight_thirty), selected_alarm_time(nine)]), {}, eng)
2019-09-12 20:38:07,812 - tdm - DEBUG - DeviceHandler invocation ID: 888057b805988aa6507ca8957665562b
2019-09-12 20:38:07,824 - tdm - DEBUG - DeviceHandler.is_valid_parameter(selected_alarm_time(eight), {}, eng)
2019-09-12 20:38:07,834 - tdm - DEBUG - DeviceHandler.perform(SetAlarm, {selected_alarm_time(eight), resolved(?X.selected_alarm_time(X), set([selected_alarm_time(eight), selected_alarm_time(eight_thirty), selected_alarm_time(nine)]))}, eng)
2019-09-12 20:38:07,834 - tdm - DEBUG - DeviceHandler invocation ID: 2b9804a1b57cb56757e7818c7b162eff
2019-09-12 20:38:07,866 - tdm - DEBUG - FrontendConnectionHandler(id=4387529168, session='2019-09-12T20_38_01_0').on_event(Event(SELECTED_RECOGNITION, 'eight', sender=DmeModule, reason=None))
2019-09-12 20:38:07,866 - tdm - DEBUG - FrontendConnectionHandler(id=4387529168, session='2019-09-12T20_38_01_0'): writing {"content": "eight", "_sender": "DmeModule", "_reason": null, "event_type": "SELECTED_RECOGNITION"}
2019-09-12 20:38:07,866 - tdm - DEBUG - FrontendConnectionHandler(id=4387529168, session='2019-09-12T20_38_01_0'): OK
2019-09-12 20:38:07,867 - tdm - DEBUG - FrontendConnectionHandler(id=4387529168, session='2019-09-12T20_38_01_0').on_event(Event(FACTS, [{'predicate': 'selected_alarm_time', 'grammar_entry': '08:00', 'value': 'eight'}], sender=DmeModule, reason=None))
2019-09-12 20:38:07,867 - tdm - DEBUG - FrontendConnectionHandler(id=4387529168, session='2019-09-12T20_38_01_0'): writing {"content": [{"predicate": "selected_alarm_time", "grammar_entry": "08:00", "value": "eight"}], "_sender": "DmeModule", "_reason": null, "event_type": "FACTS"}
2019-09-12 20:38:07,867 - tdm - DEBUG - FrontendConnectionHandler(id=4387529168, session='2019-09-12T20_38_01_0'): OK
2019-09-12 20:38:07,867 - tdm - DEBUG - FrontendConnectionHandler(id=4387529168, session='2019-09-12T20_38_01_0').on_event(Event(FACTS, [{'predicate': 'selected_alarm_time', 'grammar_entry': '08:00', 'value': 'eight'}], sender=DmeModule, reason=None))
2019-09-12 20:38:07,867 - tdm - DEBUG - FrontendConnectionHandler(id=4387529168, session='2019-09-12T20_38_01_0'): writing {"content": [{"predicate": "selected_alarm_time", "grammar_entry": "08:00", "value": "eight"}], "_sender": "DmeModule", "_reason": null, "event_type": "FACTS"}
2019-09-12 20:38:07,867 - tdm - DEBUG - FrontendConnectionHandler(id=4387529168, session='2019-09-12T20_38_01_0'): OK
2019-09-12 20:38:07,867 - tdm - DEBUG - FrontendConnectionHandler(id=4387529168, session='2019-09-12T20_38_01_0').on_event(Event(END_SYSTEM_TURN, {'passivity_duration': 1.0, 'system_has_asked_question': False}, sender=DmeModule, reason=None))
2019-09-12 20:38:07,868 - tdm - DEBUG - FrontendConnectionHandler(id=4387529168, session='2019-09-12T20_38_01_0'): writing {"content": {"passivity_duration": 1.0, "system_has_asked_question": false}, "_sender": "DmeModule", "_reason": null, "event_type": "END_SYSTEM_TURN"}
2019-09-12 20:38:07,868 - tdm - DEBUG - FrontendConnectionHandler(id=4387529168, session='2019-09-12T20_38_01_0'): OK
2019-09-12 20:38:07,868 - tdm - DEBUG - FrontendConnectionHandler(id=4387529168, session='2019-09-12T20_38_01_0').on_event(Event(EXPECTED_PASSIVITY_DURATION, 1.0, sender=DmeModule, reason=None))
2019-09-12 20:38:07,868 - tdm - DEBUG - FrontendConnectionHandler(id=4387529168, session='2019-09-12T20_38_01_0'): writing {"content": 1.0, "_sender": "DmeModule", "_reason": null, "event_type": "EXPECTED_PASSIVITY_DURATION"}
2019-09-12 20:38:07,869 - tdm - DEBUG - FrontendConnectionHandler(id=4387529168, session='2019-09-12T20_38_01_0'): OK
2019-09-12 20:38:07,869 - tdm - DEBUG - FrontendConnectionHandler(id=4387529168, session='2019-09-12T20_38_01_0').on_event(Event(SYSTEM_UTTERANCE_TO_SPEAK, ['', 'The alarm was set to 08:00.'], sender=None, reason=None))
2019-09-12 20:38:07,869 - tdm - DEBUG - FrontendConnectionHandler(id=4387529168, session='2019-09-12T20_38_01_0'): writing {"content": ["", "The alarm was set to 08:00."], "_sender": null, "_reason": null, "event_type": "SYSTEM_UTTERANCE_TO_SPEAK"}
2019-09-12 20:38:07,870 - tdm - DEBUG - FrontendConnectionHandler(id=4387529168, session='2019-09-12T20_38_01_0'): OK
2019-09-12 20:38:07,870 - tdm - DEBUG - FrontendConnectionHandler(id=4387529168, session='2019-09-12T20_38_01_0').on_event(Event(MESSAGE_TO_GUI, [Popup(The alarm was set to 08:00., elements=[])], sender=None, reason=None))
2019-09-12 20:38:07,870 - tdm - DEBUG - FrontendConnectionHandler(id=4387529168, session='2019-09-12T20_38_01_0'): writing {"content": [{"Popup": {"elements": [], "title": "The alarm was set to 08:00."}}], "_sender": null, "_reason": null, "event_type": "MESSAGE_TO_GUI"}
2019-09-12 20:38:07,870 - tdm - DEBUG - FrontendConnectionHandler(id=4387529168, session='2019-09-12T20_38_01_0'): OK
2019-09-12 20:38:07,870 - tdm - DEBUG - FrontendConnectionHandler(id=4387529168, session='2019-09-12T20_38_01_0').on_event(Event(GUI.POPUP, {'options': [], 'title': 'The alarm was set to 08:00.'}, sender=None, reason=None))
2019-09-12 20:38:07,871 - tdm - DEBUG - FrontendConnectionHandler(id=4387529168, session='2019-09-12T20_38_01_0'): writing {"content": {"options": [], "title": "The alarm was set to 08:00."}, "_sender": null, "_reason": null, "event_type": "GUI.POPUP"}
2019-09-12 20:38:07,871 - tdm - DEBUG - FrontendConnectionHandler(id=4387529168, session='2019-09-12T20_38_01_0'): OK
2019-09-12 20:38:08,890 - tdm - DEBUG - FrontendConnectionHandler(id=4387529168, session='2019-09-12T20_38_01_0').on_message({"content": null, "_sender": "Frontend", "_reason": null, "event_type": "PASSIVITY"})
2019-09-12 20:38:08,932 - tdm - DEBUG - FrontendConnectionHandler(id=4387529168, session='2019-09-12T20_38_01_0').on_event(Event(FACTS, [], sender=DmeModule, reason=None))
2019-09-12 20:38:08,933 - tdm - DEBUG - FrontendConnectionHandler(id=4387529168, session='2019-09-12T20_38_01_0'): writing {"content": [], "_sender": "DmeModule", "_reason": null, "event_type": "FACTS"}
2019-09-12 20:38:08,933 - tdm - DEBUG - FrontendConnectionHandler(id=4387529168, session='2019-09-12T20_38_01_0'): OK
2019-09-12 20:38:08,933 - tdm - DEBUG - FrontendConnectionHandler(id=4387529168, session='2019-09-12T20_38_01_0').on_event(Event(FACTS, [], sender=DmeModule, reason=None))
2019-09-12 20:38:08,933 - tdm - DEBUG - FrontendConnectionHandler(id=4387529168, session='2019-09-12T20_38_01_0'): writing {"content": [], "_sender": "DmeModule", "_reason": null, "event_type": "FACTS"}
2019-09-12 20:38:08,933 - tdm - DEBUG - FrontendConnectionHandler(id=4387529168, session='2019-09-12T20_38_01_0'): OK
2019-09-12 20:38:08,933 - tdm - DEBUG - FrontendConnectionHandler(id=4387529168, session='2019-09-12T20_38_01_0').on_event(Event(END_SYSTEM_TURN, {'passivity_duration': None, 'system_has_asked_question': True}, sender=DmeModule, reason=None))
2019-09-12 20:38:08,933 - tdm - DEBUG - FrontendConnectionHandler(id=4387529168, session='2019-09-12T20_38_01_0'): writing {"content": {"passivity_duration": null, "system_has_asked_question": true}, "_sender": "DmeModule", "_reason": null, "event_type": "END_SYSTEM_TURN"}
2019-09-12 20:38:08,933 - tdm - DEBUG - FrontendConnectionHandler(id=4387529168, session='2019-09-12T20_38_01_0'): OK
2019-09-12 20:38:08,934 - tdm - DEBUG - FrontendConnectionHandler(id=4387529168, session='2019-09-12T20_38_01_0').on_event(Event(SYSTEM_UTTERANCE_TO_SPEAK, ['Returning to main menu.', 'Do you want to know the current time, know the current alarm, set the time or set the alarm?'], sender=None, reason=None))
2019-09-12 20:38:08,934 - tdm - DEBUG - FrontendConnectionHandler(id=4387529168, session='2019-09-12T20_38_01_0'): writing {"content": ["Returning to main menu.", "Do you want to know the current time, know the current alarm, set the time or set the alarm?"], "_sender": null, "_reason": null, "event_type": "SYSTEM_UTTERANCE_TO_SPEAK"}
2019-09-12 20:38:08,934 - tdm - DEBUG - FrontendConnectionHandler(id=4387529168, session='2019-09-12T20_38_01_0'): OK
2019-09-12 20:38:08,934 - tdm - DEBUG - FrontendConnectionHandler(id=4387529168, session='2019-09-12T20_38_01_0').on_event(Event(MESSAGE_TO_GUI, [ClosePopup(), Screen(top, Main menu, [<tdm.nlg.tdm_gui_protocol.Element instance at 0x1057f1cb0>])], sender=None, reason=None))
2019-09-12 20:38:08,935 - tdm - DEBUG - FrontendConnectionHandler(id=4387529168, session='2019-09-12T20_38_01_0'): writing {"content": [{"ClosePopup": {}}, {"Screen": {"elements": [{"Element": {"name": "move", "title": "", "items": [{"Item": {"attributes": null, "selected": false, "predicted": false, "value": "ask(?X.current_time(X))", "title": "The current time?"}}, {"Item": {"attributes": null, "selected": false, "predicted": false, "value": "ask(?X.current_alarm(X))", "title": "The current alarm?"}}, {"Item": {"attributes": null, "selected": false, "predicted": false, "value": "request(set_time)", "title": "Set the time"}}, {"Item": {"attributes": null, "selected": true, "predicted": false, "value": "request(set_alarm)", "title": "Set the alarm"}}], "format": "", "voice_browsed": false, "value": "", "template": "menu", "type": "list"}}], "name": "top", "title": "Main menu"}}], "_sender": null, "_reason": null, "event_type": "MESSAGE_TO_GUI"}
2019-09-12 20:38:08,935 - tdm - DEBUG - FrontendConnectionHandler(id=4387529168, session='2019-09-12T20_38_01_0'): OK
2019-09-12 20:38:13,596 - tdm - DEBUG - FrontendConnectionHandler(id=4387529168, session='2019-09-12T20_38_01_0').on_message({"content": [{"score": 1.0, "utterance": "what the alarm"}], "_sender": "TextInputComponent", "_reason": null, "event_type": "RECOGNITION"})
2019-09-12 20:38:13,598 - tdm - DEBUG - DeviceHandler.recognize(what the alarm, eng)
2019-09-12 20:38:13,627 - tdm - DEBUG - FrontendConnectionHandler(id=4387529168, session='2019-09-12T20_38_01_0').on_event(Event(FACTS, [], sender=DmeModule, reason=None))
2019-09-12 20:38:13,627 - tdm - DEBUG - FrontendConnectionHandler(id=4387529168, session='2019-09-12T20_38_01_0'): writing {"content": [], "_sender": "DmeModule", "_reason": null, "event_type": "FACTS"}
2019-09-12 20:38:13,627 - tdm - DEBUG - FrontendConnectionHandler(id=4387529168, session='2019-09-12T20_38_01_0'): OK
2019-09-12 20:38:13,627 - tdm - DEBUG - FrontendConnectionHandler(id=4387529168, session='2019-09-12T20_38_01_0').on_event(Event(FACTS, [], sender=DmeModule, reason=None))
2019-09-12 20:38:13,627 - tdm - DEBUG - FrontendConnectionHandler(id=4387529168, session='2019-09-12T20_38_01_0'): writing {"content": [], "_sender": "DmeModule", "_reason": null, "event_type": "FACTS"}
2019-09-12 20:38:13,628 - tdm - DEBUG - FrontendConnectionHandler(id=4387529168, session='2019-09-12T20_38_01_0'): OK
2019-09-12 20:38:13,628 - tdm - DEBUG - FrontendConnectionHandler(id=4387529168, session='2019-09-12T20_38_01_0').on_event(Event(END_SYSTEM_TURN, {'passivity_duration': None, 'system_has_asked_question': False}, sender=DmeModule, reason=None))
2019-09-12 20:38:13,628 - tdm - DEBUG - FrontendConnectionHandler(id=4387529168, session='2019-09-12T20_38_01_0'): writing {"content": {"passivity_duration": null, "system_has_asked_question": false}, "_sender": "DmeModule", "_reason": null, "event_type": "END_SYSTEM_TURN"}
2019-09-12 20:38:13,628 - tdm - DEBUG - FrontendConnectionHandler(id=4387529168, session='2019-09-12T20_38_01_0'): OK
2019-09-12 20:38:13,628 - tdm - DEBUG - FrontendConnectionHandler(id=4387529168, session='2019-09-12T20_38_01_0').on_event(Event(SYSTEM_UTTERANCE_TO_SPEAK, ['I heard you say what the alarm.', 'I don't understand.'], sender=None, reason=None))
2019-09-12 20:38:13,628 - tdm - DEBUG - FrontendConnectionHandler(id=4387529168, session='2019-09-12T20_38_01_0'): writing {"content": ["I heard you say what the alarm.", "I don't understand."], "_sender": null, "_reason": null, "event_type": "SYSTEM_UTTERANCE_TO_SPEAK"}
2019-09-12 20:38:13,629 - tdm - DEBUG - FrontendConnectionHandler(id=4387529168, session='2019-09-12T20_38_01_0'): OK
2019-09-12 20:38:13,629 - tdm - DEBUG - FrontendConnectionHandler(id=4387529168, session='2019-09-12T20_38_01_0').on_event(Event(MESSAGE_TO_GUI, [], sender=None, reason=None))
2019-09-12 20:38:13,629 - tdm - DEBUG - FrontendConnectionHandler(id=4387529168, session='2019-09-12T20_38_01_0'): writing {"content": [], "_sender": null, "_reason": null, "event_type": "MESSAGE_TO_GUI"}
2019-09-12 20:38:13,629 - tdm - DEBUG - FrontendConnectionHandler(id=4387529168, session='2019-09-12T20_38_01_0'): OK
2019-09-12 20:38:20,332 - tdm - DEBUG - FrontendConnectionHandler(id=4387529168, session='2019-09-12T20_38_01_0').on_message({"content": [{"score": 1.0, "utterance": "whats the alarm"}], "_sender": "TextInputComponent", "_reason": null, "event_type": "RECOGNITION"})
2019-09-12 20:38:20,356 - tdm - DEBUG - DeviceHandler.query_all(?X.current_alarm(X), {}, eng)
2019-09-12 20:38:20,356 - tdm - DEBUG - DeviceHandler invocation ID: 7bff210ff1fdaa5fae116b4def2b09a1
2019-09-12 20:38:20,357 - tdm - DEBUG - FrontendConnectionHandler(id=4387529168, session='2019-09-12T20_38_01_0').on_event(Event(BACKEND_ERROR, None, sender=None, reason=None))
2019-09-12 20:38:20,357 - tdm - DEBUG - FrontendConnectionHandler(id=4387529168, session='2019-09-12T20_38_01_0'): writing {"content": null, "_sender": null, "_reason": null, "event_type": "BACKEND_ERROR"}
2019-09-12 20:38:20,357 - tdm - DEBUG - FrontendConnectionHandler(id=4387529168, session='2019-09-12T20_38_01_0'): OK
2019-09-12 20:39:28,848 - tdm - DEBUG - FrontendConnectionHandler(id=4387529168, session='2019-09-12T20_38_01_0').on_close()
2019-09-12 20:39:28,848 - tdm - DEBUG - SessionManager.stop('2019-09-12T20_38_01_0')
2019-09-12 20:39:28,849 - tdm - DEBUG - TdmApplication.stop(): Stopping HTTP server
2019-09-12 20:39:28,849 - tdm - DEBUG - TdmApplication.stop(): Stopping IO-loop
2019-09-12 20:39:28,849 - tdm - DEBUG - TdmApplication.stop(): Stopping sessions []
