2019-09-12 20:07:51,739 - tdm - DEBUG - EntityDb(time): add_entity(sort=u'alarm_time', grammar_entry='eight thirty', name=u'eight_thirty')
2019-09-12 20:07:51,739 - tdm - DEBUG - EntityDb(time): add_entity returns u'eight_thirty'
2019-09-12 20:07:51,739 - tdm - DEBUG - EntityDb(time): add_entity(sort=u'alarm_time', grammar_entry='8 30', name=u'eight_thirty')
2019-09-12 20:07:51,739 - tdm - DEBUG - EntityDb(time): add_entity returns u'eight_thirty'
2019-09-12 20:07:51,739 - tdm - DEBUG - EntityDb(time): add_entity(sort=u'alarm_time', grammar_entry='8:30', name=u'eight_thirty')
2019-09-12 20:07:51,739 - tdm - DEBUG - EntityDb(time): add_entity returns u'eight_thirty'
2019-09-12 20:07:51,739 - tdm - DEBUG - EntityDb(time): add_entity(sort=u'alarm_time', grammar_entry='nine', name=u'nine')
2019-09-12 20:07:51,739 - tdm - DEBUG - EntityDb(time): add_entity returns u'nine'
2019-09-12 20:07:51,739 - tdm - DEBUG - EntityDb(time): add_entity(sort=u'alarm_time', grammar_entry='9', name=u'nine')
2019-09-12 20:07:51,739 - tdm - DEBUG - EntityDb(time): add_entity returns u'nine'
2019-09-12 20:07:51,739 - tdm - DEBUG - EntityDb(time): add_entity(sort=u'alarm_time', grammar_entry='eight', name=u'eight')
2019-09-12 20:07:51,739 - tdm - DEBUG - EntityDb(time): add_entity returns u'eight'
2019-09-12 20:07:51,739 - tdm - DEBUG - EntityDb(time): add_entity(sort=u'alarm_time', grammar_entry='8', name=u'eight')
2019-09-12 20:07:51,740 - tdm - DEBUG - EntityDb(time): add_entity returns u'eight'
2019-09-12 20:07:51,740 - tdm - DEBUG - EntityDb(time): add_entity(sort=u'alarm_time', grammar_entry='off', name=u'alarm_off')
2019-09-12 20:07:51,740 - tdm - DEBUG - EntityDb(time): add_entity returns u'alarm_off'
2019-09-12 20:07:51,740 - tdm - DEBUG - DddDb().__init__(name='ddds', default_ddds=[u'time'])
2019-09-12 20:07:51,740 - tdm - DEBUG - DddDb(): DB file name is '/Users/marta/Desktop/Course project/time_ddd/ddds.json'
2019-09-12 20:07:51,749 - tdm - DEBUG - FrontendConnectionHandler(id=4595347664, session=None).open()
2019-09-12 20:07:51,751 - tdm - DEBUG - thread_manager.create_thread() with threading.active_count()=3
2019-09-12 20:07:51,752 - tdm - DEBUG - FrontendConnectionHandler(id=4595347664, session=None).on_message({"handshake_content": {"session_id": null, "keep_session_alive": false}, "name": "Frontend"})
2019-09-12 20:07:51,752 - tdm - DEBUG - FrontendConnectionHandler(id=4595347664, session=None)._register({"handshake_content": {"session_id": null, "keep_session_alive": false}, "name": "Frontend"})
2019-09-12 20:07:51,752 - tdm - DEBUG - thread_manager.create_thread() with threading.active_count()=4
2019-09-12 20:07:51,753 - tdm - DEBUG - Creating backend and session with id 2019-09-12T20_07_51_0.
2019-09-12 20:07:51,756 - tdm - DEBUG - FrontendConnectionHandler(id=4595347664, session='2019-09-12T20_07_51_0'): writing {"content": "2019-09-12T20_07_51_0", "_sender": null, "_reason": null, "event_type": "SESSION_ID"}
2019-09-12 20:07:51,756 - tdm - DEBUG - FrontendConnectionHandler(id=4595347664, session='2019-09-12T20_07_51_0'): OK
2019-09-12 20:07:51,756 - tdm - DEBUG - FrontendConnectionHandler._register: Registered in session 2019-09-12T20_07_51_0 with backend <tdm.backend.Backend object at 0x111e9b310>.
2019-09-12 20:07:51,756 - tdm - DEBUG - FrontendConnectionHandler(id=4595347664, session='2019-09-12T20_07_51_0').on_message({"content": null, "_sender": "Frontend", "_reason": null, "event_type": "START"})
2019-09-12 20:07:51,789 - tdm - DEBUG - FrontendConnectionHandler(id=4595347664, session='2019-09-12T20_07_51_0').on_event(Event(SET_DDD, {'ddd_name': 'time', 'language_code': 'eng'}, sender=DmeModule, reason=None))
2019-09-12 20:07:51,789 - tdm - DEBUG - FrontendConnectionHandler(id=4595347664, session='2019-09-12T20_07_51_0'): writing {"content": {"ddd_name": "time", "language_code": "eng"}, "_sender": "DmeModule", "_reason": null, "event_type": "SET_DDD"}
2019-09-12 20:07:51,789 - tdm - DEBUG - FrontendConnectionHandler(id=4595347664, session='2019-09-12T20_07_51_0'): OK
2019-09-12 20:07:51,789 - tdm - DEBUG - FrontendConnectionHandler(id=4595347664, session='2019-09-12T20_07_51_0').on_event(Event(FACTS, [], sender=DmeModule, reason=None))
2019-09-12 20:07:51,789 - tdm - DEBUG - FrontendConnectionHandler(id=4595347664, session='2019-09-12T20_07_51_0'): writing {"content": [], "_sender": "DmeModule", "_reason": null, "event_type": "FACTS"}
2019-09-12 20:07:51,790 - tdm - DEBUG - FrontendConnectionHandler(id=4595347664, session='2019-09-12T20_07_51_0'): OK
2019-09-12 20:07:51,790 - tdm - DEBUG - FrontendConnectionHandler(id=4595347664, session='2019-09-12T20_07_51_0').on_event(Event(FACTS, [], sender=DmeModule, reason=None))
2019-09-12 20:07:51,790 - tdm - DEBUG - FrontendConnectionHandler(id=4595347664, session='2019-09-12T20_07_51_0'): writing {"content": [], "_sender": "DmeModule", "_reason": null, "event_type": "FACTS"}
2019-09-12 20:07:51,790 - tdm - DEBUG - FrontendConnectionHandler(id=4595347664, session='2019-09-12T20_07_51_0'): OK
2019-09-12 20:07:51,790 - tdm - DEBUG - FrontendConnectionHandler(id=4595347664, session='2019-09-12T20_07_51_0').on_event(Event(END_SYSTEM_TURN, {'passivity_duration': None, 'system_has_asked_question': True}, sender=DmeModule, reason=None))
2019-09-12 20:07:51,790 - tdm - DEBUG - FrontendConnectionHandler(id=4595347664, session='2019-09-12T20_07_51_0'): writing {"content": {"passivity_duration": null, "system_has_asked_question": true}, "_sender": "DmeModule", "_reason": null, "event_type": "END_SYSTEM_TURN"}
2019-09-12 20:07:51,791 - tdm - DEBUG - FrontendConnectionHandler(id=4595347664, session='2019-09-12T20_07_51_0'): OK
2019-09-12 20:07:51,791 - tdm - DEBUG - FrontendConnectionHandler(id=4595347664, session='2019-09-12T20_07_51_0').on_event(Event(SYSTEM_UTTERANCE_TO_SPEAK, ['Do you want to know the current time, know the current alarm, set the time or set the alarm?'], sender=None, reason=None))
2019-09-12 20:07:51,791 - tdm - DEBUG - FrontendConnectionHandler(id=4595347664, session='2019-09-12T20_07_51_0'): writing {"content": ["Do you want to know the current time, know the current alarm, set the time or set the alarm?"], "_sender": null, "_reason": null, "event_type": "SYSTEM_UTTERANCE_TO_SPEAK"}
2019-09-12 20:07:51,792 - tdm - DEBUG - FrontendConnectionHandler(id=4595347664, session='2019-09-12T20_07_51_0'): OK
2019-09-12 20:07:51,792 - tdm - DEBUG - FrontendConnectionHandler(id=4595347664, session='2019-09-12T20_07_51_0').on_event(Event(MESSAGE_TO_GUI, [Screen(top, Main menu, [<tdm.nlg.tdm_gui_protocol.Element instance at 0x111e1b560>])], sender=None, reason=None))
2019-09-12 20:07:51,792 - tdm - DEBUG - FrontendConnectionHandler(id=4595347664, session='2019-09-12T20_07_51_0'): writing {"content": [{"Screen": {"elements": [{"Element": {"name": "move", "title": "", "items": [{"Item": {"attributes": null, "selected": false, "predicted": false, "value": "ask(?X.current_time(X))", "title": "The current time?"}}, {"Item": {"attributes": null, "selected": false, "predicted": false, "value": "ask(?X.current_alarm(X))", "title": "The current alarm?"}}, {"Item": {"attributes": null, "selected": false, "predicted": false, "value": "request(set_time)", "title": "Set the time"}}, {"Item": {"attributes": null, "selected": false, "predicted": false, "value": "request(set_alarm)", "title": "Set the alarm"}}], "format": "", "voice_browsed": false, "value": "", "template": "menu", "type": "list"}}], "name": "top", "title": "Main menu"}}], "_sender": null, "_reason": null, "event_type": "MESSAGE_TO_GUI"}
2019-09-12 20:07:51,792 - tdm - DEBUG - FrontendConnectionHandler(id=4595347664, session='2019-09-12T20_07_51_0'): OK
2019-09-12 20:07:54,153 - tdm - DEBUG - FrontendConnectionHandler(id=4595347664, session='2019-09-12T20_07_51_0').on_message({"content": [{"score": 1.0, "utterance": "set the alarm"}], "_sender": "TextInputComponent", "_reason": null, "event_type": "RECOGNITION"})
2019-09-12 20:07:54,187 - tdm - DEBUG - DeviceHandler.query_all(?X.selected_alarm_time(X), {}, eng)
2019-09-12 20:07:54,187 - tdm - DEBUG - DeviceHandler invocation ID: c112ae97aaa5b0288b14970a79810425
2019-09-12 20:07:54,187 - tdm - DEBUG - DeviceHandler.query_all(?X.selected_alarm_time(X), {}, eng)
2019-09-12 20:07:54,187 - tdm - DEBUG - DeviceHandler invocation ID: 92e42510d2a7def575a9ef59ef3202e5
2019-09-12 20:07:54,190 - tdm - DEBUG - DeviceHandler.query_all(?X.selected_alarm_time(X), {}, eng)
2019-09-12 20:07:54,190 - tdm - DEBUG - DeviceHandler invocation ID: 637ee3d76fc055e3a7ec5a479d629e00
2019-09-12 20:07:54,190 - tdm - DEBUG - DeviceHandler.query_all(?X.selected_alarm_time(X), {}, eng)
2019-09-12 20:07:54,190 - tdm - DEBUG - DeviceHandler invocation ID: 23bda37a496b60ef0cdfe952b35a1e34
2019-09-12 20:07:54,214 - tdm - DEBUG - DeviceHandler.query_all(?X.selected_alarm_time(X), {}, eng)
2019-09-12 20:07:54,214 - tdm - DEBUG - DeviceHandler invocation ID: 884997a8439c8177ac7ea7fca4f105a0
2019-09-12 20:07:54,214 - tdm - DEBUG - DeviceHandler.query_all(?X.selected_alarm_time(X), {}, eng)
2019-09-12 20:07:54,214 - tdm - DEBUG - DeviceHandler invocation ID: c7cbf5339506899f67a198fda2ebc074
2019-09-12 20:07:54,218 - tdm - DEBUG - FrontendConnectionHandler(id=4595347664, session='2019-09-12T20_07_51_0').on_event(Event(SELECTED_RECOGNITION, 'set the alarm', sender=DmeModule, reason=None))
2019-09-12 20:07:54,218 - tdm - DEBUG - FrontendConnectionHandler(id=4595347664, session='2019-09-12T20_07_51_0'): writing {"content": "set the alarm", "_sender": "DmeModule", "_reason": null, "event_type": "SELECTED_RECOGNITION"}
2019-09-12 20:07:54,219 - tdm - DEBUG - FrontendConnectionHandler(id=4595347664, session='2019-09-12T20_07_51_0'): OK
2019-09-12 20:07:54,219 - tdm - DEBUG - FrontendConnectionHandler(id=4595347664, session='2019-09-12T20_07_51_0').on_event(Event(FACTS, [], sender=DmeModule, reason=None))
2019-09-12 20:07:54,219 - tdm - DEBUG - FrontendConnectionHandler(id=4595347664, session='2019-09-12T20_07_51_0'): writing {"content": [], "_sender": "DmeModule", "_reason": null, "event_type": "FACTS"}
2019-09-12 20:07:54,219 - tdm - DEBUG - FrontendConnectionHandler(id=4595347664, session='2019-09-12T20_07_51_0'): OK
2019-09-12 20:07:54,219 - tdm - DEBUG - FrontendConnectionHandler(id=4595347664, session='2019-09-12T20_07_51_0').on_event(Event(FACTS, [], sender=DmeModule, reason=None))
2019-09-12 20:07:54,219 - tdm - DEBUG - FrontendConnectionHandler(id=4595347664, session='2019-09-12T20_07_51_0'): writing {"content": [], "_sender": "DmeModule", "_reason": null, "event_type": "FACTS"}
2019-09-12 20:07:54,220 - tdm - DEBUG - FrontendConnectionHandler(id=4595347664, session='2019-09-12T20_07_51_0'): OK
2019-09-12 20:07:54,220 - tdm - DEBUG - FrontendConnectionHandler(id=4595347664, session='2019-09-12T20_07_51_0').on_event(Event(END_SYSTEM_TURN, {'passivity_duration': 5.0, 'system_has_asked_question': True}, sender=DmeModule, reason=None))
2019-09-12 20:07:54,220 - tdm - DEBUG - FrontendConnectionHandler(id=4595347664, session='2019-09-12T20_07_51_0'): writing {"content": {"passivity_duration": 5.0, "system_has_asked_question": true}, "_sender": "DmeModule", "_reason": null, "event_type": "END_SYSTEM_TURN"}
2019-09-12 20:07:54,220 - tdm - DEBUG - FrontendConnectionHandler(id=4595347664, session='2019-09-12T20_07_51_0'): OK
2019-09-12 20:07:54,220 - tdm - DEBUG - FrontendConnectionHandler(id=4595347664, session='2019-09-12T20_07_51_0').on_event(Event(EXPECTED_PASSIVITY_DURATION, 5.0, sender=DmeModule, reason=None))
2019-09-12 20:07:54,220 - tdm - DEBUG - FrontendConnectionHandler(id=4595347664, session='2019-09-12T20_07_51_0'): writing {"content": 5.0, "_sender": "DmeModule", "_reason": null, "event_type": "EXPECTED_PASSIVITY_DURATION"}
2019-09-12 20:07:54,220 - tdm - DEBUG - FrontendConnectionHandler(id=4595347664, session='2019-09-12T20_07_51_0'): OK
2019-09-12 20:07:54,221 - tdm - DEBUG - FrontendConnectionHandler(id=4595347664, session='2019-09-12T20_07_51_0').on_event(Event(SYSTEM_UTTERANCE_TO_SPEAK, ['', '', 'What time do you want to set your alarm to?'], sender=None, reason=None))
2019-09-12 20:07:54,221 - tdm - DEBUG - FrontendConnectionHandler(id=4595347664, session='2019-09-12T20_07_51_0'): writing {"content": ["", "", "What time do you want to set your alarm to?"], "_sender": null, "_reason": null, "event_type": "SYSTEM_UTTERANCE_TO_SPEAK"}
2019-09-12 20:07:54,221 - tdm - DEBUG - FrontendConnectionHandler(id=4595347664, session='2019-09-12T20_07_51_0'): OK
2019-09-12 20:07:54,221 - tdm - DEBUG - FrontendConnectionHandler(id=4595347664, session='2019-09-12T20_07_51_0').on_event(Event(MESSAGE_TO_GUI, [], sender=None, reason=None))
2019-09-12 20:07:54,221 - tdm - DEBUG - FrontendConnectionHandler(id=4595347664, session='2019-09-12T20_07_51_0'): writing {"content": [], "_sender": null, "_reason": null, "event_type": "MESSAGE_TO_GUI"}
2019-09-12 20:07:54,221 - tdm - DEBUG - FrontendConnectionHandler(id=4595347664, session='2019-09-12T20_07_51_0'): OK
2019-09-12 20:07:56,142 - tdm - DEBUG - FrontendConnectionHandler(id=4595347664, session='2019-09-12T20_07_51_0').on_close()
2019-09-12 20:07:56,143 - tdm - DEBUG - SessionManager.stop('2019-09-12T20_07_51_0')
2019-09-12 20:07:56,144 - tdm - DEBUG - TdmApplication.stop(): Stopping HTTP server
2019-09-12 20:07:56,144 - tdm - DEBUG - TdmApplication.stop(): Stopping IO-loop
2019-09-12 20:07:56,144 - tdm - DEBUG - TdmApplication.stop(): Stopping sessions []
