2019-09-12 20:19:00,913 - tdm - DEBUG - EntityDb(time): add_entity(sort=u'alarm_time', grammar_entry='08:30', name=u'eight_thirty')
2019-09-12 20:19:00,913 - tdm - DEBUG - EntityDb(time): add_entity returns u'eight_thirty'
2019-09-12 20:19:00,913 - tdm - DEBUG - EntityDb(time): add_entity(sort=u'alarm_time', grammar_entry='8:30', name=u'eight_thirty')
2019-09-12 20:19:00,913 - tdm - DEBUG - EntityDb(time): add_entity returns u'eight_thirty'
2019-09-12 20:19:00,913 - tdm - DEBUG - EntityDb(time): add_entity(sort=u'alarm_time', grammar_entry='8 30', name=u'eight_thirty')
2019-09-12 20:19:00,913 - tdm - DEBUG - EntityDb(time): add_entity returns u'eight_thirty'
2019-09-12 20:19:00,914 - tdm - DEBUG - EntityDb(time): add_entity(sort=u'alarm_time', grammar_entry='08 30', name=u'eight_thirty')
2019-09-12 20:19:00,914 - tdm - DEBUG - EntityDb(time): add_entity returns u'eight_thirty'
2019-09-12 20:19:00,914 - tdm - DEBUG - EntityDb(time): add_entity(sort=u'alarm_time', grammar_entry='eight thirty', name=u'eight_thirty')
2019-09-12 20:19:00,914 - tdm - DEBUG - EntityDb(time): add_entity returns u'eight_thirty'
2019-09-12 20:19:00,914 - tdm - DEBUG - EntityDb(time): add_entity(sort=u'alarm_time', grammar_entry='09:00', name=u'nine')
2019-09-12 20:19:00,914 - tdm - DEBUG - EntityDb(time): add_entity returns u'nine'
2019-09-12 20:19:00,914 - tdm - DEBUG - EntityDb(time): add_entity(sort=u'alarm_time', grammar_entry='9:00', name=u'nine')
2019-09-12 20:19:00,914 - tdm - DEBUG - EntityDb(time): add_entity returns u'nine'
2019-09-12 20:19:00,914 - tdm - DEBUG - EntityDb(time): add_entity(sort=u'alarm_time', grammar_entry='09', name=u'nine')
2019-09-12 20:19:00,914 - tdm - DEBUG - EntityDb(time): add_entity returns u'nine'
2019-09-12 20:19:00,914 - tdm - DEBUG - EntityDb(time): add_entity(sort=u'alarm_time', grammar_entry='9', name=u'nine')
2019-09-12 20:19:00,914 - tdm - DEBUG - EntityDb(time): add_entity returns u'nine'
2019-09-12 20:19:00,914 - tdm - DEBUG - EntityDb(time): add_entity(sort=u'alarm_time', grammar_entry='nine', name=u'nine')
2019-09-12 20:19:00,914 - tdm - DEBUG - EntityDb(time): add_entity returns u'nine'
2019-09-12 20:19:00,914 - tdm - DEBUG - EntityDb(time): add_entity(sort=u'alarm_time', grammar_entry='08:00', name=u'eight')
2019-09-12 20:19:00,914 - tdm - DEBUG - EntityDb(time): add_entity returns u'eight'
2019-09-12 20:19:00,914 - tdm - DEBUG - EntityDb(time): add_entity(sort=u'alarm_time', grammar_entry='8:00', name=u'eight')
2019-09-12 20:19:00,914 - tdm - DEBUG - EntityDb(time): add_entity returns u'eight'
2019-09-12 20:19:00,914 - tdm - DEBUG - EntityDb(time): add_entity(sort=u'alarm_time', grammar_entry='8', name=u'eight')
2019-09-12 20:19:00,914 - tdm - DEBUG - EntityDb(time): add_entity returns u'eight'
2019-09-12 20:19:00,915 - tdm - DEBUG - EntityDb(time): add_entity(sort=u'alarm_time', grammar_entry='08', name=u'eight')
2019-09-12 20:19:00,915 - tdm - DEBUG - EntityDb(time): add_entity returns u'eight'
2019-09-12 20:19:00,915 - tdm - DEBUG - EntityDb(time): add_entity(sort=u'alarm_time', grammar_entry='eight', name=u'eight')
2019-09-12 20:19:00,915 - tdm - DEBUG - EntityDb(time): add_entity returns u'eight'
2019-09-12 20:19:00,915 - tdm - DEBUG - EntityDb(time): add_entity(sort=u'alarm_time', grammar_entry='off', name=u'alarm_off')
2019-09-12 20:19:00,915 - tdm - DEBUG - EntityDb(time): add_entity returns u'alarm_off'
2019-09-12 20:19:00,915 - tdm - DEBUG - DddDb().__init__(name='ddds', default_ddds=[u'time'])
2019-09-12 20:19:00,915 - tdm - DEBUG - DddDb(): DB file name is '/Users/marta/Desktop/Course project/time_ddd/ddds.json'
2019-09-12 20:19:00,924 - tdm - DEBUG - FrontendConnectionHandler(id=4395094480, session=None).open()
2019-09-12 20:19:00,925 - tdm - DEBUG - thread_manager.create_thread() with threading.active_count()=3
2019-09-12 20:19:00,926 - tdm - DEBUG - FrontendConnectionHandler(id=4395094480, session=None).on_message({"handshake_content": {"session_id": null, "keep_session_alive": false}, "name": "Frontend"})
2019-09-12 20:19:00,926 - tdm - DEBUG - FrontendConnectionHandler(id=4395094480, session=None)._register({"handshake_content": {"session_id": null, "keep_session_alive": false}, "name": "Frontend"})
2019-09-12 20:19:00,926 - tdm - DEBUG - thread_manager.create_thread() with threading.active_count()=4
2019-09-12 20:19:00,927 - tdm - DEBUG - Creating backend and session with id 2019-09-12T20_19_00_0.
2019-09-12 20:19:00,929 - tdm - DEBUG - FrontendConnectionHandler(id=4395094480, session='2019-09-12T20_19_00_0'): writing {"content": "2019-09-12T20_19_00_0", "_sender": null, "_reason": null, "event_type": "SESSION_ID"}
2019-09-12 20:19:00,930 - tdm - DEBUG - FrontendConnectionHandler(id=4395094480, session='2019-09-12T20_19_00_0'): OK
2019-09-12 20:19:00,930 - tdm - DEBUG - FrontendConnectionHandler._register: Registered in session 2019-09-12T20_19_00_0 with backend <tdm.backend.Backend object at 0x105fa5510>.
2019-09-12 20:19:00,930 - tdm - DEBUG - FrontendConnectionHandler(id=4395094480, session='2019-09-12T20_19_00_0').on_message({"content": null, "_sender": "Frontend", "_reason": null, "event_type": "START"})
2019-09-12 20:19:00,963 - tdm - DEBUG - FrontendConnectionHandler(id=4395094480, session='2019-09-12T20_19_00_0').on_event(Event(SET_DDD, {'ddd_name': 'time', 'language_code': 'eng'}, sender=DmeModule, reason=None))
2019-09-12 20:19:00,963 - tdm - DEBUG - FrontendConnectionHandler(id=4395094480, session='2019-09-12T20_19_00_0'): writing {"content": {"ddd_name": "time", "language_code": "eng"}, "_sender": "DmeModule", "_reason": null, "event_type": "SET_DDD"}
2019-09-12 20:19:00,963 - tdm - DEBUG - FrontendConnectionHandler(id=4395094480, session='2019-09-12T20_19_00_0'): OK
2019-09-12 20:19:00,963 - tdm - DEBUG - FrontendConnectionHandler(id=4395094480, session='2019-09-12T20_19_00_0').on_event(Event(FACTS, [], sender=DmeModule, reason=None))
2019-09-12 20:19:00,963 - tdm - DEBUG - FrontendConnectionHandler(id=4395094480, session='2019-09-12T20_19_00_0'): writing {"content": [], "_sender": "DmeModule", "_reason": null, "event_type": "FACTS"}
2019-09-12 20:19:00,963 - tdm - DEBUG - FrontendConnectionHandler(id=4395094480, session='2019-09-12T20_19_00_0'): OK
2019-09-12 20:19:00,964 - tdm - DEBUG - FrontendConnectionHandler(id=4395094480, session='2019-09-12T20_19_00_0').on_event(Event(FACTS, [], sender=DmeModule, reason=None))
2019-09-12 20:19:00,964 - tdm - DEBUG - FrontendConnectionHandler(id=4395094480, session='2019-09-12T20_19_00_0'): writing {"content": [], "_sender": "DmeModule", "_reason": null, "event_type": "FACTS"}
2019-09-12 20:19:00,964 - tdm - DEBUG - FrontendConnectionHandler(id=4395094480, session='2019-09-12T20_19_00_0'): OK
2019-09-12 20:19:00,964 - tdm - DEBUG - FrontendConnectionHandler(id=4395094480, session='2019-09-12T20_19_00_0').on_event(Event(END_SYSTEM_TURN, {'passivity_duration': None, 'system_has_asked_question': True}, sender=DmeModule, reason=None))
2019-09-12 20:19:00,964 - tdm - DEBUG - FrontendConnectionHandler(id=4395094480, session='2019-09-12T20_19_00_0'): writing {"content": {"passivity_duration": null, "system_has_asked_question": true}, "_sender": "DmeModule", "_reason": null, "event_type": "END_SYSTEM_TURN"}
2019-09-12 20:19:00,964 - tdm - DEBUG - FrontendConnectionHandler(id=4395094480, session='2019-09-12T20_19_00_0'): OK
2019-09-12 20:19:00,965 - tdm - DEBUG - FrontendConnectionHandler(id=4395094480, session='2019-09-12T20_19_00_0').on_event(Event(SYSTEM_UTTERANCE_TO_SPEAK, ['Do you want to know the current time, know the current alarm, set the time or set the alarm?'], sender=None, reason=None))
2019-09-12 20:19:00,965 - tdm - DEBUG - FrontendConnectionHandler(id=4395094480, session='2019-09-12T20_19_00_0'): writing {"content": ["Do you want to know the current time, know the current alarm, set the time or set the alarm?"], "_sender": null, "_reason": null, "event_type": "SYSTEM_UTTERANCE_TO_SPEAK"}
2019-09-12 20:19:00,965 - tdm - DEBUG - FrontendConnectionHandler(id=4395094480, session='2019-09-12T20_19_00_0'): OK
2019-09-12 20:19:00,965 - tdm - DEBUG - FrontendConnectionHandler(id=4395094480, session='2019-09-12T20_19_00_0').on_event(Event(MESSAGE_TO_GUI, [Screen(top, Main menu, [<tdm.nlg.tdm_gui_protocol.Element instance at 0x105f20ef0>])], sender=None, reason=None))
2019-09-12 20:19:00,966 - tdm - DEBUG - FrontendConnectionHandler(id=4395094480, session='2019-09-12T20_19_00_0'): writing {"content": [{"Screen": {"elements": [{"Element": {"name": "move", "title": "", "items": [{"Item": {"attributes": null, "selected": false, "predicted": false, "value": "ask(?X.current_time(X))", "title": "The current time?"}}, {"Item": {"attributes": null, "selected": false, "predicted": false, "value": "ask(?X.current_alarm(X))", "title": "The current alarm?"}}, {"Item": {"attributes": null, "selected": false, "predicted": false, "value": "request(set_time)", "title": "Set the time"}}, {"Item": {"attributes": null, "selected": false, "predicted": false, "value": "request(set_alarm)", "title": "Set the alarm"}}], "format": "", "voice_browsed": false, "value": "", "template": "menu", "type": "list"}}], "name": "top", "title": "Main menu"}}], "_sender": null, "_reason": null, "event_type": "MESSAGE_TO_GUI"}
2019-09-12 20:19:00,966 - tdm - DEBUG - FrontendConnectionHandler(id=4395094480, session='2019-09-12T20_19_00_0'): OK
2019-09-12 20:19:06,566 - tdm - DEBUG - FrontendConnectionHandler(id=4395094480, session='2019-09-12T20_19_00_0').on_message({"content": [{"score": 1.0, "utterance": "whats the alarm"}], "_sender": "TextInputComponent", "_reason": null, "event_type": "RECOGNITION"})
2019-09-12 20:19:06,596 - tdm - DEBUG - DeviceHandler.query_all(?X.current_alarm(X), {}, eng)
2019-09-12 20:19:06,596 - tdm - DEBUG - DeviceHandler invocation ID: 7c82a6849963cd0a1b678e9d9f0e233e
2019-09-12 20:19:06,618 - tdm - DEBUG - FrontendConnectionHandler(id=4395094480, session='2019-09-12T20_19_00_0').on_event(Event(SELECTED_RECOGNITION, 'whats the alarm', sender=DmeModule, reason=None))
2019-09-12 20:19:06,619 - tdm - DEBUG - FrontendConnectionHandler(id=4395094480, session='2019-09-12T20_19_00_0'): writing {"content": "whats the alarm", "_sender": "DmeModule", "_reason": null, "event_type": "SELECTED_RECOGNITION"}
2019-09-12 20:19:06,619 - tdm - DEBUG - FrontendConnectionHandler(id=4395094480, session='2019-09-12T20_19_00_0'): OK
2019-09-12 20:19:06,619 - tdm - DEBUG - FrontendConnectionHandler(id=4395094480, session='2019-09-12T20_19_00_0').on_event(Event(FACTS, [{'predicate': 'current_alarm', 'grammar_entry': 'off', 'value': 'alarm_off'}], sender=DmeModule, reason=None))
2019-09-12 20:19:06,619 - tdm - DEBUG - FrontendConnectionHandler(id=4395094480, session='2019-09-12T20_19_00_0'): writing {"content": [{"predicate": "current_alarm", "grammar_entry": "off", "value": "alarm_off"}], "_sender": "DmeModule", "_reason": null, "event_type": "FACTS"}
2019-09-12 20:19:06,619 - tdm - DEBUG - FrontendConnectionHandler(id=4395094480, session='2019-09-12T20_19_00_0'): OK
2019-09-12 20:19:06,620 - tdm - DEBUG - FrontendConnectionHandler(id=4395094480, session='2019-09-12T20_19_00_0').on_event(Event(FACTS, [{'predicate': 'current_alarm', 'grammar_entry': 'off', 'value': 'alarm_off'}], sender=DmeModule, reason=None))
2019-09-12 20:19:06,620 - tdm - DEBUG - FrontendConnectionHandler(id=4395094480, session='2019-09-12T20_19_00_0'): writing {"content": [{"predicate": "current_alarm", "grammar_entry": "off", "value": "alarm_off"}], "_sender": "DmeModule", "_reason": null, "event_type": "FACTS"}
2019-09-12 20:19:06,620 - tdm - DEBUG - FrontendConnectionHandler(id=4395094480, session='2019-09-12T20_19_00_0'): OK
2019-09-12 20:19:06,620 - tdm - DEBUG - FrontendConnectionHandler(id=4395094480, session='2019-09-12T20_19_00_0').on_event(Event(END_SYSTEM_TURN, {'passivity_duration': 1.0, 'system_has_asked_question': False}, sender=DmeModule, reason=None))
2019-09-12 20:19:06,620 - tdm - DEBUG - FrontendConnectionHandler(id=4395094480, session='2019-09-12T20_19_00_0'): writing {"content": {"passivity_duration": 1.0, "system_has_asked_question": false}, "_sender": "DmeModule", "_reason": null, "event_type": "END_SYSTEM_TURN"}
2019-09-12 20:19:06,621 - tdm - DEBUG - FrontendConnectionHandler(id=4395094480, session='2019-09-12T20_19_00_0'): OK
2019-09-12 20:19:06,621 - tdm - DEBUG - FrontendConnectionHandler(id=4395094480, session='2019-09-12T20_19_00_0').on_event(Event(EXPECTED_PASSIVITY_DURATION, 1.0, sender=DmeModule, reason=None))
2019-09-12 20:19:06,621 - tdm - DEBUG - FrontendConnectionHandler(id=4395094480, session='2019-09-12T20_19_00_0'): writing {"content": 1.0, "_sender": "DmeModule", "_reason": null, "event_type": "EXPECTED_PASSIVITY_DURATION"}
2019-09-12 20:19:06,621 - tdm - DEBUG - FrontendConnectionHandler(id=4395094480, session='2019-09-12T20_19_00_0'): OK
2019-09-12 20:19:06,621 - tdm - DEBUG - FrontendConnectionHandler(id=4395094480, session='2019-09-12T20_19_00_0').on_event(Event(SYSTEM_UTTERANCE_TO_SPEAK, ['The alarm is off.'], sender=None, reason=None))
2019-09-12 20:19:06,621 - tdm - DEBUG - FrontendConnectionHandler(id=4395094480, session='2019-09-12T20_19_00_0'): writing {"content": ["The alarm is off."], "_sender": null, "_reason": null, "event_type": "SYSTEM_UTTERANCE_TO_SPEAK"}
2019-09-12 20:19:06,622 - tdm - DEBUG - FrontendConnectionHandler(id=4395094480, session='2019-09-12T20_19_00_0'): OK
2019-09-12 20:19:06,622 - tdm - DEBUG - FrontendConnectionHandler(id=4395094480, session='2019-09-12T20_19_00_0').on_event(Event(MESSAGE_TO_GUI, [Popup(The alarm is off., elements=[])], sender=None, reason=None))
2019-09-12 20:19:06,622 - tdm - DEBUG - FrontendConnectionHandler(id=4395094480, session='2019-09-12T20_19_00_0'): writing {"content": [{"Popup": {"elements": [], "title": "The alarm is off."}}], "_sender": null, "_reason": null, "event_type": "MESSAGE_TO_GUI"}
2019-09-12 20:19:06,622 - tdm - DEBUG - FrontendConnectionHandler(id=4395094480, session='2019-09-12T20_19_00_0'): OK
2019-09-12 20:19:06,622 - tdm - DEBUG - FrontendConnectionHandler(id=4395094480, session='2019-09-12T20_19_00_0').on_event(Event(GUI.POPUP, {'options': [], 'title': 'The alarm is off.'}, sender=None, reason=None))
2019-09-12 20:19:06,622 - tdm - DEBUG - FrontendConnectionHandler(id=4395094480, session='2019-09-12T20_19_00_0'): writing {"content": {"options": [], "title": "The alarm is off."}, "_sender": null, "_reason": null, "event_type": "GUI.POPUP"}
2019-09-12 20:19:06,622 - tdm - DEBUG - FrontendConnectionHandler(id=4395094480, session='2019-09-12T20_19_00_0'): OK
2019-09-12 20:19:07,678 - tdm - DEBUG - FrontendConnectionHandler(id=4395094480, session='2019-09-12T20_19_00_0').on_message({"content": null, "_sender": "Frontend", "_reason": null, "event_type": "PASSIVITY"})
2019-09-12 20:19:07,720 - tdm - DEBUG - FrontendConnectionHandler(id=4395094480, session='2019-09-12T20_19_00_0').on_event(Event(FACTS, [], sender=DmeModule, reason=None))
2019-09-12 20:19:07,720 - tdm - DEBUG - FrontendConnectionHandler(id=4395094480, session='2019-09-12T20_19_00_0'): writing {"content": [], "_sender": "DmeModule", "_reason": null, "event_type": "FACTS"}
2019-09-12 20:19:07,720 - tdm - DEBUG - FrontendConnectionHandler(id=4395094480, session='2019-09-12T20_19_00_0'): OK
2019-09-12 20:19:07,720 - tdm - DEBUG - FrontendConnectionHandler(id=4395094480, session='2019-09-12T20_19_00_0').on_event(Event(FACTS, [], sender=DmeModule, reason=None))
2019-09-12 20:19:07,720 - tdm - DEBUG - FrontendConnectionHandler(id=4395094480, session='2019-09-12T20_19_00_0'): writing {"content": [], "_sender": "DmeModule", "_reason": null, "event_type": "FACTS"}
2019-09-12 20:19:07,720 - tdm - DEBUG - FrontendConnectionHandler(id=4395094480, session='2019-09-12T20_19_00_0'): OK
2019-09-12 20:19:07,720 - tdm - DEBUG - FrontendConnectionHandler(id=4395094480, session='2019-09-12T20_19_00_0').on_event(Event(END_SYSTEM_TURN, {'passivity_duration': None, 'system_has_asked_question': True}, sender=DmeModule, reason=None))
2019-09-12 20:19:07,720 - tdm - DEBUG - FrontendConnectionHandler(id=4395094480, session='2019-09-12T20_19_00_0'): writing {"content": {"passivity_duration": null, "system_has_asked_question": true}, "_sender": "DmeModule", "_reason": null, "event_type": "END_SYSTEM_TURN"}
2019-09-12 20:19:07,721 - tdm - DEBUG - FrontendConnectionHandler(id=4395094480, session='2019-09-12T20_19_00_0'): OK
2019-09-12 20:19:07,721 - tdm - DEBUG - FrontendConnectionHandler(id=4395094480, session='2019-09-12T20_19_00_0').on_event(Event(SYSTEM_UTTERANCE_TO_SPEAK, ['Returning to main menu.', 'Do you want to know the current time, know the current alarm, set the time or set the alarm?'], sender=None, reason=None))
2019-09-12 20:19:07,721 - tdm - DEBUG - FrontendConnectionHandler(id=4395094480, session='2019-09-12T20_19_00_0'): writing {"content": ["Returning to main menu.", "Do you want to know the current time, know the current alarm, set the time or set the alarm?"], "_sender": null, "_reason": null, "event_type": "SYSTEM_UTTERANCE_TO_SPEAK"}
2019-09-12 20:19:07,721 - tdm - DEBUG - FrontendConnectionHandler(id=4395094480, session='2019-09-12T20_19_00_0'): OK
2019-09-12 20:19:07,722 - tdm - DEBUG - FrontendConnectionHandler(id=4395094480, session='2019-09-12T20_19_00_0').on_event(Event(MESSAGE_TO_GUI, [ClosePopup(), Screen(top, Main menu, [<tdm.nlg.tdm_gui_protocol.Element instance at 0x105f287e8>])], sender=None, reason=None))
2019-09-12 20:19:07,722 - tdm - DEBUG - FrontendConnectionHandler(id=4395094480, session='2019-09-12T20_19_00_0'): writing {"content": [{"ClosePopup": {}}, {"Screen": {"elements": [{"Element": {"name": "move", "title": "", "items": [{"Item": {"attributes": null, "selected": false, "predicted": false, "value": "ask(?X.current_time(X))", "title": "The current time?"}}, {"Item": {"attributes": null, "selected": false, "predicted": false, "value": "ask(?X.current_alarm(X))", "title": "The current alarm?"}}, {"Item": {"attributes": null, "selected": false, "predicted": false, "value": "request(set_time)", "title": "Set the time"}}, {"Item": {"attributes": null, "selected": false, "predicted": false, "value": "request(set_alarm)", "title": "Set the alarm"}}], "format": "", "voice_browsed": false, "value": "", "template": "menu", "type": "list"}}], "name": "top", "title": "Main menu"}}], "_sender": null, "_reason": null, "event_type": "MESSAGE_TO_GUI"}
2019-09-12 20:19:07,722 - tdm - DEBUG - FrontendConnectionHandler(id=4395094480, session='2019-09-12T20_19_00_0'): OK
2019-09-12 20:19:15,276 - tdm - DEBUG - FrontendConnectionHandler(id=4395094480, session='2019-09-12T20_19_00_0').on_message({"content": [{"score": 1.0, "utterance": "set the alarm"}], "_sender": "TextInputComponent", "_reason": null, "event_type": "RECOGNITION"})
2019-09-12 20:19:15,310 - tdm - DEBUG - DeviceHandler.query_all(?X.selected_alarm_time(X), {}, eng)
2019-09-12 20:19:15,310 - tdm - DEBUG - DeviceHandler invocation ID: 4302533ab3389174fed50cf45875a215
2019-09-12 20:19:15,311 - tdm - DEBUG - DeviceHandler.query_all(?X.selected_alarm_time(X), {}, eng)
2019-09-12 20:19:15,311 - tdm - DEBUG - DeviceHandler invocation ID: 01744fdf2b989c95568f3663d285a2ea
2019-09-12 20:19:15,312 - tdm - DEBUG - DeviceHandler.query_all(?X.selected_alarm_time(X), {}, eng)
2019-09-12 20:19:15,312 - tdm - DEBUG - DeviceHandler invocation ID: 020dbca746b1639952f33fadbb31b1ca
2019-09-12 20:19:15,313 - tdm - DEBUG - DeviceHandler.query_all(?X.selected_alarm_time(X), {}, eng)
2019-09-12 20:19:15,313 - tdm - DEBUG - DeviceHandler invocation ID: 0fecb5f45e5ca7b00ce4b44bad3fda80
2019-09-12 20:19:15,322 - tdm - DEBUG - DeviceHandler.query_all(?X.selected_alarm_time(X), {}, eng)
2019-09-12 20:19:15,322 - tdm - DEBUG - DeviceHandler invocation ID: 34b053a059b4411f7a268b92144c81d1
2019-09-12 20:19:15,337 - tdm - DEBUG - DeviceHandler.query_all(?X.selected_alarm_time(X), {}, eng)
2019-09-12 20:19:15,337 - tdm - DEBUG - DeviceHandler invocation ID: aa0caa61036f0746da170d6cbf3c5a6c
2019-09-12 20:19:15,337 - tdm - DEBUG - DeviceHandler.query_all(?X.selected_alarm_time(X), {}, eng)
2019-09-12 20:19:15,338 - tdm - DEBUG - DeviceHandler invocation ID: 795147430e8cb4d03a20316c257de0f4
2019-09-12 20:19:15,347 - tdm - DEBUG - FrontendConnectionHandler(id=4395094480, session='2019-09-12T20_19_00_0').on_event(Event(SELECTED_RECOGNITION, 'set the alarm', sender=DmeModule, reason=None))
2019-09-12 20:19:15,347 - tdm - DEBUG - FrontendConnectionHandler(id=4395094480, session='2019-09-12T20_19_00_0'): writing {"content": "set the alarm", "_sender": "DmeModule", "_reason": null, "event_type": "SELECTED_RECOGNITION"}
2019-09-12 20:19:15,348 - tdm - DEBUG - FrontendConnectionHandler(id=4395094480, session='2019-09-12T20_19_00_0'): OK
2019-09-12 20:19:15,348 - tdm - DEBUG - FrontendConnectionHandler(id=4395094480, session='2019-09-12T20_19_00_0').on_event(Event(FACTS, [], sender=DmeModule, reason=None))
2019-09-12 20:19:15,348 - tdm - DEBUG - FrontendConnectionHandler(id=4395094480, session='2019-09-12T20_19_00_0'): writing {"content": [], "_sender": "DmeModule", "_reason": null, "event_type": "FACTS"}
2019-09-12 20:19:15,348 - tdm - DEBUG - FrontendConnectionHandler(id=4395094480, session='2019-09-12T20_19_00_0'): OK
2019-09-12 20:19:15,348 - tdm - DEBUG - FrontendConnectionHandler(id=4395094480, session='2019-09-12T20_19_00_0').on_event(Event(FACTS, [], sender=DmeModule, reason=None))
2019-09-12 20:19:15,349 - tdm - DEBUG - FrontendConnectionHandler(id=4395094480, session='2019-09-12T20_19_00_0'): writing {"content": [], "_sender": "DmeModule", "_reason": null, "event_type": "FACTS"}
2019-09-12 20:19:15,349 - tdm - DEBUG - FrontendConnectionHandler(id=4395094480, session='2019-09-12T20_19_00_0'): OK
2019-09-12 20:19:15,349 - tdm - DEBUG - FrontendConnectionHandler(id=4395094480, session='2019-09-12T20_19_00_0').on_event(Event(END_SYSTEM_TURN, {'passivity_duration': 5.0, 'system_has_asked_question': True}, sender=DmeModule, reason=None))
2019-09-12 20:19:15,349 - tdm - DEBUG - FrontendConnectionHandler(id=4395094480, session='2019-09-12T20_19_00_0'): writing {"content": {"passivity_duration": 5.0, "system_has_asked_question": true}, "_sender": "DmeModule", "_reason": null, "event_type": "END_SYSTEM_TURN"}
2019-09-12 20:19:15,349 - tdm - DEBUG - FrontendConnectionHandler(id=4395094480, session='2019-09-12T20_19_00_0'): OK
2019-09-12 20:19:15,349 - tdm - DEBUG - FrontendConnectionHandler(id=4395094480, session='2019-09-12T20_19_00_0').on_event(Event(EXPECTED_PASSIVITY_DURATION, 5.0, sender=DmeModule, reason=None))
2019-09-12 20:19:15,349 - tdm - DEBUG - FrontendConnectionHandler(id=4395094480, session='2019-09-12T20_19_00_0'): writing {"content": 5.0, "_sender": "DmeModule", "_reason": null, "event_type": "EXPECTED_PASSIVITY_DURATION"}
2019-09-12 20:19:15,349 - tdm - DEBUG - FrontendConnectionHandler(id=4395094480, session='2019-09-12T20_19_00_0'): OK
2019-09-12 20:19:15,350 - tdm - DEBUG - FrontendConnectionHandler(id=4395094480, session='2019-09-12T20_19_00_0').on_event(Event(SYSTEM_UTTERANCE_TO_SPEAK, ['', '', 'What time do you want to set your alarm to : 08:00, 08:30 or 09:00?'], sender=None, reason=None))
2019-09-12 20:19:15,350 - tdm - DEBUG - FrontendConnectionHandler(id=4395094480, session='2019-09-12T20_19_00_0'): writing {"content": ["", "", "What time do you want to set your alarm to : 08:00, 08:30 or 09:00?"], "_sender": null, "_reason": null, "event_type": "SYSTEM_UTTERANCE_TO_SPEAK"}
2019-09-12 20:19:15,350 - tdm - DEBUG - FrontendConnectionHandler(id=4395094480, session='2019-09-12T20_19_00_0'): OK
2019-09-12 20:19:15,350 - tdm - DEBUG - FrontendConnectionHandler(id=4395094480, session='2019-09-12T20_19_00_0').on_event(Event(MESSAGE_TO_GUI, [Screen(set_alarm, Set the alarm, [<tdm.nlg.tdm_gui_protocol.Element instance at 0x105fb7b90>])], sender=None, reason=None))
2019-09-12 20:19:15,351 - tdm - DEBUG - FrontendConnectionHandler(id=4395094480, session='2019-09-12T20_19_00_0'): writing {"content": [{"Screen": {"elements": [{"Element": {"name": "move", "title": null, "items": [{"Item": {"attributes": [], "selected": false, "predicted": false, "value": "answer(selected_alarm_time(eight))", "title": "08:00"}}, {"Item": {"attributes": [], "selected": false, "predicted": false, "value": "answer(selected_alarm_time(eight_thirty))", "title": "08:30"}}, {"Item": {"attributes": [], "selected": false, "predicted": false, "value": "answer(selected_alarm_time(nine))", "title": "09:00"}}], "format": "", "voice_browsed": false, "value": "", "template": "list", "type": "list"}}], "name": "set_alarm", "title": "Set the alarm"}}], "_sender": null, "_reason": null, "event_type": "MESSAGE_TO_GUI"}
2019-09-12 20:19:15,351 - tdm - DEBUG - FrontendConnectionHandler(id=4395094480, session='2019-09-12T20_19_00_0'): OK
2019-09-12 20:19:18,752 - tdm - DEBUG - FrontendConnectionHandler(id=4395094480, session='2019-09-12T20_19_00_0').on_message({"content": [{"score": 1.0, "utterance": "eight"}], "_sender": "TextInputComponent", "_reason": null, "event_type": "RECOGNITION"})
2019-09-12 20:19:18,764 - tdm - DEBUG - DeviceHandler.query_all(?X.selected_alarm_time(X), set([selected_alarm_time(eight), selected_alarm_time(eight_thirty), selected_alarm_time(nine)]), {}, eng)
2019-09-12 20:19:18,764 - tdm - DEBUG - DeviceHandler invocation ID: 556a9c6d67c01fd42df0a615fa15142c
2019-09-12 20:19:18,776 - tdm - DEBUG - DeviceHandler.is_valid_parameter(selected_alarm_time(eight), {}, eng)
2019-09-12 20:19:18,781 - tdm - DEBUG - DeviceHandler.perform(SetAlarm, {selected_alarm_time(eight), resolved(?X.selected_alarm_time(X), set([selected_alarm_time(eight), selected_alarm_time(eight_thirty), selected_alarm_time(nine)]))}, eng)
2019-09-12 20:19:18,781 - tdm - DEBUG - DeviceHandler invocation ID: 8698baf265c0be07dc3e332af16f5cca
2019-09-12 20:19:18,808 - tdm - DEBUG - FrontendConnectionHandler(id=4395094480, session='2019-09-12T20_19_00_0').on_event(Event(SELECTED_RECOGNITION, 'eight', sender=DmeModule, reason=None))
2019-09-12 20:19:18,808 - tdm - DEBUG - FrontendConnectionHandler(id=4395094480, session='2019-09-12T20_19_00_0'): writing {"content": "eight", "_sender": "DmeModule", "_reason": null, "event_type": "SELECTED_RECOGNITION"}
2019-09-12 20:19:18,808 - tdm - DEBUG - FrontendConnectionHandler(id=4395094480, session='2019-09-12T20_19_00_0'): OK
2019-09-12 20:19:18,808 - tdm - DEBUG - FrontendConnectionHandler(id=4395094480, session='2019-09-12T20_19_00_0').on_event(Event(FACTS, [{'predicate': 'selected_alarm_time', 'grammar_entry': '08:00', 'value': 'eight'}], sender=DmeModule, reason=None))
2019-09-12 20:19:18,808 - tdm - DEBUG - FrontendConnectionHandler(id=4395094480, session='2019-09-12T20_19_00_0'): writing {"content": [{"predicate": "selected_alarm_time", "grammar_entry": "08:00", "value": "eight"}], "_sender": "DmeModule", "_reason": null, "event_type": "FACTS"}
2019-09-12 20:19:18,808 - tdm - DEBUG - FrontendConnectionHandler(id=4395094480, session='2019-09-12T20_19_00_0'): OK
2019-09-12 20:19:18,808 - tdm - DEBUG - FrontendConnectionHandler(id=4395094480, session='2019-09-12T20_19_00_0').on_event(Event(FACTS, [{'predicate': 'selected_alarm_time', 'grammar_entry': '08:00', 'value': 'eight'}], sender=DmeModule, reason=None))
2019-09-12 20:19:18,808 - tdm - DEBUG - FrontendConnectionHandler(id=4395094480, session='2019-09-12T20_19_00_0'): writing {"content": [{"predicate": "selected_alarm_time", "grammar_entry": "08:00", "value": "eight"}], "_sender": "DmeModule", "_reason": null, "event_type": "FACTS"}
2019-09-12 20:19:18,808 - tdm - DEBUG - FrontendConnectionHandler(id=4395094480, session='2019-09-12T20_19_00_0'): OK
2019-09-12 20:19:18,808 - tdm - DEBUG - FrontendConnectionHandler(id=4395094480, session='2019-09-12T20_19_00_0').on_event(Event(END_SYSTEM_TURN, {'passivity_duration': 1.0, 'system_has_asked_question': False}, sender=DmeModule, reason=None))
2019-09-12 20:19:18,809 - tdm - DEBUG - FrontendConnectionHandler(id=4395094480, session='2019-09-12T20_19_00_0'): writing {"content": {"passivity_duration": 1.0, "system_has_asked_question": false}, "_sender": "DmeModule", "_reason": null, "event_type": "END_SYSTEM_TURN"}
2019-09-12 20:19:18,809 - tdm - DEBUG - FrontendConnectionHandler(id=4395094480, session='2019-09-12T20_19_00_0'): OK
2019-09-12 20:19:18,809 - tdm - DEBUG - FrontendConnectionHandler(id=4395094480, session='2019-09-12T20_19_00_0').on_event(Event(EXPECTED_PASSIVITY_DURATION, 1.0, sender=DmeModule, reason=None))
2019-09-12 20:19:18,809 - tdm - DEBUG - FrontendConnectionHandler(id=4395094480, session='2019-09-12T20_19_00_0'): writing {"content": 1.0, "_sender": "DmeModule", "_reason": null, "event_type": "EXPECTED_PASSIVITY_DURATION"}
2019-09-12 20:19:18,810 - tdm - DEBUG - FrontendConnectionHandler(id=4395094480, session='2019-09-12T20_19_00_0'): OK
2019-09-12 20:19:18,810 - tdm - DEBUG - FrontendConnectionHandler(id=4395094480, session='2019-09-12T20_19_00_0').on_event(Event(SYSTEM_UTTERANCE_TO_SPEAK, ['', 'The alarm was set to 08:00.'], sender=None, reason=None))
2019-09-12 20:19:18,810 - tdm - DEBUG - FrontendConnectionHandler(id=4395094480, session='2019-09-12T20_19_00_0'): writing {"content": ["", "The alarm was set to 08:00."], "_sender": null, "_reason": null, "event_type": "SYSTEM_UTTERANCE_TO_SPEAK"}
2019-09-12 20:19:18,810 - tdm - DEBUG - FrontendConnectionHandler(id=4395094480, session='2019-09-12T20_19_00_0'): OK
2019-09-12 20:19:18,810 - tdm - DEBUG - FrontendConnectionHandler(id=4395094480, session='2019-09-12T20_19_00_0').on_event(Event(MESSAGE_TO_GUI, [Popup(The alarm was set to 08:00., elements=[])], sender=None, reason=None))
2019-09-12 20:19:18,811 - tdm - DEBUG - FrontendConnectionHandler(id=4395094480, session='2019-09-12T20_19_00_0'): writing {"content": [{"Popup": {"elements": [], "title": "The alarm was set to 08:00."}}], "_sender": null, "_reason": null, "event_type": "MESSAGE_TO_GUI"}
2019-09-12 20:19:18,811 - tdm - DEBUG - FrontendConnectionHandler(id=4395094480, session='2019-09-12T20_19_00_0'): OK
2019-09-12 20:19:18,811 - tdm - DEBUG - FrontendConnectionHandler(id=4395094480, session='2019-09-12T20_19_00_0').on_event(Event(GUI.POPUP, {'options': [], 'title': 'The alarm was set to 08:00.'}, sender=None, reason=None))
2019-09-12 20:19:18,811 - tdm - DEBUG - FrontendConnectionHandler(id=4395094480, session='2019-09-12T20_19_00_0'): writing {"content": {"options": [], "title": "The alarm was set to 08:00."}, "_sender": null, "_reason": null, "event_type": "GUI.POPUP"}
2019-09-12 20:19:18,811 - tdm - DEBUG - FrontendConnectionHandler(id=4395094480, session='2019-09-12T20_19_00_0'): OK
2019-09-12 20:19:19,835 - tdm - DEBUG - FrontendConnectionHandler(id=4395094480, session='2019-09-12T20_19_00_0').on_message({"content": null, "_sender": "Frontend", "_reason": null, "event_type": "PASSIVITY"})
2019-09-12 20:19:19,878 - tdm - DEBUG - FrontendConnectionHandler(id=4395094480, session='2019-09-12T20_19_00_0').on_event(Event(FACTS, [], sender=DmeModule, reason=None))
2019-09-12 20:19:19,879 - tdm - DEBUG - FrontendConnectionHandler(id=4395094480, session='2019-09-12T20_19_00_0'): writing {"content": [], "_sender": "DmeModule", "_reason": null, "event_type": "FACTS"}
2019-09-12 20:19:19,879 - tdm - DEBUG - FrontendConnectionHandler(id=4395094480, session='2019-09-12T20_19_00_0'): OK
2019-09-12 20:19:19,879 - tdm - DEBUG - FrontendConnectionHandler(id=4395094480, session='2019-09-12T20_19_00_0').on_event(Event(FACTS, [], sender=DmeModule, reason=None))
2019-09-12 20:19:19,879 - tdm - DEBUG - FrontendConnectionHandler(id=4395094480, session='2019-09-12T20_19_00_0'): writing {"content": [], "_sender": "DmeModule", "_reason": null, "event_type": "FACTS"}
2019-09-12 20:19:19,879 - tdm - DEBUG - FrontendConnectionHandler(id=4395094480, session='2019-09-12T20_19_00_0'): OK
2019-09-12 20:19:19,879 - tdm - DEBUG - FrontendConnectionHandler(id=4395094480, session='2019-09-12T20_19_00_0').on_event(Event(END_SYSTEM_TURN, {'passivity_duration': None, 'system_has_asked_question': True}, sender=DmeModule, reason=None))
2019-09-12 20:19:19,880 - tdm - DEBUG - FrontendConnectionHandler(id=4395094480, session='2019-09-12T20_19_00_0'): writing {"content": {"passivity_duration": null, "system_has_asked_question": true}, "_sender": "DmeModule", "_reason": null, "event_type": "END_SYSTEM_TURN"}
2019-09-12 20:19:19,880 - tdm - DEBUG - FrontendConnectionHandler(id=4395094480, session='2019-09-12T20_19_00_0'): OK
2019-09-12 20:19:19,880 - tdm - DEBUG - FrontendConnectionHandler(id=4395094480, session='2019-09-12T20_19_00_0').on_event(Event(SYSTEM_UTTERANCE_TO_SPEAK, ['Returning to main menu.', 'Do you want to know the current time, know the current alarm, set the time or set the alarm?'], sender=None, reason=None))
2019-09-12 20:19:19,880 - tdm - DEBUG - FrontendConnectionHandler(id=4395094480, session='2019-09-12T20_19_00_0'): writing {"content": ["Returning to main menu.", "Do you want to know the current time, know the current alarm, set the time or set the alarm?"], "_sender": null, "_reason": null, "event_type": "SYSTEM_UTTERANCE_TO_SPEAK"}
2019-09-12 20:19:19,880 - tdm - DEBUG - FrontendConnectionHandler(id=4395094480, session='2019-09-12T20_19_00_0'): OK
2019-09-12 20:19:19,881 - tdm - DEBUG - FrontendConnectionHandler(id=4395094480, session='2019-09-12T20_19_00_0').on_event(Event(MESSAGE_TO_GUI, [ClosePopup(), Screen(top, Main menu, [<tdm.nlg.tdm_gui_protocol.Element instance at 0x1060151b8>])], sender=None, reason=None))
2019-09-12 20:19:19,881 - tdm - DEBUG - FrontendConnectionHandler(id=4395094480, session='2019-09-12T20_19_00_0'): writing {"content": [{"ClosePopup": {}}, {"Screen": {"elements": [{"Element": {"name": "move", "title": "", "items": [{"Item": {"attributes": null, "selected": false, "predicted": false, "value": "ask(?X.current_time(X))", "title": "The current time?"}}, {"Item": {"attributes": null, "selected": false, "predicted": false, "value": "ask(?X.current_alarm(X))", "title": "The current alarm?"}}, {"Item": {"attributes": null, "selected": false, "predicted": false, "value": "request(set_time)", "title": "Set the time"}}, {"Item": {"attributes": null, "selected": true, "predicted": false, "value": "request(set_alarm)", "title": "Set the alarm"}}], "format": "", "voice_browsed": false, "value": "", "template": "menu", "type": "list"}}], "name": "top", "title": "Main menu"}}], "_sender": null, "_reason": null, "event_type": "MESSAGE_TO_GUI"}
2019-09-12 20:19:19,881 - tdm - DEBUG - FrontendConnectionHandler(id=4395094480, session='2019-09-12T20_19_00_0'): OK
2019-09-12 20:19:24,075 - tdm - DEBUG - FrontendConnectionHandler(id=4395094480, session='2019-09-12T20_19_00_0').on_message({"content": [{"score": 1.0, "utterance": "whats the alarm"}], "_sender": "TextInputComponent", "_reason": null, "event_type": "RECOGNITION"})
2019-09-12 20:19:24,105 - tdm - DEBUG - DeviceHandler.query_all(?X.current_alarm(X), {}, eng)
2019-09-12 20:19:24,105 - tdm - DEBUG - DeviceHandler invocation ID: 42c62a7f64f954baa564bcdf0b85b7a3
2019-09-12 20:19:24,112 - tdm - DEBUG - FrontendConnectionHandler(id=4395094480, session='2019-09-12T20_19_00_0').on_event(Event(BACKEND_ERROR, None, sender=None, reason=None))
2019-09-12 20:19:24,112 - tdm - DEBUG - FrontendConnectionHandler(id=4395094480, session='2019-09-12T20_19_00_0'): writing {"content": null, "_sender": null, "_reason": null, "event_type": "BACKEND_ERROR"}
2019-09-12 20:19:24,112 - tdm - DEBUG - FrontendConnectionHandler(id=4395094480, session='2019-09-12T20_19_00_0'): OK
2019-09-12 20:19:30,320 - tdm - DEBUG - FrontendConnectionHandler(id=4395094480, session='2019-09-12T20_19_00_0').on_close()
2019-09-12 20:19:30,320 - tdm - DEBUG - SessionManager.stop('2019-09-12T20_19_00_0')
2019-09-12 20:19:30,321 - tdm - DEBUG - TdmApplication.stop(): Stopping HTTP server
2019-09-12 20:19:30,321 - tdm - DEBUG - TdmApplication.stop(): Stopping IO-loop
2019-09-12 20:19:30,321 - tdm - DEBUG - TdmApplication.stop(): Stopping sessions []
