2019-09-12 20:13:54,359 - tdm - DEBUG - EntityDb(time): add_entity(sort=u'alarm_time', grammar_entry='eight thirty', name=u'eight_thirty')
2019-09-12 20:13:54,359 - tdm - DEBUG - EntityDb(time): add_entity returns u'eight_thirty'
2019-09-12 20:13:54,359 - tdm - DEBUG - EntityDb(time): add_entity(sort=u'alarm_time', grammar_entry='8 30', name=u'eight_thirty')
2019-09-12 20:13:54,359 - tdm - DEBUG - EntityDb(time): add_entity returns u'eight_thirty'
2019-09-12 20:13:54,359 - tdm - DEBUG - EntityDb(time): add_entity(sort=u'alarm_time', grammar_entry='8:30', name=u'eight_thirty')
2019-09-12 20:13:54,359 - tdm - DEBUG - EntityDb(time): add_entity returns u'eight_thirty'
2019-09-12 20:13:54,359 - tdm - DEBUG - EntityDb(time): add_entity(sort=u'alarm_time', grammar_entry='nine', name=u'nine')
2019-09-12 20:13:54,359 - tdm - DEBUG - EntityDb(time): add_entity returns u'nine'
2019-09-12 20:13:54,359 - tdm - DEBUG - EntityDb(time): add_entity(sort=u'alarm_time', grammar_entry='9', name=u'nine')
2019-09-12 20:13:54,359 - tdm - DEBUG - EntityDb(time): add_entity returns u'nine'
2019-09-12 20:13:54,360 - tdm - DEBUG - EntityDb(time): add_entity(sort=u'alarm_time', grammar_entry='eight', name=u'eight')
2019-09-12 20:13:54,360 - tdm - DEBUG - EntityDb(time): add_entity returns u'eight'
2019-09-12 20:13:54,360 - tdm - DEBUG - EntityDb(time): add_entity(sort=u'alarm_time', grammar_entry='8', name=u'eight')
2019-09-12 20:13:54,360 - tdm - DEBUG - EntityDb(time): add_entity returns u'eight'
2019-09-12 20:13:54,360 - tdm - DEBUG - EntityDb(time): add_entity(sort=u'alarm_time', grammar_entry='off', name=u'alarm_off')
2019-09-12 20:13:54,360 - tdm - DEBUG - EntityDb(time): add_entity returns u'alarm_off'
2019-09-12 20:13:54,360 - tdm - DEBUG - DddDb().__init__(name='ddds', default_ddds=[u'time'])
2019-09-12 20:13:54,360 - tdm - DEBUG - DddDb(): DB file name is '/Users/marta/Desktop/Course project/time_ddd/ddds.json'
2019-09-12 20:13:54,368 - tdm - DEBUG - FrontendConnectionHandler(id=4528279760, session=None).open()
2019-09-12 20:13:54,369 - tdm - DEBUG - thread_manager.create_thread() with threading.active_count()=3
2019-09-12 20:13:54,370 - tdm - DEBUG - FrontendConnectionHandler(id=4528279760, session=None).on_message({"handshake_content": {"session_id": null, "keep_session_alive": false}, "name": "Frontend"})
2019-09-12 20:13:54,371 - tdm - DEBUG - FrontendConnectionHandler(id=4528279760, session=None)._register({"handshake_content": {"session_id": null, "keep_session_alive": false}, "name": "Frontend"})
2019-09-12 20:13:54,370 - tdm - DEBUG - thread_manager.create_thread() with threading.active_count()=4
2019-09-12 20:13:54,371 - tdm - DEBUG - Creating backend and session with id 2019-09-12T20_13_54_0.
2019-09-12 20:13:54,374 - tdm - DEBUG - FrontendConnectionHandler(id=4528279760, session='2019-09-12T20_13_54_0'): writing {"content": "2019-09-12T20_13_54_0", "_sender": null, "_reason": null, "event_type": "SESSION_ID"}
2019-09-12 20:13:54,374 - tdm - DEBUG - FrontendConnectionHandler(id=4528279760, session='2019-09-12T20_13_54_0'): OK
2019-09-12 20:13:54,374 - tdm - DEBUG - FrontendConnectionHandler._register: Registered in session 2019-09-12T20_13_54_0 with backend <tdm.backend.Backend object at 0x10dea6290>.
2019-09-12 20:13:54,375 - tdm - DEBUG - FrontendConnectionHandler(id=4528279760, session='2019-09-12T20_13_54_0').on_message({"content": null, "_sender": "Frontend", "_reason": null, "event_type": "START"})
2019-09-12 20:13:54,408 - tdm - DEBUG - FrontendConnectionHandler(id=4528279760, session='2019-09-12T20_13_54_0').on_event(Event(SET_DDD, {'ddd_name': 'time', 'language_code': 'eng'}, sender=DmeModule, reason=None))
2019-09-12 20:13:54,408 - tdm - DEBUG - FrontendConnectionHandler(id=4528279760, session='2019-09-12T20_13_54_0'): writing {"content": {"ddd_name": "time", "language_code": "eng"}, "_sender": "DmeModule", "_reason": null, "event_type": "SET_DDD"}
2019-09-12 20:13:54,408 - tdm - DEBUG - FrontendConnectionHandler(id=4528279760, session='2019-09-12T20_13_54_0'): OK
2019-09-12 20:13:54,409 - tdm - DEBUG - FrontendConnectionHandler(id=4528279760, session='2019-09-12T20_13_54_0').on_event(Event(FACTS, [], sender=DmeModule, reason=None))
2019-09-12 20:13:54,409 - tdm - DEBUG - FrontendConnectionHandler(id=4528279760, session='2019-09-12T20_13_54_0'): writing {"content": [], "_sender": "DmeModule", "_reason": null, "event_type": "FACTS"}
2019-09-12 20:13:54,409 - tdm - DEBUG - FrontendConnectionHandler(id=4528279760, session='2019-09-12T20_13_54_0'): OK
2019-09-12 20:13:54,409 - tdm - DEBUG - FrontendConnectionHandler(id=4528279760, session='2019-09-12T20_13_54_0').on_event(Event(FACTS, [], sender=DmeModule, reason=None))
2019-09-12 20:13:54,409 - tdm - DEBUG - FrontendConnectionHandler(id=4528279760, session='2019-09-12T20_13_54_0'): writing {"content": [], "_sender": "DmeModule", "_reason": null, "event_type": "FACTS"}
2019-09-12 20:13:54,410 - tdm - DEBUG - FrontendConnectionHandler(id=4528279760, session='2019-09-12T20_13_54_0'): OK
2019-09-12 20:13:54,410 - tdm - DEBUG - FrontendConnectionHandler(id=4528279760, session='2019-09-12T20_13_54_0').on_event(Event(END_SYSTEM_TURN, {'passivity_duration': None, 'system_has_asked_question': True}, sender=DmeModule, reason=None))
2019-09-12 20:13:54,410 - tdm - DEBUG - FrontendConnectionHandler(id=4528279760, session='2019-09-12T20_13_54_0'): writing {"content": {"passivity_duration": null, "system_has_asked_question": true}, "_sender": "DmeModule", "_reason": null, "event_type": "END_SYSTEM_TURN"}
2019-09-12 20:13:54,410 - tdm - DEBUG - FrontendConnectionHandler(id=4528279760, session='2019-09-12T20_13_54_0'): OK
2019-09-12 20:13:54,410 - tdm - DEBUG - FrontendConnectionHandler(id=4528279760, session='2019-09-12T20_13_54_0').on_event(Event(SYSTEM_UTTERANCE_TO_SPEAK, ['Do you want to know the current time, know the current alarm, set the time or set the alarm?'], sender=None, reason=None))
2019-09-12 20:13:54,410 - tdm - DEBUG - FrontendConnectionHandler(id=4528279760, session='2019-09-12T20_13_54_0'): writing {"content": ["Do you want to know the current time, know the current alarm, set the time or set the alarm?"], "_sender": null, "_reason": null, "event_type": "SYSTEM_UTTERANCE_TO_SPEAK"}
2019-09-12 20:13:54,410 - tdm - DEBUG - FrontendConnectionHandler(id=4528279760, session='2019-09-12T20_13_54_0'): OK
2019-09-12 20:13:54,411 - tdm - DEBUG - FrontendConnectionHandler(id=4528279760, session='2019-09-12T20_13_54_0').on_event(Event(MESSAGE_TO_GUI, [Screen(top, Main menu, [<tdm.nlg.tdm_gui_protocol.Element instance at 0x10de1fbd8>])], sender=None, reason=None))
2019-09-12 20:13:54,411 - tdm - DEBUG - FrontendConnectionHandler(id=4528279760, session='2019-09-12T20_13_54_0'): writing {"content": [{"Screen": {"elements": [{"Element": {"name": "move", "title": "", "items": [{"Item": {"attributes": null, "selected": false, "predicted": false, "value": "ask(?X.current_time(X))", "title": "The current time?"}}, {"Item": {"attributes": null, "selected": false, "predicted": false, "value": "ask(?X.current_alarm(X))", "title": "The current alarm?"}}, {"Item": {"attributes": null, "selected": false, "predicted": false, "value": "request(set_time)", "title": "Set the time"}}, {"Item": {"attributes": null, "selected": false, "predicted": false, "value": "request(set_alarm)", "title": "Set the alarm"}}], "format": "", "voice_browsed": false, "value": "", "template": "menu", "type": "list"}}], "name": "top", "title": "Main menu"}}], "_sender": null, "_reason": null, "event_type": "MESSAGE_TO_GUI"}
2019-09-12 20:13:54,412 - tdm - DEBUG - FrontendConnectionHandler(id=4528279760, session='2019-09-12T20_13_54_0'): OK
2019-09-12 20:13:58,181 - tdm - DEBUG - FrontendConnectionHandler(id=4528279760, session='2019-09-12T20_13_54_0').on_message({"content": [{"score": 1.0, "utterance": "set the alarm"}], "_sender": "TextInputComponent", "_reason": null, "event_type": "RECOGNITION"})
2019-09-12 20:13:58,211 - tdm - DEBUG - DeviceHandler.query_all(?X.selected_alarm_time(X), {}, eng)
2019-09-12 20:13:58,211 - tdm - DEBUG - DeviceHandler invocation ID: 706708b8bec585883ee85280e6b73de3
2019-09-12 20:13:58,211 - tdm - DEBUG - DeviceHandler.query_all(?X.selected_alarm_time(X), {}, eng)
2019-09-12 20:13:58,211 - tdm - DEBUG - DeviceHandler invocation ID: d9fae68e58dee18c453e85102c647e59
2019-09-12 20:13:58,214 - tdm - DEBUG - DeviceHandler.query_all(?X.selected_alarm_time(X), {}, eng)
2019-09-12 20:13:58,214 - tdm - DEBUG - DeviceHandler invocation ID: 32ce513a9ef2c0764b3b7892fc21108a
2019-09-12 20:13:58,214 - tdm - DEBUG - DeviceHandler.query_all(?X.selected_alarm_time(X), {}, eng)
2019-09-12 20:13:58,214 - tdm - DEBUG - DeviceHandler invocation ID: d337c0dff81496cc850b4c2116545de2
2019-09-12 20:13:58,224 - tdm - DEBUG - DeviceHandler.query_all(?X.selected_alarm_time(X), {}, eng)
2019-09-12 20:13:58,224 - tdm - DEBUG - DeviceHandler invocation ID: 1b2f9a811a2836a5027e9fa5f9477adc
2019-09-12 20:13:58,239 - tdm - DEBUG - DeviceHandler.query_all(?X.selected_alarm_time(X), {}, eng)
2019-09-12 20:13:58,239 - tdm - DEBUG - DeviceHandler invocation ID: 72d644e64cd3d2cc1fbc4f9bd41ed7e4
2019-09-12 20:13:58,239 - tdm - DEBUG - DeviceHandler.query_all(?X.selected_alarm_time(X), {}, eng)
2019-09-12 20:13:58,239 - tdm - DEBUG - DeviceHandler invocation ID: c497211f19e2159b8044e8efcfb4a9f7
2019-09-12 20:13:58,246 - tdm - DEBUG - FrontendConnectionHandler(id=4528279760, session='2019-09-12T20_13_54_0').on_event(Event(SELECTED_RECOGNITION, 'set the alarm', sender=DmeModule, reason=None))
2019-09-12 20:13:58,246 - tdm - DEBUG - FrontendConnectionHandler(id=4528279760, session='2019-09-12T20_13_54_0'): writing {"content": "set the alarm", "_sender": "DmeModule", "_reason": null, "event_type": "SELECTED_RECOGNITION"}
2019-09-12 20:13:58,246 - tdm - DEBUG - FrontendConnectionHandler(id=4528279760, session='2019-09-12T20_13_54_0'): OK
2019-09-12 20:13:58,246 - tdm - DEBUG - FrontendConnectionHandler(id=4528279760, session='2019-09-12T20_13_54_0').on_event(Event(FACTS, [], sender=DmeModule, reason=None))
2019-09-12 20:13:58,246 - tdm - DEBUG - FrontendConnectionHandler(id=4528279760, session='2019-09-12T20_13_54_0'): writing {"content": [], "_sender": "DmeModule", "_reason": null, "event_type": "FACTS"}
2019-09-12 20:13:58,246 - tdm - DEBUG - FrontendConnectionHandler(id=4528279760, session='2019-09-12T20_13_54_0'): OK
2019-09-12 20:13:58,246 - tdm - DEBUG - FrontendConnectionHandler(id=4528279760, session='2019-09-12T20_13_54_0').on_event(Event(FACTS, [], sender=DmeModule, reason=None))
2019-09-12 20:13:58,247 - tdm - DEBUG - FrontendConnectionHandler(id=4528279760, session='2019-09-12T20_13_54_0'): writing {"content": [], "_sender": "DmeModule", "_reason": null, "event_type": "FACTS"}
2019-09-12 20:13:58,247 - tdm - DEBUG - FrontendConnectionHandler(id=4528279760, session='2019-09-12T20_13_54_0'): OK
2019-09-12 20:13:58,247 - tdm - DEBUG - FrontendConnectionHandler(id=4528279760, session='2019-09-12T20_13_54_0').on_event(Event(END_SYSTEM_TURN, {'passivity_duration': 5.0, 'system_has_asked_question': True}, sender=DmeModule, reason=None))
2019-09-12 20:13:58,247 - tdm - DEBUG - FrontendConnectionHandler(id=4528279760, session='2019-09-12T20_13_54_0'): writing {"content": {"passivity_duration": 5.0, "system_has_asked_question": true}, "_sender": "DmeModule", "_reason": null, "event_type": "END_SYSTEM_TURN"}
2019-09-12 20:13:58,247 - tdm - DEBUG - FrontendConnectionHandler(id=4528279760, session='2019-09-12T20_13_54_0'): OK
2019-09-12 20:13:58,247 - tdm - DEBUG - FrontendConnectionHandler(id=4528279760, session='2019-09-12T20_13_54_0').on_event(Event(EXPECTED_PASSIVITY_DURATION, 5.0, sender=DmeModule, reason=None))
2019-09-12 20:13:58,247 - tdm - DEBUG - FrontendConnectionHandler(id=4528279760, session='2019-09-12T20_13_54_0'): writing {"content": 5.0, "_sender": "DmeModule", "_reason": null, "event_type": "EXPECTED_PASSIVITY_DURATION"}
2019-09-12 20:13:58,248 - tdm - DEBUG - FrontendConnectionHandler(id=4528279760, session='2019-09-12T20_13_54_0'): OK
2019-09-12 20:13:58,248 - tdm - DEBUG - FrontendConnectionHandler(id=4528279760, session='2019-09-12T20_13_54_0').on_event(Event(SYSTEM_UTTERANCE_TO_SPEAK, ['', '', 'What time do you want to set your alarm to : eight, eight thirty or nine?'], sender=None, reason=None))
2019-09-12 20:13:58,248 - tdm - DEBUG - FrontendConnectionHandler(id=4528279760, session='2019-09-12T20_13_54_0'): writing {"content": ["", "", "What time do you want to set your alarm to : eight, eight thirty or nine?"], "_sender": null, "_reason": null, "event_type": "SYSTEM_UTTERANCE_TO_SPEAK"}
2019-09-12 20:13:58,248 - tdm - DEBUG - FrontendConnectionHandler(id=4528279760, session='2019-09-12T20_13_54_0'): OK
2019-09-12 20:13:58,249 - tdm - DEBUG - FrontendConnectionHandler(id=4528279760, session='2019-09-12T20_13_54_0').on_event(Event(MESSAGE_TO_GUI, [Screen(set_alarm, Set the alarm, [<tdm.nlg.tdm_gui_protocol.Element instance at 0x10debb440>])], sender=None, reason=None))
2019-09-12 20:13:58,249 - tdm - DEBUG - FrontendConnectionHandler(id=4528279760, session='2019-09-12T20_13_54_0'): writing {"content": [{"Screen": {"elements": [{"Element": {"name": "move", "title": null, "items": [{"Item": {"attributes": [], "selected": false, "predicted": false, "value": "answer(selected_alarm_time(eight))", "title": "Eight"}}, {"Item": {"attributes": [], "selected": false, "predicted": false, "value": "answer(selected_alarm_time(eight_thirty))", "title": "Eight thirty"}}, {"Item": {"attributes": [], "selected": false, "predicted": false, "value": "answer(selected_alarm_time(nine))", "title": "Nine"}}], "format": "", "voice_browsed": false, "value": "", "template": "list", "type": "list"}}], "name": "set_alarm", "title": "Set the alarm"}}], "_sender": null, "_reason": null, "event_type": "MESSAGE_TO_GUI"}
2019-09-12 20:13:58,249 - tdm - DEBUG - FrontendConnectionHandler(id=4528279760, session='2019-09-12T20_13_54_0'): OK
2019-09-12 20:14:01,798 - tdm - DEBUG - FrontendConnectionHandler(id=4528279760, session='2019-09-12T20_13_54_0').on_close()
2019-09-12 20:14:01,799 - tdm - DEBUG - SessionManager.stop('2019-09-12T20_13_54_0')
2019-09-12 20:14:01,800 - tdm - DEBUG - TdmApplication.stop(): Stopping HTTP server
2019-09-12 20:14:01,800 - tdm - DEBUG - TdmApplication.stop(): Stopping IO-loop
2019-09-12 20:14:01,800 - tdm - DEBUG - TdmApplication.stop(): Stopping sessions []
