2019-09-12 19:21:06,333 - tdm - DEBUG - DddDb().__init__(name='ddds', default_ddds=[u'time'])
2019-09-12 19:21:06,333 - tdm - DEBUG - DddDb(): DB file name is '/Users/marta/Desktop/Course project/time_ddd/ddds.json'
2019-09-12 19:21:06,343 - tdm - DEBUG - FrontendConnectionHandler(id=4342941392, session=None).open()
2019-09-12 19:21:06,344 - tdm - DEBUG - thread_manager.create_thread() with threading.active_count()=3
2019-09-12 19:21:06,345 - tdm - DEBUG - FrontendConnectionHandler(id=4342941392, session=None).on_message({"handshake_content": {"session_id": null, "keep_session_alive": false}, "name": "Frontend"})
2019-09-12 19:21:06,345 - tdm - DEBUG - FrontendConnectionHandler(id=4342941392, session=None)._register({"handshake_content": {"session_id": null, "keep_session_alive": false}, "name": "Frontend"})
2019-09-12 19:21:06,346 - tdm - DEBUG - thread_manager.create_thread() with threading.active_count()=4
2019-09-12 19:21:06,347 - tdm - DEBUG - Creating backend and session with id 2019-09-12T19_21_06_0.
2019-09-12 19:21:06,349 - tdm - DEBUG - FrontendConnectionHandler(id=4342941392, session='2019-09-12T19_21_06_0'): writing {"content": "2019-09-12T19_21_06_0", "_sender": null, "_reason": null, "event_type": "SESSION_ID"}
2019-09-12 19:21:06,349 - tdm - DEBUG - FrontendConnectionHandler(id=4342941392, session='2019-09-12T19_21_06_0'): OK
2019-09-12 19:21:06,350 - tdm - DEBUG - FrontendConnectionHandler._register: Registered in session 2019-09-12T19_21_06_0 with backend <tdm.backend.Backend object at 0x102de7a90>.
2019-09-12 19:21:06,350 - tdm - DEBUG - FrontendConnectionHandler(id=4342941392, session='2019-09-12T19_21_06_0').on_message({"content": null, "_sender": "Frontend", "_reason": null, "event_type": "START"})
2019-09-12 19:21:06,381 - tdm - DEBUG - FrontendConnectionHandler(id=4342941392, session='2019-09-12T19_21_06_0').on_event(Event(SET_DDD, {'ddd_name': 'time', 'language_code': 'eng'}, sender=DmeModule, reason=None))
2019-09-12 19:21:06,381 - tdm - DEBUG - FrontendConnectionHandler(id=4342941392, session='2019-09-12T19_21_06_0'): writing {"content": {"ddd_name": "time", "language_code": "eng"}, "_sender": "DmeModule", "_reason": null, "event_type": "SET_DDD"}
2019-09-12 19:21:06,382 - tdm - DEBUG - FrontendConnectionHandler(id=4342941392, session='2019-09-12T19_21_06_0'): OK
2019-09-12 19:21:06,382 - tdm - DEBUG - FrontendConnectionHandler(id=4342941392, session='2019-09-12T19_21_06_0').on_event(Event(FACTS, [], sender=DmeModule, reason=None))
2019-09-12 19:21:06,382 - tdm - DEBUG - FrontendConnectionHandler(id=4342941392, session='2019-09-12T19_21_06_0'): writing {"content": [], "_sender": "DmeModule", "_reason": null, "event_type": "FACTS"}
2019-09-12 19:21:06,382 - tdm - DEBUG - FrontendConnectionHandler(id=4342941392, session='2019-09-12T19_21_06_0'): OK
2019-09-12 19:21:06,382 - tdm - DEBUG - FrontendConnectionHandler(id=4342941392, session='2019-09-12T19_21_06_0').on_event(Event(FACTS, [], sender=DmeModule, reason=None))
2019-09-12 19:21:06,382 - tdm - DEBUG - FrontendConnectionHandler(id=4342941392, session='2019-09-12T19_21_06_0'): writing {"content": [], "_sender": "DmeModule", "_reason": null, "event_type": "FACTS"}
2019-09-12 19:21:06,382 - tdm - DEBUG - FrontendConnectionHandler(id=4342941392, session='2019-09-12T19_21_06_0'): OK
2019-09-12 19:21:06,383 - tdm - DEBUG - FrontendConnectionHandler(id=4342941392, session='2019-09-12T19_21_06_0').on_event(Event(END_SYSTEM_TURN, {'passivity_duration': None, 'system_has_asked_question': True}, sender=DmeModule, reason=None))
2019-09-12 19:21:06,383 - tdm - DEBUG - FrontendConnectionHandler(id=4342941392, session='2019-09-12T19_21_06_0'): writing {"content": {"passivity_duration": null, "system_has_asked_question": true}, "_sender": "DmeModule", "_reason": null, "event_type": "END_SYSTEM_TURN"}
2019-09-12 19:21:06,383 - tdm - DEBUG - FrontendConnectionHandler(id=4342941392, session='2019-09-12T19_21_06_0'): OK
2019-09-12 19:21:06,383 - tdm - DEBUG - FrontendConnectionHandler(id=4342941392, session='2019-09-12T19_21_06_0').on_event(Event(SYSTEM_UTTERANCE_TO_SPEAK, ['Do you want to know the current time, know the current alarm, set the time or set the alarm?'], sender=None, reason=None))
2019-09-12 19:21:06,383 - tdm - DEBUG - FrontendConnectionHandler(id=4342941392, session='2019-09-12T19_21_06_0'): writing {"content": ["Do you want to know the current time, know the current alarm, set the time or set the alarm?"], "_sender": null, "_reason": null, "event_type": "SYSTEM_UTTERANCE_TO_SPEAK"}
2019-09-12 19:21:06,383 - tdm - DEBUG - FrontendConnectionHandler(id=4342941392, session='2019-09-12T19_21_06_0'): OK
2019-09-12 19:21:06,384 - tdm - DEBUG - FrontendConnectionHandler(id=4342941392, session='2019-09-12T19_21_06_0').on_event(Event(MESSAGE_TO_GUI, [Screen(top, Main menu, [<tdm.nlg.tdm_gui_protocol.Element instance at 0x102d7cbd8>])], sender=None, reason=None))
2019-09-12 19:21:06,384 - tdm - DEBUG - FrontendConnectionHandler(id=4342941392, session='2019-09-12T19_21_06_0'): writing {"content": [{"Screen": {"elements": [{"Element": {"name": "move", "title": "", "items": [{"Item": {"attributes": null, "selected": false, "predicted": false, "value": "ask(?X.current_time(X))", "title": "The current time?"}}, {"Item": {"attributes": null, "selected": false, "predicted": false, "value": "ask(?X.current_alarm(X))", "title": "The current alarm?"}}, {"Item": {"attributes": null, "selected": false, "predicted": false, "value": "request(set_time)", "title": "Set the time"}}, {"Item": {"attributes": null, "selected": false, "predicted": false, "value": "request(set_alarm)", "title": "Set the alarm"}}], "format": "", "voice_browsed": false, "value": "", "template": "menu", "type": "list"}}], "name": "top", "title": "Main menu"}}], "_sender": null, "_reason": null, "event_type": "MESSAGE_TO_GUI"}
2019-09-12 19:21:06,384 - tdm - DEBUG - FrontendConnectionHandler(id=4342941392, session='2019-09-12T19_21_06_0'): OK
2019-09-12 19:21:10,539 - tdm - DEBUG - FrontendConnectionHandler(id=4342941392, session='2019-09-12T19_21_06_0').on_message({"content": [{"score": 1.0, "utterance": "set the alarm"}], "_sender": "TextInputComponent", "_reason": null, "event_type": "RECOGNITION"})
2019-09-12 19:21:10,569 - tdm - DEBUG - DeviceHandler.query_all(?X.hour_to_set(X), {}, eng)
2019-09-12 19:21:10,569 - tdm - DEBUG - DeviceHandler.query_all(?X.hour_to_set(X), {}, eng)
2019-09-12 19:21:10,571 - tdm - DEBUG - DeviceHandler.query_all(?X.hour_to_set(X), {}, eng)
2019-09-12 19:21:10,571 - tdm - DEBUG - DeviceHandler.query_all(?X.hour_to_set(X), {}, eng)
2019-09-12 19:21:10,592 - tdm - DEBUG - DeviceHandler.query_all(?X.hour_to_set(X), {}, eng)
2019-09-12 19:21:10,592 - tdm - DEBUG - DeviceHandler.query_all(?X.hour_to_set(X), {}, eng)
2019-09-12 19:21:10,596 - tdm - DEBUG - FrontendConnectionHandler(id=4342941392, session='2019-09-12T19_21_06_0').on_event(Event(SELECTED_RECOGNITION, 'set the alarm', sender=DmeModule, reason=None))
2019-09-12 19:21:10,596 - tdm - DEBUG - FrontendConnectionHandler(id=4342941392, session='2019-09-12T19_21_06_0'): writing {"content": "set the alarm", "_sender": "DmeModule", "_reason": null, "event_type": "SELECTED_RECOGNITION"}
2019-09-12 19:21:10,596 - tdm - DEBUG - FrontendConnectionHandler(id=4342941392, session='2019-09-12T19_21_06_0'): OK
2019-09-12 19:21:10,596 - tdm - DEBUG - FrontendConnectionHandler(id=4342941392, session='2019-09-12T19_21_06_0').on_event(Event(FACTS, [], sender=DmeModule, reason=None))
2019-09-12 19:21:10,596 - tdm - DEBUG - FrontendConnectionHandler(id=4342941392, session='2019-09-12T19_21_06_0'): writing {"content": [], "_sender": "DmeModule", "_reason": null, "event_type": "FACTS"}
2019-09-12 19:21:10,596 - tdm - DEBUG - FrontendConnectionHandler(id=4342941392, session='2019-09-12T19_21_06_0'): OK
2019-09-12 19:21:10,597 - tdm - DEBUG - FrontendConnectionHandler(id=4342941392, session='2019-09-12T19_21_06_0').on_event(Event(FACTS, [], sender=DmeModule, reason=None))
2019-09-12 19:21:10,597 - tdm - DEBUG - FrontendConnectionHandler(id=4342941392, session='2019-09-12T19_21_06_0'): writing {"content": [], "_sender": "DmeModule", "_reason": null, "event_type": "FACTS"}
2019-09-12 19:21:10,597 - tdm - DEBUG - FrontendConnectionHandler(id=4342941392, session='2019-09-12T19_21_06_0'): OK
2019-09-12 19:21:10,598 - tdm - DEBUG - FrontendConnectionHandler(id=4342941392, session='2019-09-12T19_21_06_0').on_event(Event(END_SYSTEM_TURN, {'passivity_duration': 5.0, 'system_has_asked_question': True}, sender=DmeModule, reason=None))
2019-09-12 19:21:10,598 - tdm - DEBUG - FrontendConnectionHandler(id=4342941392, session='2019-09-12T19_21_06_0'): writing {"content": {"passivity_duration": 5.0, "system_has_asked_question": true}, "_sender": "DmeModule", "_reason": null, "event_type": "END_SYSTEM_TURN"}
2019-09-12 19:21:10,598 - tdm - DEBUG - FrontendConnectionHandler(id=4342941392, session='2019-09-12T19_21_06_0'): OK
2019-09-12 19:21:10,598 - tdm - DEBUG - FrontendConnectionHandler(id=4342941392, session='2019-09-12T19_21_06_0').on_event(Event(EXPECTED_PASSIVITY_DURATION, 5.0, sender=DmeModule, reason=None))
2019-09-12 19:21:10,598 - tdm - DEBUG - FrontendConnectionHandler(id=4342941392, session='2019-09-12T19_21_06_0'): writing {"content": 5.0, "_sender": "DmeModule", "_reason": null, "event_type": "EXPECTED_PASSIVITY_DURATION"}
2019-09-12 19:21:10,598 - tdm - DEBUG - FrontendConnectionHandler(id=4342941392, session='2019-09-12T19_21_06_0'): OK
2019-09-12 19:21:10,599 - tdm - DEBUG - FrontendConnectionHandler(id=4342941392, session='2019-09-12T19_21_06_0').on_event(Event(SYSTEM_UTTERANCE_TO_SPEAK, ['', '', 'What hour?'], sender=None, reason=None))
2019-09-12 19:21:10,599 - tdm - DEBUG - FrontendConnectionHandler(id=4342941392, session='2019-09-12T19_21_06_0'): writing {"content": ["", "", "What hour?"], "_sender": null, "_reason": null, "event_type": "SYSTEM_UTTERANCE_TO_SPEAK"}
2019-09-12 19:21:10,599 - tdm - DEBUG - FrontendConnectionHandler(id=4342941392, session='2019-09-12T19_21_06_0'): OK
2019-09-12 19:21:10,599 - tdm - DEBUG - FrontendConnectionHandler(id=4342941392, session='2019-09-12T19_21_06_0').on_event(Event(MESSAGE_TO_GUI, [], sender=None, reason=None))
2019-09-12 19:21:10,600 - tdm - DEBUG - FrontendConnectionHandler(id=4342941392, session='2019-09-12T19_21_06_0'): writing {"content": [], "_sender": null, "_reason": null, "event_type": "MESSAGE_TO_GUI"}
2019-09-12 19:21:10,600 - tdm - DEBUG - FrontendConnectionHandler(id=4342941392, session='2019-09-12T19_21_06_0'): OK
2019-09-12 19:21:13,392 - tdm - DEBUG - FrontendConnectionHandler(id=4342941392, session='2019-09-12T19_21_06_0').on_message({"content": [{"score": 1.0, "utterance": "eleven"}], "_sender": "TextInputComponent", "_reason": null, "event_type": "RECOGNITION"})
2019-09-12 19:21:13,405 - tdm - DEBUG - DeviceHandler.query_all(?X.hour_to_set(X), {}, eng)
2019-09-12 19:21:13,412 - tdm - DEBUG - DeviceHandler.is_valid_parameter(hour_to_set(11), {}, eng)
2019-09-12 19:21:13,416 - tdm - DEBUG - DeviceHandler.query_all(?X.minute_to_set(X), {hour_to_set(11), resolved(?X.hour_to_set(X))}, eng)
2019-09-12 19:21:13,416 - tdm - DEBUG - DeviceHandler.query_all(?X.minute_to_set(X), {hour_to_set(11), resolved(?X.hour_to_set(X))}, eng)
2019-09-12 19:21:13,418 - tdm - DEBUG - DeviceHandler.query_all(?X.minute_to_set(X), {hour_to_set(11), resolved(?X.hour_to_set(X))}, eng)
2019-09-12 19:21:13,418 - tdm - DEBUG - DeviceHandler.query_all(?X.minute_to_set(X), {hour_to_set(11), resolved(?X.hour_to_set(X))}, eng)
2019-09-12 19:21:13,436 - tdm - DEBUG - DeviceHandler.query_all(?X.minute_to_set(X), {hour_to_set(11), resolved(?X.hour_to_set(X))}, eng)
2019-09-12 19:21:13,436 - tdm - DEBUG - DeviceHandler.query_all(?X.minute_to_set(X), {hour_to_set(11), resolved(?X.hour_to_set(X))}, eng)
2019-09-12 19:21:13,440 - tdm - DEBUG - FrontendConnectionHandler(id=4342941392, session='2019-09-12T19_21_06_0').on_event(Event(SELECTED_RECOGNITION, 'eleven', sender=DmeModule, reason=None))
2019-09-12 19:21:13,440 - tdm - DEBUG - FrontendConnectionHandler(id=4342941392, session='2019-09-12T19_21_06_0'): writing {"content": "eleven", "_sender": "DmeModule", "_reason": null, "event_type": "SELECTED_RECOGNITION"}
2019-09-12 19:21:13,440 - tdm - DEBUG - FrontendConnectionHandler(id=4342941392, session='2019-09-12T19_21_06_0'): OK
2019-09-12 19:21:13,440 - tdm - DEBUG - FrontendConnectionHandler(id=4342941392, session='2019-09-12T19_21_06_0').on_event(Event(FACTS, [{'predicate': 'hour_to_set', 'grammar_entry': None, 'value': 11}], sender=DmeModule, reason=None))
2019-09-12 19:21:13,441 - tdm - DEBUG - FrontendConnectionHandler(id=4342941392, session='2019-09-12T19_21_06_0'): writing {"content": [{"predicate": "hour_to_set", "grammar_entry": null, "value": 11}], "_sender": "DmeModule", "_reason": null, "event_type": "FACTS"}
2019-09-12 19:21:13,441 - tdm - DEBUG - FrontendConnectionHandler(id=4342941392, session='2019-09-12T19_21_06_0'): OK
2019-09-12 19:21:13,441 - tdm - DEBUG - FrontendConnectionHandler(id=4342941392, session='2019-09-12T19_21_06_0').on_event(Event(FACTS, [{'predicate': 'hour_to_set', 'grammar_entry': None, 'value': 11}], sender=DmeModule, reason=None))
2019-09-12 19:21:13,441 - tdm - DEBUG - FrontendConnectionHandler(id=4342941392, session='2019-09-12T19_21_06_0'): writing {"content": [{"predicate": "hour_to_set", "grammar_entry": null, "value": 11}], "_sender": "DmeModule", "_reason": null, "event_type": "FACTS"}
2019-09-12 19:21:13,441 - tdm - DEBUG - FrontendConnectionHandler(id=4342941392, session='2019-09-12T19_21_06_0'): OK
2019-09-12 19:21:13,441 - tdm - DEBUG - FrontendConnectionHandler(id=4342941392, session='2019-09-12T19_21_06_0').on_event(Event(END_SYSTEM_TURN, {'passivity_duration': 5.0, 'system_has_asked_question': True}, sender=DmeModule, reason=None))
2019-09-12 19:21:13,441 - tdm - DEBUG - FrontendConnectionHandler(id=4342941392, session='2019-09-12T19_21_06_0'): writing {"content": {"passivity_duration": 5.0, "system_has_asked_question": true}, "_sender": "DmeModule", "_reason": null, "event_type": "END_SYSTEM_TURN"}
2019-09-12 19:21:13,441 - tdm - DEBUG - FrontendConnectionHandler(id=4342941392, session='2019-09-12T19_21_06_0'): OK
2019-09-12 19:21:13,442 - tdm - DEBUG - FrontendConnectionHandler(id=4342941392, session='2019-09-12T19_21_06_0').on_event(Event(EXPECTED_PASSIVITY_DURATION, 5.0, sender=DmeModule, reason=None))
2019-09-12 19:21:13,442 - tdm - DEBUG - FrontendConnectionHandler(id=4342941392, session='2019-09-12T19_21_06_0'): writing {"content": 5.0, "_sender": "DmeModule", "_reason": null, "event_type": "EXPECTED_PASSIVITY_DURATION"}
2019-09-12 19:21:13,442 - tdm - DEBUG - FrontendConnectionHandler(id=4342941392, session='2019-09-12T19_21_06_0'): OK
2019-09-12 19:21:13,442 - tdm - DEBUG - FrontendConnectionHandler(id=4342941392, session='2019-09-12T19_21_06_0').on_event(Event(SYSTEM_UTTERANCE_TO_SPEAK, ['', 'What minute?'], sender=None, reason=None))
2019-09-12 19:21:13,442 - tdm - DEBUG - FrontendConnectionHandler(id=4342941392, session='2019-09-12T19_21_06_0'): writing {"content": ["", "What minute?"], "_sender": null, "_reason": null, "event_type": "SYSTEM_UTTERANCE_TO_SPEAK"}
2019-09-12 19:21:13,443 - tdm - DEBUG - FrontendConnectionHandler(id=4342941392, session='2019-09-12T19_21_06_0'): OK
2019-09-12 19:21:13,443 - tdm - DEBUG - FrontendConnectionHandler(id=4342941392, session='2019-09-12T19_21_06_0').on_event(Event(MESSAGE_TO_GUI, [], sender=None, reason=None))
2019-09-12 19:21:13,443 - tdm - DEBUG - FrontendConnectionHandler(id=4342941392, session='2019-09-12T19_21_06_0'): writing {"content": [], "_sender": null, "_reason": null, "event_type": "MESSAGE_TO_GUI"}
2019-09-12 19:21:13,443 - tdm - DEBUG - FrontendConnectionHandler(id=4342941392, session='2019-09-12T19_21_06_0'): OK
2019-09-12 19:21:15,785 - tdm - DEBUG - FrontendConnectionHandler(id=4342941392, session='2019-09-12T19_21_06_0').on_message({"content": [{"score": 1.0, "utterance": "ten"}], "_sender": "TextInputComponent", "_reason": null, "event_type": "RECOGNITION"})
2019-09-12 19:21:15,796 - tdm - DEBUG - DeviceHandler.query_all(?X.minute_to_set(X), {hour_to_set(11), resolved(?X.hour_to_set(X))}, eng)
2019-09-12 19:21:15,803 - tdm - DEBUG - DeviceHandler.is_valid_parameter(minute_to_set(10), {hour_to_set(11), resolved(?X.hour_to_set(X))}, eng)
2019-09-12 19:21:15,807 - tdm - DEBUG - DeviceHandler.perform(SetAlarm, {hour_to_set(11), resolved(?X.hour_to_set(X)), minute_to_set(10), resolved(?X.minute_to_set(X))}, eng)
2019-09-12 19:21:15,808 - tdm - DEBUG - DeviceHandler invocation ID: d2157e400a2cb586c63163a225e19b79
2019-09-12 19:21:15,834 - tdm - DEBUG - FrontendConnectionHandler(id=4342941392, session='2019-09-12T19_21_06_0').on_event(Event(SELECTED_RECOGNITION, 'ten', sender=DmeModule, reason=None))
2019-09-12 19:21:15,835 - tdm - DEBUG - FrontendConnectionHandler(id=4342941392, session='2019-09-12T19_21_06_0'): writing {"content": "ten", "_sender": "DmeModule", "_reason": null, "event_type": "SELECTED_RECOGNITION"}
2019-09-12 19:21:15,835 - tdm - DEBUG - FrontendConnectionHandler(id=4342941392, session='2019-09-12T19_21_06_0'): OK
2019-09-12 19:21:15,835 - tdm - DEBUG - FrontendConnectionHandler(id=4342941392, session='2019-09-12T19_21_06_0').on_event(Event(FACTS, [{'predicate': 'hour_to_set', 'grammar_entry': None, 'value': 11}, {'predicate': 'minute_to_set', 'grammar_entry': None, 'value': 10}], sender=DmeModule, reason=None))
2019-09-12 19:21:15,835 - tdm - DEBUG - FrontendConnectionHandler(id=4342941392, session='2019-09-12T19_21_06_0'): writing {"content": [{"predicate": "hour_to_set", "grammar_entry": null, "value": 11}, {"predicate": "minute_to_set", "grammar_entry": null, "value": 10}], "_sender": "DmeModule", "_reason": null, "event_type": "FACTS"}
2019-09-12 19:21:15,835 - tdm - DEBUG - FrontendConnectionHandler(id=4342941392, session='2019-09-12T19_21_06_0'): OK
2019-09-12 19:21:15,836 - tdm - DEBUG - FrontendConnectionHandler(id=4342941392, session='2019-09-12T19_21_06_0').on_event(Event(FACTS, [{'predicate': 'hour_to_set', 'grammar_entry': None, 'value': 11}, {'predicate': 'minute_to_set', 'grammar_entry': None, 'value': 10}], sender=DmeModule, reason=None))
2019-09-12 19:21:15,836 - tdm - DEBUG - FrontendConnectionHandler(id=4342941392, session='2019-09-12T19_21_06_0'): writing {"content": [{"predicate": "hour_to_set", "grammar_entry": null, "value": 11}, {"predicate": "minute_to_set", "grammar_entry": null, "value": 10}], "_sender": "DmeModule", "_reason": null, "event_type": "FACTS"}
2019-09-12 19:21:15,836 - tdm - DEBUG - FrontendConnectionHandler(id=4342941392, session='2019-09-12T19_21_06_0'): OK
2019-09-12 19:21:15,836 - tdm - DEBUG - FrontendConnectionHandler(id=4342941392, session='2019-09-12T19_21_06_0').on_event(Event(END_SYSTEM_TURN, {'passivity_duration': 1.0, 'system_has_asked_question': False}, sender=DmeModule, reason=None))
2019-09-12 19:21:15,837 - tdm - DEBUG - FrontendConnectionHandler(id=4342941392, session='2019-09-12T19_21_06_0'): writing {"content": {"passivity_duration": 1.0, "system_has_asked_question": false}, "_sender": "DmeModule", "_reason": null, "event_type": "END_SYSTEM_TURN"}
2019-09-12 19:21:15,837 - tdm - DEBUG - FrontendConnectionHandler(id=4342941392, session='2019-09-12T19_21_06_0'): OK
2019-09-12 19:21:15,837 - tdm - DEBUG - FrontendConnectionHandler(id=4342941392, session='2019-09-12T19_21_06_0').on_event(Event(EXPECTED_PASSIVITY_DURATION, 1.0, sender=DmeModule, reason=None))
2019-09-12 19:21:15,837 - tdm - DEBUG - FrontendConnectionHandler(id=4342941392, session='2019-09-12T19_21_06_0'): writing {"content": 1.0, "_sender": "DmeModule", "_reason": null, "event_type": "EXPECTED_PASSIVITY_DURATION"}
2019-09-12 19:21:15,837 - tdm - DEBUG - FrontendConnectionHandler(id=4342941392, session='2019-09-12T19_21_06_0'): OK
2019-09-12 19:21:15,837 - tdm - DEBUG - FrontendConnectionHandler(id=4342941392, session='2019-09-12T19_21_06_0').on_event(Event(SYSTEM_UTTERANCE_TO_SPEAK, ['', 'The alarm was set to 11: 10.'], sender=None, reason=None))
2019-09-12 19:21:15,838 - tdm - DEBUG - FrontendConnectionHandler(id=4342941392, session='2019-09-12T19_21_06_0'): writing {"content": ["", "The alarm was set to 11: 10."], "_sender": null, "_reason": null, "event_type": "SYSTEM_UTTERANCE_TO_SPEAK"}
2019-09-12 19:21:15,838 - tdm - DEBUG - FrontendConnectionHandler(id=4342941392, session='2019-09-12T19_21_06_0'): OK
2019-09-12 19:21:15,838 - tdm - DEBUG - FrontendConnectionHandler(id=4342941392, session='2019-09-12T19_21_06_0').on_event(Event(MESSAGE_TO_GUI, [Popup(The alarm was set to 11: 10., elements=[])], sender=None, reason=None))
2019-09-12 19:21:15,839 - tdm - DEBUG - FrontendConnectionHandler(id=4342941392, session='2019-09-12T19_21_06_0'): writing {"content": [{"Popup": {"elements": [], "title": "The alarm was set to 11: 10."}}], "_sender": null, "_reason": null, "event_type": "MESSAGE_TO_GUI"}
2019-09-12 19:21:15,839 - tdm - DEBUG - FrontendConnectionHandler(id=4342941392, session='2019-09-12T19_21_06_0'): OK
2019-09-12 19:21:15,839 - tdm - DEBUG - FrontendConnectionHandler(id=4342941392, session='2019-09-12T19_21_06_0').on_event(Event(GUI.POPUP, {'options': [], 'title': 'The alarm was set to 11: 10.'}, sender=None, reason=None))
2019-09-12 19:21:15,839 - tdm - DEBUG - FrontendConnectionHandler(id=4342941392, session='2019-09-12T19_21_06_0'): writing {"content": {"options": [], "title": "The alarm was set to 11: 10."}, "_sender": null, "_reason": null, "event_type": "GUI.POPUP"}
2019-09-12 19:21:15,839 - tdm - DEBUG - FrontendConnectionHandler(id=4342941392, session='2019-09-12T19_21_06_0'): OK
2019-09-12 19:21:16,848 - tdm - DEBUG - FrontendConnectionHandler(id=4342941392, session='2019-09-12T19_21_06_0').on_message({"content": null, "_sender": "Frontend", "_reason": null, "event_type": "PASSIVITY"})
2019-09-12 19:21:16,863 - tdm - DEBUG - DeviceHandler.perform(SetAlarm, {hour_to_set(11), resolved(?X.hour_to_set(X)), minute_to_set(10), resolved(?X.minute_to_set(X)), device_activity_terminated(SetAlarm), DeviceResultProposition(SetAlarm, [hour_to_set(11), minute_to_set(10)], True, None)}, eng)
2019-09-12 19:21:16,863 - tdm - DEBUG - DeviceHandler invocation ID: 29d8b4e61d8bd4cc0e14747f50de9ffd
2019-09-12 19:21:16,887 - tdm - DEBUG - FrontendConnectionHandler(id=4342941392, session='2019-09-12T19_21_06_0').on_event(Event(FACTS, [{'predicate': 'hour_to_set', 'grammar_entry': None, 'value': 11}, {'predicate': 'minute_to_set', 'grammar_entry': None, 'value': 10}], sender=DmeModule, reason=None))
2019-09-12 19:21:16,887 - tdm - DEBUG - FrontendConnectionHandler(id=4342941392, session='2019-09-12T19_21_06_0'): writing {"content": [{"predicate": "hour_to_set", "grammar_entry": null, "value": 11}, {"predicate": "minute_to_set", "grammar_entry": null, "value": 10}], "_sender": "DmeModule", "_reason": null, "event_type": "FACTS"}
2019-09-12 19:21:16,887 - tdm - DEBUG - FrontendConnectionHandler(id=4342941392, session='2019-09-12T19_21_06_0'): OK
2019-09-12 19:21:16,887 - tdm - DEBUG - FrontendConnectionHandler(id=4342941392, session='2019-09-12T19_21_06_0').on_event(Event(FACTS, [{'predicate': 'hour_to_set', 'grammar_entry': None, 'value': 11}, {'predicate': 'minute_to_set', 'grammar_entry': None, 'value': 10}], sender=DmeModule, reason=None))
2019-09-12 19:21:16,887 - tdm - DEBUG - FrontendConnectionHandler(id=4342941392, session='2019-09-12T19_21_06_0'): writing {"content": [{"predicate": "hour_to_set", "grammar_entry": null, "value": 11}, {"predicate": "minute_to_set", "grammar_entry": null, "value": 10}], "_sender": "DmeModule", "_reason": null, "event_type": "FACTS"}
2019-09-12 19:21:16,887 - tdm - DEBUG - FrontendConnectionHandler(id=4342941392, session='2019-09-12T19_21_06_0'): OK
2019-09-12 19:21:16,888 - tdm - DEBUG - FrontendConnectionHandler(id=4342941392, session='2019-09-12T19_21_06_0').on_event(Event(END_SYSTEM_TURN, {'passivity_duration': 1.0, 'system_has_asked_question': False}, sender=DmeModule, reason=None))
2019-09-12 19:21:16,888 - tdm - DEBUG - FrontendConnectionHandler(id=4342941392, session='2019-09-12T19_21_06_0'): writing {"content": {"passivity_duration": 1.0, "system_has_asked_question": false}, "_sender": "DmeModule", "_reason": null, "event_type": "END_SYSTEM_TURN"}
2019-09-12 19:21:16,888 - tdm - DEBUG - FrontendConnectionHandler(id=4342941392, session='2019-09-12T19_21_06_0'): OK
2019-09-12 19:21:16,888 - tdm - DEBUG - FrontendConnectionHandler(id=4342941392, session='2019-09-12T19_21_06_0').on_event(Event(EXPECTED_PASSIVITY_DURATION, 1.0, sender=DmeModule, reason=None))
2019-09-12 19:21:16,888 - tdm - DEBUG - FrontendConnectionHandler(id=4342941392, session='2019-09-12T19_21_06_0'): writing {"content": 1.0, "_sender": "DmeModule", "_reason": null, "event_type": "EXPECTED_PASSIVITY_DURATION"}
2019-09-12 19:21:16,888 - tdm - DEBUG - FrontendConnectionHandler(id=4342941392, session='2019-09-12T19_21_06_0'): OK
2019-09-12 19:21:16,889 - tdm - DEBUG - FrontendConnectionHandler(id=4342941392, session='2019-09-12T19_21_06_0').on_event(Event(SYSTEM_UTTERANCE_TO_SPEAK, ['Returning to set the alarm.', 'The alarm was set to 11: 10.'], sender=None, reason=None))
2019-09-12 19:21:16,889 - tdm - DEBUG - FrontendConnectionHandler(id=4342941392, session='2019-09-12T19_21_06_0'): writing {"content": ["Returning to set the alarm.", "The alarm was set to 11: 10."], "_sender": null, "_reason": null, "event_type": "SYSTEM_UTTERANCE_TO_SPEAK"}
2019-09-12 19:21:16,889 - tdm - DEBUG - FrontendConnectionHandler(id=4342941392, session='2019-09-12T19_21_06_0'): OK
2019-09-12 19:21:16,889 - tdm - DEBUG - FrontendConnectionHandler(id=4342941392, session='2019-09-12T19_21_06_0').on_event(Event(MESSAGE_TO_GUI, [Popup(The alarm was set to 11: 10., elements=[])], sender=None, reason=None))
2019-09-12 19:21:16,889 - tdm - DEBUG - FrontendConnectionHandler(id=4342941392, session='2019-09-12T19_21_06_0'): writing {"content": [{"Popup": {"elements": [], "title": "The alarm was set to 11: 10."}}], "_sender": null, "_reason": null, "event_type": "MESSAGE_TO_GUI"}
2019-09-12 19:21:16,889 - tdm - DEBUG - FrontendConnectionHandler(id=4342941392, session='2019-09-12T19_21_06_0'): OK
2019-09-12 19:21:16,889 - tdm - DEBUG - FrontendConnectionHandler(id=4342941392, session='2019-09-12T19_21_06_0').on_event(Event(GUI.POPUP, {'options': [], 'title': 'The alarm was set to 11: 10.'}, sender=None, reason=None))
2019-09-12 19:21:16,890 - tdm - DEBUG - FrontendConnectionHandler(id=4342941392, session='2019-09-12T19_21_06_0'): writing {"content": {"options": [], "title": "The alarm was set to 11: 10."}, "_sender": null, "_reason": null, "event_type": "GUI.POPUP"}
2019-09-12 19:21:16,890 - tdm - DEBUG - FrontendConnectionHandler(id=4342941392, session='2019-09-12T19_21_06_0'): OK
2019-09-12 19:21:17,900 - tdm - DEBUG - FrontendConnectionHandler(id=4342941392, session='2019-09-12T19_21_06_0').on_message({"content": null, "_sender": "Frontend", "_reason": null, "event_type": "PASSIVITY"})
2019-09-12 19:21:17,939 - tdm - DEBUG - DeviceHandler.perform(SetAlarm, {hour_to_set(11), resolved(?X.hour_to_set(X)), minute_to_set(10), resolved(?X.minute_to_set(X)), device_activity_terminated(SetAlarm), DeviceResultProposition(SetAlarm, [hour_to_set(11), minute_to_set(10)], True, None)}, eng)
2019-09-12 19:21:17,939 - tdm - DEBUG - DeviceHandler invocation ID: 540a427866c3da61bce45dd484f7d343
2019-09-12 19:21:17,962 - tdm - DEBUG - FrontendConnectionHandler(id=4342941392, session='2019-09-12T19_21_06_0').on_event(Event(FACTS, [{'predicate': 'hour_to_set', 'grammar_entry': None, 'value': 11}, {'predicate': 'minute_to_set', 'grammar_entry': None, 'value': 10}], sender=DmeModule, reason=None))
2019-09-12 19:21:17,962 - tdm - DEBUG - FrontendConnectionHandler(id=4342941392, session='2019-09-12T19_21_06_0'): writing {"content": [{"predicate": "hour_to_set", "grammar_entry": null, "value": 11}, {"predicate": "minute_to_set", "grammar_entry": null, "value": 10}], "_sender": "DmeModule", "_reason": null, "event_type": "FACTS"}
2019-09-12 19:21:17,962 - tdm - DEBUG - FrontendConnectionHandler(id=4342941392, session='2019-09-12T19_21_06_0'): OK
2019-09-12 19:21:17,962 - tdm - DEBUG - FrontendConnectionHandler(id=4342941392, session='2019-09-12T19_21_06_0').on_event(Event(FACTS, [{'predicate': 'hour_to_set', 'grammar_entry': None, 'value': 11}, {'predicate': 'minute_to_set', 'grammar_entry': None, 'value': 10}], sender=DmeModule, reason=None))
2019-09-12 19:21:17,963 - tdm - DEBUG - FrontendConnectionHandler(id=4342941392, session='2019-09-12T19_21_06_0'): writing {"content": [{"predicate": "hour_to_set", "grammar_entry": null, "value": 11}, {"predicate": "minute_to_set", "grammar_entry": null, "value": 10}], "_sender": "DmeModule", "_reason": null, "event_type": "FACTS"}
2019-09-12 19:21:17,963 - tdm - DEBUG - FrontendConnectionHandler(id=4342941392, session='2019-09-12T19_21_06_0'): OK
2019-09-12 19:21:17,963 - tdm - DEBUG - FrontendConnectionHandler(id=4342941392, session='2019-09-12T19_21_06_0').on_event(Event(END_SYSTEM_TURN, {'passivity_duration': 1.0, 'system_has_asked_question': False}, sender=DmeModule, reason=None))
2019-09-12 19:21:17,963 - tdm - DEBUG - FrontendConnectionHandler(id=4342941392, session='2019-09-12T19_21_06_0'): writing {"content": {"passivity_duration": 1.0, "system_has_asked_question": false}, "_sender": "DmeModule", "_reason": null, "event_type": "END_SYSTEM_TURN"}
2019-09-12 19:21:17,963 - tdm - DEBUG - FrontendConnectionHandler(id=4342941392, session='2019-09-12T19_21_06_0'): OK
2019-09-12 19:21:17,963 - tdm - DEBUG - FrontendConnectionHandler(id=4342941392, session='2019-09-12T19_21_06_0').on_event(Event(EXPECTED_PASSIVITY_DURATION, 1.0, sender=DmeModule, reason=None))
2019-09-12 19:21:17,964 - tdm - DEBUG - FrontendConnectionHandler(id=4342941392, session='2019-09-12T19_21_06_0'): writing {"content": 1.0, "_sender": "DmeModule", "_reason": null, "event_type": "EXPECTED_PASSIVITY_DURATION"}
2019-09-12 19:21:17,964 - tdm - DEBUG - FrontendConnectionHandler(id=4342941392, session='2019-09-12T19_21_06_0'): OK
2019-09-12 19:21:17,964 - tdm - DEBUG - FrontendConnectionHandler(id=4342941392, session='2019-09-12T19_21_06_0').on_event(Event(SYSTEM_UTTERANCE_TO_SPEAK, ['Returning to set the alarm.', 'The alarm was set to 11: 10.'], sender=None, reason=None))
2019-09-12 19:21:17,964 - tdm - DEBUG - FrontendConnectionHandler(id=4342941392, session='2019-09-12T19_21_06_0'): writing {"content": ["Returning to set the alarm.", "The alarm was set to 11: 10."], "_sender": null, "_reason": null, "event_type": "SYSTEM_UTTERANCE_TO_SPEAK"}
2019-09-12 19:21:17,964 - tdm - DEBUG - FrontendConnectionHandler(id=4342941392, session='2019-09-12T19_21_06_0'): OK
2019-09-12 19:21:17,965 - tdm - DEBUG - FrontendConnectionHandler(id=4342941392, session='2019-09-12T19_21_06_0').on_event(Event(MESSAGE_TO_GUI, [Popup(The alarm was set to 11: 10., elements=[])], sender=None, reason=None))
2019-09-12 19:21:17,965 - tdm - DEBUG - FrontendConnectionHandler(id=4342941392, session='2019-09-12T19_21_06_0'): writing {"content": [{"Popup": {"elements": [], "title": "The alarm was set to 11: 10."}}], "_sender": null, "_reason": null, "event_type": "MESSAGE_TO_GUI"}
2019-09-12 19:21:17,965 - tdm - DEBUG - FrontendConnectionHandler(id=4342941392, session='2019-09-12T19_21_06_0'): OK
2019-09-12 19:21:17,965 - tdm - DEBUG - FrontendConnectionHandler(id=4342941392, session='2019-09-12T19_21_06_0').on_event(Event(GUI.POPUP, {'options': [], 'title': 'The alarm was set to 11: 10.'}, sender=None, reason=None))
2019-09-12 19:21:17,965 - tdm - DEBUG - FrontendConnectionHandler(id=4342941392, session='2019-09-12T19_21_06_0'): writing {"content": {"options": [], "title": "The alarm was set to 11: 10."}, "_sender": null, "_reason": null, "event_type": "GUI.POPUP"}
2019-09-12 19:21:17,965 - tdm - DEBUG - FrontendConnectionHandler(id=4342941392, session='2019-09-12T19_21_06_0'): OK
2019-09-12 19:21:18,983 - tdm - DEBUG - FrontendConnectionHandler(id=4342941392, session='2019-09-12T19_21_06_0').on_message({"content": null, "_sender": "Frontend", "_reason": null, "event_type": "PASSIVITY"})
2019-09-12 19:21:19,000 - tdm - DEBUG - DeviceHandler.perform(SetAlarm, {hour_to_set(11), resolved(?X.hour_to_set(X)), minute_to_set(10), resolved(?X.minute_to_set(X)), device_activity_terminated(SetAlarm), DeviceResultProposition(SetAlarm, [hour_to_set(11), minute_to_set(10)], True, None)}, eng)
2019-09-12 19:21:19,000 - tdm - DEBUG - DeviceHandler invocation ID: 7651c128d8f207e376def7872110dad5
2019-09-12 19:21:19,024 - tdm - DEBUG - FrontendConnectionHandler(id=4342941392, session='2019-09-12T19_21_06_0').on_event(Event(FACTS, [{'predicate': 'hour_to_set', 'grammar_entry': None, 'value': 11}, {'predicate': 'minute_to_set', 'grammar_entry': None, 'value': 10}], sender=DmeModule, reason=None))
2019-09-12 19:21:19,025 - tdm - DEBUG - FrontendConnectionHandler(id=4342941392, session='2019-09-12T19_21_06_0'): writing {"content": [{"predicate": "hour_to_set", "grammar_entry": null, "value": 11}, {"predicate": "minute_to_set", "grammar_entry": null, "value": 10}], "_sender": "DmeModule", "_reason": null, "event_type": "FACTS"}
2019-09-12 19:21:19,025 - tdm - DEBUG - FrontendConnectionHandler(id=4342941392, session='2019-09-12T19_21_06_0'): OK
2019-09-12 19:21:19,025 - tdm - DEBUG - FrontendConnectionHandler(id=4342941392, session='2019-09-12T19_21_06_0').on_event(Event(FACTS, [{'predicate': 'hour_to_set', 'grammar_entry': None, 'value': 11}, {'predicate': 'minute_to_set', 'grammar_entry': None, 'value': 10}], sender=DmeModule, reason=None))
2019-09-12 19:21:19,025 - tdm - DEBUG - FrontendConnectionHandler(id=4342941392, session='2019-09-12T19_21_06_0'): writing {"content": [{"predicate": "hour_to_set", "grammar_entry": null, "value": 11}, {"predicate": "minute_to_set", "grammar_entry": null, "value": 10}], "_sender": "DmeModule", "_reason": null, "event_type": "FACTS"}
2019-09-12 19:21:19,025 - tdm - DEBUG - FrontendConnectionHandler(id=4342941392, session='2019-09-12T19_21_06_0'): OK
2019-09-12 19:21:19,025 - tdm - DEBUG - FrontendConnectionHandler(id=4342941392, session='2019-09-12T19_21_06_0').on_event(Event(END_SYSTEM_TURN, {'passivity_duration': 1.0, 'system_has_asked_question': False}, sender=DmeModule, reason=None))
2019-09-12 19:21:19,026 - tdm - DEBUG - FrontendConnectionHandler(id=4342941392, session='2019-09-12T19_21_06_0'): writing {"content": {"passivity_duration": 1.0, "system_has_asked_question": false}, "_sender": "DmeModule", "_reason": null, "event_type": "END_SYSTEM_TURN"}
2019-09-12 19:21:19,026 - tdm - DEBUG - FrontendConnectionHandler(id=4342941392, session='2019-09-12T19_21_06_0'): OK
2019-09-12 19:21:19,027 - tdm - DEBUG - FrontendConnectionHandler(id=4342941392, session='2019-09-12T19_21_06_0').on_event(Event(EXPECTED_PASSIVITY_DURATION, 1.0, sender=DmeModule, reason=None))
2019-09-12 19:21:19,027 - tdm - DEBUG - FrontendConnectionHandler(id=4342941392, session='2019-09-12T19_21_06_0'): writing {"content": 1.0, "_sender": "DmeModule", "_reason": null, "event_type": "EXPECTED_PASSIVITY_DURATION"}
2019-09-12 19:21:19,027 - tdm - DEBUG - FrontendConnectionHandler(id=4342941392, session='2019-09-12T19_21_06_0'): OK
2019-09-12 19:21:19,027 - tdm - DEBUG - FrontendConnectionHandler(id=4342941392, session='2019-09-12T19_21_06_0').on_event(Event(SYSTEM_UTTERANCE_TO_SPEAK, ['Returning to set the alarm.', 'The alarm was set to 11: 10.'], sender=None, reason=None))
2019-09-12 19:21:19,027 - tdm - DEBUG - FrontendConnectionHandler(id=4342941392, session='2019-09-12T19_21_06_0'): writing {"content": ["Returning to set the alarm.", "The alarm was set to 11: 10."], "_sender": null, "_reason": null, "event_type": "SYSTEM_UTTERANCE_TO_SPEAK"}
2019-09-12 19:21:19,028 - tdm - DEBUG - FrontendConnectionHandler(id=4342941392, session='2019-09-12T19_21_06_0'): OK
2019-09-12 19:21:19,028 - tdm - DEBUG - FrontendConnectionHandler(id=4342941392, session='2019-09-12T19_21_06_0').on_event(Event(MESSAGE_TO_GUI, [Popup(The alarm was set to 11: 10., elements=[])], sender=None, reason=None))
2019-09-12 19:21:19,029 - tdm - DEBUG - FrontendConnectionHandler(id=4342941392, session='2019-09-12T19_21_06_0'): writing {"content": [{"Popup": {"elements": [], "title": "The alarm was set to 11: 10."}}], "_sender": null, "_reason": null, "event_type": "MESSAGE_TO_GUI"}
2019-09-12 19:21:19,029 - tdm - DEBUG - FrontendConnectionHandler(id=4342941392, session='2019-09-12T19_21_06_0'): OK
2019-09-12 19:21:19,029 - tdm - DEBUG - FrontendConnectionHandler(id=4342941392, session='2019-09-12T19_21_06_0').on_event(Event(GUI.POPUP, {'options': [], 'title': 'The alarm was set to 11: 10.'}, sender=None, reason=None))
2019-09-12 19:21:19,029 - tdm - DEBUG - FrontendConnectionHandler(id=4342941392, session='2019-09-12T19_21_06_0'): writing {"content": {"options": [], "title": "The alarm was set to 11: 10."}, "_sender": null, "_reason": null, "event_type": "GUI.POPUP"}
2019-09-12 19:21:19,030 - tdm - DEBUG - FrontendConnectionHandler(id=4342941392, session='2019-09-12T19_21_06_0'): OK
2019-09-12 19:21:20,035 - tdm - DEBUG - FrontendConnectionHandler(id=4342941392, session='2019-09-12T19_21_06_0').on_message({"content": null, "_sender": "Frontend", "_reason": null, "event_type": "PASSIVITY"})
2019-09-12 19:21:20,050 - tdm - DEBUG - DeviceHandler.perform(SetAlarm, {hour_to_set(11), resolved(?X.hour_to_set(X)), minute_to_set(10), resolved(?X.minute_to_set(X)), device_activity_terminated(SetAlarm), DeviceResultProposition(SetAlarm, [hour_to_set(11), minute_to_set(10)], True, None)}, eng)
2019-09-12 19:21:20,050 - tdm - DEBUG - DeviceHandler invocation ID: 3ee606443c8eb883890031bdeb841d73
2019-09-12 19:21:20,074 - tdm - DEBUG - FrontendConnectionHandler(id=4342941392, session='2019-09-12T19_21_06_0').on_event(Event(FACTS, [{'predicate': 'hour_to_set', 'grammar_entry': None, 'value': 11}, {'predicate': 'minute_to_set', 'grammar_entry': None, 'value': 10}], sender=DmeModule, reason=None))
2019-09-12 19:21:20,075 - tdm - DEBUG - FrontendConnectionHandler(id=4342941392, session='2019-09-12T19_21_06_0'): writing {"content": [{"predicate": "hour_to_set", "grammar_entry": null, "value": 11}, {"predicate": "minute_to_set", "grammar_entry": null, "value": 10}], "_sender": "DmeModule", "_reason": null, "event_type": "FACTS"}
2019-09-12 19:21:20,075 - tdm - DEBUG - FrontendConnectionHandler(id=4342941392, session='2019-09-12T19_21_06_0'): OK
2019-09-12 19:21:20,075 - tdm - DEBUG - FrontendConnectionHandler(id=4342941392, session='2019-09-12T19_21_06_0').on_event(Event(FACTS, [{'predicate': 'hour_to_set', 'grammar_entry': None, 'value': 11}, {'predicate': 'minute_to_set', 'grammar_entry': None, 'value': 10}], sender=DmeModule, reason=None))
2019-09-12 19:21:20,075 - tdm - DEBUG - FrontendConnectionHandler(id=4342941392, session='2019-09-12T19_21_06_0'): writing {"content": [{"predicate": "hour_to_set", "grammar_entry": null, "value": 11}, {"predicate": "minute_to_set", "grammar_entry": null, "value": 10}], "_sender": "DmeModule", "_reason": null, "event_type": "FACTS"}
2019-09-12 19:21:20,075 - tdm - DEBUG - FrontendConnectionHandler(id=4342941392, session='2019-09-12T19_21_06_0'): OK
2019-09-12 19:21:20,076 - tdm - DEBUG - FrontendConnectionHandler(id=4342941392, session='2019-09-12T19_21_06_0').on_event(Event(END_SYSTEM_TURN, {'passivity_duration': 1.0, 'system_has_asked_question': False}, sender=DmeModule, reason=None))
2019-09-12 19:21:20,076 - tdm - DEBUG - FrontendConnectionHandler(id=4342941392, session='2019-09-12T19_21_06_0'): writing {"content": {"passivity_duration": 1.0, "system_has_asked_question": false}, "_sender": "DmeModule", "_reason": null, "event_type": "END_SYSTEM_TURN"}
2019-09-12 19:21:20,076 - tdm - DEBUG - FrontendConnectionHandler(id=4342941392, session='2019-09-12T19_21_06_0'): OK
2019-09-12 19:21:20,076 - tdm - DEBUG - FrontendConnectionHandler(id=4342941392, session='2019-09-12T19_21_06_0').on_event(Event(EXPECTED_PASSIVITY_DURATION, 1.0, sender=DmeModule, reason=None))
2019-09-12 19:21:20,076 - tdm - DEBUG - FrontendConnectionHandler(id=4342941392, session='2019-09-12T19_21_06_0'): writing {"content": 1.0, "_sender": "DmeModule", "_reason": null, "event_type": "EXPECTED_PASSIVITY_DURATION"}
2019-09-12 19:21:20,076 - tdm - DEBUG - FrontendConnectionHandler(id=4342941392, session='2019-09-12T19_21_06_0'): OK
2019-09-12 19:21:20,077 - tdm - DEBUG - FrontendConnectionHandler(id=4342941392, session='2019-09-12T19_21_06_0').on_event(Event(SYSTEM_UTTERANCE_TO_SPEAK, ['Returning to set the alarm.', 'The alarm was set to 11: 10.'], sender=None, reason=None))
2019-09-12 19:21:20,077 - tdm - DEBUG - FrontendConnectionHandler(id=4342941392, session='2019-09-12T19_21_06_0'): writing {"content": ["Returning to set the alarm.", "The alarm was set to 11: 10."], "_sender": null, "_reason": null, "event_type": "SYSTEM_UTTERANCE_TO_SPEAK"}
2019-09-12 19:21:20,077 - tdm - DEBUG - FrontendConnectionHandler(id=4342941392, session='2019-09-12T19_21_06_0'): OK
2019-09-12 19:21:20,077 - tdm - DEBUG - FrontendConnectionHandler(id=4342941392, session='2019-09-12T19_21_06_0').on_event(Event(MESSAGE_TO_GUI, [Popup(The alarm was set to 11: 10., elements=[])], sender=None, reason=None))
2019-09-12 19:21:20,077 - tdm - DEBUG - FrontendConnectionHandler(id=4342941392, session='2019-09-12T19_21_06_0'): writing {"content": [{"Popup": {"elements": [], "title": "The alarm was set to 11: 10."}}], "_sender": null, "_reason": null, "event_type": "MESSAGE_TO_GUI"}
2019-09-12 19:21:20,077 - tdm - DEBUG - FrontendConnectionHandler(id=4342941392, session='2019-09-12T19_21_06_0'): OK
2019-09-12 19:21:20,078 - tdm - DEBUG - FrontendConnectionHandler(id=4342941392, session='2019-09-12T19_21_06_0').on_event(Event(GUI.POPUP, {'options': [], 'title': 'The alarm was set to 11: 10.'}, sender=None, reason=None))
2019-09-12 19:21:20,078 - tdm - DEBUG - FrontendConnectionHandler(id=4342941392, session='2019-09-12T19_21_06_0'): writing {"content": {"options": [], "title": "The alarm was set to 11: 10."}, "_sender": null, "_reason": null, "event_type": "GUI.POPUP"}
2019-09-12 19:21:20,078 - tdm - DEBUG - FrontendConnectionHandler(id=4342941392, session='2019-09-12T19_21_06_0'): OK
2019-09-12 19:21:21,091 - tdm - DEBUG - FrontendConnectionHandler(id=4342941392, session='2019-09-12T19_21_06_0').on_message({"content": null, "_sender": "Frontend", "_reason": null, "event_type": "PASSIVITY"})
2019-09-12 19:21:21,106 - tdm - DEBUG - DeviceHandler.perform(SetAlarm, {hour_to_set(11), resolved(?X.hour_to_set(X)), minute_to_set(10), resolved(?X.minute_to_set(X)), device_activity_terminated(SetAlarm), DeviceResultProposition(SetAlarm, [hour_to_set(11), minute_to_set(10)], True, None)}, eng)
2019-09-12 19:21:21,106 - tdm - DEBUG - DeviceHandler invocation ID: 82f65e32dbdf166301db4539f3f12955
2019-09-12 19:21:21,130 - tdm - DEBUG - FrontendConnectionHandler(id=4342941392, session='2019-09-12T19_21_06_0').on_event(Event(FACTS, [{'predicate': 'hour_to_set', 'grammar_entry': None, 'value': 11}, {'predicate': 'minute_to_set', 'grammar_entry': None, 'value': 10}], sender=DmeModule, reason=None))
2019-09-12 19:21:21,130 - tdm - DEBUG - FrontendConnectionHandler(id=4342941392, session='2019-09-12T19_21_06_0'): writing {"content": [{"predicate": "hour_to_set", "grammar_entry": null, "value": 11}, {"predicate": "minute_to_set", "grammar_entry": null, "value": 10}], "_sender": "DmeModule", "_reason": null, "event_type": "FACTS"}
2019-09-12 19:21:21,130 - tdm - DEBUG - FrontendConnectionHandler(id=4342941392, session='2019-09-12T19_21_06_0'): OK
2019-09-12 19:21:21,131 - tdm - DEBUG - FrontendConnectionHandler(id=4342941392, session='2019-09-12T19_21_06_0').on_event(Event(FACTS, [{'predicate': 'hour_to_set', 'grammar_entry': None, 'value': 11}, {'predicate': 'minute_to_set', 'grammar_entry': None, 'value': 10}], sender=DmeModule, reason=None))
2019-09-12 19:21:21,131 - tdm - DEBUG - FrontendConnectionHandler(id=4342941392, session='2019-09-12T19_21_06_0'): writing {"content": [{"predicate": "hour_to_set", "grammar_entry": null, "value": 11}, {"predicate": "minute_to_set", "grammar_entry": null, "value": 10}], "_sender": "DmeModule", "_reason": null, "event_type": "FACTS"}
2019-09-12 19:21:21,131 - tdm - DEBUG - FrontendConnectionHandler(id=4342941392, session='2019-09-12T19_21_06_0'): OK
2019-09-12 19:21:21,131 - tdm - DEBUG - FrontendConnectionHandler(id=4342941392, session='2019-09-12T19_21_06_0').on_event(Event(END_SYSTEM_TURN, {'passivity_duration': 1.0, 'system_has_asked_question': False}, sender=DmeModule, reason=None))
2019-09-12 19:21:21,131 - tdm - DEBUG - FrontendConnectionHandler(id=4342941392, session='2019-09-12T19_21_06_0'): writing {"content": {"passivity_duration": 1.0, "system_has_asked_question": false}, "_sender": "DmeModule", "_reason": null, "event_type": "END_SYSTEM_TURN"}
2019-09-12 19:21:21,132 - tdm - DEBUG - FrontendConnectionHandler(id=4342941392, session='2019-09-12T19_21_06_0'): OK
2019-09-12 19:21:21,132 - tdm - DEBUG - FrontendConnectionHandler(id=4342941392, session='2019-09-12T19_21_06_0').on_event(Event(EXPECTED_PASSIVITY_DURATION, 1.0, sender=DmeModule, reason=None))
2019-09-12 19:21:21,132 - tdm - DEBUG - FrontendConnectionHandler(id=4342941392, session='2019-09-12T19_21_06_0'): writing {"content": 1.0, "_sender": "DmeModule", "_reason": null, "event_type": "EXPECTED_PASSIVITY_DURATION"}
2019-09-12 19:21:21,132 - tdm - DEBUG - FrontendConnectionHandler(id=4342941392, session='2019-09-12T19_21_06_0'): OK
2019-09-12 19:21:21,132 - tdm - DEBUG - FrontendConnectionHandler(id=4342941392, session='2019-09-12T19_21_06_0').on_event(Event(SYSTEM_UTTERANCE_TO_SPEAK, ['Returning to set the alarm.', 'The alarm was set to 11: 10.'], sender=None, reason=None))
2019-09-12 19:21:21,132 - tdm - DEBUG - FrontendConnectionHandler(id=4342941392, session='2019-09-12T19_21_06_0'): writing {"content": ["Returning to set the alarm.", "The alarm was set to 11: 10."], "_sender": null, "_reason": null, "event_type": "SYSTEM_UTTERANCE_TO_SPEAK"}
2019-09-12 19:21:21,133 - tdm - DEBUG - FrontendConnectionHandler(id=4342941392, session='2019-09-12T19_21_06_0'): OK
2019-09-12 19:21:21,133 - tdm - DEBUG - FrontendConnectionHandler(id=4342941392, session='2019-09-12T19_21_06_0').on_event(Event(MESSAGE_TO_GUI, [Popup(The alarm was set to 11: 10., elements=[])], sender=None, reason=None))
2019-09-12 19:21:21,133 - tdm - DEBUG - FrontendConnectionHandler(id=4342941392, session='2019-09-12T19_21_06_0'): writing {"content": [{"Popup": {"elements": [], "title": "The alarm was set to 11: 10."}}], "_sender": null, "_reason": null, "event_type": "MESSAGE_TO_GUI"}
2019-09-12 19:21:21,133 - tdm - DEBUG - FrontendConnectionHandler(id=4342941392, session='2019-09-12T19_21_06_0'): OK
2019-09-12 19:21:21,133 - tdm - DEBUG - FrontendConnectionHandler(id=4342941392, session='2019-09-12T19_21_06_0').on_event(Event(GUI.POPUP, {'options': [], 'title': 'The alarm was set to 11: 10.'}, sender=None, reason=None))
2019-09-12 19:21:21,133 - tdm - DEBUG - FrontendConnectionHandler(id=4342941392, session='2019-09-12T19_21_06_0'): writing {"content": {"options": [], "title": "The alarm was set to 11: 10."}, "_sender": null, "_reason": null, "event_type": "GUI.POPUP"}
2019-09-12 19:21:21,133 - tdm - DEBUG - FrontendConnectionHandler(id=4342941392, session='2019-09-12T19_21_06_0'): OK
2019-09-12 19:21:22,144 - tdm - DEBUG - FrontendConnectionHandler(id=4342941392, session='2019-09-12T19_21_06_0').on_message({"content": null, "_sender": "Frontend", "_reason": null, "event_type": "PASSIVITY"})
2019-09-12 19:21:22,158 - tdm - DEBUG - DeviceHandler.perform(SetAlarm, {hour_to_set(11), resolved(?X.hour_to_set(X)), minute_to_set(10), resolved(?X.minute_to_set(X)), device_activity_terminated(SetAlarm), DeviceResultProposition(SetAlarm, [hour_to_set(11), minute_to_set(10)], True, None)}, eng)
2019-09-12 19:21:22,158 - tdm - DEBUG - DeviceHandler invocation ID: de50f4e5271ac90b6da297a2f9f8b583
2019-09-12 19:21:22,182 - tdm - DEBUG - FrontendConnectionHandler(id=4342941392, session='2019-09-12T19_21_06_0').on_event(Event(FACTS, [{'predicate': 'hour_to_set', 'grammar_entry': None, 'value': 11}, {'predicate': 'minute_to_set', 'grammar_entry': None, 'value': 10}], sender=DmeModule, reason=None))
2019-09-12 19:21:22,182 - tdm - DEBUG - FrontendConnectionHandler(id=4342941392, session='2019-09-12T19_21_06_0'): writing {"content": [{"predicate": "hour_to_set", "grammar_entry": null, "value": 11}, {"predicate": "minute_to_set", "grammar_entry": null, "value": 10}], "_sender": "DmeModule", "_reason": null, "event_type": "FACTS"}
2019-09-12 19:21:22,182 - tdm - DEBUG - FrontendConnectionHandler(id=4342941392, session='2019-09-12T19_21_06_0'): OK
2019-09-12 19:21:22,183 - tdm - DEBUG - FrontendConnectionHandler(id=4342941392, session='2019-09-12T19_21_06_0').on_event(Event(FACTS, [{'predicate': 'hour_to_set', 'grammar_entry': None, 'value': 11}, {'predicate': 'minute_to_set', 'grammar_entry': None, 'value': 10}], sender=DmeModule, reason=None))
2019-09-12 19:21:22,183 - tdm - DEBUG - FrontendConnectionHandler(id=4342941392, session='2019-09-12T19_21_06_0'): writing {"content": [{"predicate": "hour_to_set", "grammar_entry": null, "value": 11}, {"predicate": "minute_to_set", "grammar_entry": null, "value": 10}], "_sender": "DmeModule", "_reason": null, "event_type": "FACTS"}
2019-09-12 19:21:22,183 - tdm - DEBUG - FrontendConnectionHandler(id=4342941392, session='2019-09-12T19_21_06_0'): OK
2019-09-12 19:21:22,183 - tdm - DEBUG - FrontendConnectionHandler(id=4342941392, session='2019-09-12T19_21_06_0').on_event(Event(END_SYSTEM_TURN, {'passivity_duration': 1.0, 'system_has_asked_question': False}, sender=DmeModule, reason=None))
2019-09-12 19:21:22,183 - tdm - DEBUG - FrontendConnectionHandler(id=4342941392, session='2019-09-12T19_21_06_0'): writing {"content": {"passivity_duration": 1.0, "system_has_asked_question": false}, "_sender": "DmeModule", "_reason": null, "event_type": "END_SYSTEM_TURN"}
2019-09-12 19:21:22,183 - tdm - DEBUG - FrontendConnectionHandler(id=4342941392, session='2019-09-12T19_21_06_0'): OK
2019-09-12 19:21:22,184 - tdm - DEBUG - FrontendConnectionHandler(id=4342941392, session='2019-09-12T19_21_06_0').on_event(Event(EXPECTED_PASSIVITY_DURATION, 1.0, sender=DmeModule, reason=None))
2019-09-12 19:21:22,184 - tdm - DEBUG - FrontendConnectionHandler(id=4342941392, session='2019-09-12T19_21_06_0'): writing {"content": 1.0, "_sender": "DmeModule", "_reason": null, "event_type": "EXPECTED_PASSIVITY_DURATION"}
2019-09-12 19:21:22,184 - tdm - DEBUG - FrontendConnectionHandler(id=4342941392, session='2019-09-12T19_21_06_0'): OK
2019-09-12 19:21:22,184 - tdm - DEBUG - FrontendConnectionHandler(id=4342941392, session='2019-09-12T19_21_06_0').on_event(Event(SYSTEM_UTTERANCE_TO_SPEAK, ['Returning to set the alarm.', 'The alarm was set to 11: 10.'], sender=None, reason=None))
2019-09-12 19:21:22,184 - tdm - DEBUG - FrontendConnectionHandler(id=4342941392, session='2019-09-12T19_21_06_0'): writing {"content": ["Returning to set the alarm.", "The alarm was set to 11: 10."], "_sender": null, "_reason": null, "event_type": "SYSTEM_UTTERANCE_TO_SPEAK"}
2019-09-12 19:21:22,184 - tdm - DEBUG - FrontendConnectionHandler(id=4342941392, session='2019-09-12T19_21_06_0'): OK
2019-09-12 19:21:22,185 - tdm - DEBUG - FrontendConnectionHandler(id=4342941392, session='2019-09-12T19_21_06_0').on_event(Event(MESSAGE_TO_GUI, [Popup(The alarm was set to 11: 10., elements=[])], sender=None, reason=None))
2019-09-12 19:21:22,185 - tdm - DEBUG - FrontendConnectionHandler(id=4342941392, session='2019-09-12T19_21_06_0'): writing {"content": [{"Popup": {"elements": [], "title": "The alarm was set to 11: 10."}}], "_sender": null, "_reason": null, "event_type": "MESSAGE_TO_GUI"}
2019-09-12 19:21:22,185 - tdm - DEBUG - FrontendConnectionHandler(id=4342941392, session='2019-09-12T19_21_06_0'): OK
2019-09-12 19:21:22,185 - tdm - DEBUG - FrontendConnectionHandler(id=4342941392, session='2019-09-12T19_21_06_0').on_event(Event(GUI.POPUP, {'options': [], 'title': 'The alarm was set to 11: 10.'}, sender=None, reason=None))
2019-09-12 19:21:22,185 - tdm - DEBUG - FrontendConnectionHandler(id=4342941392, session='2019-09-12T19_21_06_0'): writing {"content": {"options": [], "title": "The alarm was set to 11: 10."}, "_sender": null, "_reason": null, "event_type": "GUI.POPUP"}
2019-09-12 19:21:22,185 - tdm - DEBUG - FrontendConnectionHandler(id=4342941392, session='2019-09-12T19_21_06_0'): OK
2019-09-12 19:21:23,199 - tdm - DEBUG - FrontendConnectionHandler(id=4342941392, session='2019-09-12T19_21_06_0').on_message({"content": null, "_sender": "Frontend", "_reason": null, "event_type": "PASSIVITY"})
2019-09-12 19:21:23,215 - tdm - DEBUG - DeviceHandler.perform(SetAlarm, {hour_to_set(11), resolved(?X.hour_to_set(X)), minute_to_set(10), resolved(?X.minute_to_set(X)), device_activity_terminated(SetAlarm), DeviceResultProposition(SetAlarm, [hour_to_set(11), minute_to_set(10)], True, None)}, eng)
2019-09-12 19:21:23,215 - tdm - DEBUG - DeviceHandler invocation ID: f313c3645952cbb1caa3a4da29800cbb
2019-09-12 19:21:23,239 - tdm - DEBUG - FrontendConnectionHandler(id=4342941392, session='2019-09-12T19_21_06_0').on_event(Event(FACTS, [{'predicate': 'hour_to_set', 'grammar_entry': None, 'value': 11}, {'predicate': 'minute_to_set', 'grammar_entry': None, 'value': 10}], sender=DmeModule, reason=None))
2019-09-12 19:21:23,239 - tdm - DEBUG - FrontendConnectionHandler(id=4342941392, session='2019-09-12T19_21_06_0'): writing {"content": [{"predicate": "hour_to_set", "grammar_entry": null, "value": 11}, {"predicate": "minute_to_set", "grammar_entry": null, "value": 10}], "_sender": "DmeModule", "_reason": null, "event_type": "FACTS"}
2019-09-12 19:21:23,239 - tdm - DEBUG - FrontendConnectionHandler(id=4342941392, session='2019-09-12T19_21_06_0'): OK
2019-09-12 19:21:23,239 - tdm - DEBUG - FrontendConnectionHandler(id=4342941392, session='2019-09-12T19_21_06_0').on_event(Event(FACTS, [{'predicate': 'hour_to_set', 'grammar_entry': None, 'value': 11}, {'predicate': 'minute_to_set', 'grammar_entry': None, 'value': 10}], sender=DmeModule, reason=None))
2019-09-12 19:21:23,239 - tdm - DEBUG - FrontendConnectionHandler(id=4342941392, session='2019-09-12T19_21_06_0'): writing {"content": [{"predicate": "hour_to_set", "grammar_entry": null, "value": 11}, {"predicate": "minute_to_set", "grammar_entry": null, "value": 10}], "_sender": "DmeModule", "_reason": null, "event_type": "FACTS"}
2019-09-12 19:21:23,240 - tdm - DEBUG - FrontendConnectionHandler(id=4342941392, session='2019-09-12T19_21_06_0'): OK
2019-09-12 19:21:23,240 - tdm - DEBUG - FrontendConnectionHandler(id=4342941392, session='2019-09-12T19_21_06_0').on_event(Event(END_SYSTEM_TURN, {'passivity_duration': 1.0, 'system_has_asked_question': False}, sender=DmeModule, reason=None))
2019-09-12 19:21:23,240 - tdm - DEBUG - FrontendConnectionHandler(id=4342941392, session='2019-09-12T19_21_06_0'): writing {"content": {"passivity_duration": 1.0, "system_has_asked_question": false}, "_sender": "DmeModule", "_reason": null, "event_type": "END_SYSTEM_TURN"}
2019-09-12 19:21:23,240 - tdm - DEBUG - FrontendConnectionHandler(id=4342941392, session='2019-09-12T19_21_06_0'): OK
2019-09-12 19:21:23,240 - tdm - DEBUG - FrontendConnectionHandler(id=4342941392, session='2019-09-12T19_21_06_0').on_event(Event(EXPECTED_PASSIVITY_DURATION, 1.0, sender=DmeModule, reason=None))
2019-09-12 19:21:23,240 - tdm - DEBUG - FrontendConnectionHandler(id=4342941392, session='2019-09-12T19_21_06_0'): writing {"content": 1.0, "_sender": "DmeModule", "_reason": null, "event_type": "EXPECTED_PASSIVITY_DURATION"}
2019-09-12 19:21:23,241 - tdm - DEBUG - FrontendConnectionHandler(id=4342941392, session='2019-09-12T19_21_06_0'): OK
2019-09-12 19:21:23,241 - tdm - DEBUG - FrontendConnectionHandler(id=4342941392, session='2019-09-12T19_21_06_0').on_event(Event(SYSTEM_UTTERANCE_TO_SPEAK, ['Returning to set the alarm.', 'The alarm was set to 11: 10.'], sender=None, reason=None))
2019-09-12 19:21:23,241 - tdm - DEBUG - FrontendConnectionHandler(id=4342941392, session='2019-09-12T19_21_06_0'): writing {"content": ["Returning to set the alarm.", "The alarm was set to 11: 10."], "_sender": null, "_reason": null, "event_type": "SYSTEM_UTTERANCE_TO_SPEAK"}
2019-09-12 19:21:23,241 - tdm - DEBUG - FrontendConnectionHandler(id=4342941392, session='2019-09-12T19_21_06_0'): OK
2019-09-12 19:21:23,241 - tdm - DEBUG - FrontendConnectionHandler(id=4342941392, session='2019-09-12T19_21_06_0').on_event(Event(MESSAGE_TO_GUI, [Popup(The alarm was set to 11: 10., elements=[])], sender=None, reason=None))
2019-09-12 19:21:23,241 - tdm - DEBUG - FrontendConnectionHandler(id=4342941392, session='2019-09-12T19_21_06_0'): writing {"content": [{"Popup": {"elements": [], "title": "The alarm was set to 11: 10."}}], "_sender": null, "_reason": null, "event_type": "MESSAGE_TO_GUI"}
2019-09-12 19:21:23,242 - tdm - DEBUG - FrontendConnectionHandler(id=4342941392, session='2019-09-12T19_21_06_0'): OK
2019-09-12 19:21:23,242 - tdm - DEBUG - FrontendConnectionHandler(id=4342941392, session='2019-09-12T19_21_06_0').on_event(Event(GUI.POPUP, {'options': [], 'title': 'The alarm was set to 11: 10.'}, sender=None, reason=None))
2019-09-12 19:21:23,242 - tdm - DEBUG - FrontendConnectionHandler(id=4342941392, session='2019-09-12T19_21_06_0'): writing {"content": {"options": [], "title": "The alarm was set to 11: 10."}, "_sender": null, "_reason": null, "event_type": "GUI.POPUP"}
2019-09-12 19:21:23,242 - tdm - DEBUG - FrontendConnectionHandler(id=4342941392, session='2019-09-12T19_21_06_0'): OK
2019-09-12 19:21:23,486 - tdm - DEBUG - FrontendConnectionHandler(id=4342941392, session='2019-09-12T19_21_06_0').on_close()
2019-09-12 19:21:23,486 - tdm - DEBUG - SessionManager.stop('2019-09-12T19_21_06_0')
2019-09-12 19:21:23,487 - tdm - DEBUG - TdmApplication.stop(): Stopping HTTP server
2019-09-12 19:21:23,487 - tdm - DEBUG - TdmApplication.stop(): Stopping IO-loop
2019-09-12 19:21:23,487 - tdm - DEBUG - TdmApplication.stop(): Stopping sessions []
