2019-09-12 20:43:11,309 - tdm - DEBUG - EntityDb(time): add_entity(sort=u'alarm_time', grammar_entry='08:30', name=u'eight_thirty')
2019-09-12 20:43:11,309 - tdm - DEBUG - EntityDb(time): add_entity returns u'eight_thirty'
2019-09-12 20:43:11,309 - tdm - DEBUG - EntityDb(time): add_entity(sort=u'alarm_time', grammar_entry='8:30', name=u'eight_thirty')
2019-09-12 20:43:11,309 - tdm - DEBUG - EntityDb(time): add_entity returns u'eight_thirty'
2019-09-12 20:43:11,309 - tdm - DEBUG - EntityDb(time): add_entity(sort=u'alarm_time', grammar_entry='8 30', name=u'eight_thirty')
2019-09-12 20:43:11,309 - tdm - DEBUG - EntityDb(time): add_entity returns u'eight_thirty'
2019-09-12 20:43:11,309 - tdm - DEBUG - EntityDb(time): add_entity(sort=u'alarm_time', grammar_entry='08 30', name=u'eight_thirty')
2019-09-12 20:43:11,309 - tdm - DEBUG - EntityDb(time): add_entity returns u'eight_thirty'
2019-09-12 20:43:11,309 - tdm - DEBUG - EntityDb(time): add_entity(sort=u'alarm_time', grammar_entry='eight thirty', name=u'eight_thirty')
2019-09-12 20:43:11,310 - tdm - DEBUG - EntityDb(time): add_entity returns u'eight_thirty'
2019-09-12 20:43:11,310 - tdm - DEBUG - EntityDb(time): add_entity(sort=u'alarm_time', grammar_entry='09:00', name=u'nine')
2019-09-12 20:43:11,310 - tdm - DEBUG - EntityDb(time): add_entity returns u'nine'
2019-09-12 20:43:11,310 - tdm - DEBUG - EntityDb(time): add_entity(sort=u'alarm_time', grammar_entry='9:00', name=u'nine')
2019-09-12 20:43:11,310 - tdm - DEBUG - EntityDb(time): add_entity returns u'nine'
2019-09-12 20:43:11,310 - tdm - DEBUG - EntityDb(time): add_entity(sort=u'alarm_time', grammar_entry='09', name=u'nine')
2019-09-12 20:43:11,310 - tdm - DEBUG - EntityDb(time): add_entity returns u'nine'
2019-09-12 20:43:11,310 - tdm - DEBUG - EntityDb(time): add_entity(sort=u'alarm_time', grammar_entry='9', name=u'nine')
2019-09-12 20:43:11,310 - tdm - DEBUG - EntityDb(time): add_entity returns u'nine'
2019-09-12 20:43:11,310 - tdm - DEBUG - EntityDb(time): add_entity(sort=u'alarm_time', grammar_entry='nine', name=u'nine')
2019-09-12 20:43:11,310 - tdm - DEBUG - EntityDb(time): add_entity returns u'nine'
2019-09-12 20:43:11,310 - tdm - DEBUG - EntityDb(time): add_entity(sort=u'alarm_time', grammar_entry='08:00', name=u'eight')
2019-09-12 20:43:11,310 - tdm - DEBUG - EntityDb(time): add_entity returns u'eight'
2019-09-12 20:43:11,310 - tdm - DEBUG - EntityDb(time): add_entity(sort=u'alarm_time', grammar_entry='8:00', name=u'eight')
2019-09-12 20:43:11,310 - tdm - DEBUG - EntityDb(time): add_entity returns u'eight'
2019-09-12 20:43:11,310 - tdm - DEBUG - EntityDb(time): add_entity(sort=u'alarm_time', grammar_entry='8', name=u'eight')
2019-09-12 20:43:11,310 - tdm - DEBUG - EntityDb(time): add_entity returns u'eight'
2019-09-12 20:43:11,310 - tdm - DEBUG - EntityDb(time): add_entity(sort=u'alarm_time', grammar_entry='08', name=u'eight')
2019-09-12 20:43:11,310 - tdm - DEBUG - EntityDb(time): add_entity returns u'eight'
2019-09-12 20:43:11,310 - tdm - DEBUG - EntityDb(time): add_entity(sort=u'alarm_time', grammar_entry='eight', name=u'eight')
2019-09-12 20:43:11,310 - tdm - DEBUG - EntityDb(time): add_entity returns u'eight'
2019-09-12 20:43:11,311 - tdm - DEBUG - EntityDb(time): add_entity(sort=u'alarm_time', grammar_entry='off', name=u'alarm_off')
2019-09-12 20:43:11,311 - tdm - DEBUG - EntityDb(time): add_entity returns u'alarm_off'
2019-09-12 20:43:11,311 - tdm - DEBUG - DddDb().__init__(name='ddds', default_ddds=[u'time'])
2019-09-12 20:43:11,311 - tdm - DEBUG - DddDb(): DB file name is '/Users/marta/Desktop/Course project/time_ddd/ddds.json'
2019-09-12 20:43:11,318 - tdm - DEBUG - FrontendConnectionHandler(id=4594082192, session=None).open()
2019-09-12 20:43:11,319 - tdm - DEBUG - thread_manager.create_thread() with threading.active_count()=3
2019-09-12 20:43:11,319 - tdm - DEBUG - FrontendConnectionHandler(id=4594082192, session=None).on_message({"handshake_content": {"session_id": null, "keep_session_alive": false}, "name": "Frontend"})
2019-09-12 20:43:11,320 - tdm - DEBUG - thread_manager.create_thread() with threading.active_count()=4
2019-09-12 20:43:11,320 - tdm - DEBUG - FrontendConnectionHandler(id=4594082192, session=None)._register({"handshake_content": {"session_id": null, "keep_session_alive": false}, "name": "Frontend"})
2019-09-12 20:43:11,320 - tdm - DEBUG - Creating backend and session with id 2019-09-12T20_43_11_0.
2019-09-12 20:43:11,323 - tdm - DEBUG - FrontendConnectionHandler(id=4594082192, session='2019-09-12T20_43_11_0'): writing {"content": "2019-09-12T20_43_11_0", "_sender": null, "_reason": null, "event_type": "SESSION_ID"}
2019-09-12 20:43:11,323 - tdm - DEBUG - FrontendConnectionHandler(id=4594082192, session='2019-09-12T20_43_11_0'): OK
2019-09-12 20:43:11,323 - tdm - DEBUG - FrontendConnectionHandler._register: Registered in session 2019-09-12T20_43_11_0 with backend <tdm.backend.Backend object at 0x111d694d0>.
2019-09-12 20:43:11,323 - tdm - DEBUG - FrontendConnectionHandler(id=4594082192, session='2019-09-12T20_43_11_0').on_message({"content": null, "_sender": "Frontend", "_reason": null, "event_type": "START"})
2019-09-12 20:43:11,357 - tdm - DEBUG - FrontendConnectionHandler(id=4594082192, session='2019-09-12T20_43_11_0').on_event(Event(SET_DDD, {'ddd_name': 'time', 'language_code': 'eng'}, sender=DmeModule, reason=None))
2019-09-12 20:43:11,357 - tdm - DEBUG - FrontendConnectionHandler(id=4594082192, session='2019-09-12T20_43_11_0'): writing {"content": {"ddd_name": "time", "language_code": "eng"}, "_sender": "DmeModule", "_reason": null, "event_type": "SET_DDD"}
2019-09-12 20:43:11,357 - tdm - DEBUG - FrontendConnectionHandler(id=4594082192, session='2019-09-12T20_43_11_0'): OK
2019-09-12 20:43:11,357 - tdm - DEBUG - FrontendConnectionHandler(id=4594082192, session='2019-09-12T20_43_11_0').on_event(Event(FACTS, [], sender=DmeModule, reason=None))
2019-09-12 20:43:11,357 - tdm - DEBUG - FrontendConnectionHandler(id=4594082192, session='2019-09-12T20_43_11_0'): writing {"content": [], "_sender": "DmeModule", "_reason": null, "event_type": "FACTS"}
2019-09-12 20:43:11,357 - tdm - DEBUG - FrontendConnectionHandler(id=4594082192, session='2019-09-12T20_43_11_0'): OK
2019-09-12 20:43:11,358 - tdm - DEBUG - FrontendConnectionHandler(id=4594082192, session='2019-09-12T20_43_11_0').on_event(Event(FACTS, [], sender=DmeModule, reason=None))
2019-09-12 20:43:11,358 - tdm - DEBUG - FrontendConnectionHandler(id=4594082192, session='2019-09-12T20_43_11_0'): writing {"content": [], "_sender": "DmeModule", "_reason": null, "event_type": "FACTS"}
2019-09-12 20:43:11,358 - tdm - DEBUG - FrontendConnectionHandler(id=4594082192, session='2019-09-12T20_43_11_0'): OK
2019-09-12 20:43:11,358 - tdm - DEBUG - FrontendConnectionHandler(id=4594082192, session='2019-09-12T20_43_11_0').on_event(Event(END_SYSTEM_TURN, {'passivity_duration': None, 'system_has_asked_question': True}, sender=DmeModule, reason=None))
2019-09-12 20:43:11,359 - tdm - DEBUG - FrontendConnectionHandler(id=4594082192, session='2019-09-12T20_43_11_0'): writing {"content": {"passivity_duration": null, "system_has_asked_question": true}, "_sender": "DmeModule", "_reason": null, "event_type": "END_SYSTEM_TURN"}
2019-09-12 20:43:11,359 - tdm - DEBUG - FrontendConnectionHandler(id=4594082192, session='2019-09-12T20_43_11_0'): OK
2019-09-12 20:43:11,359 - tdm - DEBUG - FrontendConnectionHandler(id=4594082192, session='2019-09-12T20_43_11_0').on_event(Event(SYSTEM_UTTERANCE_TO_SPEAK, ['Do you want to know the current time, know the current alarm, set the time or set the alarm?'], sender=None, reason=None))
2019-09-12 20:43:11,359 - tdm - DEBUG - FrontendConnectionHandler(id=4594082192, session='2019-09-12T20_43_11_0'): writing {"content": ["Do you want to know the current time, know the current alarm, set the time or set the alarm?"], "_sender": null, "_reason": null, "event_type": "SYSTEM_UTTERANCE_TO_SPEAK"}
2019-09-12 20:43:11,359 - tdm - DEBUG - FrontendConnectionHandler(id=4594082192, session='2019-09-12T20_43_11_0'): OK
2019-09-12 20:43:11,360 - tdm - DEBUG - FrontendConnectionHandler(id=4594082192, session='2019-09-12T20_43_11_0').on_event(Event(MESSAGE_TO_GUI, [Screen(top, Main menu, [<tdm.nlg.tdm_gui_protocol.Element instance at 0x111ce5e60>])], sender=None, reason=None))
2019-09-12 20:43:11,360 - tdm - DEBUG - FrontendConnectionHandler(id=4594082192, session='2019-09-12T20_43_11_0'): writing {"content": [{"Screen": {"elements": [{"Element": {"name": "move", "title": "", "items": [{"Item": {"attributes": null, "selected": false, "predicted": false, "value": "ask(?X.current_time(X))", "title": "The current time?"}}, {"Item": {"attributes": null, "selected": false, "predicted": false, "value": "ask(?X.current_alarm(X))", "title": "The current alarm?"}}, {"Item": {"attributes": null, "selected": false, "predicted": false, "value": "request(set_time)", "title": "Set the time"}}, {"Item": {"attributes": null, "selected": false, "predicted": false, "value": "request(set_alarm)", "title": "Set the alarm"}}], "format": "", "voice_browsed": false, "value": "", "template": "menu", "type": "list"}}], "name": "top", "title": "Main menu"}}], "_sender": null, "_reason": null, "event_type": "MESSAGE_TO_GUI"}
2019-09-12 20:43:11,360 - tdm - DEBUG - FrontendConnectionHandler(id=4594082192, session='2019-09-12T20_43_11_0'): OK
2019-09-12 20:43:14,549 - tdm - DEBUG - FrontendConnectionHandler(id=4594082192, session='2019-09-12T20_43_11_0').on_message({"content": [{"score": 1.0, "utterance": "set the alarm"}], "_sender": "TextInputComponent", "_reason": null, "event_type": "RECOGNITION"})
2019-09-12 20:43:14,580 - tdm - DEBUG - DeviceHandler.query_all(?X.selected_alarm_time(X), {}, eng)
2019-09-12 20:43:14,580 - tdm - DEBUG - DeviceHandler invocation ID: df3ad1c96aeebcbf088132e145861324
2019-09-12 20:43:14,580 - tdm - DEBUG - DeviceHandler.query_all(?X.selected_alarm_time(X), {}, eng)
2019-09-12 20:43:14,580 - tdm - DEBUG - DeviceHandler invocation ID: 27dc9b125cebba2082943166a5d610d8
2019-09-12 20:43:14,582 - tdm - DEBUG - DeviceHandler.query_all(?X.selected_alarm_time(X), {}, eng)
2019-09-12 20:43:14,582 - tdm - DEBUG - DeviceHandler invocation ID: b43a3743fb9abd38828e44ef7f854057
2019-09-12 20:43:14,582 - tdm - DEBUG - DeviceHandler.query_all(?X.selected_alarm_time(X), {}, eng)
2019-09-12 20:43:14,582 - tdm - DEBUG - DeviceHandler invocation ID: 95aaa33b414ddfed51c7143ea0cec878
2019-09-12 20:43:14,592 - tdm - DEBUG - DeviceHandler.query_all(?X.selected_alarm_time(X), {}, eng)
2019-09-12 20:43:14,592 - tdm - DEBUG - DeviceHandler invocation ID: 7caf7dcf49df561ae5a72befd4fa2406
2019-09-12 20:43:14,606 - tdm - DEBUG - DeviceHandler.query_all(?X.selected_alarm_time(X), {}, eng)
2019-09-12 20:43:14,606 - tdm - DEBUG - DeviceHandler invocation ID: 351fa8ea82c03131c05c03e276bbe654
2019-09-12 20:43:14,607 - tdm - DEBUG - DeviceHandler.query_all(?X.selected_alarm_time(X), {}, eng)
2019-09-12 20:43:14,607 - tdm - DEBUG - DeviceHandler invocation ID: f99f42b7245d44ac4e8810b431ff4ac8
2019-09-12 20:43:14,614 - tdm - DEBUG - FrontendConnectionHandler(id=4594082192, session='2019-09-12T20_43_11_0').on_event(Event(SELECTED_RECOGNITION, 'set the alarm', sender=DmeModule, reason=None))
2019-09-12 20:43:14,614 - tdm - DEBUG - FrontendConnectionHandler(id=4594082192, session='2019-09-12T20_43_11_0'): writing {"content": "set the alarm", "_sender": "DmeModule", "_reason": null, "event_type": "SELECTED_RECOGNITION"}
2019-09-12 20:43:14,615 - tdm - DEBUG - FrontendConnectionHandler(id=4594082192, session='2019-09-12T20_43_11_0'): OK
2019-09-12 20:43:14,615 - tdm - DEBUG - FrontendConnectionHandler(id=4594082192, session='2019-09-12T20_43_11_0').on_event(Event(FACTS, [], sender=DmeModule, reason=None))
2019-09-12 20:43:14,615 - tdm - DEBUG - FrontendConnectionHandler(id=4594082192, session='2019-09-12T20_43_11_0'): writing {"content": [], "_sender": "DmeModule", "_reason": null, "event_type": "FACTS"}
2019-09-12 20:43:14,615 - tdm - DEBUG - FrontendConnectionHandler(id=4594082192, session='2019-09-12T20_43_11_0'): OK
2019-09-12 20:43:14,615 - tdm - DEBUG - FrontendConnectionHandler(id=4594082192, session='2019-09-12T20_43_11_0').on_event(Event(FACTS, [], sender=DmeModule, reason=None))
2019-09-12 20:43:14,615 - tdm - DEBUG - FrontendConnectionHandler(id=4594082192, session='2019-09-12T20_43_11_0'): writing {"content": [], "_sender": "DmeModule", "_reason": null, "event_type": "FACTS"}
2019-09-12 20:43:14,615 - tdm - DEBUG - FrontendConnectionHandler(id=4594082192, session='2019-09-12T20_43_11_0'): OK
2019-09-12 20:43:14,616 - tdm - DEBUG - FrontendConnectionHandler(id=4594082192, session='2019-09-12T20_43_11_0').on_event(Event(END_SYSTEM_TURN, {'passivity_duration': 5.0, 'system_has_asked_question': True}, sender=DmeModule, reason=None))
2019-09-12 20:43:14,616 - tdm - DEBUG - FrontendConnectionHandler(id=4594082192, session='2019-09-12T20_43_11_0'): writing {"content": {"passivity_duration": 5.0, "system_has_asked_question": true}, "_sender": "DmeModule", "_reason": null, "event_type": "END_SYSTEM_TURN"}
2019-09-12 20:43:14,616 - tdm - DEBUG - FrontendConnectionHandler(id=4594082192, session='2019-09-12T20_43_11_0'): OK
2019-09-12 20:43:14,616 - tdm - DEBUG - FrontendConnectionHandler(id=4594082192, session='2019-09-12T20_43_11_0').on_event(Event(EXPECTED_PASSIVITY_DURATION, 5.0, sender=DmeModule, reason=None))
2019-09-12 20:43:14,616 - tdm - DEBUG - FrontendConnectionHandler(id=4594082192, session='2019-09-12T20_43_11_0'): writing {"content": 5.0, "_sender": "DmeModule", "_reason": null, "event_type": "EXPECTED_PASSIVITY_DURATION"}
2019-09-12 20:43:14,616 - tdm - DEBUG - FrontendConnectionHandler(id=4594082192, session='2019-09-12T20_43_11_0'): OK
2019-09-12 20:43:14,616 - tdm - DEBUG - FrontendConnectionHandler(id=4594082192, session='2019-09-12T20_43_11_0').on_event(Event(SYSTEM_UTTERANCE_TO_SPEAK, ['', '', 'What time do you want to set your alarm to : 08:00, 08:30 or 09:00?'], sender=None, reason=None))
2019-09-12 20:43:14,617 - tdm - DEBUG - FrontendConnectionHandler(id=4594082192, session='2019-09-12T20_43_11_0'): writing {"content": ["", "", "What time do you want to set your alarm to : 08:00, 08:30 or 09:00?"], "_sender": null, "_reason": null, "event_type": "SYSTEM_UTTERANCE_TO_SPEAK"}
2019-09-12 20:43:14,617 - tdm - DEBUG - FrontendConnectionHandler(id=4594082192, session='2019-09-12T20_43_11_0'): OK
2019-09-12 20:43:14,617 - tdm - DEBUG - FrontendConnectionHandler(id=4594082192, session='2019-09-12T20_43_11_0').on_event(Event(MESSAGE_TO_GUI, [Screen(set_alarm, Set the alarm, [<tdm.nlg.tdm_gui_protocol.Element instance at 0x111d795f0>])], sender=None, reason=None))
2019-09-12 20:43:14,617 - tdm - DEBUG - FrontendConnectionHandler(id=4594082192, session='2019-09-12T20_43_11_0'): writing {"content": [{"Screen": {"elements": [{"Element": {"name": "move", "title": null, "items": [{"Item": {"attributes": [], "selected": false, "predicted": false, "value": "answer(selected_alarm_time(eight))", "title": "08:00"}}, {"Item": {"attributes": [], "selected": false, "predicted": false, "value": "answer(selected_alarm_time(eight_thirty))", "title": "08:30"}}, {"Item": {"attributes": [], "selected": false, "predicted": false, "value": "answer(selected_alarm_time(nine))", "title": "09:00"}}], "format": "", "voice_browsed": false, "value": "", "template": "list", "type": "list"}}], "name": "set_alarm", "title": "Set the alarm"}}], "_sender": null, "_reason": null, "event_type": "MESSAGE_TO_GUI"}
2019-09-12 20:43:14,617 - tdm - DEBUG - FrontendConnectionHandler(id=4594082192, session='2019-09-12T20_43_11_0'): OK
2019-09-12 20:43:18,133 - tdm - DEBUG - FrontendConnectionHandler(id=4594082192, session='2019-09-12T20_43_11_0').on_message({"content": [{"score": 1.0, "utterance": "eight"}], "_sender": "TextInputComponent", "_reason": null, "event_type": "RECOGNITION"})
2019-09-12 20:43:18,149 - tdm - DEBUG - DeviceHandler.query_all(?X.selected_alarm_time(X), set([selected_alarm_time(eight), selected_alarm_time(eight_thirty), selected_alarm_time(nine)]), {}, eng)
2019-09-12 20:43:18,149 - tdm - DEBUG - DeviceHandler invocation ID: 3911f7709b38cc3bff8311e5c07cc6e5
2019-09-12 20:43:18,167 - tdm - DEBUG - DeviceHandler.is_valid_parameter(selected_alarm_time(eight), {}, eng)
2019-09-12 20:43:18,185 - tdm - DEBUG - DeviceHandler.perform(SetAlarm, {selected_alarm_time(eight), resolved(?X.selected_alarm_time(X), set([selected_alarm_time(eight), selected_alarm_time(eight_thirty), selected_alarm_time(nine)]))}, eng)
2019-09-12 20:43:18,185 - tdm - DEBUG - DeviceHandler invocation ID: a055521c0157a97069f32b45324e22a9
2019-09-12 20:43:18,215 - tdm - DEBUG - FrontendConnectionHandler(id=4594082192, session='2019-09-12T20_43_11_0').on_event(Event(SELECTED_RECOGNITION, 'eight', sender=DmeModule, reason=None))
2019-09-12 20:43:18,215 - tdm - DEBUG - FrontendConnectionHandler(id=4594082192, session='2019-09-12T20_43_11_0'): writing {"content": "eight", "_sender": "DmeModule", "_reason": null, "event_type": "SELECTED_RECOGNITION"}
2019-09-12 20:43:18,215 - tdm - DEBUG - FrontendConnectionHandler(id=4594082192, session='2019-09-12T20_43_11_0'): OK
2019-09-12 20:43:18,216 - tdm - DEBUG - FrontendConnectionHandler(id=4594082192, session='2019-09-12T20_43_11_0').on_event(Event(FACTS, [{'predicate': 'selected_alarm_time', 'grammar_entry': '08:00', 'value': 'eight'}], sender=DmeModule, reason=None))
2019-09-12 20:43:18,216 - tdm - DEBUG - FrontendConnectionHandler(id=4594082192, session='2019-09-12T20_43_11_0'): writing {"content": [{"predicate": "selected_alarm_time", "grammar_entry": "08:00", "value": "eight"}], "_sender": "DmeModule", "_reason": null, "event_type": "FACTS"}
2019-09-12 20:43:18,216 - tdm - DEBUG - FrontendConnectionHandler(id=4594082192, session='2019-09-12T20_43_11_0'): OK
2019-09-12 20:43:18,216 - tdm - DEBUG - FrontendConnectionHandler(id=4594082192, session='2019-09-12T20_43_11_0').on_event(Event(FACTS, [{'predicate': 'selected_alarm_time', 'grammar_entry': '08:00', 'value': 'eight'}], sender=DmeModule, reason=None))
2019-09-12 20:43:18,216 - tdm - DEBUG - FrontendConnectionHandler(id=4594082192, session='2019-09-12T20_43_11_0'): writing {"content": [{"predicate": "selected_alarm_time", "grammar_entry": "08:00", "value": "eight"}], "_sender": "DmeModule", "_reason": null, "event_type": "FACTS"}
2019-09-12 20:43:18,216 - tdm - DEBUG - FrontendConnectionHandler(id=4594082192, session='2019-09-12T20_43_11_0'): OK
2019-09-12 20:43:18,217 - tdm - DEBUG - FrontendConnectionHandler(id=4594082192, session='2019-09-12T20_43_11_0').on_event(Event(END_SYSTEM_TURN, {'passivity_duration': 1.0, 'system_has_asked_question': False}, sender=DmeModule, reason=None))
2019-09-12 20:43:18,217 - tdm - DEBUG - FrontendConnectionHandler(id=4594082192, session='2019-09-12T20_43_11_0'): writing {"content": {"passivity_duration": 1.0, "system_has_asked_question": false}, "_sender": "DmeModule", "_reason": null, "event_type": "END_SYSTEM_TURN"}
2019-09-12 20:43:18,217 - tdm - DEBUG - FrontendConnectionHandler(id=4594082192, session='2019-09-12T20_43_11_0'): OK
2019-09-12 20:43:18,218 - tdm - DEBUG - FrontendConnectionHandler(id=4594082192, session='2019-09-12T20_43_11_0').on_event(Event(EXPECTED_PASSIVITY_DURATION, 1.0, sender=DmeModule, reason=None))
2019-09-12 20:43:18,218 - tdm - DEBUG - FrontendConnectionHandler(id=4594082192, session='2019-09-12T20_43_11_0'): writing {"content": 1.0, "_sender": "DmeModule", "_reason": null, "event_type": "EXPECTED_PASSIVITY_DURATION"}
2019-09-12 20:43:18,218 - tdm - DEBUG - FrontendConnectionHandler(id=4594082192, session='2019-09-12T20_43_11_0'): OK
2019-09-12 20:43:18,218 - tdm - DEBUG - FrontendConnectionHandler(id=4594082192, session='2019-09-12T20_43_11_0').on_event(Event(SYSTEM_UTTERANCE_TO_SPEAK, ['', 'The alarm was set to 08:00.'], sender=None, reason=None))
2019-09-12 20:43:18,218 - tdm - DEBUG - FrontendConnectionHandler(id=4594082192, session='2019-09-12T20_43_11_0'): writing {"content": ["", "The alarm was set to 08:00."], "_sender": null, "_reason": null, "event_type": "SYSTEM_UTTERANCE_TO_SPEAK"}
2019-09-12 20:43:18,219 - tdm - DEBUG - FrontendConnectionHandler(id=4594082192, session='2019-09-12T20_43_11_0'): OK
2019-09-12 20:43:18,219 - tdm - DEBUG - FrontendConnectionHandler(id=4594082192, session='2019-09-12T20_43_11_0').on_event(Event(MESSAGE_TO_GUI, [Popup(The alarm was set to 08:00., elements=[])], sender=None, reason=None))
2019-09-12 20:43:18,219 - tdm - DEBUG - FrontendConnectionHandler(id=4594082192, session='2019-09-12T20_43_11_0'): writing {"content": [{"Popup": {"elements": [], "title": "The alarm was set to 08:00."}}], "_sender": null, "_reason": null, "event_type": "MESSAGE_TO_GUI"}
2019-09-12 20:43:18,219 - tdm - DEBUG - FrontendConnectionHandler(id=4594082192, session='2019-09-12T20_43_11_0'): OK
2019-09-12 20:43:18,219 - tdm - DEBUG - FrontendConnectionHandler(id=4594082192, session='2019-09-12T20_43_11_0').on_event(Event(GUI.POPUP, {'options': [], 'title': 'The alarm was set to 08:00.'}, sender=None, reason=None))
2019-09-12 20:43:18,220 - tdm - DEBUG - FrontendConnectionHandler(id=4594082192, session='2019-09-12T20_43_11_0'): writing {"content": {"options": [], "title": "The alarm was set to 08:00."}, "_sender": null, "_reason": null, "event_type": "GUI.POPUP"}
2019-09-12 20:43:18,220 - tdm - DEBUG - FrontendConnectionHandler(id=4594082192, session='2019-09-12T20_43_11_0'): OK
2019-09-12 20:43:19,223 - tdm - DEBUG - FrontendConnectionHandler(id=4594082192, session='2019-09-12T20_43_11_0').on_message({"content": null, "_sender": "Frontend", "_reason": null, "event_type": "PASSIVITY"})
2019-09-12 20:43:19,267 - tdm - DEBUG - FrontendConnectionHandler(id=4594082192, session='2019-09-12T20_43_11_0').on_event(Event(FACTS, [], sender=DmeModule, reason=None))
2019-09-12 20:43:19,267 - tdm - DEBUG - FrontendConnectionHandler(id=4594082192, session='2019-09-12T20_43_11_0'): writing {"content": [], "_sender": "DmeModule", "_reason": null, "event_type": "FACTS"}
2019-09-12 20:43:19,267 - tdm - DEBUG - FrontendConnectionHandler(id=4594082192, session='2019-09-12T20_43_11_0'): OK
2019-09-12 20:43:19,268 - tdm - DEBUG - FrontendConnectionHandler(id=4594082192, session='2019-09-12T20_43_11_0').on_event(Event(FACTS, [], sender=DmeModule, reason=None))
2019-09-12 20:43:19,268 - tdm - DEBUG - FrontendConnectionHandler(id=4594082192, session='2019-09-12T20_43_11_0'): writing {"content": [], "_sender": "DmeModule", "_reason": null, "event_type": "FACTS"}
2019-09-12 20:43:19,268 - tdm - DEBUG - FrontendConnectionHandler(id=4594082192, session='2019-09-12T20_43_11_0'): OK
2019-09-12 20:43:19,268 - tdm - DEBUG - FrontendConnectionHandler(id=4594082192, session='2019-09-12T20_43_11_0').on_event(Event(END_SYSTEM_TURN, {'passivity_duration': None, 'system_has_asked_question': True}, sender=DmeModule, reason=None))
2019-09-12 20:43:19,268 - tdm - DEBUG - FrontendConnectionHandler(id=4594082192, session='2019-09-12T20_43_11_0'): writing {"content": {"passivity_duration": null, "system_has_asked_question": true}, "_sender": "DmeModule", "_reason": null, "event_type": "END_SYSTEM_TURN"}
2019-09-12 20:43:19,268 - tdm - DEBUG - FrontendConnectionHandler(id=4594082192, session='2019-09-12T20_43_11_0'): OK
2019-09-12 20:43:19,268 - tdm - DEBUG - FrontendConnectionHandler(id=4594082192, session='2019-09-12T20_43_11_0').on_event(Event(SYSTEM_UTTERANCE_TO_SPEAK, ['Returning to main menu.', 'Do you want to know the current time, know the current alarm, set the time or set the alarm?'], sender=None, reason=None))
2019-09-12 20:43:19,268 - tdm - DEBUG - FrontendConnectionHandler(id=4594082192, session='2019-09-12T20_43_11_0'): writing {"content": ["Returning to main menu.", "Do you want to know the current time, know the current alarm, set the time or set the alarm?"], "_sender": null, "_reason": null, "event_type": "SYSTEM_UTTERANCE_TO_SPEAK"}
2019-09-12 20:43:19,269 - tdm - DEBUG - FrontendConnectionHandler(id=4594082192, session='2019-09-12T20_43_11_0'): OK
2019-09-12 20:43:19,269 - tdm - DEBUG - FrontendConnectionHandler(id=4594082192, session='2019-09-12T20_43_11_0').on_event(Event(MESSAGE_TO_GUI, [ClosePopup(), Screen(top, Main menu, [<tdm.nlg.tdm_gui_protocol.Element instance at 0x111ced248>])], sender=None, reason=None))
2019-09-12 20:43:19,269 - tdm - DEBUG - FrontendConnectionHandler(id=4594082192, session='2019-09-12T20_43_11_0'): writing {"content": [{"ClosePopup": {}}, {"Screen": {"elements": [{"Element": {"name": "move", "title": "", "items": [{"Item": {"attributes": null, "selected": false, "predicted": false, "value": "ask(?X.current_time(X))", "title": "The current time?"}}, {"Item": {"attributes": null, "selected": false, "predicted": false, "value": "ask(?X.current_alarm(X))", "title": "The current alarm?"}}, {"Item": {"attributes": null, "selected": false, "predicted": false, "value": "request(set_time)", "title": "Set the time"}}, {"Item": {"attributes": null, "selected": true, "predicted": false, "value": "request(set_alarm)", "title": "Set the alarm"}}], "format": "", "voice_browsed": false, "value": "", "template": "menu", "type": "list"}}], "name": "top", "title": "Main menu"}}], "_sender": null, "_reason": null, "event_type": "MESSAGE_TO_GUI"}
2019-09-12 20:43:19,269 - tdm - DEBUG - FrontendConnectionHandler(id=4594082192, session='2019-09-12T20_43_11_0'): OK
2019-09-12 20:43:22,274 - tdm - DEBUG - FrontendConnectionHandler(id=4594082192, session='2019-09-12T20_43_11_0').on_message({"content": [{"score": 1.0, "utterance": "whats the alarm"}], "_sender": "TextInputComponent", "_reason": null, "event_type": "RECOGNITION"})
2019-09-12 20:43:22,305 - tdm - DEBUG - DeviceHandler.query_all(?X.current_alarm(X), {}, eng)
2019-09-12 20:43:22,305 - tdm - DEBUG - DeviceHandler invocation ID: f513b30c706bd6396f27030448b1240e
2019-09-12 20:43:22,335 - tdm - DEBUG - FrontendConnectionHandler(id=4594082192, session='2019-09-12T20_43_11_0').on_event(Event(SELECTED_RECOGNITION, 'whats the alarm', sender=DmeModule, reason=None))
2019-09-12 20:43:22,335 - tdm - DEBUG - FrontendConnectionHandler(id=4594082192, session='2019-09-12T20_43_11_0'): writing {"content": "whats the alarm", "_sender": "DmeModule", "_reason": null, "event_type": "SELECTED_RECOGNITION"}
2019-09-12 20:43:22,335 - tdm - DEBUG - FrontendConnectionHandler(id=4594082192, session='2019-09-12T20_43_11_0'): OK
2019-09-12 20:43:22,335 - tdm - DEBUG - FrontendConnectionHandler(id=4594082192, session='2019-09-12T20_43_11_0').on_event(Event(FACTS, [{'predicate': 'current_alarm', 'grammar_entry': 'off', 'value': 'alarm_off'}], sender=DmeModule, reason=None))
2019-09-12 20:43:22,335 - tdm - DEBUG - FrontendConnectionHandler(id=4594082192, session='2019-09-12T20_43_11_0'): writing {"content": [{"predicate": "current_alarm", "grammar_entry": "off", "value": "alarm_off"}], "_sender": "DmeModule", "_reason": null, "event_type": "FACTS"}
2019-09-12 20:43:22,336 - tdm - DEBUG - FrontendConnectionHandler(id=4594082192, session='2019-09-12T20_43_11_0'): OK
2019-09-12 20:43:22,336 - tdm - DEBUG - FrontendConnectionHandler(id=4594082192, session='2019-09-12T20_43_11_0').on_event(Event(FACTS, [{'predicate': 'current_alarm', 'grammar_entry': 'off', 'value': 'alarm_off'}], sender=DmeModule, reason=None))
2019-09-12 20:43:22,336 - tdm - DEBUG - FrontendConnectionHandler(id=4594082192, session='2019-09-12T20_43_11_0'): writing {"content": [{"predicate": "current_alarm", "grammar_entry": "off", "value": "alarm_off"}], "_sender": "DmeModule", "_reason": null, "event_type": "FACTS"}
2019-09-12 20:43:22,336 - tdm - DEBUG - FrontendConnectionHandler(id=4594082192, session='2019-09-12T20_43_11_0'): OK
2019-09-12 20:43:22,336 - tdm - DEBUG - FrontendConnectionHandler(id=4594082192, session='2019-09-12T20_43_11_0').on_event(Event(END_SYSTEM_TURN, {'passivity_duration': 1.0, 'system_has_asked_question': False}, sender=DmeModule, reason=None))
2019-09-12 20:43:22,336 - tdm - DEBUG - FrontendConnectionHandler(id=4594082192, session='2019-09-12T20_43_11_0'): writing {"content": {"passivity_duration": 1.0, "system_has_asked_question": false}, "_sender": "DmeModule", "_reason": null, "event_type": "END_SYSTEM_TURN"}
2019-09-12 20:43:22,337 - tdm - DEBUG - FrontendConnectionHandler(id=4594082192, session='2019-09-12T20_43_11_0'): OK
2019-09-12 20:43:22,337 - tdm - DEBUG - FrontendConnectionHandler(id=4594082192, session='2019-09-12T20_43_11_0').on_event(Event(EXPECTED_PASSIVITY_DURATION, 1.0, sender=DmeModule, reason=None))
2019-09-12 20:43:22,337 - tdm - DEBUG - FrontendConnectionHandler(id=4594082192, session='2019-09-12T20_43_11_0'): writing {"content": 1.0, "_sender": "DmeModule", "_reason": null, "event_type": "EXPECTED_PASSIVITY_DURATION"}
2019-09-12 20:43:22,337 - tdm - DEBUG - FrontendConnectionHandler(id=4594082192, session='2019-09-12T20_43_11_0'): OK
2019-09-12 20:43:22,337 - tdm - DEBUG - FrontendConnectionHandler(id=4594082192, session='2019-09-12T20_43_11_0').on_event(Event(SYSTEM_UTTERANCE_TO_SPEAK, ['The alarm is off.'], sender=None, reason=None))
2019-09-12 20:43:22,337 - tdm - DEBUG - FrontendConnectionHandler(id=4594082192, session='2019-09-12T20_43_11_0'): writing {"content": ["The alarm is off."], "_sender": null, "_reason": null, "event_type": "SYSTEM_UTTERANCE_TO_SPEAK"}
2019-09-12 20:43:22,337 - tdm - DEBUG - FrontendConnectionHandler(id=4594082192, session='2019-09-12T20_43_11_0'): OK
2019-09-12 20:43:22,338 - tdm - DEBUG - FrontendConnectionHandler(id=4594082192, session='2019-09-12T20_43_11_0').on_event(Event(MESSAGE_TO_GUI, [Popup(The alarm is off., elements=[])], sender=None, reason=None))
2019-09-12 20:43:22,338 - tdm - DEBUG - FrontendConnectionHandler(id=4594082192, session='2019-09-12T20_43_11_0'): writing {"content": [{"Popup": {"elements": [], "title": "The alarm is off."}}], "_sender": null, "_reason": null, "event_type": "MESSAGE_TO_GUI"}
2019-09-12 20:43:22,338 - tdm - DEBUG - FrontendConnectionHandler(id=4594082192, session='2019-09-12T20_43_11_0'): OK
2019-09-12 20:43:22,338 - tdm - DEBUG - FrontendConnectionHandler(id=4594082192, session='2019-09-12T20_43_11_0').on_event(Event(GUI.POPUP, {'options': [], 'title': 'The alarm is off.'}, sender=None, reason=None))
2019-09-12 20:43:22,338 - tdm - DEBUG - FrontendConnectionHandler(id=4594082192, session='2019-09-12T20_43_11_0'): writing {"content": {"options": [], "title": "The alarm is off."}, "_sender": null, "_reason": null, "event_type": "GUI.POPUP"}
2019-09-12 20:43:22,338 - tdm - DEBUG - FrontendConnectionHandler(id=4594082192, session='2019-09-12T20_43_11_0'): OK
2019-09-12 20:43:23,343 - tdm - DEBUG - FrontendConnectionHandler(id=4594082192, session='2019-09-12T20_43_11_0').on_message({"content": null, "_sender": "Frontend", "_reason": null, "event_type": "PASSIVITY"})
2019-09-12 20:43:23,385 - tdm - DEBUG - FrontendConnectionHandler(id=4594082192, session='2019-09-12T20_43_11_0').on_event(Event(FACTS, [], sender=DmeModule, reason=None))
2019-09-12 20:43:23,385 - tdm - DEBUG - FrontendConnectionHandler(id=4594082192, session='2019-09-12T20_43_11_0'): writing {"content": [], "_sender": "DmeModule", "_reason": null, "event_type": "FACTS"}
2019-09-12 20:43:23,385 - tdm - DEBUG - FrontendConnectionHandler(id=4594082192, session='2019-09-12T20_43_11_0'): OK
2019-09-12 20:43:23,385 - tdm - DEBUG - FrontendConnectionHandler(id=4594082192, session='2019-09-12T20_43_11_0').on_event(Event(FACTS, [], sender=DmeModule, reason=None))
2019-09-12 20:43:23,385 - tdm - DEBUG - FrontendConnectionHandler(id=4594082192, session='2019-09-12T20_43_11_0'): writing {"content": [], "_sender": "DmeModule", "_reason": null, "event_type": "FACTS"}
2019-09-12 20:43:23,385 - tdm - DEBUG - FrontendConnectionHandler(id=4594082192, session='2019-09-12T20_43_11_0'): OK
2019-09-12 20:43:23,386 - tdm - DEBUG - FrontendConnectionHandler(id=4594082192, session='2019-09-12T20_43_11_0').on_event(Event(END_SYSTEM_TURN, {'passivity_duration': None, 'system_has_asked_question': True}, sender=DmeModule, reason=None))
2019-09-12 20:43:23,386 - tdm - DEBUG - FrontendConnectionHandler(id=4594082192, session='2019-09-12T20_43_11_0'): writing {"content": {"passivity_duration": null, "system_has_asked_question": true}, "_sender": "DmeModule", "_reason": null, "event_type": "END_SYSTEM_TURN"}
2019-09-12 20:43:23,386 - tdm - DEBUG - FrontendConnectionHandler(id=4594082192, session='2019-09-12T20_43_11_0'): OK
2019-09-12 20:43:23,386 - tdm - DEBUG - FrontendConnectionHandler(id=4594082192, session='2019-09-12T20_43_11_0').on_event(Event(SYSTEM_UTTERANCE_TO_SPEAK, ['Returning to main menu.', 'Do you want to know the current time, know the current alarm, set the time or set the alarm?'], sender=None, reason=None))
2019-09-12 20:43:23,386 - tdm - DEBUG - FrontendConnectionHandler(id=4594082192, session='2019-09-12T20_43_11_0'): writing {"content": ["Returning to main menu.", "Do you want to know the current time, know the current alarm, set the time or set the alarm?"], "_sender": null, "_reason": null, "event_type": "SYSTEM_UTTERANCE_TO_SPEAK"}
2019-09-12 20:43:23,386 - tdm - DEBUG - FrontendConnectionHandler(id=4594082192, session='2019-09-12T20_43_11_0'): OK
2019-09-12 20:43:23,387 - tdm - DEBUG - FrontendConnectionHandler(id=4594082192, session='2019-09-12T20_43_11_0').on_event(Event(MESSAGE_TO_GUI, [ClosePopup(), Screen(top, Main menu, [<tdm.nlg.tdm_gui_protocol.Element instance at 0x111cedc68>])], sender=None, reason=None))
2019-09-12 20:43:23,387 - tdm - DEBUG - FrontendConnectionHandler(id=4594082192, session='2019-09-12T20_43_11_0'): writing {"content": [{"ClosePopup": {}}, {"Screen": {"elements": [{"Element": {"name": "move", "title": "", "items": [{"Item": {"attributes": null, "selected": false, "predicted": false, "value": "ask(?X.current_time(X))", "title": "The current time?"}}, {"Item": {"attributes": null, "selected": false, "predicted": false, "value": "ask(?X.current_alarm(X))", "title": "The current alarm?"}}, {"Item": {"attributes": null, "selected": false, "predicted": false, "value": "request(set_time)", "title": "Set the time"}}, {"Item": {"attributes": null, "selected": true, "predicted": false, "value": "request(set_alarm)", "title": "Set the alarm"}}], "format": "", "voice_browsed": false, "value": "", "template": "menu", "type": "list"}}], "name": "top", "title": "Main menu"}}], "_sender": null, "_reason": null, "event_type": "MESSAGE_TO_GUI"}
2019-09-12 20:43:23,387 - tdm - DEBUG - FrontendConnectionHandler(id=4594082192, session='2019-09-12T20_43_11_0'): OK
2019-09-12 20:43:49,257 - tdm - DEBUG - FrontendConnectionHandler(id=4594082192, session='2019-09-12T20_43_11_0').on_close()
2019-09-12 20:43:49,257 - tdm - DEBUG - SessionManager.stop('2019-09-12T20_43_11_0')
2019-09-12 20:43:49,258 - tdm - DEBUG - TdmApplication.stop(): Stopping HTTP server
2019-09-12 20:43:49,258 - tdm - DEBUG - TdmApplication.stop(): Stopping IO-loop
2019-09-12 20:43:49,258 - tdm - DEBUG - TdmApplication.stop(): Stopping sessions []
