2019-09-12 20:26:15,519 - tdm - DEBUG - EntityDb(time): add_entity(sort=u'alarm_time', grammar_entry='08:30', name=u'eight_thirty')
2019-09-12 20:26:15,519 - tdm - DEBUG - EntityDb(time): add_entity returns u'eight_thirty'
2019-09-12 20:26:15,519 - tdm - DEBUG - EntityDb(time): add_entity(sort=u'alarm_time', grammar_entry='8:30', name=u'eight_thirty')
2019-09-12 20:26:15,519 - tdm - DEBUG - EntityDb(time): add_entity returns u'eight_thirty'
2019-09-12 20:26:15,519 - tdm - DEBUG - EntityDb(time): add_entity(sort=u'alarm_time', grammar_entry='8 30', name=u'eight_thirty')
2019-09-12 20:26:15,519 - tdm - DEBUG - EntityDb(time): add_entity returns u'eight_thirty'
2019-09-12 20:26:15,519 - tdm - DEBUG - EntityDb(time): add_entity(sort=u'alarm_time', grammar_entry='08 30', name=u'eight_thirty')
2019-09-12 20:26:15,520 - tdm - DEBUG - EntityDb(time): add_entity returns u'eight_thirty'
2019-09-12 20:26:15,520 - tdm - DEBUG - EntityDb(time): add_entity(sort=u'alarm_time', grammar_entry='eight thirty', name=u'eight_thirty')
2019-09-12 20:26:15,520 - tdm - DEBUG - EntityDb(time): add_entity returns u'eight_thirty'
2019-09-12 20:26:15,520 - tdm - DEBUG - EntityDb(time): add_entity(sort=u'alarm_time', grammar_entry='09:00', name=u'nine')
2019-09-12 20:26:15,520 - tdm - DEBUG - EntityDb(time): add_entity returns u'nine'
2019-09-12 20:26:15,520 - tdm - DEBUG - EntityDb(time): add_entity(sort=u'alarm_time', grammar_entry='9:00', name=u'nine')
2019-09-12 20:26:15,520 - tdm - DEBUG - EntityDb(time): add_entity returns u'nine'
2019-09-12 20:26:15,521 - tdm - DEBUG - EntityDb(time): add_entity(sort=u'alarm_time', grammar_entry='09', name=u'nine')
2019-09-12 20:26:15,521 - tdm - DEBUG - EntityDb(time): add_entity returns u'nine'
2019-09-12 20:26:15,521 - tdm - DEBUG - EntityDb(time): add_entity(sort=u'alarm_time', grammar_entry='9', name=u'nine')
2019-09-12 20:26:15,521 - tdm - DEBUG - EntityDb(time): add_entity returns u'nine'
2019-09-12 20:26:15,521 - tdm - DEBUG - EntityDb(time): add_entity(sort=u'alarm_time', grammar_entry='nine', name=u'nine')
2019-09-12 20:26:15,521 - tdm - DEBUG - EntityDb(time): add_entity returns u'nine'
2019-09-12 20:26:15,521 - tdm - DEBUG - EntityDb(time): add_entity(sort=u'alarm_time', grammar_entry='08:00', name=u'eight')
2019-09-12 20:26:15,521 - tdm - DEBUG - EntityDb(time): add_entity returns u'eight'
2019-09-12 20:26:15,521 - tdm - DEBUG - EntityDb(time): add_entity(sort=u'alarm_time', grammar_entry='8:00', name=u'eight')
2019-09-12 20:26:15,521 - tdm - DEBUG - EntityDb(time): add_entity returns u'eight'
2019-09-12 20:26:15,521 - tdm - DEBUG - EntityDb(time): add_entity(sort=u'alarm_time', grammar_entry='8', name=u'eight')
2019-09-12 20:26:15,521 - tdm - DEBUG - EntityDb(time): add_entity returns u'eight'
2019-09-12 20:26:15,521 - tdm - DEBUG - EntityDb(time): add_entity(sort=u'alarm_time', grammar_entry='08', name=u'eight')
2019-09-12 20:26:15,522 - tdm - DEBUG - EntityDb(time): add_entity returns u'eight'
2019-09-12 20:26:15,522 - tdm - DEBUG - EntityDb(time): add_entity(sort=u'alarm_time', grammar_entry='eight', name=u'eight')
2019-09-12 20:26:15,522 - tdm - DEBUG - EntityDb(time): add_entity returns u'eight'
2019-09-12 20:26:15,522 - tdm - DEBUG - EntityDb(time): add_entity(sort=u'alarm_time', grammar_entry='off', name=u'alarm_off')
2019-09-12 20:26:15,522 - tdm - DEBUG - EntityDb(time): add_entity returns u'alarm_off'
2019-09-12 20:26:15,522 - tdm - DEBUG - DddDb().__init__(name='ddds', default_ddds=[u'time'])
2019-09-12 20:26:15,522 - tdm - DEBUG - DddDb(): DB file name is '/Users/marta/Desktop/Course project/time_ddd/ddds.json'
2019-09-12 20:26:15,530 - tdm - DEBUG - FrontendConnectionHandler(id=4343017808, session=None).open()
2019-09-12 20:26:15,531 - tdm - DEBUG - thread_manager.create_thread() with threading.active_count()=3
2019-09-12 20:26:15,531 - tdm - DEBUG - FrontendConnectionHandler(id=4343017808, session=None).on_message({"handshake_content": {"session_id": null, "keep_session_alive": false}, "name": "Frontend"})
2019-09-12 20:26:15,532 - tdm - DEBUG - thread_manager.create_thread() with threading.active_count()=4
2019-09-12 20:26:15,532 - tdm - DEBUG - FrontendConnectionHandler(id=4343017808, session=None)._register({"handshake_content": {"session_id": null, "keep_session_alive": false}, "name": "Frontend"})
2019-09-12 20:26:15,533 - tdm - DEBUG - Creating backend and session with id 2019-09-12T20_26_15_0.
2019-09-12 20:26:15,536 - tdm - DEBUG - FrontendConnectionHandler(id=4343017808, session='2019-09-12T20_26_15_0'): writing {"content": "2019-09-12T20_26_15_0", "_sender": null, "_reason": null, "event_type": "SESSION_ID"}
2019-09-12 20:26:15,536 - tdm - DEBUG - FrontendConnectionHandler(id=4343017808, session='2019-09-12T20_26_15_0'): OK
2019-09-12 20:26:15,536 - tdm - DEBUG - FrontendConnectionHandler._register: Registered in session 2019-09-12T20_26_15_0 with backend <tdm.backend.Backend object at 0x102dfa490>.
2019-09-12 20:26:15,536 - tdm - DEBUG - FrontendConnectionHandler(id=4343017808, session='2019-09-12T20_26_15_0').on_message({"content": null, "_sender": "Frontend", "_reason": null, "event_type": "START"})
2019-09-12 20:26:15,571 - tdm - DEBUG - FrontendConnectionHandler(id=4343017808, session='2019-09-12T20_26_15_0').on_event(Event(SET_DDD, {'ddd_name': 'time', 'language_code': 'eng'}, sender=DmeModule, reason=None))
2019-09-12 20:26:15,571 - tdm - DEBUG - FrontendConnectionHandler(id=4343017808, session='2019-09-12T20_26_15_0'): writing {"content": {"ddd_name": "time", "language_code": "eng"}, "_sender": "DmeModule", "_reason": null, "event_type": "SET_DDD"}
2019-09-12 20:26:15,571 - tdm - DEBUG - FrontendConnectionHandler(id=4343017808, session='2019-09-12T20_26_15_0'): OK
2019-09-12 20:26:15,572 - tdm - DEBUG - FrontendConnectionHandler(id=4343017808, session='2019-09-12T20_26_15_0').on_event(Event(FACTS, [], sender=DmeModule, reason=None))
2019-09-12 20:26:15,572 - tdm - DEBUG - FrontendConnectionHandler(id=4343017808, session='2019-09-12T20_26_15_0'): writing {"content": [], "_sender": "DmeModule", "_reason": null, "event_type": "FACTS"}
2019-09-12 20:26:15,572 - tdm - DEBUG - FrontendConnectionHandler(id=4343017808, session='2019-09-12T20_26_15_0'): OK
2019-09-12 20:26:15,572 - tdm - DEBUG - FrontendConnectionHandler(id=4343017808, session='2019-09-12T20_26_15_0').on_event(Event(FACTS, [], sender=DmeModule, reason=None))
2019-09-12 20:26:15,572 - tdm - DEBUG - FrontendConnectionHandler(id=4343017808, session='2019-09-12T20_26_15_0'): writing {"content": [], "_sender": "DmeModule", "_reason": null, "event_type": "FACTS"}
2019-09-12 20:26:15,572 - tdm - DEBUG - FrontendConnectionHandler(id=4343017808, session='2019-09-12T20_26_15_0'): OK
2019-09-12 20:26:15,573 - tdm - DEBUG - FrontendConnectionHandler(id=4343017808, session='2019-09-12T20_26_15_0').on_event(Event(END_SYSTEM_TURN, {'passivity_duration': None, 'system_has_asked_question': True}, sender=DmeModule, reason=None))
2019-09-12 20:26:15,573 - tdm - DEBUG - FrontendConnectionHandler(id=4343017808, session='2019-09-12T20_26_15_0'): writing {"content": {"passivity_duration": null, "system_has_asked_question": true}, "_sender": "DmeModule", "_reason": null, "event_type": "END_SYSTEM_TURN"}
2019-09-12 20:26:15,573 - tdm - DEBUG - FrontendConnectionHandler(id=4343017808, session='2019-09-12T20_26_15_0'): OK
2019-09-12 20:26:15,573 - tdm - DEBUG - FrontendConnectionHandler(id=4343017808, session='2019-09-12T20_26_15_0').on_event(Event(SYSTEM_UTTERANCE_TO_SPEAK, ['Do you want to know the current time, know the current alarm, set the time or set the alarm?'], sender=None, reason=None))
2019-09-12 20:26:15,573 - tdm - DEBUG - FrontendConnectionHandler(id=4343017808, session='2019-09-12T20_26_15_0'): writing {"content": ["Do you want to know the current time, know the current alarm, set the time or set the alarm?"], "_sender": null, "_reason": null, "event_type": "SYSTEM_UTTERANCE_TO_SPEAK"}
2019-09-12 20:26:15,574 - tdm - DEBUG - FrontendConnectionHandler(id=4343017808, session='2019-09-12T20_26_15_0'): OK
2019-09-12 20:26:15,574 - tdm - DEBUG - FrontendConnectionHandler(id=4343017808, session='2019-09-12T20_26_15_0').on_event(Event(MESSAGE_TO_GUI, [Screen(top, Main menu, [<tdm.nlg.tdm_gui_protocol.Element instance at 0x102d827e8>])], sender=None, reason=None))
2019-09-12 20:26:15,574 - tdm - DEBUG - FrontendConnectionHandler(id=4343017808, session='2019-09-12T20_26_15_0'): writing {"content": [{"Screen": {"elements": [{"Element": {"name": "move", "title": "", "items": [{"Item": {"attributes": null, "selected": false, "predicted": false, "value": "ask(?X.current_time(X))", "title": "The current time?"}}, {"Item": {"attributes": null, "selected": false, "predicted": false, "value": "ask(?X.current_alarm(X))", "title": "The current alarm?"}}, {"Item": {"attributes": null, "selected": false, "predicted": false, "value": "request(set_time)", "title": "Set the time"}}, {"Item": {"attributes": null, "selected": false, "predicted": false, "value": "request(set_alarm)", "title": "Set the alarm"}}], "format": "", "voice_browsed": false, "value": "", "template": "menu", "type": "list"}}], "name": "top", "title": "Main menu"}}], "_sender": null, "_reason": null, "event_type": "MESSAGE_TO_GUI"}
2019-09-12 20:26:15,574 - tdm - DEBUG - FrontendConnectionHandler(id=4343017808, session='2019-09-12T20_26_15_0'): OK
2019-09-12 20:26:18,270 - tdm - DEBUG - FrontendConnectionHandler(id=4343017808, session='2019-09-12T20_26_15_0').on_message({"content": [{"score": 1.0, "utterance": "set the alarm"}], "_sender": "TextInputComponent", "_reason": null, "event_type": "RECOGNITION"})
2019-09-12 20:26:18,305 - tdm - DEBUG - DeviceHandler.query_all(?X.selected_alarm_time(X), {}, eng)
2019-09-12 20:26:18,305 - tdm - DEBUG - DeviceHandler invocation ID: 51a649231d33ca36ddc3ea792e3cb09e
2019-09-12 20:26:18,305 - tdm - DEBUG - DeviceHandler.query_all(?X.selected_alarm_time(X), {}, eng)
2019-09-12 20:26:18,305 - tdm - DEBUG - DeviceHandler invocation ID: b9e69f68e25338d5d6507e1d94263427
2019-09-12 20:26:18,307 - tdm - DEBUG - DeviceHandler.query_all(?X.selected_alarm_time(X), {}, eng)
2019-09-12 20:26:18,307 - tdm - DEBUG - DeviceHandler invocation ID: 37f8f0ea32de6588a91fbccbb028a391
2019-09-12 20:26:18,307 - tdm - DEBUG - DeviceHandler.query_all(?X.selected_alarm_time(X), {}, eng)
2019-09-12 20:26:18,307 - tdm - DEBUG - DeviceHandler invocation ID: a13839e8a20edf92c4e6c0ac9c17dc3f
2019-09-12 20:26:18,316 - tdm - DEBUG - DeviceHandler.query_all(?X.selected_alarm_time(X), {}, eng)
2019-09-12 20:26:18,316 - tdm - DEBUG - DeviceHandler invocation ID: c6984d058e14c205705ed16481bb53e7
2019-09-12 20:26:18,335 - tdm - DEBUG - DeviceHandler.query_all(?X.selected_alarm_time(X), {}, eng)
2019-09-12 20:26:18,335 - tdm - DEBUG - DeviceHandler invocation ID: 192cc19a8f8f432042bc2c3373e746df
2019-09-12 20:26:18,336 - tdm - DEBUG - DeviceHandler.query_all(?X.selected_alarm_time(X), {}, eng)
2019-09-12 20:26:18,336 - tdm - DEBUG - DeviceHandler invocation ID: 874c102f307b40177814b825ee146392
2019-09-12 20:26:18,343 - tdm - DEBUG - FrontendConnectionHandler(id=4343017808, session='2019-09-12T20_26_15_0').on_event(Event(SELECTED_RECOGNITION, 'set the alarm', sender=DmeModule, reason=None))
2019-09-12 20:26:18,344 - tdm - DEBUG - FrontendConnectionHandler(id=4343017808, session='2019-09-12T20_26_15_0'): writing {"content": "set the alarm", "_sender": "DmeModule", "_reason": null, "event_type": "SELECTED_RECOGNITION"}
2019-09-12 20:26:18,344 - tdm - DEBUG - FrontendConnectionHandler(id=4343017808, session='2019-09-12T20_26_15_0'): OK
2019-09-12 20:26:18,344 - tdm - DEBUG - FrontendConnectionHandler(id=4343017808, session='2019-09-12T20_26_15_0').on_event(Event(FACTS, [], sender=DmeModule, reason=None))
2019-09-12 20:26:18,344 - tdm - DEBUG - FrontendConnectionHandler(id=4343017808, session='2019-09-12T20_26_15_0'): writing {"content": [], "_sender": "DmeModule", "_reason": null, "event_type": "FACTS"}
2019-09-12 20:26:18,344 - tdm - DEBUG - FrontendConnectionHandler(id=4343017808, session='2019-09-12T20_26_15_0'): OK
2019-09-12 20:26:18,344 - tdm - DEBUG - FrontendConnectionHandler(id=4343017808, session='2019-09-12T20_26_15_0').on_event(Event(FACTS, [], sender=DmeModule, reason=None))
2019-09-12 20:26:18,344 - tdm - DEBUG - FrontendConnectionHandler(id=4343017808, session='2019-09-12T20_26_15_0'): writing {"content": [], "_sender": "DmeModule", "_reason": null, "event_type": "FACTS"}
2019-09-12 20:26:18,345 - tdm - DEBUG - FrontendConnectionHandler(id=4343017808, session='2019-09-12T20_26_15_0'): OK
2019-09-12 20:26:18,345 - tdm - DEBUG - FrontendConnectionHandler(id=4343017808, session='2019-09-12T20_26_15_0').on_event(Event(END_SYSTEM_TURN, {'passivity_duration': 5.0, 'system_has_asked_question': True}, sender=DmeModule, reason=None))
2019-09-12 20:26:18,345 - tdm - DEBUG - FrontendConnectionHandler(id=4343017808, session='2019-09-12T20_26_15_0'): writing {"content": {"passivity_duration": 5.0, "system_has_asked_question": true}, "_sender": "DmeModule", "_reason": null, "event_type": "END_SYSTEM_TURN"}
2019-09-12 20:26:18,345 - tdm - DEBUG - FrontendConnectionHandler(id=4343017808, session='2019-09-12T20_26_15_0'): OK
2019-09-12 20:26:18,345 - tdm - DEBUG - FrontendConnectionHandler(id=4343017808, session='2019-09-12T20_26_15_0').on_event(Event(EXPECTED_PASSIVITY_DURATION, 5.0, sender=DmeModule, reason=None))
2019-09-12 20:26:18,345 - tdm - DEBUG - FrontendConnectionHandler(id=4343017808, session='2019-09-12T20_26_15_0'): writing {"content": 5.0, "_sender": "DmeModule", "_reason": null, "event_type": "EXPECTED_PASSIVITY_DURATION"}
2019-09-12 20:26:18,345 - tdm - DEBUG - FrontendConnectionHandler(id=4343017808, session='2019-09-12T20_26_15_0'): OK
2019-09-12 20:26:18,346 - tdm - DEBUG - FrontendConnectionHandler(id=4343017808, session='2019-09-12T20_26_15_0').on_event(Event(SYSTEM_UTTERANCE_TO_SPEAK, ['', '', 'What time do you want to set your alarm to : 08:00, 08:30 or 09:00?'], sender=None, reason=None))
2019-09-12 20:26:18,346 - tdm - DEBUG - FrontendConnectionHandler(id=4343017808, session='2019-09-12T20_26_15_0'): writing {"content": ["", "", "What time do you want to set your alarm to : 08:00, 08:30 or 09:00?"], "_sender": null, "_reason": null, "event_type": "SYSTEM_UTTERANCE_TO_SPEAK"}
2019-09-12 20:26:18,346 - tdm - DEBUG - FrontendConnectionHandler(id=4343017808, session='2019-09-12T20_26_15_0'): OK
2019-09-12 20:26:18,346 - tdm - DEBUG - FrontendConnectionHandler(id=4343017808, session='2019-09-12T20_26_15_0').on_event(Event(MESSAGE_TO_GUI, [Screen(set_alarm, Set the alarm, [<tdm.nlg.tdm_gui_protocol.Element instance at 0x102e5e680>])], sender=None, reason=None))
2019-09-12 20:26:18,346 - tdm - DEBUG - FrontendConnectionHandler(id=4343017808, session='2019-09-12T20_26_15_0'): writing {"content": [{"Screen": {"elements": [{"Element": {"name": "move", "title": null, "items": [{"Item": {"attributes": [], "selected": false, "predicted": false, "value": "answer(selected_alarm_time(eight))", "title": "08:00"}}, {"Item": {"attributes": [], "selected": false, "predicted": false, "value": "answer(selected_alarm_time(eight_thirty))", "title": "08:30"}}, {"Item": {"attributes": [], "selected": false, "predicted": false, "value": "answer(selected_alarm_time(nine))", "title": "09:00"}}], "format": "", "voice_browsed": false, "value": "", "template": "list", "type": "list"}}], "name": "set_alarm", "title": "Set the alarm"}}], "_sender": null, "_reason": null, "event_type": "MESSAGE_TO_GUI"}
2019-09-12 20:26:18,347 - tdm - DEBUG - FrontendConnectionHandler(id=4343017808, session='2019-09-12T20_26_15_0'): OK
2019-09-12 20:26:20,828 - tdm - DEBUG - FrontendConnectionHandler(id=4343017808, session='2019-09-12T20_26_15_0').on_message({"content": [{"score": 1.0, "utterance": "eight"}], "_sender": "TextInputComponent", "_reason": null, "event_type": "RECOGNITION"})
2019-09-12 20:26:20,843 - tdm - DEBUG - DeviceHandler.query_all(?X.selected_alarm_time(X), set([selected_alarm_time(eight), selected_alarm_time(eight_thirty), selected_alarm_time(nine)]), {}, eng)
2019-09-12 20:26:20,844 - tdm - DEBUG - DeviceHandler invocation ID: 9a6f0f145bc01f75c0d1d1664cdfc584
2019-09-12 20:26:20,853 - tdm - DEBUG - DeviceHandler.is_valid_parameter(selected_alarm_time(eight), {}, eng)
2019-09-12 20:26:20,860 - tdm - DEBUG - DeviceHandler.perform(SetAlarm, {selected_alarm_time(eight), resolved(?X.selected_alarm_time(X), set([selected_alarm_time(eight), selected_alarm_time(eight_thirty), selected_alarm_time(nine)]))}, eng)
2019-09-12 20:26:20,860 - tdm - DEBUG - DeviceHandler invocation ID: cc489fac067841a1ba5a51f7346a49c4
2019-09-12 20:26:20,890 - tdm - DEBUG - FrontendConnectionHandler(id=4343017808, session='2019-09-12T20_26_15_0').on_event(Event(SELECTED_RECOGNITION, 'eight', sender=DmeModule, reason=None))
2019-09-12 20:26:20,890 - tdm - DEBUG - FrontendConnectionHandler(id=4343017808, session='2019-09-12T20_26_15_0'): writing {"content": "eight", "_sender": "DmeModule", "_reason": null, "event_type": "SELECTED_RECOGNITION"}
2019-09-12 20:26:20,890 - tdm - DEBUG - FrontendConnectionHandler(id=4343017808, session='2019-09-12T20_26_15_0'): OK
2019-09-12 20:26:20,890 - tdm - DEBUG - FrontendConnectionHandler(id=4343017808, session='2019-09-12T20_26_15_0').on_event(Event(FACTS, [{'predicate': 'selected_alarm_time', 'grammar_entry': '08:00', 'value': 'eight'}], sender=DmeModule, reason=None))
2019-09-12 20:26:20,890 - tdm - DEBUG - FrontendConnectionHandler(id=4343017808, session='2019-09-12T20_26_15_0'): writing {"content": [{"predicate": "selected_alarm_time", "grammar_entry": "08:00", "value": "eight"}], "_sender": "DmeModule", "_reason": null, "event_type": "FACTS"}
2019-09-12 20:26:20,890 - tdm - DEBUG - FrontendConnectionHandler(id=4343017808, session='2019-09-12T20_26_15_0'): OK
2019-09-12 20:26:20,891 - tdm - DEBUG - FrontendConnectionHandler(id=4343017808, session='2019-09-12T20_26_15_0').on_event(Event(FACTS, [{'predicate': 'selected_alarm_time', 'grammar_entry': '08:00', 'value': 'eight'}], sender=DmeModule, reason=None))
2019-09-12 20:26:20,891 - tdm - DEBUG - FrontendConnectionHandler(id=4343017808, session='2019-09-12T20_26_15_0'): writing {"content": [{"predicate": "selected_alarm_time", "grammar_entry": "08:00", "value": "eight"}], "_sender": "DmeModule", "_reason": null, "event_type": "FACTS"}
2019-09-12 20:26:20,891 - tdm - DEBUG - FrontendConnectionHandler(id=4343017808, session='2019-09-12T20_26_15_0'): OK
2019-09-12 20:26:20,891 - tdm - DEBUG - FrontendConnectionHandler(id=4343017808, session='2019-09-12T20_26_15_0').on_event(Event(END_SYSTEM_TURN, {'passivity_duration': 1.0, 'system_has_asked_question': False}, sender=DmeModule, reason=None))
2019-09-12 20:26:20,891 - tdm - DEBUG - FrontendConnectionHandler(id=4343017808, session='2019-09-12T20_26_15_0'): writing {"content": {"passivity_duration": 1.0, "system_has_asked_question": false}, "_sender": "DmeModule", "_reason": null, "event_type": "END_SYSTEM_TURN"}
2019-09-12 20:26:20,891 - tdm - DEBUG - FrontendConnectionHandler(id=4343017808, session='2019-09-12T20_26_15_0'): OK
2019-09-12 20:26:20,891 - tdm - DEBUG - FrontendConnectionHandler(id=4343017808, session='2019-09-12T20_26_15_0').on_event(Event(EXPECTED_PASSIVITY_DURATION, 1.0, sender=DmeModule, reason=None))
2019-09-12 20:26:20,891 - tdm - DEBUG - FrontendConnectionHandler(id=4343017808, session='2019-09-12T20_26_15_0'): writing {"content": 1.0, "_sender": "DmeModule", "_reason": null, "event_type": "EXPECTED_PASSIVITY_DURATION"}
2019-09-12 20:26:20,892 - tdm - DEBUG - FrontendConnectionHandler(id=4343017808, session='2019-09-12T20_26_15_0'): OK
2019-09-12 20:26:20,892 - tdm - DEBUG - FrontendConnectionHandler(id=4343017808, session='2019-09-12T20_26_15_0').on_event(Event(SYSTEM_UTTERANCE_TO_SPEAK, ['', 'The alarm was set to 08:00.'], sender=None, reason=None))
2019-09-12 20:26:20,892 - tdm - DEBUG - FrontendConnectionHandler(id=4343017808, session='2019-09-12T20_26_15_0'): writing {"content": ["", "The alarm was set to 08:00."], "_sender": null, "_reason": null, "event_type": "SYSTEM_UTTERANCE_TO_SPEAK"}
2019-09-12 20:26:20,892 - tdm - DEBUG - FrontendConnectionHandler(id=4343017808, session='2019-09-12T20_26_15_0'): OK
2019-09-12 20:26:20,892 - tdm - DEBUG - FrontendConnectionHandler(id=4343017808, session='2019-09-12T20_26_15_0').on_event(Event(MESSAGE_TO_GUI, [Popup(The alarm was set to 08:00., elements=[])], sender=None, reason=None))
2019-09-12 20:26:20,893 - tdm - DEBUG - FrontendConnectionHandler(id=4343017808, session='2019-09-12T20_26_15_0'): writing {"content": [{"Popup": {"elements": [], "title": "The alarm was set to 08:00."}}], "_sender": null, "_reason": null, "event_type": "MESSAGE_TO_GUI"}
2019-09-12 20:26:20,893 - tdm - DEBUG - FrontendConnectionHandler(id=4343017808, session='2019-09-12T20_26_15_0'): OK
2019-09-12 20:26:20,893 - tdm - DEBUG - FrontendConnectionHandler(id=4343017808, session='2019-09-12T20_26_15_0').on_event(Event(GUI.POPUP, {'options': [], 'title': 'The alarm was set to 08:00.'}, sender=None, reason=None))
2019-09-12 20:26:20,893 - tdm - DEBUG - FrontendConnectionHandler(id=4343017808, session='2019-09-12T20_26_15_0'): writing {"content": {"options": [], "title": "The alarm was set to 08:00."}, "_sender": null, "_reason": null, "event_type": "GUI.POPUP"}
2019-09-12 20:26:20,893 - tdm - DEBUG - FrontendConnectionHandler(id=4343017808, session='2019-09-12T20_26_15_0'): OK
2019-09-12 20:26:21,905 - tdm - DEBUG - FrontendConnectionHandler(id=4343017808, session='2019-09-12T20_26_15_0').on_message({"content": null, "_sender": "Frontend", "_reason": null, "event_type": "PASSIVITY"})
2019-09-12 20:26:21,948 - tdm - DEBUG - FrontendConnectionHandler(id=4343017808, session='2019-09-12T20_26_15_0').on_event(Event(FACTS, [], sender=DmeModule, reason=None))
2019-09-12 20:26:21,948 - tdm - DEBUG - FrontendConnectionHandler(id=4343017808, session='2019-09-12T20_26_15_0'): writing {"content": [], "_sender": "DmeModule", "_reason": null, "event_type": "FACTS"}
2019-09-12 20:26:21,948 - tdm - DEBUG - FrontendConnectionHandler(id=4343017808, session='2019-09-12T20_26_15_0'): OK
2019-09-12 20:26:21,949 - tdm - DEBUG - FrontendConnectionHandler(id=4343017808, session='2019-09-12T20_26_15_0').on_event(Event(FACTS, [], sender=DmeModule, reason=None))
2019-09-12 20:26:21,949 - tdm - DEBUG - FrontendConnectionHandler(id=4343017808, session='2019-09-12T20_26_15_0'): writing {"content": [], "_sender": "DmeModule", "_reason": null, "event_type": "FACTS"}
2019-09-12 20:26:21,949 - tdm - DEBUG - FrontendConnectionHandler(id=4343017808, session='2019-09-12T20_26_15_0'): OK
2019-09-12 20:26:21,949 - tdm - DEBUG - FrontendConnectionHandler(id=4343017808, session='2019-09-12T20_26_15_0').on_event(Event(END_SYSTEM_TURN, {'passivity_duration': None, 'system_has_asked_question': True}, sender=DmeModule, reason=None))
2019-09-12 20:26:21,949 - tdm - DEBUG - FrontendConnectionHandler(id=4343017808, session='2019-09-12T20_26_15_0'): writing {"content": {"passivity_duration": null, "system_has_asked_question": true}, "_sender": "DmeModule", "_reason": null, "event_type": "END_SYSTEM_TURN"}
2019-09-12 20:26:21,949 - tdm - DEBUG - FrontendConnectionHandler(id=4343017808, session='2019-09-12T20_26_15_0'): OK
2019-09-12 20:26:21,949 - tdm - DEBUG - FrontendConnectionHandler(id=4343017808, session='2019-09-12T20_26_15_0').on_event(Event(SYSTEM_UTTERANCE_TO_SPEAK, ['Returning to main menu.', 'Do you want to know the current time, know the current alarm, set the time or set the alarm?'], sender=None, reason=None))
2019-09-12 20:26:21,950 - tdm - DEBUG - FrontendConnectionHandler(id=4343017808, session='2019-09-12T20_26_15_0'): writing {"content": ["Returning to main menu.", "Do you want to know the current time, know the current alarm, set the time or set the alarm?"], "_sender": null, "_reason": null, "event_type": "SYSTEM_UTTERANCE_TO_SPEAK"}
2019-09-12 20:26:21,950 - tdm - DEBUG - FrontendConnectionHandler(id=4343017808, session='2019-09-12T20_26_15_0'): OK
2019-09-12 20:26:21,950 - tdm - DEBUG - FrontendConnectionHandler(id=4343017808, session='2019-09-12T20_26_15_0').on_event(Event(MESSAGE_TO_GUI, [ClosePopup(), Screen(top, Main menu, [<tdm.nlg.tdm_gui_protocol.Element instance at 0x102e5eb00>])], sender=None, reason=None))
2019-09-12 20:26:21,951 - tdm - DEBUG - FrontendConnectionHandler(id=4343017808, session='2019-09-12T20_26_15_0'): writing {"content": [{"ClosePopup": {}}, {"Screen": {"elements": [{"Element": {"name": "move", "title": "", "items": [{"Item": {"attributes": null, "selected": false, "predicted": false, "value": "ask(?X.current_time(X))", "title": "The current time?"}}, {"Item": {"attributes": null, "selected": false, "predicted": false, "value": "ask(?X.current_alarm(X))", "title": "The current alarm?"}}, {"Item": {"attributes": null, "selected": false, "predicted": false, "value": "request(set_time)", "title": "Set the time"}}, {"Item": {"attributes": null, "selected": true, "predicted": false, "value": "request(set_alarm)", "title": "Set the alarm"}}], "format": "", "voice_browsed": false, "value": "", "template": "menu", "type": "list"}}], "name": "top", "title": "Main menu"}}], "_sender": null, "_reason": null, "event_type": "MESSAGE_TO_GUI"}
2019-09-12 20:26:21,951 - tdm - DEBUG - FrontendConnectionHandler(id=4343017808, session='2019-09-12T20_26_15_0'): OK
2019-09-12 20:26:26,235 - tdm - DEBUG - FrontendConnectionHandler(id=4343017808, session='2019-09-12T20_26_15_0').on_message({"content": [{"score": 1.0, "utterance": "whats the alarm"}], "_sender": "TextInputComponent", "_reason": null, "event_type": "RECOGNITION"})
2019-09-12 20:26:26,261 - tdm - DEBUG - DeviceHandler.query_all(?X.current_alarm(X), {}, eng)
2019-09-12 20:26:26,261 - tdm - DEBUG - DeviceHandler invocation ID: 2a879bdb499199f251e7d629c3a0175e
2019-09-12 20:26:26,263 - tdm - DEBUG - FrontendConnectionHandler(id=4343017808, session='2019-09-12T20_26_15_0').on_event(Event(BACKEND_ERROR, None, sender=None, reason=None))
2019-09-12 20:26:26,263 - tdm - DEBUG - FrontendConnectionHandler(id=4343017808, session='2019-09-12T20_26_15_0'): writing {"content": null, "_sender": null, "_reason": null, "event_type": "BACKEND_ERROR"}
2019-09-12 20:26:26,263 - tdm - DEBUG - FrontendConnectionHandler(id=4343017808, session='2019-09-12T20_26_15_0'): OK
2019-09-12 20:27:02,902 - tdm - DEBUG - FrontendConnectionHandler(id=4343017808, session='2019-09-12T20_26_15_0').on_close()
2019-09-12 20:27:02,903 - tdm - DEBUG - SessionManager.stop('2019-09-12T20_26_15_0')
2019-09-12 20:27:02,904 - tdm - DEBUG - TdmApplication.stop(): Stopping HTTP server
2019-09-12 20:27:02,904 - tdm - DEBUG - TdmApplication.stop(): Stopping IO-loop
2019-09-12 20:27:02,904 - tdm - DEBUG - TdmApplication.stop(): Stopping sessions []
