2019-09-12 20:04:54,026 - tdm - DEBUG - EntityDb(time): add_entity(sort=u'alarm_time', grammar_entry='eight thirty', name=u'eight_thirty')
2019-09-12 20:04:54,026 - tdm - DEBUG - EntityDb(time): add_entity returns u'eight_thirty'
2019-09-12 20:04:54,026 - tdm - DEBUG - EntityDb(time): add_entity(sort=u'alarm_time', grammar_entry='8 30', name=u'eight_thirty')
2019-09-12 20:04:54,026 - tdm - DEBUG - EntityDb(time): add_entity returns u'eight_thirty'
2019-09-12 20:04:54,026 - tdm - DEBUG - EntityDb(time): add_entity(sort=u'alarm_time', grammar_entry='8:30', name=u'eight_thirty')
2019-09-12 20:04:54,026 - tdm - DEBUG - EntityDb(time): add_entity returns u'eight_thirty'
2019-09-12 20:04:54,026 - tdm - DEBUG - EntityDb(time): add_entity(sort=u'alarm_time', grammar_entry='nine', name=u'nine')
2019-09-12 20:04:54,026 - tdm - DEBUG - EntityDb(time): add_entity returns u'nine'
2019-09-12 20:04:54,026 - tdm - DEBUG - EntityDb(time): add_entity(sort=u'alarm_time', grammar_entry='9', name=u'nine')
2019-09-12 20:04:54,026 - tdm - DEBUG - EntityDb(time): add_entity returns u'nine'
2019-09-12 20:04:54,026 - tdm - DEBUG - EntityDb(time): add_entity(sort=u'alarm_time', grammar_entry='eight', name=u'eight')
2019-09-12 20:04:54,027 - tdm - DEBUG - EntityDb(time): add_entity returns u'eight'
2019-09-12 20:04:54,027 - tdm - DEBUG - EntityDb(time): add_entity(sort=u'alarm_time', grammar_entry='8', name=u'eight')
2019-09-12 20:04:54,027 - tdm - DEBUG - EntityDb(time): add_entity returns u'eight'
2019-09-12 20:04:54,027 - tdm - DEBUG - EntityDb(time): add_entity(sort=u'alarm_time', grammar_entry='off', name=u'alarm_off')
2019-09-12 20:04:54,027 - tdm - DEBUG - EntityDb(time): add_entity returns u'alarm_off'
2019-09-12 20:04:54,027 - tdm - DEBUG - DddDb().__init__(name='ddds', default_ddds=[u'time'])
2019-09-12 20:04:54,027 - tdm - DEBUG - DddDb(): DB file name is '/Users/marta/Desktop/Course project/time_ddd/ddds.json'
2019-09-12 20:04:54,035 - tdm - DEBUG - FrontendConnectionHandler(id=4349181584, session=None).open()
2019-09-12 20:04:54,037 - tdm - DEBUG - thread_manager.create_thread() with threading.active_count()=3
2019-09-12 20:04:54,038 - tdm - DEBUG - FrontendConnectionHandler(id=4349181584, session=None).on_message({"handshake_content": {"session_id": null, "keep_session_alive": false}, "name": "Frontend"})
2019-09-12 20:04:54,038 - tdm - DEBUG - thread_manager.create_thread() with threading.active_count()=4
2019-09-12 20:04:54,038 - tdm - DEBUG - FrontendConnectionHandler(id=4349181584, session=None)._register({"handshake_content": {"session_id": null, "keep_session_alive": false}, "name": "Frontend"})
2019-09-12 20:04:54,039 - tdm - DEBUG - Creating backend and session with id 2019-09-12T20_04_54_0.
2019-09-12 20:04:54,042 - tdm - DEBUG - FrontendConnectionHandler(id=4349181584, session='2019-09-12T20_04_54_0'): writing {"content": "2019-09-12T20_04_54_0", "_sender": null, "_reason": null, "event_type": "SESSION_ID"}
2019-09-12 20:04:54,042 - tdm - DEBUG - FrontendConnectionHandler(id=4349181584, session='2019-09-12T20_04_54_0'): OK
2019-09-12 20:04:54,042 - tdm - DEBUG - FrontendConnectionHandler._register: Registered in session 2019-09-12T20_04_54_0 with backend <tdm.backend.Backend object at 0x1033ed210>.
2019-09-12 20:04:54,043 - tdm - DEBUG - FrontendConnectionHandler(id=4349181584, session='2019-09-12T20_04_54_0').on_message({"content": null, "_sender": "Frontend", "_reason": null, "event_type": "START"})
2019-09-12 20:04:54,076 - tdm - DEBUG - FrontendConnectionHandler(id=4349181584, session='2019-09-12T20_04_54_0').on_event(Event(SET_DDD, {'ddd_name': 'time', 'language_code': 'eng'}, sender=DmeModule, reason=None))
2019-09-12 20:04:54,077 - tdm - DEBUG - FrontendConnectionHandler(id=4349181584, session='2019-09-12T20_04_54_0'): writing {"content": {"ddd_name": "time", "language_code": "eng"}, "_sender": "DmeModule", "_reason": null, "event_type": "SET_DDD"}
2019-09-12 20:04:54,077 - tdm - DEBUG - FrontendConnectionHandler(id=4349181584, session='2019-09-12T20_04_54_0'): OK
2019-09-12 20:04:54,077 - tdm - DEBUG - FrontendConnectionHandler(id=4349181584, session='2019-09-12T20_04_54_0').on_event(Event(FACTS, [], sender=DmeModule, reason=None))
2019-09-12 20:04:54,077 - tdm - DEBUG - FrontendConnectionHandler(id=4349181584, session='2019-09-12T20_04_54_0'): writing {"content": [], "_sender": "DmeModule", "_reason": null, "event_type": "FACTS"}
2019-09-12 20:04:54,077 - tdm - DEBUG - FrontendConnectionHandler(id=4349181584, session='2019-09-12T20_04_54_0'): OK
2019-09-12 20:04:54,078 - tdm - DEBUG - FrontendConnectionHandler(id=4349181584, session='2019-09-12T20_04_54_0').on_event(Event(FACTS, [], sender=DmeModule, reason=None))
2019-09-12 20:04:54,078 - tdm - DEBUG - FrontendConnectionHandler(id=4349181584, session='2019-09-12T20_04_54_0'): writing {"content": [], "_sender": "DmeModule", "_reason": null, "event_type": "FACTS"}
2019-09-12 20:04:54,078 - tdm - DEBUG - FrontendConnectionHandler(id=4349181584, session='2019-09-12T20_04_54_0'): OK
2019-09-12 20:04:54,078 - tdm - DEBUG - FrontendConnectionHandler(id=4349181584, session='2019-09-12T20_04_54_0').on_event(Event(END_SYSTEM_TURN, {'passivity_duration': None, 'system_has_asked_question': True}, sender=DmeModule, reason=None))
2019-09-12 20:04:54,078 - tdm - DEBUG - FrontendConnectionHandler(id=4349181584, session='2019-09-12T20_04_54_0'): writing {"content": {"passivity_duration": null, "system_has_asked_question": true}, "_sender": "DmeModule", "_reason": null, "event_type": "END_SYSTEM_TURN"}
2019-09-12 20:04:54,079 - tdm - DEBUG - FrontendConnectionHandler(id=4349181584, session='2019-09-12T20_04_54_0'): OK
2019-09-12 20:04:54,079 - tdm - DEBUG - FrontendConnectionHandler(id=4349181584, session='2019-09-12T20_04_54_0').on_event(Event(SYSTEM_UTTERANCE_TO_SPEAK, ['Do you want to know the current time, know the current alarm, set the time or set the alarm?'], sender=None, reason=None))
2019-09-12 20:04:54,079 - tdm - DEBUG - FrontendConnectionHandler(id=4349181584, session='2019-09-12T20_04_54_0'): writing {"content": ["Do you want to know the current time, know the current alarm, set the time or set the alarm?"], "_sender": null, "_reason": null, "event_type": "SYSTEM_UTTERANCE_TO_SPEAK"}
2019-09-12 20:04:54,079 - tdm - DEBUG - FrontendConnectionHandler(id=4349181584, session='2019-09-12T20_04_54_0'): OK
2019-09-12 20:04:54,079 - tdm - DEBUG - FrontendConnectionHandler(id=4349181584, session='2019-09-12T20_04_54_0').on_event(Event(MESSAGE_TO_GUI, [Screen(top, Main menu, [<tdm.nlg.tdm_gui_protocol.Element instance at 0x1033695f0>])], sender=None, reason=None))
2019-09-12 20:04:54,080 - tdm - DEBUG - FrontendConnectionHandler(id=4349181584, session='2019-09-12T20_04_54_0'): writing {"content": [{"Screen": {"elements": [{"Element": {"name": "move", "title": "", "items": [{"Item": {"attributes": null, "selected": false, "predicted": false, "value": "ask(?X.current_time(X))", "title": "The current time?"}}, {"Item": {"attributes": null, "selected": false, "predicted": false, "value": "ask(?X.current_alarm(X))", "title": "The current alarm?"}}, {"Item": {"attributes": null, "selected": false, "predicted": false, "value": "request(set_time)", "title": "Set the time"}}, {"Item": {"attributes": null, "selected": false, "predicted": false, "value": "request(set_alarm)", "title": "Set the alarm"}}], "format": "", "voice_browsed": false, "value": "", "template": "menu", "type": "list"}}], "name": "top", "title": "Main menu"}}], "_sender": null, "_reason": null, "event_type": "MESSAGE_TO_GUI"}
2019-09-12 20:04:54,080 - tdm - DEBUG - FrontendConnectionHandler(id=4349181584, session='2019-09-12T20_04_54_0'): OK
2019-09-12 20:04:58,028 - tdm - DEBUG - FrontendConnectionHandler(id=4349181584, session='2019-09-12T20_04_54_0').on_message({"content": [{"score": 1.0, "utterance": "set the alarm"}], "_sender": "TextInputComponent", "_reason": null, "event_type": "RECOGNITION"})
2019-09-12 20:04:58,060 - tdm - DEBUG - DeviceHandler.query_all(?X.selected_alarm_time(X), {}, eng)
2019-09-12 20:04:58,060 - tdm - DEBUG - DeviceHandler invocation ID: 82bc1b644026c017233a3f5efed1cb5d
2019-09-12 20:04:58,060 - tdm - DEBUG - DeviceHandler.query_all(?X.selected_alarm_time(X), {}, eng)
2019-09-12 20:04:58,060 - tdm - DEBUG - DeviceHandler invocation ID: 98dc28dc2d93fc04d702d317f336b360
2019-09-12 20:04:58,062 - tdm - DEBUG - DeviceHandler.query_all(?X.selected_alarm_time(X), {}, eng)
2019-09-12 20:04:58,062 - tdm - DEBUG - DeviceHandler invocation ID: d0d76a1d0dc1b597b9b15a114af59c4e
2019-09-12 20:04:58,062 - tdm - DEBUG - DeviceHandler.query_all(?X.selected_alarm_time(X), {}, eng)
2019-09-12 20:04:58,062 - tdm - DEBUG - DeviceHandler invocation ID: e9238594cebd1530cc12015088246155
2019-09-12 20:04:58,081 - tdm - DEBUG - DeviceHandler.query_all(?X.selected_alarm_time(X), {}, eng)
2019-09-12 20:04:58,081 - tdm - DEBUG - DeviceHandler invocation ID: 2744cd6739dd68d11d22b2b50513b98f
2019-09-12 20:04:58,081 - tdm - DEBUG - DeviceHandler.query_all(?X.selected_alarm_time(X), {}, eng)
2019-09-12 20:04:58,081 - tdm - DEBUG - DeviceHandler invocation ID: 2f1a3efa57373e00ca11847fce67cae4
2019-09-12 20:04:58,085 - tdm - DEBUG - FrontendConnectionHandler(id=4349181584, session='2019-09-12T20_04_54_0').on_event(Event(SELECTED_RECOGNITION, 'set the alarm', sender=DmeModule, reason=None))
2019-09-12 20:04:58,085 - tdm - DEBUG - FrontendConnectionHandler(id=4349181584, session='2019-09-12T20_04_54_0'): writing {"content": "set the alarm", "_sender": "DmeModule", "_reason": null, "event_type": "SELECTED_RECOGNITION"}
2019-09-12 20:04:58,085 - tdm - DEBUG - FrontendConnectionHandler(id=4349181584, session='2019-09-12T20_04_54_0'): OK
2019-09-12 20:04:58,085 - tdm - DEBUG - FrontendConnectionHandler(id=4349181584, session='2019-09-12T20_04_54_0').on_event(Event(FACTS, [], sender=DmeModule, reason=None))
2019-09-12 20:04:58,085 - tdm - DEBUG - FrontendConnectionHandler(id=4349181584, session='2019-09-12T20_04_54_0'): writing {"content": [], "_sender": "DmeModule", "_reason": null, "event_type": "FACTS"}
2019-09-12 20:04:58,085 - tdm - DEBUG - FrontendConnectionHandler(id=4349181584, session='2019-09-12T20_04_54_0'): OK
2019-09-12 20:04:58,086 - tdm - DEBUG - FrontendConnectionHandler(id=4349181584, session='2019-09-12T20_04_54_0').on_event(Event(FACTS, [], sender=DmeModule, reason=None))
2019-09-12 20:04:58,086 - tdm - DEBUG - FrontendConnectionHandler(id=4349181584, session='2019-09-12T20_04_54_0'): writing {"content": [], "_sender": "DmeModule", "_reason": null, "event_type": "FACTS"}
2019-09-12 20:04:58,086 - tdm - DEBUG - FrontendConnectionHandler(id=4349181584, session='2019-09-12T20_04_54_0'): OK
2019-09-12 20:04:58,086 - tdm - DEBUG - FrontendConnectionHandler(id=4349181584, session='2019-09-12T20_04_54_0').on_event(Event(END_SYSTEM_TURN, {'passivity_duration': 5.0, 'system_has_asked_question': True}, sender=DmeModule, reason=None))
2019-09-12 20:04:58,086 - tdm - DEBUG - FrontendConnectionHandler(id=4349181584, session='2019-09-12T20_04_54_0'): writing {"content": {"passivity_duration": 5.0, "system_has_asked_question": true}, "_sender": "DmeModule", "_reason": null, "event_type": "END_SYSTEM_TURN"}
2019-09-12 20:04:58,086 - tdm - DEBUG - FrontendConnectionHandler(id=4349181584, session='2019-09-12T20_04_54_0'): OK
2019-09-12 20:04:58,086 - tdm - DEBUG - FrontendConnectionHandler(id=4349181584, session='2019-09-12T20_04_54_0').on_event(Event(EXPECTED_PASSIVITY_DURATION, 5.0, sender=DmeModule, reason=None))
2019-09-12 20:04:58,086 - tdm - DEBUG - FrontendConnectionHandler(id=4349181584, session='2019-09-12T20_04_54_0'): writing {"content": 5.0, "_sender": "DmeModule", "_reason": null, "event_type": "EXPECTED_PASSIVITY_DURATION"}
2019-09-12 20:04:58,086 - tdm - DEBUG - FrontendConnectionHandler(id=4349181584, session='2019-09-12T20_04_54_0'): OK
2019-09-12 20:04:58,086 - tdm - DEBUG - FrontendConnectionHandler(id=4349181584, session='2019-09-12T20_04_54_0').on_event(Event(SYSTEM_UTTERANCE_TO_SPEAK, ['', '', 'What time do you want to set your alarm to?'], sender=None, reason=None))
2019-09-12 20:04:58,086 - tdm - DEBUG - FrontendConnectionHandler(id=4349181584, session='2019-09-12T20_04_54_0'): writing {"content": ["", "", "What time do you want to set your alarm to?"], "_sender": null, "_reason": null, "event_type": "SYSTEM_UTTERANCE_TO_SPEAK"}
2019-09-12 20:04:58,087 - tdm - DEBUG - FrontendConnectionHandler(id=4349181584, session='2019-09-12T20_04_54_0'): OK
2019-09-12 20:04:58,087 - tdm - DEBUG - FrontendConnectionHandler(id=4349181584, session='2019-09-12T20_04_54_0').on_event(Event(MESSAGE_TO_GUI, [], sender=None, reason=None))
2019-09-12 20:04:58,087 - tdm - DEBUG - FrontendConnectionHandler(id=4349181584, session='2019-09-12T20_04_54_0'): writing {"content": [], "_sender": null, "_reason": null, "event_type": "MESSAGE_TO_GUI"}
2019-09-12 20:04:58,087 - tdm - DEBUG - FrontendConnectionHandler(id=4349181584, session='2019-09-12T20_04_54_0'): OK
2019-09-12 20:05:03,105 - tdm - DEBUG - FrontendConnectionHandler(id=4349181584, session='2019-09-12T20_04_54_0').on_message({"content": null, "_sender": "Frontend", "_reason": null, "event_type": "PASSIVITY"})
2019-09-12 20:05:03,112 - tdm - DEBUG - DeviceHandler.query_all(?X.selected_alarm_time(X), {}, eng)
2019-09-12 20:05:03,112 - tdm - DEBUG - DeviceHandler invocation ID: f74a2cfe065db39f5cca04172384848f
2019-09-12 20:05:03,112 - tdm - DEBUG - DeviceHandler.query_all(?X.selected_alarm_time(X), {}, eng)
2019-09-12 20:05:03,113 - tdm - DEBUG - DeviceHandler invocation ID: b3f8c1f5be3da2946d269a05d48201f6
2019-09-12 20:05:03,115 - tdm - DEBUG - DeviceHandler.query_all(?X.selected_alarm_time(X), {}, eng)
2019-09-12 20:05:03,115 - tdm - DEBUG - DeviceHandler invocation ID: 4114c6726d374d27e6d6973018359fbb
2019-09-12 20:05:03,115 - tdm - DEBUG - DeviceHandler.query_all(?X.selected_alarm_time(X), {}, eng)
2019-09-12 20:05:03,115 - tdm - DEBUG - DeviceHandler invocation ID: 3ce5e9624c508372f55da365f3143ab8
2019-09-12 20:05:03,133 - tdm - DEBUG - DeviceHandler.query_all(?X.selected_alarm_time(X), {}, eng)
2019-09-12 20:05:03,133 - tdm - DEBUG - DeviceHandler invocation ID: fef50e16640bf2a45e8130bcea9ec966
2019-09-12 20:05:03,133 - tdm - DEBUG - DeviceHandler.query_all(?X.selected_alarm_time(X), {}, eng)
2019-09-12 20:05:03,133 - tdm - DEBUG - DeviceHandler invocation ID: 8896194ab62b3e5c1d1e24bc386a23d4
2019-09-12 20:05:03,136 - tdm - DEBUG - FrontendConnectionHandler(id=4349181584, session='2019-09-12T20_04_54_0').on_event(Event(FACTS, [], sender=DmeModule, reason=None))
2019-09-12 20:05:03,137 - tdm - DEBUG - FrontendConnectionHandler(id=4349181584, session='2019-09-12T20_04_54_0'): writing {"content": [], "_sender": "DmeModule", "_reason": null, "event_type": "FACTS"}
2019-09-12 20:05:03,137 - tdm - DEBUG - FrontendConnectionHandler(id=4349181584, session='2019-09-12T20_04_54_0'): OK
2019-09-12 20:05:03,137 - tdm - DEBUG - FrontendConnectionHandler(id=4349181584, session='2019-09-12T20_04_54_0').on_event(Event(FACTS, [], sender=DmeModule, reason=None))
2019-09-12 20:05:03,137 - tdm - DEBUG - FrontendConnectionHandler(id=4349181584, session='2019-09-12T20_04_54_0'): writing {"content": [], "_sender": "DmeModule", "_reason": null, "event_type": "FACTS"}
2019-09-12 20:05:03,137 - tdm - DEBUG - FrontendConnectionHandler(id=4349181584, session='2019-09-12T20_04_54_0'): OK
2019-09-12 20:05:03,137 - tdm - DEBUG - FrontendConnectionHandler(id=4349181584, session='2019-09-12T20_04_54_0').on_event(Event(END_SYSTEM_TURN, {'passivity_duration': None, 'system_has_asked_question': True}, sender=DmeModule, reason=None))
2019-09-12 20:05:03,137 - tdm - DEBUG - FrontendConnectionHandler(id=4349181584, session='2019-09-12T20_04_54_0'): writing {"content": {"passivity_duration": null, "system_has_asked_question": true}, "_sender": "DmeModule", "_reason": null, "event_type": "END_SYSTEM_TURN"}
2019-09-12 20:05:03,138 - tdm - DEBUG - FrontendConnectionHandler(id=4349181584, session='2019-09-12T20_04_54_0'): OK
2019-09-12 20:05:03,138 - tdm - DEBUG - FrontendConnectionHandler(id=4349181584, session='2019-09-12T20_04_54_0').on_event(Event(SYSTEM_UTTERANCE_TO_SPEAK, ['So,', 'What time do you want to set your alarm to?'], sender=None, reason=None))
2019-09-12 20:05:03,138 - tdm - DEBUG - FrontendConnectionHandler(id=4349181584, session='2019-09-12T20_04_54_0'): writing {"content": ["So,", "What time do you want to set your alarm to?"], "_sender": null, "_reason": null, "event_type": "SYSTEM_UTTERANCE_TO_SPEAK"}
2019-09-12 20:05:03,138 - tdm - DEBUG - FrontendConnectionHandler(id=4349181584, session='2019-09-12T20_04_54_0'): OK
2019-09-12 20:05:03,138 - tdm - DEBUG - FrontendConnectionHandler(id=4349181584, session='2019-09-12T20_04_54_0').on_event(Event(MESSAGE_TO_GUI, [], sender=None, reason=None))
2019-09-12 20:05:03,138 - tdm - DEBUG - FrontendConnectionHandler(id=4349181584, session='2019-09-12T20_04_54_0'): writing {"content": [], "_sender": null, "_reason": null, "event_type": "MESSAGE_TO_GUI"}
2019-09-12 20:05:03,139 - tdm - DEBUG - FrontendConnectionHandler(id=4349181584, session='2019-09-12T20_04_54_0'): OK
2019-09-12 20:05:04,370 - tdm - DEBUG - FrontendConnectionHandler(id=4349181584, session='2019-09-12T20_04_54_0').on_close()
2019-09-12 20:05:04,370 - tdm - DEBUG - SessionManager.stop('2019-09-12T20_04_54_0')
2019-09-12 20:05:04,371 - tdm - DEBUG - TdmApplication.stop(): Stopping HTTP server
2019-09-12 20:05:04,371 - tdm - DEBUG - TdmApplication.stop(): Stopping IO-loop
2019-09-12 20:05:04,372 - tdm - DEBUG - TdmApplication.stop(): Stopping sessions []
