2019-09-12 20:07:36,586 - tdm - DEBUG - EntityDb(time): add_entity(sort=u'alarm_time', grammar_entry='eight thirty', name=u'eight_thirty')
2019-09-12 20:07:36,587 - tdm - DEBUG - EntityDb(time): add_entity returns u'eight_thirty'
2019-09-12 20:07:36,587 - tdm - DEBUG - EntityDb(time): add_entity(sort=u'alarm_time', grammar_entry='8 30', name=u'eight_thirty')
2019-09-12 20:07:36,587 - tdm - DEBUG - EntityDb(time): add_entity returns u'eight_thirty'
2019-09-12 20:07:36,587 - tdm - DEBUG - EntityDb(time): add_entity(sort=u'alarm_time', grammar_entry='8:30', name=u'eight_thirty')
2019-09-12 20:07:36,587 - tdm - DEBUG - EntityDb(time): add_entity returns u'eight_thirty'
2019-09-12 20:07:36,587 - tdm - DEBUG - EntityDb(time): add_entity(sort=u'alarm_time', grammar_entry='nine', name=u'nine')
2019-09-12 20:07:36,587 - tdm - DEBUG - EntityDb(time): add_entity returns u'nine'
2019-09-12 20:07:36,587 - tdm - DEBUG - EntityDb(time): add_entity(sort=u'alarm_time', grammar_entry='9', name=u'nine')
2019-09-12 20:07:36,587 - tdm - DEBUG - EntityDb(time): add_entity returns u'nine'
2019-09-12 20:07:36,587 - tdm - DEBUG - EntityDb(time): add_entity(sort=u'alarm_time', grammar_entry='eight', name=u'eight')
2019-09-12 20:07:36,587 - tdm - DEBUG - EntityDb(time): add_entity returns u'eight'
2019-09-12 20:07:36,587 - tdm - DEBUG - EntityDb(time): add_entity(sort=u'alarm_time', grammar_entry='8', name=u'eight')
2019-09-12 20:07:36,587 - tdm - DEBUG - EntityDb(time): add_entity returns u'eight'
2019-09-12 20:07:36,587 - tdm - DEBUG - EntityDb(time): add_entity(sort=u'alarm_time', grammar_entry='off', name=u'alarm_off')
2019-09-12 20:07:36,588 - tdm - DEBUG - EntityDb(time): add_entity returns u'alarm_off'
2019-09-12 20:07:36,588 - tdm - DEBUG - DddDb().__init__(name='ddds', default_ddds=[u'time'])
2019-09-12 20:07:36,588 - tdm - DEBUG - DddDb(): DB file name is '/Users/marta/Desktop/Course project/time_ddd/ddds.json'
2019-09-12 20:07:36,596 - tdm - DEBUG - FrontendConnectionHandler(id=4379091152, session=None).open()
2019-09-12 20:07:36,597 - tdm - DEBUG - FrontendConnectionHandler(id=4379091152, session=None).on_message({"handshake_content": {"session_id": null, "keep_session_alive": false}, "name": "Frontend"})
2019-09-12 20:07:36,597 - tdm - DEBUG - FrontendConnectionHandler(id=4379091152, session=None)._register({"handshake_content": {"session_id": null, "keep_session_alive": false}, "name": "Frontend"})
2019-09-12 20:07:36,597 - tdm - DEBUG - thread_manager.create_thread() with threading.active_count()=3
2019-09-12 20:07:36,598 - tdm - DEBUG - thread_manager.create_thread() with threading.active_count()=4
2019-09-12 20:07:36,599 - tdm - DEBUG - Creating backend and session with id 2019-09-12T20_07_36_0.
2019-09-12 20:07:36,602 - tdm - DEBUG - FrontendConnectionHandler(id=4379091152, session='2019-09-12T20_07_36_0'): writing {"content": "2019-09-12T20_07_36_0", "_sender": null, "_reason": null, "event_type": "SESSION_ID"}
2019-09-12 20:07:36,602 - tdm - DEBUG - FrontendConnectionHandler(id=4379091152, session='2019-09-12T20_07_36_0'): OK
2019-09-12 20:07:36,602 - tdm - DEBUG - FrontendConnectionHandler._register: Registered in session 2019-09-12T20_07_36_0 with backend <tdm.backend.Backend object at 0x10505f210>.
2019-09-12 20:07:36,602 - tdm - DEBUG - FrontendConnectionHandler(id=4379091152, session='2019-09-12T20_07_36_0').on_message({"content": null, "_sender": "Frontend", "_reason": null, "event_type": "START"})
2019-09-12 20:07:36,636 - tdm - DEBUG - FrontendConnectionHandler(id=4379091152, session='2019-09-12T20_07_36_0').on_event(Event(SET_DDD, {'ddd_name': 'time', 'language_code': 'eng'}, sender=DmeModule, reason=None))
2019-09-12 20:07:36,636 - tdm - DEBUG - FrontendConnectionHandler(id=4379091152, session='2019-09-12T20_07_36_0'): writing {"content": {"ddd_name": "time", "language_code": "eng"}, "_sender": "DmeModule", "_reason": null, "event_type": "SET_DDD"}
2019-09-12 20:07:36,637 - tdm - DEBUG - FrontendConnectionHandler(id=4379091152, session='2019-09-12T20_07_36_0'): OK
2019-09-12 20:07:36,637 - tdm - DEBUG - FrontendConnectionHandler(id=4379091152, session='2019-09-12T20_07_36_0').on_event(Event(FACTS, [], sender=DmeModule, reason=None))
2019-09-12 20:07:36,637 - tdm - DEBUG - FrontendConnectionHandler(id=4379091152, session='2019-09-12T20_07_36_0'): writing {"content": [], "_sender": "DmeModule", "_reason": null, "event_type": "FACTS"}
2019-09-12 20:07:36,637 - tdm - DEBUG - FrontendConnectionHandler(id=4379091152, session='2019-09-12T20_07_36_0'): OK
2019-09-12 20:07:36,638 - tdm - DEBUG - FrontendConnectionHandler(id=4379091152, session='2019-09-12T20_07_36_0').on_event(Event(FACTS, [], sender=DmeModule, reason=None))
2019-09-12 20:07:36,638 - tdm - DEBUG - FrontendConnectionHandler(id=4379091152, session='2019-09-12T20_07_36_0'): writing {"content": [], "_sender": "DmeModule", "_reason": null, "event_type": "FACTS"}
2019-09-12 20:07:36,638 - tdm - DEBUG - FrontendConnectionHandler(id=4379091152, session='2019-09-12T20_07_36_0'): OK
2019-09-12 20:07:36,638 - tdm - DEBUG - FrontendConnectionHandler(id=4379091152, session='2019-09-12T20_07_36_0').on_event(Event(END_SYSTEM_TURN, {'passivity_duration': None, 'system_has_asked_question': True}, sender=DmeModule, reason=None))
2019-09-12 20:07:36,638 - tdm - DEBUG - FrontendConnectionHandler(id=4379091152, session='2019-09-12T20_07_36_0'): writing {"content": {"passivity_duration": null, "system_has_asked_question": true}, "_sender": "DmeModule", "_reason": null, "event_type": "END_SYSTEM_TURN"}
2019-09-12 20:07:36,638 - tdm - DEBUG - FrontendConnectionHandler(id=4379091152, session='2019-09-12T20_07_36_0'): OK
2019-09-12 20:07:36,638 - tdm - DEBUG - FrontendConnectionHandler(id=4379091152, session='2019-09-12T20_07_36_0').on_event(Event(SYSTEM_UTTERANCE_TO_SPEAK, ['Do you want to know the current time, know the current alarm, set the time or set the alarm?'], sender=None, reason=None))
2019-09-12 20:07:36,639 - tdm - DEBUG - FrontendConnectionHandler(id=4379091152, session='2019-09-12T20_07_36_0'): writing {"content": ["Do you want to know the current time, know the current alarm, set the time or set the alarm?"], "_sender": null, "_reason": null, "event_type": "SYSTEM_UTTERANCE_TO_SPEAK"}
2019-09-12 20:07:36,639 - tdm - DEBUG - FrontendConnectionHandler(id=4379091152, session='2019-09-12T20_07_36_0'): OK
2019-09-12 20:07:36,639 - tdm - DEBUG - FrontendConnectionHandler(id=4379091152, session='2019-09-12T20_07_36_0').on_event(Event(MESSAGE_TO_GUI, [Screen(top, Main menu, [<tdm.nlg.tdm_gui_protocol.Element instance at 0x104fdd638>])], sender=None, reason=None))
2019-09-12 20:07:36,640 - tdm - DEBUG - FrontendConnectionHandler(id=4379091152, session='2019-09-12T20_07_36_0'): writing {"content": [{"Screen": {"elements": [{"Element": {"name": "move", "title": "", "items": [{"Item": {"attributes": null, "selected": false, "predicted": false, "value": "ask(?X.current_time(X))", "title": "The current time?"}}, {"Item": {"attributes": null, "selected": false, "predicted": false, "value": "ask(?X.current_alarm(X))", "title": "The current alarm?"}}, {"Item": {"attributes": null, "selected": false, "predicted": false, "value": "request(set_time)", "title": "Set the time"}}, {"Item": {"attributes": null, "selected": false, "predicted": false, "value": "request(set_alarm)", "title": "Set the alarm"}}], "format": "", "voice_browsed": false, "value": "", "template": "menu", "type": "list"}}], "name": "top", "title": "Main menu"}}], "_sender": null, "_reason": null, "event_type": "MESSAGE_TO_GUI"}
2019-09-12 20:07:36,640 - tdm - DEBUG - FrontendConnectionHandler(id=4379091152, session='2019-09-12T20_07_36_0'): OK
2019-09-12 20:07:39,103 - tdm - DEBUG - FrontendConnectionHandler(id=4379091152, session='2019-09-12T20_07_36_0').on_message({"content": [{"score": 1.0, "utterance": "set the alarm"}], "_sender": "TextInputComponent", "_reason": null, "event_type": "RECOGNITION"})
2019-09-12 20:07:39,135 - tdm - DEBUG - DeviceHandler.query_all(?X.selected_alarm_time(X), {}, eng)
2019-09-12 20:07:39,135 - tdm - DEBUG - DeviceHandler invocation ID: 8f3bb68f00c86a2d9d073396ca837409
2019-09-12 20:07:39,135 - tdm - DEBUG - DeviceHandler.query_all(?X.selected_alarm_time(X), {}, eng)
2019-09-12 20:07:39,136 - tdm - DEBUG - DeviceHandler invocation ID: e610711bafa6269a6d4b3717463fe6bb
2019-09-12 20:07:39,138 - tdm - DEBUG - DeviceHandler.query_all(?X.selected_alarm_time(X), {}, eng)
2019-09-12 20:07:39,138 - tdm - DEBUG - DeviceHandler invocation ID: 902e9d481e1431964a6e79f9218d917e
2019-09-12 20:07:39,138 - tdm - DEBUG - DeviceHandler.query_all(?X.selected_alarm_time(X), {}, eng)
2019-09-12 20:07:39,138 - tdm - DEBUG - DeviceHandler invocation ID: 887d4f0614509d9c1a15dd347bab16f3
2019-09-12 20:07:39,147 - tdm - DEBUG - DeviceHandler.query_all(?X.selected_alarm_time(X), {}, eng)
2019-09-12 20:07:39,147 - tdm - DEBUG - DeviceHandler invocation ID: 63953c09af34a9950dab298b23cd45c2
2019-09-12 20:07:39,162 - tdm - DEBUG - DeviceHandler.query_all(?X.selected_alarm_time(X), {}, eng)
2019-09-12 20:07:39,163 - tdm - DEBUG - DeviceHandler invocation ID: c265ede8431a284d5a1235109a12bfa6
2019-09-12 20:07:39,163 - tdm - DEBUG - DeviceHandler.query_all(?X.selected_alarm_time(X), {}, eng)
2019-09-12 20:07:39,163 - tdm - DEBUG - DeviceHandler invocation ID: 290e8b460ef0b11e53442ab784beb1d4
2019-09-12 20:07:39,171 - tdm - DEBUG - FrontendConnectionHandler(id=4379091152, session='2019-09-12T20_07_36_0').on_event(Event(SELECTED_RECOGNITION, 'set the alarm', sender=DmeModule, reason=None))
2019-09-12 20:07:39,171 - tdm - DEBUG - FrontendConnectionHandler(id=4379091152, session='2019-09-12T20_07_36_0'): writing {"content": "set the alarm", "_sender": "DmeModule", "_reason": null, "event_type": "SELECTED_RECOGNITION"}
2019-09-12 20:07:39,171 - tdm - DEBUG - FrontendConnectionHandler(id=4379091152, session='2019-09-12T20_07_36_0'): OK
2019-09-12 20:07:39,171 - tdm - DEBUG - FrontendConnectionHandler(id=4379091152, session='2019-09-12T20_07_36_0').on_event(Event(FACTS, [], sender=DmeModule, reason=None))
2019-09-12 20:07:39,171 - tdm - DEBUG - FrontendConnectionHandler(id=4379091152, session='2019-09-12T20_07_36_0'): writing {"content": [], "_sender": "DmeModule", "_reason": null, "event_type": "FACTS"}
2019-09-12 20:07:39,171 - tdm - DEBUG - FrontendConnectionHandler(id=4379091152, session='2019-09-12T20_07_36_0'): OK
2019-09-12 20:07:39,171 - tdm - DEBUG - FrontendConnectionHandler(id=4379091152, session='2019-09-12T20_07_36_0').on_event(Event(FACTS, [], sender=DmeModule, reason=None))
2019-09-12 20:07:39,171 - tdm - DEBUG - FrontendConnectionHandler(id=4379091152, session='2019-09-12T20_07_36_0'): writing {"content": [], "_sender": "DmeModule", "_reason": null, "event_type": "FACTS"}
2019-09-12 20:07:39,172 - tdm - DEBUG - FrontendConnectionHandler(id=4379091152, session='2019-09-12T20_07_36_0'): OK
2019-09-12 20:07:39,172 - tdm - DEBUG - FrontendConnectionHandler(id=4379091152, session='2019-09-12T20_07_36_0').on_event(Event(END_SYSTEM_TURN, {'passivity_duration': 5.0, 'system_has_asked_question': True}, sender=DmeModule, reason=None))
2019-09-12 20:07:39,172 - tdm - DEBUG - FrontendConnectionHandler(id=4379091152, session='2019-09-12T20_07_36_0'): writing {"content": {"passivity_duration": 5.0, "system_has_asked_question": true}, "_sender": "DmeModule", "_reason": null, "event_type": "END_SYSTEM_TURN"}
2019-09-12 20:07:39,172 - tdm - DEBUG - FrontendConnectionHandler(id=4379091152, session='2019-09-12T20_07_36_0'): OK
2019-09-12 20:07:39,172 - tdm - DEBUG - FrontendConnectionHandler(id=4379091152, session='2019-09-12T20_07_36_0').on_event(Event(EXPECTED_PASSIVITY_DURATION, 5.0, sender=DmeModule, reason=None))
2019-09-12 20:07:39,172 - tdm - DEBUG - FrontendConnectionHandler(id=4379091152, session='2019-09-12T20_07_36_0'): writing {"content": 5.0, "_sender": "DmeModule", "_reason": null, "event_type": "EXPECTED_PASSIVITY_DURATION"}
2019-09-12 20:07:39,173 - tdm - DEBUG - FrontendConnectionHandler(id=4379091152, session='2019-09-12T20_07_36_0'): OK
2019-09-12 20:07:39,173 - tdm - DEBUG - FrontendConnectionHandler(id=4379091152, session='2019-09-12T20_07_36_0').on_event(Event(SYSTEM_UTTERANCE_TO_SPEAK, ['', '', 'What time do you want to set your alarm to : eight, eight thirty or nine?'], sender=None, reason=None))
2019-09-12 20:07:39,173 - tdm - DEBUG - FrontendConnectionHandler(id=4379091152, session='2019-09-12T20_07_36_0'): writing {"content": ["", "", "What time do you want to set your alarm to : eight, eight thirty or nine?"], "_sender": null, "_reason": null, "event_type": "SYSTEM_UTTERANCE_TO_SPEAK"}
2019-09-12 20:07:39,173 - tdm - DEBUG - FrontendConnectionHandler(id=4379091152, session='2019-09-12T20_07_36_0'): OK
2019-09-12 20:07:39,174 - tdm - DEBUG - FrontendConnectionHandler(id=4379091152, session='2019-09-12T20_07_36_0').on_event(Event(MESSAGE_TO_GUI, [Screen(set_alarm, Set the alarm, [<tdm.nlg.tdm_gui_protocol.Element instance at 0x1050c03b0>])], sender=None, reason=None))
2019-09-12 20:07:39,174 - tdm - DEBUG - FrontendConnectionHandler(id=4379091152, session='2019-09-12T20_07_36_0'): writing {"content": [{"Screen": {"elements": [{"Element": {"name": "move", "title": null, "items": [{"Item": {"attributes": [], "selected": false, "predicted": false, "value": "answer(selected_alarm_time(eight))", "title": "Eight"}}, {"Item": {"attributes": [], "selected": false, "predicted": false, "value": "answer(selected_alarm_time(eight_thirty))", "title": "Eight thirty"}}, {"Item": {"attributes": [], "selected": false, "predicted": false, "value": "answer(selected_alarm_time(nine))", "title": "Nine"}}], "format": "", "voice_browsed": false, "value": "", "template": "list", "type": "list"}}], "name": "set_alarm", "title": "Set the alarm"}}], "_sender": null, "_reason": null, "event_type": "MESSAGE_TO_GUI"}
2019-09-12 20:07:39,174 - tdm - DEBUG - FrontendConnectionHandler(id=4379091152, session='2019-09-12T20_07_36_0'): OK
2019-09-12 20:07:40,890 - tdm - DEBUG - FrontendConnectionHandler(id=4379091152, session='2019-09-12T20_07_36_0').on_close()
2019-09-12 20:07:40,890 - tdm - DEBUG - SessionManager.stop('2019-09-12T20_07_36_0')
2019-09-12 20:07:40,891 - tdm - DEBUG - TdmApplication.stop(): Stopping HTTP server
2019-09-12 20:07:40,891 - tdm - DEBUG - TdmApplication.stop(): Stopping IO-loop
2019-09-12 20:07:40,892 - tdm - DEBUG - TdmApplication.stop(): Stopping sessions []
