2019-09-12 20:31:37,656 - tdm - DEBUG - EntityDb(time): add_entity(sort=u'alarm_time', grammar_entry='08:30', name=u'eight_thirty')
2019-09-12 20:31:37,656 - tdm - DEBUG - EntityDb(time): add_entity returns u'eight_thirty'
2019-09-12 20:31:37,656 - tdm - DEBUG - EntityDb(time): add_entity(sort=u'alarm_time', grammar_entry='8:30', name=u'eight_thirty')
2019-09-12 20:31:37,656 - tdm - DEBUG - EntityDb(time): add_entity returns u'eight_thirty'
2019-09-12 20:31:37,656 - tdm - DEBUG - EntityDb(time): add_entity(sort=u'alarm_time', grammar_entry='8 30', name=u'eight_thirty')
2019-09-12 20:31:37,656 - tdm - DEBUG - EntityDb(time): add_entity returns u'eight_thirty'
2019-09-12 20:31:37,656 - tdm - DEBUG - EntityDb(time): add_entity(sort=u'alarm_time', grammar_entry='08 30', name=u'eight_thirty')
2019-09-12 20:31:37,656 - tdm - DEBUG - EntityDb(time): add_entity returns u'eight_thirty'
2019-09-12 20:31:37,656 - tdm - DEBUG - EntityDb(time): add_entity(sort=u'alarm_time', grammar_entry='eight thirty', name=u'eight_thirty')
2019-09-12 20:31:37,656 - tdm - DEBUG - EntityDb(time): add_entity returns u'eight_thirty'
2019-09-12 20:31:37,657 - tdm - DEBUG - EntityDb(time): add_entity(sort=u'alarm_time', grammar_entry='09:00', name=u'nine')
2019-09-12 20:31:37,657 - tdm - DEBUG - EntityDb(time): add_entity returns u'nine'
2019-09-12 20:31:37,657 - tdm - DEBUG - EntityDb(time): add_entity(sort=u'alarm_time', grammar_entry='9:00', name=u'nine')
2019-09-12 20:31:37,657 - tdm - DEBUG - EntityDb(time): add_entity returns u'nine'
2019-09-12 20:31:37,657 - tdm - DEBUG - EntityDb(time): add_entity(sort=u'alarm_time', grammar_entry='09', name=u'nine')
2019-09-12 20:31:37,657 - tdm - DEBUG - EntityDb(time): add_entity returns u'nine'
2019-09-12 20:31:37,657 - tdm - DEBUG - EntityDb(time): add_entity(sort=u'alarm_time', grammar_entry='9', name=u'nine')
2019-09-12 20:31:37,657 - tdm - DEBUG - EntityDb(time): add_entity returns u'nine'
2019-09-12 20:31:37,657 - tdm - DEBUG - EntityDb(time): add_entity(sort=u'alarm_time', grammar_entry='nine', name=u'nine')
2019-09-12 20:31:37,657 - tdm - DEBUG - EntityDb(time): add_entity returns u'nine'
2019-09-12 20:31:37,657 - tdm - DEBUG - EntityDb(time): add_entity(sort=u'alarm_time', grammar_entry='08:00', name=u'eight')
2019-09-12 20:31:37,657 - tdm - DEBUG - EntityDb(time): add_entity returns u'eight'
2019-09-12 20:31:37,657 - tdm - DEBUG - EntityDb(time): add_entity(sort=u'alarm_time', grammar_entry='8:00', name=u'eight')
2019-09-12 20:31:37,657 - tdm - DEBUG - EntityDb(time): add_entity returns u'eight'
2019-09-12 20:31:37,657 - tdm - DEBUG - EntityDb(time): add_entity(sort=u'alarm_time', grammar_entry='8', name=u'eight')
2019-09-12 20:31:37,657 - tdm - DEBUG - EntityDb(time): add_entity returns u'eight'
2019-09-12 20:31:37,657 - tdm - DEBUG - EntityDb(time): add_entity(sort=u'alarm_time', grammar_entry='08', name=u'eight')
2019-09-12 20:31:37,658 - tdm - DEBUG - EntityDb(time): add_entity returns u'eight'
2019-09-12 20:31:37,658 - tdm - DEBUG - EntityDb(time): add_entity(sort=u'alarm_time', grammar_entry='eight', name=u'eight')
2019-09-12 20:31:37,658 - tdm - DEBUG - EntityDb(time): add_entity returns u'eight'
2019-09-12 20:31:37,658 - tdm - DEBUG - EntityDb(time): add_entity(sort=u'alarm_time', grammar_entry='off', name=u'alarm_off')
2019-09-12 20:31:37,658 - tdm - DEBUG - EntityDb(time): add_entity returns u'alarm_off'
2019-09-12 20:31:37,658 - tdm - DEBUG - DddDb().__init__(name='ddds', default_ddds=[u'time'])
2019-09-12 20:31:37,658 - tdm - DEBUG - DddDb(): DB file name is '/Users/marta/Desktop/Course project/time_ddd/ddds.json'
2019-09-12 20:31:37,666 - tdm - DEBUG - FrontendConnectionHandler(id=4392522064, session=None).open()
2019-09-12 20:31:37,666 - tdm - DEBUG - FrontendConnectionHandler(id=4392522064, session=None).on_message({"handshake_content": {"session_id": null, "keep_session_alive": false}, "name": "Frontend"})
2019-09-12 20:31:37,666 - tdm - DEBUG - FrontendConnectionHandler(id=4392522064, session=None)._register({"handshake_content": {"session_id": null, "keep_session_alive": false}, "name": "Frontend"})
2019-09-12 20:31:37,667 - tdm - DEBUG - thread_manager.create_thread() with threading.active_count()=3
2019-09-12 20:31:37,668 - tdm - DEBUG - thread_manager.create_thread() with threading.active_count()=4
2019-09-12 20:31:37,668 - tdm - DEBUG - Creating backend and session with id 2019-09-12T20_31_37_0.
2019-09-12 20:31:37,671 - tdm - DEBUG - FrontendConnectionHandler(id=4392522064, session='2019-09-12T20_31_37_0'): writing {"content": "2019-09-12T20_31_37_0", "_sender": null, "_reason": null, "event_type": "SESSION_ID"}
2019-09-12 20:31:37,671 - tdm - DEBUG - FrontendConnectionHandler(id=4392522064, session='2019-09-12T20_31_37_0'): OK
2019-09-12 20:31:37,671 - tdm - DEBUG - FrontendConnectionHandler._register: Registered in session 2019-09-12T20_31_37_0 with backend <tdm.backend.Backend object at 0x105d09f10>.
2019-09-12 20:31:37,672 - tdm - DEBUG - FrontendConnectionHandler(id=4392522064, session='2019-09-12T20_31_37_0').on_message({"content": null, "_sender": "Frontend", "_reason": null, "event_type": "START"})
2019-09-12 20:31:37,705 - tdm - DEBUG - FrontendConnectionHandler(id=4392522064, session='2019-09-12T20_31_37_0').on_event(Event(SET_DDD, {'ddd_name': 'time', 'language_code': 'eng'}, sender=DmeModule, reason=None))
2019-09-12 20:31:37,705 - tdm - DEBUG - FrontendConnectionHandler(id=4392522064, session='2019-09-12T20_31_37_0'): writing {"content": {"ddd_name": "time", "language_code": "eng"}, "_sender": "DmeModule", "_reason": null, "event_type": "SET_DDD"}
2019-09-12 20:31:37,705 - tdm - DEBUG - FrontendConnectionHandler(id=4392522064, session='2019-09-12T20_31_37_0'): OK
2019-09-12 20:31:37,705 - tdm - DEBUG - FrontendConnectionHandler(id=4392522064, session='2019-09-12T20_31_37_0').on_event(Event(FACTS, [], sender=DmeModule, reason=None))
2019-09-12 20:31:37,705 - tdm - DEBUG - FrontendConnectionHandler(id=4392522064, session='2019-09-12T20_31_37_0'): writing {"content": [], "_sender": "DmeModule", "_reason": null, "event_type": "FACTS"}
2019-09-12 20:31:37,705 - tdm - DEBUG - FrontendConnectionHandler(id=4392522064, session='2019-09-12T20_31_37_0'): OK
2019-09-12 20:31:37,706 - tdm - DEBUG - FrontendConnectionHandler(id=4392522064, session='2019-09-12T20_31_37_0').on_event(Event(FACTS, [], sender=DmeModule, reason=None))
2019-09-12 20:31:37,706 - tdm - DEBUG - FrontendConnectionHandler(id=4392522064, session='2019-09-12T20_31_37_0'): writing {"content": [], "_sender": "DmeModule", "_reason": null, "event_type": "FACTS"}
2019-09-12 20:31:37,706 - tdm - DEBUG - FrontendConnectionHandler(id=4392522064, session='2019-09-12T20_31_37_0'): OK
2019-09-12 20:31:37,706 - tdm - DEBUG - FrontendConnectionHandler(id=4392522064, session='2019-09-12T20_31_37_0').on_event(Event(END_SYSTEM_TURN, {'passivity_duration': None, 'system_has_asked_question': True}, sender=DmeModule, reason=None))
2019-09-12 20:31:37,706 - tdm - DEBUG - FrontendConnectionHandler(id=4392522064, session='2019-09-12T20_31_37_0'): writing {"content": {"passivity_duration": null, "system_has_asked_question": true}, "_sender": "DmeModule", "_reason": null, "event_type": "END_SYSTEM_TURN"}
2019-09-12 20:31:37,706 - tdm - DEBUG - FrontendConnectionHandler(id=4392522064, session='2019-09-12T20_31_37_0'): OK
2019-09-12 20:31:37,706 - tdm - DEBUG - FrontendConnectionHandler(id=4392522064, session='2019-09-12T20_31_37_0').on_event(Event(SYSTEM_UTTERANCE_TO_SPEAK, ['Do you want to know the current time, know the current alarm, set the time or set the alarm?'], sender=None, reason=None))
2019-09-12 20:31:37,707 - tdm - DEBUG - FrontendConnectionHandler(id=4392522064, session='2019-09-12T20_31_37_0'): writing {"content": ["Do you want to know the current time, know the current alarm, set the time or set the alarm?"], "_sender": null, "_reason": null, "event_type": "SYSTEM_UTTERANCE_TO_SPEAK"}
2019-09-12 20:31:37,707 - tdm - DEBUG - FrontendConnectionHandler(id=4392522064, session='2019-09-12T20_31_37_0'): OK
2019-09-12 20:31:37,708 - tdm - DEBUG - FrontendConnectionHandler(id=4392522064, session='2019-09-12T20_31_37_0').on_event(Event(MESSAGE_TO_GUI, [Screen(top, Main menu, [<tdm.nlg.tdm_gui_protocol.Element instance at 0x105cb57a0>])], sender=None, reason=None))
2019-09-12 20:31:37,708 - tdm - DEBUG - FrontendConnectionHandler(id=4392522064, session='2019-09-12T20_31_37_0'): writing {"content": [{"Screen": {"elements": [{"Element": {"name": "move", "title": "", "items": [{"Item": {"attributes": null, "selected": false, "predicted": false, "value": "ask(?X.current_time(X))", "title": "The current time?"}}, {"Item": {"attributes": null, "selected": false, "predicted": false, "value": "ask(?X.current_alarm(X))", "title": "The current alarm?"}}, {"Item": {"attributes": null, "selected": false, "predicted": false, "value": "request(set_time)", "title": "Set the time"}}, {"Item": {"attributes": null, "selected": false, "predicted": false, "value": "request(set_alarm)", "title": "Set the alarm"}}], "format": "", "voice_browsed": false, "value": "", "template": "menu", "type": "list"}}], "name": "top", "title": "Main menu"}}], "_sender": null, "_reason": null, "event_type": "MESSAGE_TO_GUI"}
2019-09-12 20:31:37,708 - tdm - DEBUG - FrontendConnectionHandler(id=4392522064, session='2019-09-12T20_31_37_0'): OK
2019-09-12 20:31:40,155 - tdm - DEBUG - FrontendConnectionHandler(id=4392522064, session='2019-09-12T20_31_37_0').on_message({"content": [{"score": 1.0, "utterance": "set the time"}], "_sender": "TextInputComponent", "_reason": null, "event_type": "RECOGNITION"})
2019-09-12 20:31:40,185 - tdm - DEBUG - DeviceHandler.query_all(?X.hour_to_set(X), {}, eng)
2019-09-12 20:31:40,185 - tdm - DEBUG - DeviceHandler.query_all(?X.hour_to_set(X), {}, eng)
2019-09-12 20:31:40,187 - tdm - DEBUG - DeviceHandler.query_all(?X.hour_to_set(X), {}, eng)
2019-09-12 20:31:40,187 - tdm - DEBUG - DeviceHandler.query_all(?X.hour_to_set(X), {}, eng)
2019-09-12 20:31:40,211 - tdm - DEBUG - DeviceHandler.query_all(?X.hour_to_set(X), {}, eng)
2019-09-12 20:31:40,211 - tdm - DEBUG - DeviceHandler.query_all(?X.hour_to_set(X), {}, eng)
2019-09-12 20:31:40,215 - tdm - DEBUG - FrontendConnectionHandler(id=4392522064, session='2019-09-12T20_31_37_0').on_event(Event(SELECTED_RECOGNITION, 'set the time', sender=DmeModule, reason=None))
2019-09-12 20:31:40,215 - tdm - DEBUG - FrontendConnectionHandler(id=4392522064, session='2019-09-12T20_31_37_0'): writing {"content": "set the time", "_sender": "DmeModule", "_reason": null, "event_type": "SELECTED_RECOGNITION"}
2019-09-12 20:31:40,215 - tdm - DEBUG - FrontendConnectionHandler(id=4392522064, session='2019-09-12T20_31_37_0'): OK
2019-09-12 20:31:40,215 - tdm - DEBUG - FrontendConnectionHandler(id=4392522064, session='2019-09-12T20_31_37_0').on_event(Event(FACTS, [], sender=DmeModule, reason=None))
2019-09-12 20:31:40,216 - tdm - DEBUG - FrontendConnectionHandler(id=4392522064, session='2019-09-12T20_31_37_0'): writing {"content": [], "_sender": "DmeModule", "_reason": null, "event_type": "FACTS"}
2019-09-12 20:31:40,216 - tdm - DEBUG - FrontendConnectionHandler(id=4392522064, session='2019-09-12T20_31_37_0'): OK
2019-09-12 20:31:40,216 - tdm - DEBUG - FrontendConnectionHandler(id=4392522064, session='2019-09-12T20_31_37_0').on_event(Event(FACTS, [], sender=DmeModule, reason=None))
2019-09-12 20:31:40,216 - tdm - DEBUG - FrontendConnectionHandler(id=4392522064, session='2019-09-12T20_31_37_0'): writing {"content": [], "_sender": "DmeModule", "_reason": null, "event_type": "FACTS"}
2019-09-12 20:31:40,216 - tdm - DEBUG - FrontendConnectionHandler(id=4392522064, session='2019-09-12T20_31_37_0'): OK
2019-09-12 20:31:40,216 - tdm - DEBUG - FrontendConnectionHandler(id=4392522064, session='2019-09-12T20_31_37_0').on_event(Event(END_SYSTEM_TURN, {'passivity_duration': 5.0, 'system_has_asked_question': True}, sender=DmeModule, reason=None))
2019-09-12 20:31:40,216 - tdm - DEBUG - FrontendConnectionHandler(id=4392522064, session='2019-09-12T20_31_37_0'): writing {"content": {"passivity_duration": 5.0, "system_has_asked_question": true}, "_sender": "DmeModule", "_reason": null, "event_type": "END_SYSTEM_TURN"}
2019-09-12 20:31:40,217 - tdm - DEBUG - FrontendConnectionHandler(id=4392522064, session='2019-09-12T20_31_37_0'): OK
2019-09-12 20:31:40,217 - tdm - DEBUG - FrontendConnectionHandler(id=4392522064, session='2019-09-12T20_31_37_0').on_event(Event(EXPECTED_PASSIVITY_DURATION, 5.0, sender=DmeModule, reason=None))
2019-09-12 20:31:40,217 - tdm - DEBUG - FrontendConnectionHandler(id=4392522064, session='2019-09-12T20_31_37_0'): writing {"content": 5.0, "_sender": "DmeModule", "_reason": null, "event_type": "EXPECTED_PASSIVITY_DURATION"}
2019-09-12 20:31:40,217 - tdm - DEBUG - FrontendConnectionHandler(id=4392522064, session='2019-09-12T20_31_37_0'): OK
2019-09-12 20:31:40,217 - tdm - DEBUG - FrontendConnectionHandler(id=4392522064, session='2019-09-12T20_31_37_0').on_event(Event(SYSTEM_UTTERANCE_TO_SPEAK, ['', '', 'What hour?'], sender=None, reason=None))
2019-09-12 20:31:40,217 - tdm - DEBUG - FrontendConnectionHandler(id=4392522064, session='2019-09-12T20_31_37_0'): writing {"content": ["", "", "What hour?"], "_sender": null, "_reason": null, "event_type": "SYSTEM_UTTERANCE_TO_SPEAK"}
2019-09-12 20:31:40,218 - tdm - DEBUG - FrontendConnectionHandler(id=4392522064, session='2019-09-12T20_31_37_0'): OK
2019-09-12 20:31:40,218 - tdm - DEBUG - FrontendConnectionHandler(id=4392522064, session='2019-09-12T20_31_37_0').on_event(Event(MESSAGE_TO_GUI, [], sender=None, reason=None))
2019-09-12 20:31:40,218 - tdm - DEBUG - FrontendConnectionHandler(id=4392522064, session='2019-09-12T20_31_37_0'): writing {"content": [], "_sender": null, "_reason": null, "event_type": "MESSAGE_TO_GUI"}
2019-09-12 20:31:40,218 - tdm - DEBUG - FrontendConnectionHandler(id=4392522064, session='2019-09-12T20_31_37_0'): OK
2019-09-12 20:31:42,535 - tdm - DEBUG - FrontendConnectionHandler(id=4392522064, session='2019-09-12T20_31_37_0').on_message({"content": [{"score": 1.0, "utterance": "eleven"}], "_sender": "TextInputComponent", "_reason": null, "event_type": "RECOGNITION"})
2019-09-12 20:31:42,547 - tdm - DEBUG - DeviceHandler.query_all(?X.hour_to_set(X), {}, eng)
2019-09-12 20:31:42,555 - tdm - DEBUG - DeviceHandler.is_valid_parameter(hour_to_set(11), {}, eng)
2019-09-12 20:31:42,559 - tdm - DEBUG - DeviceHandler.query_all(?X.minute_to_set(X), {hour_to_set(11), resolved(?X.hour_to_set(X))}, eng)
2019-09-12 20:31:42,559 - tdm - DEBUG - DeviceHandler.query_all(?X.minute_to_set(X), {hour_to_set(11), resolved(?X.hour_to_set(X))}, eng)
2019-09-12 20:31:42,561 - tdm - DEBUG - DeviceHandler.query_all(?X.minute_to_set(X), {hour_to_set(11), resolved(?X.hour_to_set(X))}, eng)
2019-09-12 20:31:42,561 - tdm - DEBUG - DeviceHandler.query_all(?X.minute_to_set(X), {hour_to_set(11), resolved(?X.hour_to_set(X))}, eng)
2019-09-12 20:31:42,575 - tdm - DEBUG - DeviceHandler.query_all(?X.minute_to_set(X), {hour_to_set(11), resolved(?X.hour_to_set(X))}, eng)
2019-09-12 20:31:42,576 - tdm - DEBUG - DeviceHandler.query_all(?X.minute_to_set(X), {hour_to_set(11), resolved(?X.hour_to_set(X))}, eng)
2019-09-12 20:31:42,579 - tdm - DEBUG - FrontendConnectionHandler(id=4392522064, session='2019-09-12T20_31_37_0').on_event(Event(SELECTED_RECOGNITION, 'eleven', sender=DmeModule, reason=None))
2019-09-12 20:31:42,579 - tdm - DEBUG - FrontendConnectionHandler(id=4392522064, session='2019-09-12T20_31_37_0'): writing {"content": "eleven", "_sender": "DmeModule", "_reason": null, "event_type": "SELECTED_RECOGNITION"}
2019-09-12 20:31:42,580 - tdm - DEBUG - FrontendConnectionHandler(id=4392522064, session='2019-09-12T20_31_37_0'): OK
2019-09-12 20:31:42,580 - tdm - DEBUG - FrontendConnectionHandler(id=4392522064, session='2019-09-12T20_31_37_0').on_event(Event(FACTS, [{'predicate': 'hour_to_set', 'grammar_entry': None, 'value': 11}], sender=DmeModule, reason=None))
2019-09-12 20:31:42,580 - tdm - DEBUG - FrontendConnectionHandler(id=4392522064, session='2019-09-12T20_31_37_0'): writing {"content": [{"predicate": "hour_to_set", "grammar_entry": null, "value": 11}], "_sender": "DmeModule", "_reason": null, "event_type": "FACTS"}
2019-09-12 20:31:42,580 - tdm - DEBUG - FrontendConnectionHandler(id=4392522064, session='2019-09-12T20_31_37_0'): OK
2019-09-12 20:31:42,580 - tdm - DEBUG - FrontendConnectionHandler(id=4392522064, session='2019-09-12T20_31_37_0').on_event(Event(FACTS, [{'predicate': 'hour_to_set', 'grammar_entry': None, 'value': 11}], sender=DmeModule, reason=None))
2019-09-12 20:31:42,580 - tdm - DEBUG - FrontendConnectionHandler(id=4392522064, session='2019-09-12T20_31_37_0'): writing {"content": [{"predicate": "hour_to_set", "grammar_entry": null, "value": 11}], "_sender": "DmeModule", "_reason": null, "event_type": "FACTS"}
2019-09-12 20:31:42,580 - tdm - DEBUG - FrontendConnectionHandler(id=4392522064, session='2019-09-12T20_31_37_0'): OK
2019-09-12 20:31:42,580 - tdm - DEBUG - FrontendConnectionHandler(id=4392522064, session='2019-09-12T20_31_37_0').on_event(Event(END_SYSTEM_TURN, {'passivity_duration': 5.0, 'system_has_asked_question': True}, sender=DmeModule, reason=None))
2019-09-12 20:31:42,580 - tdm - DEBUG - FrontendConnectionHandler(id=4392522064, session='2019-09-12T20_31_37_0'): writing {"content": {"passivity_duration": 5.0, "system_has_asked_question": true}, "_sender": "DmeModule", "_reason": null, "event_type": "END_SYSTEM_TURN"}
2019-09-12 20:31:42,581 - tdm - DEBUG - FrontendConnectionHandler(id=4392522064, session='2019-09-12T20_31_37_0'): OK
2019-09-12 20:31:42,581 - tdm - DEBUG - FrontendConnectionHandler(id=4392522064, session='2019-09-12T20_31_37_0').on_event(Event(EXPECTED_PASSIVITY_DURATION, 5.0, sender=DmeModule, reason=None))
2019-09-12 20:31:42,581 - tdm - DEBUG - FrontendConnectionHandler(id=4392522064, session='2019-09-12T20_31_37_0'): writing {"content": 5.0, "_sender": "DmeModule", "_reason": null, "event_type": "EXPECTED_PASSIVITY_DURATION"}
2019-09-12 20:31:42,581 - tdm - DEBUG - FrontendConnectionHandler(id=4392522064, session='2019-09-12T20_31_37_0'): OK
2019-09-12 20:31:42,581 - tdm - DEBUG - FrontendConnectionHandler(id=4392522064, session='2019-09-12T20_31_37_0').on_event(Event(SYSTEM_UTTERANCE_TO_SPEAK, ['', 'What minute?'], sender=None, reason=None))
2019-09-12 20:31:42,582 - tdm - DEBUG - FrontendConnectionHandler(id=4392522064, session='2019-09-12T20_31_37_0'): writing {"content": ["", "What minute?"], "_sender": null, "_reason": null, "event_type": "SYSTEM_UTTERANCE_TO_SPEAK"}
2019-09-12 20:31:42,582 - tdm - DEBUG - FrontendConnectionHandler(id=4392522064, session='2019-09-12T20_31_37_0'): OK
2019-09-12 20:31:42,582 - tdm - DEBUG - FrontendConnectionHandler(id=4392522064, session='2019-09-12T20_31_37_0').on_event(Event(MESSAGE_TO_GUI, [], sender=None, reason=None))
2019-09-12 20:31:42,582 - tdm - DEBUG - FrontendConnectionHandler(id=4392522064, session='2019-09-12T20_31_37_0'): writing {"content": [], "_sender": null, "_reason": null, "event_type": "MESSAGE_TO_GUI"}
2019-09-12 20:31:42,582 - tdm - DEBUG - FrontendConnectionHandler(id=4392522064, session='2019-09-12T20_31_37_0'): OK
2019-09-12 20:31:43,296 - tdm - DEBUG - FrontendConnectionHandler(id=4392522064, session='2019-09-12T20_31_37_0').on_message({"content": [{"score": 1.0, "utterance": "ten"}], "_sender": "TextInputComponent", "_reason": null, "event_type": "RECOGNITION"})
2019-09-12 20:31:43,307 - tdm - DEBUG - DeviceHandler.query_all(?X.minute_to_set(X), {hour_to_set(11), resolved(?X.hour_to_set(X))}, eng)
2019-09-12 20:31:43,315 - tdm - DEBUG - DeviceHandler.is_valid_parameter(minute_to_set(10), {hour_to_set(11), resolved(?X.hour_to_set(X))}, eng)
2019-09-12 20:31:43,321 - tdm - DEBUG - DeviceHandler.perform(SetTime, {hour_to_set(11), resolved(?X.hour_to_set(X)), minute_to_set(10), resolved(?X.minute_to_set(X))}, eng)
2019-09-12 20:31:43,321 - tdm - DEBUG - DeviceHandler invocation ID: 7868d109c308b8f9b97427152cd73ebb
2019-09-12 20:31:43,352 - tdm - DEBUG - FrontendConnectionHandler(id=4392522064, session='2019-09-12T20_31_37_0').on_event(Event(SELECTED_RECOGNITION, 'ten', sender=DmeModule, reason=None))
2019-09-12 20:31:43,352 - tdm - DEBUG - FrontendConnectionHandler(id=4392522064, session='2019-09-12T20_31_37_0'): writing {"content": "ten", "_sender": "DmeModule", "_reason": null, "event_type": "SELECTED_RECOGNITION"}
2019-09-12 20:31:43,352 - tdm - DEBUG - FrontendConnectionHandler(id=4392522064, session='2019-09-12T20_31_37_0'): OK
2019-09-12 20:31:43,352 - tdm - DEBUG - FrontendConnectionHandler(id=4392522064, session='2019-09-12T20_31_37_0').on_event(Event(FACTS, [{'predicate': 'hour_to_set', 'grammar_entry': None, 'value': 11}, {'predicate': 'minute_to_set', 'grammar_entry': None, 'value': 10}], sender=DmeModule, reason=None))
2019-09-12 20:31:43,352 - tdm - DEBUG - FrontendConnectionHandler(id=4392522064, session='2019-09-12T20_31_37_0'): writing {"content": [{"predicate": "hour_to_set", "grammar_entry": null, "value": 11}, {"predicate": "minute_to_set", "grammar_entry": null, "value": 10}], "_sender": "DmeModule", "_reason": null, "event_type": "FACTS"}
2019-09-12 20:31:43,352 - tdm - DEBUG - FrontendConnectionHandler(id=4392522064, session='2019-09-12T20_31_37_0'): OK
2019-09-12 20:31:43,353 - tdm - DEBUG - FrontendConnectionHandler(id=4392522064, session='2019-09-12T20_31_37_0').on_event(Event(FACTS, [{'predicate': 'hour_to_set', 'grammar_entry': None, 'value': 11}, {'predicate': 'minute_to_set', 'grammar_entry': None, 'value': 10}], sender=DmeModule, reason=None))
2019-09-12 20:31:43,353 - tdm - DEBUG - FrontendConnectionHandler(id=4392522064, session='2019-09-12T20_31_37_0'): writing {"content": [{"predicate": "hour_to_set", "grammar_entry": null, "value": 11}, {"predicate": "minute_to_set", "grammar_entry": null, "value": 10}], "_sender": "DmeModule", "_reason": null, "event_type": "FACTS"}
2019-09-12 20:31:43,353 - tdm - DEBUG - FrontendConnectionHandler(id=4392522064, session='2019-09-12T20_31_37_0'): OK
2019-09-12 20:31:43,353 - tdm - DEBUG - FrontendConnectionHandler(id=4392522064, session='2019-09-12T20_31_37_0').on_event(Event(END_SYSTEM_TURN, {'passivity_duration': 1.0, 'system_has_asked_question': False}, sender=DmeModule, reason=None))
2019-09-12 20:31:43,353 - tdm - DEBUG - FrontendConnectionHandler(id=4392522064, session='2019-09-12T20_31_37_0'): writing {"content": {"passivity_duration": 1.0, "system_has_asked_question": false}, "_sender": "DmeModule", "_reason": null, "event_type": "END_SYSTEM_TURN"}
2019-09-12 20:31:43,353 - tdm - DEBUG - FrontendConnectionHandler(id=4392522064, session='2019-09-12T20_31_37_0'): OK
2019-09-12 20:31:43,354 - tdm - DEBUG - FrontendConnectionHandler(id=4392522064, session='2019-09-12T20_31_37_0').on_event(Event(EXPECTED_PASSIVITY_DURATION, 1.0, sender=DmeModule, reason=None))
2019-09-12 20:31:43,354 - tdm - DEBUG - FrontendConnectionHandler(id=4392522064, session='2019-09-12T20_31_37_0'): writing {"content": 1.0, "_sender": "DmeModule", "_reason": null, "event_type": "EXPECTED_PASSIVITY_DURATION"}
2019-09-12 20:31:43,354 - tdm - DEBUG - FrontendConnectionHandler(id=4392522064, session='2019-09-12T20_31_37_0'): OK
2019-09-12 20:31:43,354 - tdm - DEBUG - FrontendConnectionHandler(id=4392522064, session='2019-09-12T20_31_37_0').on_event(Event(SYSTEM_UTTERANCE_TO_SPEAK, ['', 'The time was set to 11: 10.'], sender=None, reason=None))
2019-09-12 20:31:43,354 - tdm - DEBUG - FrontendConnectionHandler(id=4392522064, session='2019-09-12T20_31_37_0'): writing {"content": ["", "The time was set to 11: 10."], "_sender": null, "_reason": null, "event_type": "SYSTEM_UTTERANCE_TO_SPEAK"}
2019-09-12 20:31:43,354 - tdm - DEBUG - FrontendConnectionHandler(id=4392522064, session='2019-09-12T20_31_37_0'): OK
2019-09-12 20:31:43,355 - tdm - DEBUG - FrontendConnectionHandler(id=4392522064, session='2019-09-12T20_31_37_0').on_event(Event(MESSAGE_TO_GUI, [Popup(The time was set to 11: 10., elements=[])], sender=None, reason=None))
2019-09-12 20:31:43,355 - tdm - DEBUG - FrontendConnectionHandler(id=4392522064, session='2019-09-12T20_31_37_0'): writing {"content": [{"Popup": {"elements": [], "title": "The time was set to 11: 10."}}], "_sender": null, "_reason": null, "event_type": "MESSAGE_TO_GUI"}
2019-09-12 20:31:43,355 - tdm - DEBUG - FrontendConnectionHandler(id=4392522064, session='2019-09-12T20_31_37_0'): OK
2019-09-12 20:31:43,355 - tdm - DEBUG - FrontendConnectionHandler(id=4392522064, session='2019-09-12T20_31_37_0').on_event(Event(GUI.POPUP, {'options': [], 'title': 'The time was set to 11: 10.'}, sender=None, reason=None))
2019-09-12 20:31:43,355 - tdm - DEBUG - FrontendConnectionHandler(id=4392522064, session='2019-09-12T20_31_37_0'): writing {"content": {"options": [], "title": "The time was set to 11: 10."}, "_sender": null, "_reason": null, "event_type": "GUI.POPUP"}
2019-09-12 20:31:43,355 - tdm - DEBUG - FrontendConnectionHandler(id=4392522064, session='2019-09-12T20_31_37_0'): OK
2019-09-12 20:31:44,366 - tdm - DEBUG - FrontendConnectionHandler(id=4392522064, session='2019-09-12T20_31_37_0').on_message({"content": null, "_sender": "Frontend", "_reason": null, "event_type": "PASSIVITY"})
2019-09-12 20:31:44,406 - tdm - DEBUG - FrontendConnectionHandler(id=4392522064, session='2019-09-12T20_31_37_0').on_event(Event(FACTS, [], sender=DmeModule, reason=None))
2019-09-12 20:31:44,407 - tdm - DEBUG - FrontendConnectionHandler(id=4392522064, session='2019-09-12T20_31_37_0'): writing {"content": [], "_sender": "DmeModule", "_reason": null, "event_type": "FACTS"}
2019-09-12 20:31:44,407 - tdm - DEBUG - FrontendConnectionHandler(id=4392522064, session='2019-09-12T20_31_37_0'): OK
2019-09-12 20:31:44,407 - tdm - DEBUG - FrontendConnectionHandler(id=4392522064, session='2019-09-12T20_31_37_0').on_event(Event(FACTS, [], sender=DmeModule, reason=None))
2019-09-12 20:31:44,407 - tdm - DEBUG - FrontendConnectionHandler(id=4392522064, session='2019-09-12T20_31_37_0'): writing {"content": [], "_sender": "DmeModule", "_reason": null, "event_type": "FACTS"}
2019-09-12 20:31:44,407 - tdm - DEBUG - FrontendConnectionHandler(id=4392522064, session='2019-09-12T20_31_37_0'): OK
2019-09-12 20:31:44,407 - tdm - DEBUG - FrontendConnectionHandler(id=4392522064, session='2019-09-12T20_31_37_0').on_event(Event(END_SYSTEM_TURN, {'passivity_duration': None, 'system_has_asked_question': True}, sender=DmeModule, reason=None))
2019-09-12 20:31:44,407 - tdm - DEBUG - FrontendConnectionHandler(id=4392522064, session='2019-09-12T20_31_37_0'): writing {"content": {"passivity_duration": null, "system_has_asked_question": true}, "_sender": "DmeModule", "_reason": null, "event_type": "END_SYSTEM_TURN"}
2019-09-12 20:31:44,407 - tdm - DEBUG - FrontendConnectionHandler(id=4392522064, session='2019-09-12T20_31_37_0'): OK
2019-09-12 20:31:44,408 - tdm - DEBUG - FrontendConnectionHandler(id=4392522064, session='2019-09-12T20_31_37_0').on_event(Event(SYSTEM_UTTERANCE_TO_SPEAK, ['Returning to main menu.', 'Do you want to know the current time, know the current alarm, set the time or set the alarm?'], sender=None, reason=None))
2019-09-12 20:31:44,408 - tdm - DEBUG - FrontendConnectionHandler(id=4392522064, session='2019-09-12T20_31_37_0'): writing {"content": ["Returning to main menu.", "Do you want to know the current time, know the current alarm, set the time or set the alarm?"], "_sender": null, "_reason": null, "event_type": "SYSTEM_UTTERANCE_TO_SPEAK"}
2019-09-12 20:31:44,408 - tdm - DEBUG - FrontendConnectionHandler(id=4392522064, session='2019-09-12T20_31_37_0'): OK
2019-09-12 20:31:44,408 - tdm - DEBUG - FrontendConnectionHandler(id=4392522064, session='2019-09-12T20_31_37_0').on_event(Event(MESSAGE_TO_GUI, [ClosePopup(), Screen(top, Main menu, [<tdm.nlg.tdm_gui_protocol.Element instance at 0x105d95680>])], sender=None, reason=None))
2019-09-12 20:31:44,409 - tdm - DEBUG - FrontendConnectionHandler(id=4392522064, session='2019-09-12T20_31_37_0'): writing {"content": [{"ClosePopup": {}}, {"Screen": {"elements": [{"Element": {"name": "move", "title": "", "items": [{"Item": {"attributes": null, "selected": false, "predicted": false, "value": "ask(?X.current_time(X))", "title": "The current time?"}}, {"Item": {"attributes": null, "selected": false, "predicted": false, "value": "ask(?X.current_alarm(X))", "title": "The current alarm?"}}, {"Item": {"attributes": null, "selected": true, "predicted": false, "value": "request(set_time)", "title": "Set the time"}}, {"Item": {"attributes": null, "selected": false, "predicted": false, "value": "request(set_alarm)", "title": "Set the alarm"}}], "format": "", "voice_browsed": false, "value": "", "template": "menu", "type": "list"}}], "name": "top", "title": "Main menu"}}], "_sender": null, "_reason": null, "event_type": "MESSAGE_TO_GUI"}
2019-09-12 20:31:44,409 - tdm - DEBUG - FrontendConnectionHandler(id=4392522064, session='2019-09-12T20_31_37_0'): OK
2019-09-12 20:31:47,952 - tdm - DEBUG - FrontendConnectionHandler(id=4392522064, session='2019-09-12T20_31_37_0').on_message({"content": [{"score": 1.0, "utterance": "the current time"}], "_sender": "TextInputComponent", "_reason": null, "event_type": "RECOGNITION"})
2019-09-12 20:31:47,980 - tdm - DEBUG - DeviceHandler.query_all(?X.current_time(X), {}, eng)
2019-09-12 20:31:47,980 - tdm - DEBUG - DeviceHandler invocation ID: 75ecc330acc13ff3fcfe059e9a966e21
2019-09-12 20:31:48,014 - tdm - DEBUG - FrontendConnectionHandler(id=4392522064, session='2019-09-12T20_31_37_0').on_event(Event(SELECTED_RECOGNITION, 'the current time', sender=DmeModule, reason=None))
2019-09-12 20:31:48,014 - tdm - DEBUG - FrontendConnectionHandler(id=4392522064, session='2019-09-12T20_31_37_0').on_message({"content": [{"score": 1.0, "utterance": ""}], "_sender": "TextInputComponent", "_reason": null, "event_type": "RECOGNITION"})
2019-09-12 20:31:48,041 - tdm - DEBUG - FrontendConnectionHandler(id=4392522064, session='2019-09-12T20_31_37_0'): writing {"content": "the current time", "_sender": "DmeModule", "_reason": null, "event_type": "SELECTED_RECOGNITION"}
2019-09-12 20:31:48,042 - tdm - DEBUG - FrontendConnectionHandler(id=4392522064, session='2019-09-12T20_31_37_0'): OK
2019-09-12 20:31:48,043 - tdm - DEBUG - FrontendConnectionHandler(id=4392522064, session='2019-09-12T20_31_37_0').on_event(Event(FACTS, [{'predicate': 'current_time', 'grammar_entry': None, 'value': '11:10'}], sender=DmeModule, reason=None))
2019-09-12 20:31:48,043 - tdm - DEBUG - FrontendConnectionHandler(id=4392522064, session='2019-09-12T20_31_37_0'): writing {"content": [{"predicate": "current_time", "grammar_entry": null, "value": "11:10"}], "_sender": "DmeModule", "_reason": null, "event_type": "FACTS"}
2019-09-12 20:31:48,043 - tdm - DEBUG - FrontendConnectionHandler(id=4392522064, session='2019-09-12T20_31_37_0'): OK
2019-09-12 20:31:48,043 - tdm - DEBUG - FrontendConnectionHandler(id=4392522064, session='2019-09-12T20_31_37_0').on_event(Event(FACTS, [{'predicate': 'current_time', 'grammar_entry': None, 'value': '11:10'}], sender=DmeModule, reason=None))
2019-09-12 20:31:48,044 - tdm - DEBUG - FrontendConnectionHandler(id=4392522064, session='2019-09-12T20_31_37_0'): writing {"content": [{"predicate": "current_time", "grammar_entry": null, "value": "11:10"}], "_sender": "DmeModule", "_reason": null, "event_type": "FACTS"}
2019-09-12 20:31:48,044 - tdm - DEBUG - FrontendConnectionHandler(id=4392522064, session='2019-09-12T20_31_37_0'): OK
2019-09-12 20:31:48,045 - tdm - DEBUG - FrontendConnectionHandler(id=4392522064, session='2019-09-12T20_31_37_0').on_event(Event(END_SYSTEM_TURN, {'passivity_duration': 1.0, 'system_has_asked_question': False}, sender=DmeModule, reason=None))
2019-09-12 20:31:48,045 - tdm - DEBUG - FrontendConnectionHandler(id=4392522064, session='2019-09-12T20_31_37_0'): writing {"content": {"passivity_duration": 1.0, "system_has_asked_question": false}, "_sender": "DmeModule", "_reason": null, "event_type": "END_SYSTEM_TURN"}
2019-09-12 20:31:48,045 - tdm - DEBUG - FrontendConnectionHandler(id=4392522064, session='2019-09-12T20_31_37_0'): OK
2019-09-12 20:31:48,045 - tdm - DEBUG - FrontendConnectionHandler(id=4392522064, session='2019-09-12T20_31_37_0').on_event(Event(EXPECTED_PASSIVITY_DURATION, 1.0, sender=DmeModule, reason=None))
2019-09-12 20:31:48,046 - tdm - DEBUG - FrontendConnectionHandler(id=4392522064, session='2019-09-12T20_31_37_0'): writing {"content": 1.0, "_sender": "DmeModule", "_reason": null, "event_type": "EXPECTED_PASSIVITY_DURATION"}
2019-09-12 20:31:48,046 - tdm - DEBUG - FrontendConnectionHandler(id=4392522064, session='2019-09-12T20_31_37_0'): OK
2019-09-12 20:31:48,046 - tdm - DEBUG - FrontendConnectionHandler(id=4392522064, session='2019-09-12T20_31_37_0').on_event(Event(SYSTEM_UTTERANCE_TO_SPEAK, ['11:10.'], sender=None, reason=None))
2019-09-12 20:31:48,046 - tdm - DEBUG - FrontendConnectionHandler(id=4392522064, session='2019-09-12T20_31_37_0'): writing {"content": ["11:10."], "_sender": null, "_reason": null, "event_type": "SYSTEM_UTTERANCE_TO_SPEAK"}
2019-09-12 20:31:48,047 - tdm - DEBUG - FrontendConnectionHandler(id=4392522064, session='2019-09-12T20_31_37_0'): OK
2019-09-12 20:31:48,047 - tdm - DEBUG - FrontendConnectionHandler(id=4392522064, session='2019-09-12T20_31_37_0').on_event(Event(MESSAGE_TO_GUI, [Popup(11:10., elements=[])], sender=None, reason=None))
2019-09-12 20:31:48,047 - tdm - DEBUG - FrontendConnectionHandler(id=4392522064, session='2019-09-12T20_31_37_0'): writing {"content": [{"Popup": {"elements": [], "title": "11:10."}}], "_sender": null, "_reason": null, "event_type": "MESSAGE_TO_GUI"}
2019-09-12 20:31:48,047 - tdm - DEBUG - FrontendConnectionHandler(id=4392522064, session='2019-09-12T20_31_37_0'): OK
2019-09-12 20:31:48,047 - tdm - DEBUG - FrontendConnectionHandler(id=4392522064, session='2019-09-12T20_31_37_0').on_event(Event(GUI.POPUP, {'options': [], 'title': '11:10.'}, sender=None, reason=None))
2019-09-12 20:31:48,047 - tdm - DEBUG - FrontendConnectionHandler(id=4392522064, session='2019-09-12T20_31_37_0'): writing {"content": {"options": [], "title": "11:10."}, "_sender": null, "_reason": null, "event_type": "GUI.POPUP"}
2019-09-12 20:31:48,048 - tdm - DEBUG - FrontendConnectionHandler(id=4392522064, session='2019-09-12T20_31_37_0'): OK
2019-09-12 20:31:48,049 - tdm - DEBUG - DeviceHandler.recognize(, eng)
2019-09-12 20:31:48,112 - tdm - DEBUG - FrontendConnectionHandler(id=4392522064, session='2019-09-12T20_31_37_0').on_event(Event(FACTS, [], sender=DmeModule, reason=None))
2019-09-12 20:31:48,112 - tdm - DEBUG - FrontendConnectionHandler(id=4392522064, session='2019-09-12T20_31_37_0'): writing {"content": [], "_sender": "DmeModule", "_reason": null, "event_type": "FACTS"}
2019-09-12 20:31:48,112 - tdm - DEBUG - FrontendConnectionHandler(id=4392522064, session='2019-09-12T20_31_37_0'): OK
2019-09-12 20:31:48,113 - tdm - DEBUG - FrontendConnectionHandler(id=4392522064, session='2019-09-12T20_31_37_0').on_event(Event(FACTS, [], sender=DmeModule, reason=None))
2019-09-12 20:31:48,113 - tdm - DEBUG - FrontendConnectionHandler(id=4392522064, session='2019-09-12T20_31_37_0'): writing {"content": [], "_sender": "DmeModule", "_reason": null, "event_type": "FACTS"}
2019-09-12 20:31:48,113 - tdm - DEBUG - FrontendConnectionHandler(id=4392522064, session='2019-09-12T20_31_37_0'): OK
2019-09-12 20:31:48,113 - tdm - DEBUG - FrontendConnectionHandler(id=4392522064, session='2019-09-12T20_31_37_0').on_event(Event(END_SYSTEM_TURN, {'passivity_duration': None, 'system_has_asked_question': True}, sender=DmeModule, reason=None))
2019-09-12 20:31:48,114 - tdm - DEBUG - FrontendConnectionHandler(id=4392522064, session='2019-09-12T20_31_37_0'): writing {"content": {"passivity_duration": null, "system_has_asked_question": true}, "_sender": "DmeModule", "_reason": null, "event_type": "END_SYSTEM_TURN"}
2019-09-12 20:31:48,114 - tdm - DEBUG - FrontendConnectionHandler(id=4392522064, session='2019-09-12T20_31_37_0'): OK
2019-09-12 20:31:48,114 - tdm - DEBUG - FrontendConnectionHandler(id=4392522064, session='2019-09-12T20_31_37_0').on_event(Event(SYSTEM_UTTERANCE_TO_SPEAK, ['I heard you say.', 'I don't understand.', 'Returning to main menu.', 'Do you want to know the current time, know the current alarm, set the time or set the alarm?'], sender=None, reason=None))
2019-09-12 20:31:48,114 - tdm - DEBUG - FrontendConnectionHandler(id=4392522064, session='2019-09-12T20_31_37_0'): writing {"content": ["I heard you say.", "I don't understand.", "Returning to main menu.", "Do you want to know the current time, know the current alarm, set the time or set the alarm?"], "_sender": null, "_reason": null, "event_type": "SYSTEM_UTTERANCE_TO_SPEAK"}
2019-09-12 20:31:48,114 - tdm - DEBUG - FrontendConnectionHandler(id=4392522064, session='2019-09-12T20_31_37_0'): OK
2019-09-12 20:31:48,115 - tdm - DEBUG - FrontendConnectionHandler(id=4392522064, session='2019-09-12T20_31_37_0').on_event(Event(MESSAGE_TO_GUI, [ClosePopup(), Screen(top, Main menu, [<tdm.nlg.tdm_gui_protocol.Element instance at 0x105cb5d40>])], sender=None, reason=None))
2019-09-12 20:31:48,115 - tdm - DEBUG - FrontendConnectionHandler(id=4392522064, session='2019-09-12T20_31_37_0'): writing {"content": [{"ClosePopup": {}}, {"Screen": {"elements": [{"Element": {"name": "move", "title": "", "items": [{"Item": {"attributes": null, "selected": false, "predicted": false, "value": "ask(?X.current_time(X))", "title": "The current time?"}}, {"Item": {"attributes": null, "selected": false, "predicted": false, "value": "ask(?X.current_alarm(X))", "title": "The current alarm?"}}, {"Item": {"attributes": null, "selected": true, "predicted": false, "value": "request(set_time)", "title": "Set the time"}}, {"Item": {"attributes": null, "selected": false, "predicted": false, "value": "request(set_alarm)", "title": "Set the alarm"}}], "format": "", "voice_browsed": false, "value": "", "template": "menu", "type": "list"}}], "name": "top", "title": "Main menu"}}], "_sender": null, "_reason": null, "event_type": "MESSAGE_TO_GUI"}
2019-09-12 20:31:48,116 - tdm - DEBUG - FrontendConnectionHandler(id=4392522064, session='2019-09-12T20_31_37_0'): OK
2019-09-12 20:31:49,122 - tdm - DEBUG - FrontendConnectionHandler(id=4392522064, session='2019-09-12T20_31_37_0').on_message({"content": null, "_sender": "Frontend", "_reason": null, "event_type": "PASSIVITY"})
2019-09-12 20:31:49,152 - tdm - DEBUG - FrontendConnectionHandler(id=4392522064, session='2019-09-12T20_31_37_0').on_event(Event(FACTS, [], sender=DmeModule, reason=None))
2019-09-12 20:31:49,152 - tdm - DEBUG - FrontendConnectionHandler(id=4392522064, session='2019-09-12T20_31_37_0'): writing {"content": [], "_sender": "DmeModule", "_reason": null, "event_type": "FACTS"}
2019-09-12 20:31:49,153 - tdm - DEBUG - FrontendConnectionHandler(id=4392522064, session='2019-09-12T20_31_37_0'): OK
2019-09-12 20:31:49,153 - tdm - DEBUG - FrontendConnectionHandler(id=4392522064, session='2019-09-12T20_31_37_0').on_event(Event(FACTS, [], sender=DmeModule, reason=None))
2019-09-12 20:31:49,153 - tdm - DEBUG - FrontendConnectionHandler(id=4392522064, session='2019-09-12T20_31_37_0'): writing {"content": [], "_sender": "DmeModule", "_reason": null, "event_type": "FACTS"}
2019-09-12 20:31:49,153 - tdm - DEBUG - FrontendConnectionHandler(id=4392522064, session='2019-09-12T20_31_37_0'): OK
2019-09-12 20:31:49,154 - tdm - DEBUG - FrontendConnectionHandler(id=4392522064, session='2019-09-12T20_31_37_0').on_event(Event(END_SYSTEM_TURN, {'passivity_duration': None, 'system_has_asked_question': False}, sender=DmeModule, reason=None))
2019-09-12 20:31:49,154 - tdm - DEBUG - FrontendConnectionHandler(id=4392522064, session='2019-09-12T20_31_37_0'): writing {"content": {"passivity_duration": null, "system_has_asked_question": false}, "_sender": "DmeModule", "_reason": null, "event_type": "END_SYSTEM_TURN"}
2019-09-12 20:31:49,154 - tdm - DEBUG - FrontendConnectionHandler(id=4392522064, session='2019-09-12T20_31_37_0'): OK
2019-09-12 20:31:49,154 - tdm - DEBUG - FrontendConnectionHandler(id=4392522064, session='2019-09-12T20_31_37_0').on_event(Event(SYSTEM_UTTERANCE_TO_SPEAK, [], sender=None, reason=None))
2019-09-12 20:31:49,154 - tdm - DEBUG - FrontendConnectionHandler(id=4392522064, session='2019-09-12T20_31_37_0'): writing {"content": [], "_sender": null, "_reason": null, "event_type": "SYSTEM_UTTERANCE_TO_SPEAK"}
2019-09-12 20:31:49,154 - tdm - DEBUG - FrontendConnectionHandler(id=4392522064, session='2019-09-12T20_31_37_0'): OK
2019-09-12 20:31:49,154 - tdm - DEBUG - FrontendConnectionHandler(id=4392522064, session='2019-09-12T20_31_37_0').on_event(Event(MESSAGE_TO_GUI, [], sender=None, reason=None))
2019-09-12 20:31:49,154 - tdm - DEBUG - FrontendConnectionHandler(id=4392522064, session='2019-09-12T20_31_37_0'): writing {"content": [], "_sender": null, "_reason": null, "event_type": "MESSAGE_TO_GUI"}
2019-09-12 20:31:49,154 - tdm - DEBUG - FrontendConnectionHandler(id=4392522064, session='2019-09-12T20_31_37_0'): OK
2019-09-12 20:32:27,080 - tdm - DEBUG - FrontendConnectionHandler(id=4392522064, session='2019-09-12T20_31_37_0').on_close()
2019-09-12 20:32:27,080 - tdm - DEBUG - SessionManager.stop('2019-09-12T20_31_37_0')
2019-09-12 20:32:27,081 - tdm - DEBUG - TdmApplication.stop(): Stopping HTTP server
2019-09-12 20:32:27,081 - tdm - DEBUG - TdmApplication.stop(): Stopping IO-loop
2019-09-12 20:32:27,081 - tdm - DEBUG - TdmApplication.stop(): Stopping sessions []
