2019-09-12 20:47:57,759 - tdm - DEBUG - EntityDb(time): add_entity(sort=u'alarm_time', grammar_entry='08:30', name=u'eight_thirty')
2019-09-12 20:47:57,759 - tdm - DEBUG - EntityDb(time): add_entity returns u'eight_thirty'
2019-09-12 20:47:57,759 - tdm - DEBUG - EntityDb(time): add_entity(sort=u'alarm_time', grammar_entry='8:30', name=u'eight_thirty')
2019-09-12 20:47:57,759 - tdm - DEBUG - EntityDb(time): add_entity returns u'eight_thirty'
2019-09-12 20:47:57,760 - tdm - DEBUG - EntityDb(time): add_entity(sort=u'alarm_time', grammar_entry='8 30', name=u'eight_thirty')
2019-09-12 20:47:57,760 - tdm - DEBUG - EntityDb(time): add_entity returns u'eight_thirty'
2019-09-12 20:47:57,760 - tdm - DEBUG - EntityDb(time): add_entity(sort=u'alarm_time', grammar_entry='08 30', name=u'eight_thirty')
2019-09-12 20:47:57,760 - tdm - DEBUG - EntityDb(time): add_entity returns u'eight_thirty'
2019-09-12 20:47:57,760 - tdm - DEBUG - EntityDb(time): add_entity(sort=u'alarm_time', grammar_entry='eight thirty', name=u'eight_thirty')
2019-09-12 20:47:57,760 - tdm - DEBUG - EntityDb(time): add_entity returns u'eight_thirty'
2019-09-12 20:47:57,760 - tdm - DEBUG - EntityDb(time): add_entity(sort=u'alarm_time', grammar_entry='09:00', name=u'nine')
2019-09-12 20:47:57,760 - tdm - DEBUG - EntityDb(time): add_entity returns u'nine'
2019-09-12 20:47:57,760 - tdm - DEBUG - EntityDb(time): add_entity(sort=u'alarm_time', grammar_entry='9:00', name=u'nine')
2019-09-12 20:47:57,760 - tdm - DEBUG - EntityDb(time): add_entity returns u'nine'
2019-09-12 20:47:57,760 - tdm - DEBUG - EntityDb(time): add_entity(sort=u'alarm_time', grammar_entry='09', name=u'nine')
2019-09-12 20:47:57,760 - tdm - DEBUG - EntityDb(time): add_entity returns u'nine'
2019-09-12 20:47:57,760 - tdm - DEBUG - EntityDb(time): add_entity(sort=u'alarm_time', grammar_entry='9', name=u'nine')
2019-09-12 20:47:57,760 - tdm - DEBUG - EntityDb(time): add_entity returns u'nine'
2019-09-12 20:47:57,760 - tdm - DEBUG - EntityDb(time): add_entity(sort=u'alarm_time', grammar_entry='nine', name=u'nine')
2019-09-12 20:47:57,760 - tdm - DEBUG - EntityDb(time): add_entity returns u'nine'
2019-09-12 20:47:57,760 - tdm - DEBUG - EntityDb(time): add_entity(sort=u'alarm_time', grammar_entry='08:00', name=u'eight')
2019-09-12 20:47:57,760 - tdm - DEBUG - EntityDb(time): add_entity returns u'eight'
2019-09-12 20:47:57,760 - tdm - DEBUG - EntityDb(time): add_entity(sort=u'alarm_time', grammar_entry='8:00', name=u'eight')
2019-09-12 20:47:57,760 - tdm - DEBUG - EntityDb(time): add_entity returns u'eight'
2019-09-12 20:47:57,760 - tdm - DEBUG - EntityDb(time): add_entity(sort=u'alarm_time', grammar_entry='8', name=u'eight')
2019-09-12 20:47:57,761 - tdm - DEBUG - EntityDb(time): add_entity returns u'eight'
2019-09-12 20:47:57,761 - tdm - DEBUG - EntityDb(time): add_entity(sort=u'alarm_time', grammar_entry='08', name=u'eight')
2019-09-12 20:47:57,761 - tdm - DEBUG - EntityDb(time): add_entity returns u'eight'
2019-09-12 20:47:57,761 - tdm - DEBUG - EntityDb(time): add_entity(sort=u'alarm_time', grammar_entry='eight', name=u'eight')
2019-09-12 20:47:57,761 - tdm - DEBUG - EntityDb(time): add_entity returns u'eight'
2019-09-12 20:47:57,761 - tdm - DEBUG - EntityDb(time): add_entity(sort=u'alarm_time', grammar_entry='off', name=u'alarm_off')
2019-09-12 20:47:57,761 - tdm - DEBUG - EntityDb(time): add_entity returns u'alarm_off'
2019-09-12 20:47:57,762 - tdm - DEBUG - DddDb().__init__(name='ddds', default_ddds=[u'time'])
2019-09-12 20:47:57,762 - tdm - DEBUG - DddDb(): DB file name is '/Users/marta/Desktop/Course project/time_ddd/ddds.json'
2019-09-12 20:47:57,769 - tdm - DEBUG - FrontendConnectionHandler(id=4519297360, session=None).open()
2019-09-12 20:47:57,772 - tdm - DEBUG - FrontendConnectionHandler(id=4519297360, session=None).on_message({"handshake_content": {"session_id": null, "keep_session_alive": false}, "name": "Frontend"})
2019-09-12 20:47:57,772 - tdm - DEBUG - thread_manager.create_thread() with threading.active_count()=3
2019-09-12 20:47:57,772 - tdm - DEBUG - FrontendConnectionHandler(id=4519297360, session=None)._register({"handshake_content": {"session_id": null, "keep_session_alive": false}, "name": "Frontend"})
2019-09-12 20:47:57,773 - tdm - DEBUG - thread_manager.create_thread() with threading.active_count()=4
2019-09-12 20:47:57,774 - tdm - DEBUG - Creating backend and session with id 2019-09-12T20_47_57_0.
2019-09-12 20:47:57,777 - tdm - DEBUG - FrontendConnectionHandler(id=4519297360, session='2019-09-12T20_47_57_0'): writing {"content": "2019-09-12T20_47_57_0", "_sender": null, "_reason": null, "event_type": "SESSION_ID"}
2019-09-12 20:47:57,777 - tdm - DEBUG - FrontendConnectionHandler(id=4519297360, session='2019-09-12T20_47_57_0'): OK
2019-09-12 20:47:57,777 - tdm - DEBUG - FrontendConnectionHandler._register: Registered in session 2019-09-12T20_47_57_0 with backend <tdm.backend.Backend object at 0x10d618490>.
2019-09-12 20:47:57,777 - tdm - DEBUG - FrontendConnectionHandler(id=4519297360, session='2019-09-12T20_47_57_0').on_message({"content": null, "_sender": "Frontend", "_reason": null, "event_type": "START"})
2019-09-12 20:47:57,810 - tdm - DEBUG - FrontendConnectionHandler(id=4519297360, session='2019-09-12T20_47_57_0').on_event(Event(SET_DDD, {'ddd_name': 'time', 'language_code': 'eng'}, sender=DmeModule, reason=None))
2019-09-12 20:47:57,810 - tdm - DEBUG - FrontendConnectionHandler(id=4519297360, session='2019-09-12T20_47_57_0'): writing {"content": {"ddd_name": "time", "language_code": "eng"}, "_sender": "DmeModule", "_reason": null, "event_type": "SET_DDD"}
2019-09-12 20:47:57,811 - tdm - DEBUG - FrontendConnectionHandler(id=4519297360, session='2019-09-12T20_47_57_0'): OK
2019-09-12 20:47:57,811 - tdm - DEBUG - FrontendConnectionHandler(id=4519297360, session='2019-09-12T20_47_57_0').on_event(Event(FACTS, [], sender=DmeModule, reason=None))
2019-09-12 20:47:57,811 - tdm - DEBUG - FrontendConnectionHandler(id=4519297360, session='2019-09-12T20_47_57_0'): writing {"content": [], "_sender": "DmeModule", "_reason": null, "event_type": "FACTS"}
2019-09-12 20:47:57,811 - tdm - DEBUG - FrontendConnectionHandler(id=4519297360, session='2019-09-12T20_47_57_0'): OK
2019-09-12 20:47:57,811 - tdm - DEBUG - FrontendConnectionHandler(id=4519297360, session='2019-09-12T20_47_57_0').on_event(Event(FACTS, [], sender=DmeModule, reason=None))
2019-09-12 20:47:57,811 - tdm - DEBUG - FrontendConnectionHandler(id=4519297360, session='2019-09-12T20_47_57_0'): writing {"content": [], "_sender": "DmeModule", "_reason": null, "event_type": "FACTS"}
2019-09-12 20:47:57,811 - tdm - DEBUG - FrontendConnectionHandler(id=4519297360, session='2019-09-12T20_47_57_0'): OK
2019-09-12 20:47:57,811 - tdm - DEBUG - FrontendConnectionHandler(id=4519297360, session='2019-09-12T20_47_57_0').on_event(Event(END_SYSTEM_TURN, {'passivity_duration': None, 'system_has_asked_question': True}, sender=DmeModule, reason=None))
2019-09-12 20:47:57,811 - tdm - DEBUG - FrontendConnectionHandler(id=4519297360, session='2019-09-12T20_47_57_0'): writing {"content": {"passivity_duration": null, "system_has_asked_question": true}, "_sender": "DmeModule", "_reason": null, "event_type": "END_SYSTEM_TURN"}
2019-09-12 20:47:57,812 - tdm - DEBUG - FrontendConnectionHandler(id=4519297360, session='2019-09-12T20_47_57_0'): OK
2019-09-12 20:47:57,812 - tdm - DEBUG - FrontendConnectionHandler(id=4519297360, session='2019-09-12T20_47_57_0').on_event(Event(SYSTEM_UTTERANCE_TO_SPEAK, ['Do you want to know the current time, know the current alarm, set the time or set the alarm?'], sender=None, reason=None))
2019-09-12 20:47:57,812 - tdm - DEBUG - FrontendConnectionHandler(id=4519297360, session='2019-09-12T20_47_57_0'): writing {"content": ["Do you want to know the current time, know the current alarm, set the time or set the alarm?"], "_sender": null, "_reason": null, "event_type": "SYSTEM_UTTERANCE_TO_SPEAK"}
2019-09-12 20:47:57,812 - tdm - DEBUG - FrontendConnectionHandler(id=4519297360, session='2019-09-12T20_47_57_0'): OK
2019-09-12 20:47:57,813 - tdm - DEBUG - FrontendConnectionHandler(id=4519297360, session='2019-09-12T20_47_57_0').on_event(Event(MESSAGE_TO_GUI, [Screen(top, Main menu, [<tdm.nlg.tdm_gui_protocol.Element instance at 0x10d5a1758>])], sender=None, reason=None))
2019-09-12 20:47:57,813 - tdm - DEBUG - FrontendConnectionHandler(id=4519297360, session='2019-09-12T20_47_57_0'): writing {"content": [{"Screen": {"elements": [{"Element": {"name": "move", "title": "", "items": [{"Item": {"attributes": null, "selected": false, "predicted": false, "value": "ask(?X.current_time(X))", "title": "The current time?"}}, {"Item": {"attributes": null, "selected": false, "predicted": false, "value": "ask(?X.current_alarm(X))", "title": "The current alarm?"}}, {"Item": {"attributes": null, "selected": false, "predicted": false, "value": "request(set_time)", "title": "Set the time"}}, {"Item": {"attributes": null, "selected": false, "predicted": false, "value": "request(set_alarm)", "title": "Set the alarm"}}], "format": "", "voice_browsed": false, "value": "", "template": "menu", "type": "list"}}], "name": "top", "title": "Main menu"}}], "_sender": null, "_reason": null, "event_type": "MESSAGE_TO_GUI"}
2019-09-12 20:47:57,813 - tdm - DEBUG - FrontendConnectionHandler(id=4519297360, session='2019-09-12T20_47_57_0'): OK
2019-09-12 20:48:01,567 - tdm - DEBUG - FrontendConnectionHandler(id=4519297360, session='2019-09-12T20_47_57_0').on_message({"content": [{"score": 1.0, "utterance": "set the alarm"}], "_sender": "TextInputComponent", "_reason": null, "event_type": "RECOGNITION"})
2019-09-12 20:48:01,598 - tdm - DEBUG - DeviceHandler.query_all(?X.selected_alarm_time(X), {}, eng)
2019-09-12 20:48:01,599 - tdm - DEBUG - DeviceHandler invocation ID: aac9c720b17543fda8d340d9662a456d
2019-09-12 20:48:01,599 - tdm - DEBUG - DeviceHandler.query_all(?X.selected_alarm_time(X), {}, eng)
2019-09-12 20:48:01,599 - tdm - DEBUG - DeviceHandler invocation ID: d954c2185546b99618779f8d5ec5d622
2019-09-12 20:48:01,602 - tdm - DEBUG - DeviceHandler.query_all(?X.selected_alarm_time(X), {}, eng)
2019-09-12 20:48:01,602 - tdm - DEBUG - DeviceHandler invocation ID: 07bfa3f8f9d1a054e2005fdb2e503c69
2019-09-12 20:48:01,602 - tdm - DEBUG - DeviceHandler.query_all(?X.selected_alarm_time(X), {}, eng)
2019-09-12 20:48:01,602 - tdm - DEBUG - DeviceHandler invocation ID: 6410ea958a4bc1e9a71cca86da89be96
2019-09-12 20:48:01,613 - tdm - DEBUG - DeviceHandler.query_all(?X.selected_alarm_time(X), {}, eng)
2019-09-12 20:48:01,613 - tdm - DEBUG - DeviceHandler invocation ID: d9ececd6fb5561b40ff139ff7248494e
2019-09-12 20:48:01,629 - tdm - DEBUG - DeviceHandler.query_all(?X.selected_alarm_time(X), {}, eng)
2019-09-12 20:48:01,629 - tdm - DEBUG - DeviceHandler invocation ID: 39af3fb8ea246738daa91468e57340c3
2019-09-12 20:48:01,629 - tdm - DEBUG - DeviceHandler.query_all(?X.selected_alarm_time(X), {}, eng)
2019-09-12 20:48:01,629 - tdm - DEBUG - DeviceHandler invocation ID: c4821c4bd0075bbee8fd904cfd5116ae
2019-09-12 20:48:01,637 - tdm - DEBUG - FrontendConnectionHandler(id=4519297360, session='2019-09-12T20_47_57_0').on_event(Event(SELECTED_RECOGNITION, 'set the alarm', sender=DmeModule, reason=None))
2019-09-12 20:48:01,637 - tdm - DEBUG - FrontendConnectionHandler(id=4519297360, session='2019-09-12T20_47_57_0'): writing {"content": "set the alarm", "_sender": "DmeModule", "_reason": null, "event_type": "SELECTED_RECOGNITION"}
2019-09-12 20:48:01,638 - tdm - DEBUG - FrontendConnectionHandler(id=4519297360, session='2019-09-12T20_47_57_0'): OK
2019-09-12 20:48:01,638 - tdm - DEBUG - FrontendConnectionHandler(id=4519297360, session='2019-09-12T20_47_57_0').on_event(Event(FACTS, [], sender=DmeModule, reason=None))
2019-09-12 20:48:01,638 - tdm - DEBUG - FrontendConnectionHandler(id=4519297360, session='2019-09-12T20_47_57_0'): writing {"content": [], "_sender": "DmeModule", "_reason": null, "event_type": "FACTS"}
2019-09-12 20:48:01,638 - tdm - DEBUG - FrontendConnectionHandler(id=4519297360, session='2019-09-12T20_47_57_0'): OK
2019-09-12 20:48:01,638 - tdm - DEBUG - FrontendConnectionHandler(id=4519297360, session='2019-09-12T20_47_57_0').on_event(Event(FACTS, [], sender=DmeModule, reason=None))
2019-09-12 20:48:01,638 - tdm - DEBUG - FrontendConnectionHandler(id=4519297360, session='2019-09-12T20_47_57_0'): writing {"content": [], "_sender": "DmeModule", "_reason": null, "event_type": "FACTS"}
2019-09-12 20:48:01,639 - tdm - DEBUG - FrontendConnectionHandler(id=4519297360, session='2019-09-12T20_47_57_0'): OK
2019-09-12 20:48:01,639 - tdm - DEBUG - FrontendConnectionHandler(id=4519297360, session='2019-09-12T20_47_57_0').on_event(Event(END_SYSTEM_TURN, {'passivity_duration': 5.0, 'system_has_asked_question': True}, sender=DmeModule, reason=None))
2019-09-12 20:48:01,639 - tdm - DEBUG - FrontendConnectionHandler(id=4519297360, session='2019-09-12T20_47_57_0'): writing {"content": {"passivity_duration": 5.0, "system_has_asked_question": true}, "_sender": "DmeModule", "_reason": null, "event_type": "END_SYSTEM_TURN"}
2019-09-12 20:48:01,639 - tdm - DEBUG - FrontendConnectionHandler(id=4519297360, session='2019-09-12T20_47_57_0'): OK
2019-09-12 20:48:01,640 - tdm - DEBUG - FrontendConnectionHandler(id=4519297360, session='2019-09-12T20_47_57_0').on_event(Event(EXPECTED_PASSIVITY_DURATION, 5.0, sender=DmeModule, reason=None))
2019-09-12 20:48:01,640 - tdm - DEBUG - FrontendConnectionHandler(id=4519297360, session='2019-09-12T20_47_57_0'): writing {"content": 5.0, "_sender": "DmeModule", "_reason": null, "event_type": "EXPECTED_PASSIVITY_DURATION"}
2019-09-12 20:48:01,640 - tdm - DEBUG - FrontendConnectionHandler(id=4519297360, session='2019-09-12T20_47_57_0'): OK
2019-09-12 20:48:01,640 - tdm - DEBUG - FrontendConnectionHandler(id=4519297360, session='2019-09-12T20_47_57_0').on_event(Event(SYSTEM_UTTERANCE_TO_SPEAK, ['', '', 'What time do you want to set your alarm to : 08:00, 08:30 or 09:00?'], sender=None, reason=None))
2019-09-12 20:48:01,640 - tdm - DEBUG - FrontendConnectionHandler(id=4519297360, session='2019-09-12T20_47_57_0'): writing {"content": ["", "", "What time do you want to set your alarm to : 08:00, 08:30 or 09:00?"], "_sender": null, "_reason": null, "event_type": "SYSTEM_UTTERANCE_TO_SPEAK"}
2019-09-12 20:48:01,640 - tdm - DEBUG - FrontendConnectionHandler(id=4519297360, session='2019-09-12T20_47_57_0'): OK
2019-09-12 20:48:01,641 - tdm - DEBUG - FrontendConnectionHandler(id=4519297360, session='2019-09-12T20_47_57_0').on_event(Event(MESSAGE_TO_GUI, [Screen(set_alarm, Set the alarm, [<tdm.nlg.tdm_gui_protocol.Element instance at 0x10d67b5f0>])], sender=None, reason=None))
2019-09-12 20:48:01,641 - tdm - DEBUG - FrontendConnectionHandler(id=4519297360, session='2019-09-12T20_47_57_0'): writing {"content": [{"Screen": {"elements": [{"Element": {"name": "move", "title": null, "items": [{"Item": {"attributes": [], "selected": false, "predicted": false, "value": "answer(selected_alarm_time(eight))", "title": "08:00"}}, {"Item": {"attributes": [], "selected": false, "predicted": false, "value": "answer(selected_alarm_time(eight_thirty))", "title": "08:30"}}, {"Item": {"attributes": [], "selected": false, "predicted": false, "value": "answer(selected_alarm_time(nine))", "title": "09:00"}}], "format": "", "voice_browsed": false, "value": "", "template": "list", "type": "list"}}], "name": "set_alarm", "title": "Set the alarm"}}], "_sender": null, "_reason": null, "event_type": "MESSAGE_TO_GUI"}
2019-09-12 20:48:01,641 - tdm - DEBUG - FrontendConnectionHandler(id=4519297360, session='2019-09-12T20_47_57_0'): OK
2019-09-12 20:48:05,916 - tdm - DEBUG - FrontendConnectionHandler(id=4519297360, session='2019-09-12T20_47_57_0').on_message({"content": [{"score": 1.0, "utterance": "8"}], "_sender": "TextInputComponent", "_reason": null, "event_type": "RECOGNITION"})
2019-09-12 20:48:05,932 - tdm - DEBUG - DeviceHandler.query_all(?X.selected_alarm_time(X), set([selected_alarm_time(eight), selected_alarm_time(eight_thirty), selected_alarm_time(nine)]), {}, eng)
2019-09-12 20:48:05,932 - tdm - DEBUG - DeviceHandler invocation ID: cf7a79b0b497a1decf1bd7076196fdf7
2019-09-12 20:48:05,943 - tdm - DEBUG - DeviceHandler.is_valid_parameter(selected_alarm_time(eight), {}, eng)
2019-09-12 20:48:05,949 - tdm - DEBUG - DeviceHandler.perform(SetAlarm, {selected_alarm_time(eight), resolved(?X.selected_alarm_time(X), set([selected_alarm_time(eight), selected_alarm_time(eight_thirty), selected_alarm_time(nine)]))}, eng)
2019-09-12 20:48:05,949 - tdm - DEBUG - DeviceHandler invocation ID: c1ed6770194384f79eeaecaf5296f5ea
2019-09-12 20:48:05,980 - tdm - DEBUG - FrontendConnectionHandler(id=4519297360, session='2019-09-12T20_47_57_0').on_event(Event(SELECTED_RECOGNITION, '8', sender=DmeModule, reason=None))
2019-09-12 20:48:05,980 - tdm - DEBUG - FrontendConnectionHandler(id=4519297360, session='2019-09-12T20_47_57_0'): writing {"content": "8", "_sender": "DmeModule", "_reason": null, "event_type": "SELECTED_RECOGNITION"}
2019-09-12 20:48:05,981 - tdm - DEBUG - FrontendConnectionHandler(id=4519297360, session='2019-09-12T20_47_57_0'): OK
2019-09-12 20:48:05,981 - tdm - DEBUG - FrontendConnectionHandler(id=4519297360, session='2019-09-12T20_47_57_0').on_event(Event(FACTS, [{'predicate': 'selected_alarm_time', 'grammar_entry': '08:00', 'value': 'eight'}], sender=DmeModule, reason=None))
2019-09-12 20:48:05,981 - tdm - DEBUG - FrontendConnectionHandler(id=4519297360, session='2019-09-12T20_47_57_0'): writing {"content": [{"predicate": "selected_alarm_time", "grammar_entry": "08:00", "value": "eight"}], "_sender": "DmeModule", "_reason": null, "event_type": "FACTS"}
2019-09-12 20:48:05,981 - tdm - DEBUG - FrontendConnectionHandler(id=4519297360, session='2019-09-12T20_47_57_0'): OK
2019-09-12 20:48:05,981 - tdm - DEBUG - FrontendConnectionHandler(id=4519297360, session='2019-09-12T20_47_57_0').on_event(Event(FACTS, [{'predicate': 'selected_alarm_time', 'grammar_entry': '08:00', 'value': 'eight'}], sender=DmeModule, reason=None))
2019-09-12 20:48:05,981 - tdm - DEBUG - FrontendConnectionHandler(id=4519297360, session='2019-09-12T20_47_57_0'): writing {"content": [{"predicate": "selected_alarm_time", "grammar_entry": "08:00", "value": "eight"}], "_sender": "DmeModule", "_reason": null, "event_type": "FACTS"}
2019-09-12 20:48:05,982 - tdm - DEBUG - FrontendConnectionHandler(id=4519297360, session='2019-09-12T20_47_57_0'): OK
2019-09-12 20:48:05,982 - tdm - DEBUG - FrontendConnectionHandler(id=4519297360, session='2019-09-12T20_47_57_0').on_event(Event(END_SYSTEM_TURN, {'passivity_duration': 1.0, 'system_has_asked_question': False}, sender=DmeModule, reason=None))
2019-09-12 20:48:05,982 - tdm - DEBUG - FrontendConnectionHandler(id=4519297360, session='2019-09-12T20_47_57_0'): writing {"content": {"passivity_duration": 1.0, "system_has_asked_question": false}, "_sender": "DmeModule", "_reason": null, "event_type": "END_SYSTEM_TURN"}
2019-09-12 20:48:05,982 - tdm - DEBUG - FrontendConnectionHandler(id=4519297360, session='2019-09-12T20_47_57_0'): OK
2019-09-12 20:48:05,982 - tdm - DEBUG - FrontendConnectionHandler(id=4519297360, session='2019-09-12T20_47_57_0').on_event(Event(EXPECTED_PASSIVITY_DURATION, 1.0, sender=DmeModule, reason=None))
2019-09-12 20:48:05,982 - tdm - DEBUG - FrontendConnectionHandler(id=4519297360, session='2019-09-12T20_47_57_0'): writing {"content": 1.0, "_sender": "DmeModule", "_reason": null, "event_type": "EXPECTED_PASSIVITY_DURATION"}
2019-09-12 20:48:05,982 - tdm - DEBUG - FrontendConnectionHandler(id=4519297360, session='2019-09-12T20_47_57_0'): OK
2019-09-12 20:48:05,982 - tdm - DEBUG - FrontendConnectionHandler(id=4519297360, session='2019-09-12T20_47_57_0').on_event(Event(SYSTEM_UTTERANCE_TO_SPEAK, ['', 'The alarm was set to 08:00.'], sender=None, reason=None))
2019-09-12 20:48:05,983 - tdm - DEBUG - FrontendConnectionHandler(id=4519297360, session='2019-09-12T20_47_57_0'): writing {"content": ["", "The alarm was set to 08:00."], "_sender": null, "_reason": null, "event_type": "SYSTEM_UTTERANCE_TO_SPEAK"}
2019-09-12 20:48:05,983 - tdm - DEBUG - FrontendConnectionHandler(id=4519297360, session='2019-09-12T20_47_57_0'): OK
2019-09-12 20:48:05,983 - tdm - DEBUG - FrontendConnectionHandler(id=4519297360, session='2019-09-12T20_47_57_0').on_event(Event(MESSAGE_TO_GUI, [Popup(The alarm was set to 08:00., elements=[])], sender=None, reason=None))
2019-09-12 20:48:05,983 - tdm - DEBUG - FrontendConnectionHandler(id=4519297360, session='2019-09-12T20_47_57_0'): writing {"content": [{"Popup": {"elements": [], "title": "The alarm was set to 08:00."}}], "_sender": null, "_reason": null, "event_type": "MESSAGE_TO_GUI"}
2019-09-12 20:48:05,983 - tdm - DEBUG - FrontendConnectionHandler(id=4519297360, session='2019-09-12T20_47_57_0'): OK
2019-09-12 20:48:05,983 - tdm - DEBUG - FrontendConnectionHandler(id=4519297360, session='2019-09-12T20_47_57_0').on_event(Event(GUI.POPUP, {'options': [], 'title': 'The alarm was set to 08:00.'}, sender=None, reason=None))
2019-09-12 20:48:05,984 - tdm - DEBUG - FrontendConnectionHandler(id=4519297360, session='2019-09-12T20_47_57_0'): writing {"content": {"options": [], "title": "The alarm was set to 08:00."}, "_sender": null, "_reason": null, "event_type": "GUI.POPUP"}
2019-09-12 20:48:05,984 - tdm - DEBUG - FrontendConnectionHandler(id=4519297360, session='2019-09-12T20_47_57_0'): OK
2019-09-12 20:48:07,043 - tdm - DEBUG - FrontendConnectionHandler(id=4519297360, session='2019-09-12T20_47_57_0').on_message({"content": null, "_sender": "Frontend", "_reason": null, "event_type": "PASSIVITY"})
2019-09-12 20:48:07,087 - tdm - DEBUG - FrontendConnectionHandler(id=4519297360, session='2019-09-12T20_47_57_0').on_event(Event(FACTS, [], sender=DmeModule, reason=None))
2019-09-12 20:48:07,087 - tdm - DEBUG - FrontendConnectionHandler(id=4519297360, session='2019-09-12T20_47_57_0'): writing {"content": [], "_sender": "DmeModule", "_reason": null, "event_type": "FACTS"}
2019-09-12 20:48:07,087 - tdm - DEBUG - FrontendConnectionHandler(id=4519297360, session='2019-09-12T20_47_57_0'): OK
2019-09-12 20:48:07,087 - tdm - DEBUG - FrontendConnectionHandler(id=4519297360, session='2019-09-12T20_47_57_0').on_event(Event(FACTS, [], sender=DmeModule, reason=None))
2019-09-12 20:48:07,087 - tdm - DEBUG - FrontendConnectionHandler(id=4519297360, session='2019-09-12T20_47_57_0'): writing {"content": [], "_sender": "DmeModule", "_reason": null, "event_type": "FACTS"}
2019-09-12 20:48:07,087 - tdm - DEBUG - FrontendConnectionHandler(id=4519297360, session='2019-09-12T20_47_57_0'): OK
2019-09-12 20:48:07,087 - tdm - DEBUG - FrontendConnectionHandler(id=4519297360, session='2019-09-12T20_47_57_0').on_event(Event(END_SYSTEM_TURN, {'passivity_duration': None, 'system_has_asked_question': True}, sender=DmeModule, reason=None))
2019-09-12 20:48:07,087 - tdm - DEBUG - FrontendConnectionHandler(id=4519297360, session='2019-09-12T20_47_57_0'): writing {"content": {"passivity_duration": null, "system_has_asked_question": true}, "_sender": "DmeModule", "_reason": null, "event_type": "END_SYSTEM_TURN"}
2019-09-12 20:48:07,088 - tdm - DEBUG - FrontendConnectionHandler(id=4519297360, session='2019-09-12T20_47_57_0'): OK
2019-09-12 20:48:07,088 - tdm - DEBUG - FrontendConnectionHandler(id=4519297360, session='2019-09-12T20_47_57_0').on_event(Event(SYSTEM_UTTERANCE_TO_SPEAK, ['Returning to main menu.', 'Do you want to know the current time, know the current alarm, set the time or set the alarm?'], sender=None, reason=None))
2019-09-12 20:48:07,088 - tdm - DEBUG - FrontendConnectionHandler(id=4519297360, session='2019-09-12T20_47_57_0'): writing {"content": ["Returning to main menu.", "Do you want to know the current time, know the current alarm, set the time or set the alarm?"], "_sender": null, "_reason": null, "event_type": "SYSTEM_UTTERANCE_TO_SPEAK"}
2019-09-12 20:48:07,088 - tdm - DEBUG - FrontendConnectionHandler(id=4519297360, session='2019-09-12T20_47_57_0'): OK
2019-09-12 20:48:07,088 - tdm - DEBUG - FrontendConnectionHandler(id=4519297360, session='2019-09-12T20_47_57_0').on_event(Event(MESSAGE_TO_GUI, [ClosePopup(), Screen(top, Main menu, [<tdm.nlg.tdm_gui_protocol.Element instance at 0x10d67a6c8>])], sender=None, reason=None))
2019-09-12 20:48:07,088 - tdm - DEBUG - FrontendConnectionHandler(id=4519297360, session='2019-09-12T20_47_57_0'): writing {"content": [{"ClosePopup": {}}, {"Screen": {"elements": [{"Element": {"name": "move", "title": "", "items": [{"Item": {"attributes": null, "selected": false, "predicted": false, "value": "ask(?X.current_time(X))", "title": "The current time?"}}, {"Item": {"attributes": null, "selected": false, "predicted": false, "value": "ask(?X.current_alarm(X))", "title": "The current alarm?"}}, {"Item": {"attributes": null, "selected": false, "predicted": false, "value": "request(set_time)", "title": "Set the time"}}, {"Item": {"attributes": null, "selected": true, "predicted": false, "value": "request(set_alarm)", "title": "Set the alarm"}}], "format": "", "voice_browsed": false, "value": "", "template": "menu", "type": "list"}}], "name": "top", "title": "Main menu"}}], "_sender": null, "_reason": null, "event_type": "MESSAGE_TO_GUI"}
2019-09-12 20:48:07,089 - tdm - DEBUG - FrontendConnectionHandler(id=4519297360, session='2019-09-12T20_47_57_0'): OK
2019-09-12 20:48:12,640 - tdm - DEBUG - FrontendConnectionHandler(id=4519297360, session='2019-09-12T20_47_57_0').on_message({"content": [{"score": 1.0, "utterance": "whats the alarm"}], "_sender": "TextInputComponent", "_reason": null, "event_type": "RECOGNITION"})
2019-09-12 20:48:12,666 - tdm - DEBUG - DeviceHandler.query_all(?X.current_alarm(X), {}, eng)
2019-09-12 20:48:12,667 - tdm - DEBUG - DeviceHandler invocation ID: af650e879ab8581b3a49e878f8c3540d
2019-09-12 20:48:12,668 - tdm - DEBUG - FrontendConnectionHandler(id=4519297360, session='2019-09-12T20_47_57_0').on_event(Event(BACKEND_ERROR, None, sender=None, reason=None))
2019-09-12 20:48:12,668 - tdm - DEBUG - FrontendConnectionHandler(id=4519297360, session='2019-09-12T20_47_57_0'): writing {"content": null, "_sender": null, "_reason": null, "event_type": "BACKEND_ERROR"}
2019-09-12 20:48:12,668 - tdm - DEBUG - FrontendConnectionHandler(id=4519297360, session='2019-09-12T20_47_57_0'): OK
2019-09-12 20:48:49,538 - tdm - DEBUG - FrontendConnectionHandler(id=4519297360, session='2019-09-12T20_47_57_0').on_close()
2019-09-12 20:48:49,538 - tdm - DEBUG - SessionManager.stop('2019-09-12T20_47_57_0')
2019-09-12 20:48:49,539 - tdm - DEBUG - TdmApplication.stop(): Stopping HTTP server
2019-09-12 20:48:49,539 - tdm - DEBUG - TdmApplication.stop(): Stopping IO-loop
2019-09-12 20:48:49,539 - tdm - DEBUG - TdmApplication.stop(): Stopping sessions []
