2019-09-12 20:39:33,651 - tdm - DEBUG - EntityDb(time): add_entity(sort=u'alarm_time', grammar_entry='08:30', name=u'eight_thirty')
2019-09-12 20:39:33,652 - tdm - DEBUG - EntityDb(time): add_entity returns u'eight_thirty'
2019-09-12 20:39:33,652 - tdm - DEBUG - EntityDb(time): add_entity(sort=u'alarm_time', grammar_entry='8:30', name=u'eight_thirty')
2019-09-12 20:39:33,652 - tdm - DEBUG - EntityDb(time): add_entity returns u'eight_thirty'
2019-09-12 20:39:33,652 - tdm - DEBUG - EntityDb(time): add_entity(sort=u'alarm_time', grammar_entry='8 30', name=u'eight_thirty')
2019-09-12 20:39:33,652 - tdm - DEBUG - EntityDb(time): add_entity returns u'eight_thirty'
2019-09-12 20:39:33,652 - tdm - DEBUG - EntityDb(time): add_entity(sort=u'alarm_time', grammar_entry='08 30', name=u'eight_thirty')
2019-09-12 20:39:33,652 - tdm - DEBUG - EntityDb(time): add_entity returns u'eight_thirty'
2019-09-12 20:39:33,652 - tdm - DEBUG - EntityDb(time): add_entity(sort=u'alarm_time', grammar_entry='eight thirty', name=u'eight_thirty')
2019-09-12 20:39:33,652 - tdm - DEBUG - EntityDb(time): add_entity returns u'eight_thirty'
2019-09-12 20:39:33,652 - tdm - DEBUG - EntityDb(time): add_entity(sort=u'alarm_time', grammar_entry='09:00', name=u'nine')
2019-09-12 20:39:33,652 - tdm - DEBUG - EntityDb(time): add_entity returns u'nine'
2019-09-12 20:39:33,652 - tdm - DEBUG - EntityDb(time): add_entity(sort=u'alarm_time', grammar_entry='9:00', name=u'nine')
2019-09-12 20:39:33,652 - tdm - DEBUG - EntityDb(time): add_entity returns u'nine'
2019-09-12 20:39:33,652 - tdm - DEBUG - EntityDb(time): add_entity(sort=u'alarm_time', grammar_entry='09', name=u'nine')
2019-09-12 20:39:33,652 - tdm - DEBUG - EntityDb(time): add_entity returns u'nine'
2019-09-12 20:39:33,652 - tdm - DEBUG - EntityDb(time): add_entity(sort=u'alarm_time', grammar_entry='9', name=u'nine')
2019-09-12 20:39:33,652 - tdm - DEBUG - EntityDb(time): add_entity returns u'nine'
2019-09-12 20:39:33,653 - tdm - DEBUG - EntityDb(time): add_entity(sort=u'alarm_time', grammar_entry='nine', name=u'nine')
2019-09-12 20:39:33,653 - tdm - DEBUG - EntityDb(time): add_entity returns u'nine'
2019-09-12 20:39:33,653 - tdm - DEBUG - EntityDb(time): add_entity(sort=u'alarm_time', grammar_entry='08:00', name=u'eight')
2019-09-12 20:39:33,653 - tdm - DEBUG - EntityDb(time): add_entity returns u'eight'
2019-09-12 20:39:33,653 - tdm - DEBUG - EntityDb(time): add_entity(sort=u'alarm_time', grammar_entry='8:00', name=u'eight')
2019-09-12 20:39:33,653 - tdm - DEBUG - EntityDb(time): add_entity returns u'eight'
2019-09-12 20:39:33,653 - tdm - DEBUG - EntityDb(time): add_entity(sort=u'alarm_time', grammar_entry='8', name=u'eight')
2019-09-12 20:39:33,653 - tdm - DEBUG - EntityDb(time): add_entity returns u'eight'
2019-09-12 20:39:33,653 - tdm - DEBUG - EntityDb(time): add_entity(sort=u'alarm_time', grammar_entry='08', name=u'eight')
2019-09-12 20:39:33,653 - tdm - DEBUG - EntityDb(time): add_entity returns u'eight'
2019-09-12 20:39:33,653 - tdm - DEBUG - EntityDb(time): add_entity(sort=u'alarm_time', grammar_entry='eight', name=u'eight')
2019-09-12 20:39:33,653 - tdm - DEBUG - EntityDb(time): add_entity returns u'eight'
2019-09-12 20:39:33,653 - tdm - DEBUG - EntityDb(time): add_entity(sort=u'alarm_time', grammar_entry='off', name=u'alarm_off')
2019-09-12 20:39:33,653 - tdm - DEBUG - EntityDb(time): add_entity returns u'alarm_off'
2019-09-12 20:39:33,654 - tdm - DEBUG - DddDb().__init__(name='ddds', default_ddds=[u'time'])
2019-09-12 20:39:33,654 - tdm - DEBUG - DddDb(): DB file name is '/Users/marta/Desktop/Course project/time_ddd/ddds.json'
2019-09-12 20:39:33,662 - tdm - DEBUG - FrontendConnectionHandler(id=4452467152, session=None).open()
2019-09-12 20:39:33,664 - tdm - DEBUG - FrontendConnectionHandler(id=4452467152, session=None).on_message({"handshake_content": {"session_id": null, "keep_session_alive": false}, "name": "Frontend"})
2019-09-12 20:39:33,664 - tdm - DEBUG - thread_manager.create_thread() with threading.active_count()=3
2019-09-12 20:39:33,664 - tdm - DEBUG - FrontendConnectionHandler(id=4452467152, session=None)._register({"handshake_content": {"session_id": null, "keep_session_alive": false}, "name": "Frontend"})
2019-09-12 20:39:33,665 - tdm - DEBUG - thread_manager.create_thread() with threading.active_count()=4
2019-09-12 20:39:33,666 - tdm - DEBUG - Creating backend and session with id 2019-09-12T20_39_33_0.
2019-09-12 20:39:33,668 - tdm - DEBUG - FrontendConnectionHandler(id=4452467152, session='2019-09-12T20_39_33_0'): writing {"content": "2019-09-12T20_39_33_0", "_sender": null, "_reason": null, "event_type": "SESSION_ID"}
2019-09-12 20:39:33,669 - tdm - DEBUG - FrontendConnectionHandler(id=4452467152, session='2019-09-12T20_39_33_0'): OK
2019-09-12 20:39:33,669 - tdm - DEBUG - FrontendConnectionHandler._register: Registered in session 2019-09-12T20_39_33_0 with backend <tdm.backend.Backend object at 0x10965c490>.
2019-09-12 20:39:33,669 - tdm - DEBUG - FrontendConnectionHandler(id=4452467152, session='2019-09-12T20_39_33_0').on_message({"content": null, "_sender": "Frontend", "_reason": null, "event_type": "START"})
2019-09-12 20:39:33,702 - tdm - DEBUG - FrontendConnectionHandler(id=4452467152, session='2019-09-12T20_39_33_0').on_event(Event(SET_DDD, {'ddd_name': 'time', 'language_code': 'eng'}, sender=DmeModule, reason=None))
2019-09-12 20:39:33,702 - tdm - DEBUG - FrontendConnectionHandler(id=4452467152, session='2019-09-12T20_39_33_0'): writing {"content": {"ddd_name": "time", "language_code": "eng"}, "_sender": "DmeModule", "_reason": null, "event_type": "SET_DDD"}
2019-09-12 20:39:33,702 - tdm - DEBUG - FrontendConnectionHandler(id=4452467152, session='2019-09-12T20_39_33_0'): OK
2019-09-12 20:39:33,703 - tdm - DEBUG - FrontendConnectionHandler(id=4452467152, session='2019-09-12T20_39_33_0').on_event(Event(FACTS, [], sender=DmeModule, reason=None))
2019-09-12 20:39:33,703 - tdm - DEBUG - FrontendConnectionHandler(id=4452467152, session='2019-09-12T20_39_33_0'): writing {"content": [], "_sender": "DmeModule", "_reason": null, "event_type": "FACTS"}
2019-09-12 20:39:33,703 - tdm - DEBUG - FrontendConnectionHandler(id=4452467152, session='2019-09-12T20_39_33_0'): OK
2019-09-12 20:39:33,703 - tdm - DEBUG - FrontendConnectionHandler(id=4452467152, session='2019-09-12T20_39_33_0').on_event(Event(FACTS, [], sender=DmeModule, reason=None))
2019-09-12 20:39:33,703 - tdm - DEBUG - FrontendConnectionHandler(id=4452467152, session='2019-09-12T20_39_33_0'): writing {"content": [], "_sender": "DmeModule", "_reason": null, "event_type": "FACTS"}
2019-09-12 20:39:33,704 - tdm - DEBUG - FrontendConnectionHandler(id=4452467152, session='2019-09-12T20_39_33_0'): OK
2019-09-12 20:39:33,704 - tdm - DEBUG - FrontendConnectionHandler(id=4452467152, session='2019-09-12T20_39_33_0').on_event(Event(END_SYSTEM_TURN, {'passivity_duration': None, 'system_has_asked_question': True}, sender=DmeModule, reason=None))
2019-09-12 20:39:33,704 - tdm - DEBUG - FrontendConnectionHandler(id=4452467152, session='2019-09-12T20_39_33_0'): writing {"content": {"passivity_duration": null, "system_has_asked_question": true}, "_sender": "DmeModule", "_reason": null, "event_type": "END_SYSTEM_TURN"}
2019-09-12 20:39:33,704 - tdm - DEBUG - FrontendConnectionHandler(id=4452467152, session='2019-09-12T20_39_33_0'): OK
2019-09-12 20:39:33,704 - tdm - DEBUG - FrontendConnectionHandler(id=4452467152, session='2019-09-12T20_39_33_0').on_event(Event(SYSTEM_UTTERANCE_TO_SPEAK, ['Do you want to know the current time, know the current alarm, set the time or set the alarm?'], sender=None, reason=None))
2019-09-12 20:39:33,704 - tdm - DEBUG - FrontendConnectionHandler(id=4452467152, session='2019-09-12T20_39_33_0'): writing {"content": ["Do you want to know the current time, know the current alarm, set the time or set the alarm?"], "_sender": null, "_reason": null, "event_type": "SYSTEM_UTTERANCE_TO_SPEAK"}
2019-09-12 20:39:33,705 - tdm - DEBUG - FrontendConnectionHandler(id=4452467152, session='2019-09-12T20_39_33_0'): OK
2019-09-12 20:39:33,705 - tdm - DEBUG - FrontendConnectionHandler(id=4452467152, session='2019-09-12T20_39_33_0').on_event(Event(MESSAGE_TO_GUI, [Screen(top, Main menu, [<tdm.nlg.tdm_gui_protocol.Element instance at 0x1095d7ea8>])], sender=None, reason=None))
2019-09-12 20:39:33,705 - tdm - DEBUG - FrontendConnectionHandler(id=4452467152, session='2019-09-12T20_39_33_0'): writing {"content": [{"Screen": {"elements": [{"Element": {"name": "move", "title": "", "items": [{"Item": {"attributes": null, "selected": false, "predicted": false, "value": "ask(?X.current_time(X))", "title": "The current time?"}}, {"Item": {"attributes": null, "selected": false, "predicted": false, "value": "ask(?X.current_alarm(X))", "title": "The current alarm?"}}, {"Item": {"attributes": null, "selected": false, "predicted": false, "value": "request(set_time)", "title": "Set the time"}}, {"Item": {"attributes": null, "selected": false, "predicted": false, "value": "request(set_alarm)", "title": "Set the alarm"}}], "format": "", "voice_browsed": false, "value": "", "template": "menu", "type": "list"}}], "name": "top", "title": "Main menu"}}], "_sender": null, "_reason": null, "event_type": "MESSAGE_TO_GUI"}
2019-09-12 20:39:33,705 - tdm - DEBUG - FrontendConnectionHandler(id=4452467152, session='2019-09-12T20_39_33_0'): OK
2019-09-12 20:39:36,918 - tdm - DEBUG - FrontendConnectionHandler(id=4452467152, session='2019-09-12T20_39_33_0').on_message({"content": [{"score": 1.0, "utterance": "set the alarm"}], "_sender": "TextInputComponent", "_reason": null, "event_type": "RECOGNITION"})
2019-09-12 20:39:36,951 - tdm - DEBUG - DeviceHandler.query_all(?X.selected_alarm_time(X), {}, eng)
2019-09-12 20:39:36,951 - tdm - DEBUG - DeviceHandler invocation ID: f8013044ff3dbb727556cd3de5ae2eca
2019-09-12 20:39:36,951 - tdm - DEBUG - DeviceHandler.query_all(?X.selected_alarm_time(X), {}, eng)
2019-09-12 20:39:36,952 - tdm - DEBUG - DeviceHandler invocation ID: 1578fb5eb411762af7eeed5abede3dab
2019-09-12 20:39:36,954 - tdm - DEBUG - DeviceHandler.query_all(?X.selected_alarm_time(X), {}, eng)
2019-09-12 20:39:36,954 - tdm - DEBUG - DeviceHandler invocation ID: e7b19a185192477c829304318114b307
2019-09-12 20:39:36,954 - tdm - DEBUG - DeviceHandler.query_all(?X.selected_alarm_time(X), {}, eng)
2019-09-12 20:39:36,954 - tdm - DEBUG - DeviceHandler invocation ID: ef1ad96ae232bb0afb2bb1a9b96c05d5
2019-09-12 20:39:36,965 - tdm - DEBUG - DeviceHandler.query_all(?X.selected_alarm_time(X), {}, eng)
2019-09-12 20:39:36,965 - tdm - DEBUG - DeviceHandler invocation ID: 9de3358a60ae6ead9897588a96794c72
2019-09-12 20:39:36,978 - tdm - DEBUG - DeviceHandler.query_all(?X.selected_alarm_time(X), {}, eng)
2019-09-12 20:39:36,978 - tdm - DEBUG - DeviceHandler invocation ID: e08c592ebbb249dbab2e89a1aa1e5122
2019-09-12 20:39:36,979 - tdm - DEBUG - DeviceHandler.query_all(?X.selected_alarm_time(X), {}, eng)
2019-09-12 20:39:36,979 - tdm - DEBUG - DeviceHandler invocation ID: d1d8e2bcce52a5b492e6a0d3beca9a7d
2019-09-12 20:39:36,986 - tdm - DEBUG - FrontendConnectionHandler(id=4452467152, session='2019-09-12T20_39_33_0').on_event(Event(SELECTED_RECOGNITION, 'set the alarm', sender=DmeModule, reason=None))
2019-09-12 20:39:36,986 - tdm - DEBUG - FrontendConnectionHandler(id=4452467152, session='2019-09-12T20_39_33_0'): writing {"content": "set the alarm", "_sender": "DmeModule", "_reason": null, "event_type": "SELECTED_RECOGNITION"}
2019-09-12 20:39:36,986 - tdm - DEBUG - FrontendConnectionHandler(id=4452467152, session='2019-09-12T20_39_33_0'): OK
2019-09-12 20:39:36,986 - tdm - DEBUG - FrontendConnectionHandler(id=4452467152, session='2019-09-12T20_39_33_0').on_event(Event(FACTS, [], sender=DmeModule, reason=None))
2019-09-12 20:39:36,987 - tdm - DEBUG - FrontendConnectionHandler(id=4452467152, session='2019-09-12T20_39_33_0'): writing {"content": [], "_sender": "DmeModule", "_reason": null, "event_type": "FACTS"}
2019-09-12 20:39:36,987 - tdm - DEBUG - FrontendConnectionHandler(id=4452467152, session='2019-09-12T20_39_33_0'): OK
2019-09-12 20:39:36,987 - tdm - DEBUG - FrontendConnectionHandler(id=4452467152, session='2019-09-12T20_39_33_0').on_event(Event(FACTS, [], sender=DmeModule, reason=None))
2019-09-12 20:39:36,987 - tdm - DEBUG - FrontendConnectionHandler(id=4452467152, session='2019-09-12T20_39_33_0'): writing {"content": [], "_sender": "DmeModule", "_reason": null, "event_type": "FACTS"}
2019-09-12 20:39:36,987 - tdm - DEBUG - FrontendConnectionHandler(id=4452467152, session='2019-09-12T20_39_33_0'): OK
2019-09-12 20:39:36,987 - tdm - DEBUG - FrontendConnectionHandler(id=4452467152, session='2019-09-12T20_39_33_0').on_event(Event(END_SYSTEM_TURN, {'passivity_duration': 5.0, 'system_has_asked_question': True}, sender=DmeModule, reason=None))
2019-09-12 20:39:36,987 - tdm - DEBUG - FrontendConnectionHandler(id=4452467152, session='2019-09-12T20_39_33_0'): writing {"content": {"passivity_duration": 5.0, "system_has_asked_question": true}, "_sender": "DmeModule", "_reason": null, "event_type": "END_SYSTEM_TURN"}
2019-09-12 20:39:36,988 - tdm - DEBUG - FrontendConnectionHandler(id=4452467152, session='2019-09-12T20_39_33_0'): OK
2019-09-12 20:39:36,988 - tdm - DEBUG - FrontendConnectionHandler(id=4452467152, session='2019-09-12T20_39_33_0').on_event(Event(EXPECTED_PASSIVITY_DURATION, 5.0, sender=DmeModule, reason=None))
2019-09-12 20:39:36,988 - tdm - DEBUG - FrontendConnectionHandler(id=4452467152, session='2019-09-12T20_39_33_0'): writing {"content": 5.0, "_sender": "DmeModule", "_reason": null, "event_type": "EXPECTED_PASSIVITY_DURATION"}
2019-09-12 20:39:36,988 - tdm - DEBUG - FrontendConnectionHandler(id=4452467152, session='2019-09-12T20_39_33_0'): OK
2019-09-12 20:39:36,988 - tdm - DEBUG - FrontendConnectionHandler(id=4452467152, session='2019-09-12T20_39_33_0').on_event(Event(SYSTEM_UTTERANCE_TO_SPEAK, ['', '', 'What time do you want to set your alarm to : 08:00, 08:30 or 09:00?'], sender=None, reason=None))
2019-09-12 20:39:36,989 - tdm - DEBUG - FrontendConnectionHandler(id=4452467152, session='2019-09-12T20_39_33_0'): writing {"content": ["", "", "What time do you want to set your alarm to : 08:00, 08:30 or 09:00?"], "_sender": null, "_reason": null, "event_type": "SYSTEM_UTTERANCE_TO_SPEAK"}
2019-09-12 20:39:36,989 - tdm - DEBUG - FrontendConnectionHandler(id=4452467152, session='2019-09-12T20_39_33_0'): OK
2019-09-12 20:39:36,989 - tdm - DEBUG - FrontendConnectionHandler(id=4452467152, session='2019-09-12T20_39_33_0').on_event(Event(MESSAGE_TO_GUI, [Screen(set_alarm, Set the alarm, [<tdm.nlg.tdm_gui_protocol.Element instance at 0x10966d5a8>])], sender=None, reason=None))
2019-09-12 20:39:36,989 - tdm - DEBUG - FrontendConnectionHandler(id=4452467152, session='2019-09-12T20_39_33_0'): writing {"content": [{"Screen": {"elements": [{"Element": {"name": "move", "title": null, "items": [{"Item": {"attributes": [], "selected": false, "predicted": false, "value": "answer(selected_alarm_time(eight))", "title": "08:00"}}, {"Item": {"attributes": [], "selected": false, "predicted": false, "value": "answer(selected_alarm_time(eight_thirty))", "title": "08:30"}}, {"Item": {"attributes": [], "selected": false, "predicted": false, "value": "answer(selected_alarm_time(nine))", "title": "09:00"}}], "format": "", "voice_browsed": false, "value": "", "template": "list", "type": "list"}}], "name": "set_alarm", "title": "Set the alarm"}}], "_sender": null, "_reason": null, "event_type": "MESSAGE_TO_GUI"}
2019-09-12 20:39:36,989 - tdm - DEBUG - FrontendConnectionHandler(id=4452467152, session='2019-09-12T20_39_33_0'): OK
2019-09-12 20:39:38,687 - tdm - DEBUG - FrontendConnectionHandler(id=4452467152, session='2019-09-12T20_39_33_0').on_message({"content": [{"score": 1.0, "utterance": "eight"}], "_sender": "TextInputComponent", "_reason": null, "event_type": "RECOGNITION"})
2019-09-12 20:39:38,702 - tdm - DEBUG - DeviceHandler.query_all(?X.selected_alarm_time(X), set([selected_alarm_time(eight), selected_alarm_time(eight_thirty), selected_alarm_time(nine)]), {}, eng)
2019-09-12 20:39:38,703 - tdm - DEBUG - DeviceHandler invocation ID: 7d0eb41f0ea374f33f19a94034c691cd
2019-09-12 20:39:38,714 - tdm - DEBUG - DeviceHandler.is_valid_parameter(selected_alarm_time(eight), {}, eng)
2019-09-12 20:39:38,720 - tdm - DEBUG - DeviceHandler.perform(SetAlarm, {selected_alarm_time(eight), resolved(?X.selected_alarm_time(X), set([selected_alarm_time(eight), selected_alarm_time(eight_thirty), selected_alarm_time(nine)]))}, eng)
2019-09-12 20:39:38,721 - tdm - DEBUG - DeviceHandler invocation ID: da8b88d0ff81104120625135cef687be
2019-09-12 20:39:38,752 - tdm - DEBUG - FrontendConnectionHandler(id=4452467152, session='2019-09-12T20_39_33_0').on_event(Event(SELECTED_RECOGNITION, 'eight', sender=DmeModule, reason=None))
2019-09-12 20:39:38,752 - tdm - DEBUG - FrontendConnectionHandler(id=4452467152, session='2019-09-12T20_39_33_0'): writing {"content": "eight", "_sender": "DmeModule", "_reason": null, "event_type": "SELECTED_RECOGNITION"}
2019-09-12 20:39:38,752 - tdm - DEBUG - FrontendConnectionHandler(id=4452467152, session='2019-09-12T20_39_33_0'): OK
2019-09-12 20:39:38,752 - tdm - DEBUG - FrontendConnectionHandler(id=4452467152, session='2019-09-12T20_39_33_0').on_event(Event(FACTS, [{'predicate': 'selected_alarm_time', 'grammar_entry': '08:00', 'value': 'eight'}], sender=DmeModule, reason=None))
2019-09-12 20:39:38,753 - tdm - DEBUG - FrontendConnectionHandler(id=4452467152, session='2019-09-12T20_39_33_0'): writing {"content": [{"predicate": "selected_alarm_time", "grammar_entry": "08:00", "value": "eight"}], "_sender": "DmeModule", "_reason": null, "event_type": "FACTS"}
2019-09-12 20:39:38,753 - tdm - DEBUG - FrontendConnectionHandler(id=4452467152, session='2019-09-12T20_39_33_0'): OK
2019-09-12 20:39:38,753 - tdm - DEBUG - FrontendConnectionHandler(id=4452467152, session='2019-09-12T20_39_33_0').on_event(Event(FACTS, [{'predicate': 'selected_alarm_time', 'grammar_entry': '08:00', 'value': 'eight'}], sender=DmeModule, reason=None))
2019-09-12 20:39:38,753 - tdm - DEBUG - FrontendConnectionHandler(id=4452467152, session='2019-09-12T20_39_33_0'): writing {"content": [{"predicate": "selected_alarm_time", "grammar_entry": "08:00", "value": "eight"}], "_sender": "DmeModule", "_reason": null, "event_type": "FACTS"}
2019-09-12 20:39:38,753 - tdm - DEBUG - FrontendConnectionHandler(id=4452467152, session='2019-09-12T20_39_33_0'): OK
2019-09-12 20:39:38,753 - tdm - DEBUG - FrontendConnectionHandler(id=4452467152, session='2019-09-12T20_39_33_0').on_event(Event(END_SYSTEM_TURN, {'passivity_duration': 1.0, 'system_has_asked_question': False}, sender=DmeModule, reason=None))
2019-09-12 20:39:38,753 - tdm - DEBUG - FrontendConnectionHandler(id=4452467152, session='2019-09-12T20_39_33_0'): writing {"content": {"passivity_duration": 1.0, "system_has_asked_question": false}, "_sender": "DmeModule", "_reason": null, "event_type": "END_SYSTEM_TURN"}
2019-09-12 20:39:38,753 - tdm - DEBUG - FrontendConnectionHandler(id=4452467152, session='2019-09-12T20_39_33_0'): OK
2019-09-12 20:39:38,754 - tdm - DEBUG - FrontendConnectionHandler(id=4452467152, session='2019-09-12T20_39_33_0').on_event(Event(EXPECTED_PASSIVITY_DURATION, 1.0, sender=DmeModule, reason=None))
2019-09-12 20:39:38,754 - tdm - DEBUG - FrontendConnectionHandler(id=4452467152, session='2019-09-12T20_39_33_0'): writing {"content": 1.0, "_sender": "DmeModule", "_reason": null, "event_type": "EXPECTED_PASSIVITY_DURATION"}
2019-09-12 20:39:38,754 - tdm - DEBUG - FrontendConnectionHandler(id=4452467152, session='2019-09-12T20_39_33_0'): OK
2019-09-12 20:39:38,754 - tdm - DEBUG - FrontendConnectionHandler(id=4452467152, session='2019-09-12T20_39_33_0').on_event(Event(SYSTEM_UTTERANCE_TO_SPEAK, ['', 'The alarm was set to 08:00.'], sender=None, reason=None))
2019-09-12 20:39:38,754 - tdm - DEBUG - FrontendConnectionHandler(id=4452467152, session='2019-09-12T20_39_33_0'): writing {"content": ["", "The alarm was set to 08:00."], "_sender": null, "_reason": null, "event_type": "SYSTEM_UTTERANCE_TO_SPEAK"}
2019-09-12 20:39:38,754 - tdm - DEBUG - FrontendConnectionHandler(id=4452467152, session='2019-09-12T20_39_33_0'): OK
2019-09-12 20:39:38,755 - tdm - DEBUG - FrontendConnectionHandler(id=4452467152, session='2019-09-12T20_39_33_0').on_event(Event(MESSAGE_TO_GUI, [Popup(The alarm was set to 08:00., elements=[])], sender=None, reason=None))
2019-09-12 20:39:38,755 - tdm - DEBUG - FrontendConnectionHandler(id=4452467152, session='2019-09-12T20_39_33_0'): writing {"content": [{"Popup": {"elements": [], "title": "The alarm was set to 08:00."}}], "_sender": null, "_reason": null, "event_type": "MESSAGE_TO_GUI"}
2019-09-12 20:39:38,755 - tdm - DEBUG - FrontendConnectionHandler(id=4452467152, session='2019-09-12T20_39_33_0'): OK
2019-09-12 20:39:38,756 - tdm - DEBUG - FrontendConnectionHandler(id=4452467152, session='2019-09-12T20_39_33_0').on_event(Event(GUI.POPUP, {'options': [], 'title': 'The alarm was set to 08:00.'}, sender=None, reason=None))
2019-09-12 20:39:38,756 - tdm - DEBUG - FrontendConnectionHandler(id=4452467152, session='2019-09-12T20_39_33_0'): writing {"content": {"options": [], "title": "The alarm was set to 08:00."}, "_sender": null, "_reason": null, "event_type": "GUI.POPUP"}
2019-09-12 20:39:38,756 - tdm - DEBUG - FrontendConnectionHandler(id=4452467152, session='2019-09-12T20_39_33_0'): OK
2019-09-12 20:39:39,772 - tdm - DEBUG - FrontendConnectionHandler(id=4452467152, session='2019-09-12T20_39_33_0').on_message({"content": null, "_sender": "Frontend", "_reason": null, "event_type": "PASSIVITY"})
2019-09-12 20:39:39,815 - tdm - DEBUG - FrontendConnectionHandler(id=4452467152, session='2019-09-12T20_39_33_0').on_event(Event(FACTS, [], sender=DmeModule, reason=None))
2019-09-12 20:39:39,815 - tdm - DEBUG - FrontendConnectionHandler(id=4452467152, session='2019-09-12T20_39_33_0'): writing {"content": [], "_sender": "DmeModule", "_reason": null, "event_type": "FACTS"}
2019-09-12 20:39:39,815 - tdm - DEBUG - FrontendConnectionHandler(id=4452467152, session='2019-09-12T20_39_33_0'): OK
2019-09-12 20:39:39,815 - tdm - DEBUG - FrontendConnectionHandler(id=4452467152, session='2019-09-12T20_39_33_0').on_event(Event(FACTS, [], sender=DmeModule, reason=None))
2019-09-12 20:39:39,815 - tdm - DEBUG - FrontendConnectionHandler(id=4452467152, session='2019-09-12T20_39_33_0'): writing {"content": [], "_sender": "DmeModule", "_reason": null, "event_type": "FACTS"}
2019-09-12 20:39:39,816 - tdm - DEBUG - FrontendConnectionHandler(id=4452467152, session='2019-09-12T20_39_33_0'): OK
2019-09-12 20:39:39,816 - tdm - DEBUG - FrontendConnectionHandler(id=4452467152, session='2019-09-12T20_39_33_0').on_event(Event(END_SYSTEM_TURN, {'passivity_duration': None, 'system_has_asked_question': True}, sender=DmeModule, reason=None))
2019-09-12 20:39:39,816 - tdm - DEBUG - FrontendConnectionHandler(id=4452467152, session='2019-09-12T20_39_33_0'): writing {"content": {"passivity_duration": null, "system_has_asked_question": true}, "_sender": "DmeModule", "_reason": null, "event_type": "END_SYSTEM_TURN"}
2019-09-12 20:39:39,816 - tdm - DEBUG - FrontendConnectionHandler(id=4452467152, session='2019-09-12T20_39_33_0'): OK
2019-09-12 20:39:39,816 - tdm - DEBUG - FrontendConnectionHandler(id=4452467152, session='2019-09-12T20_39_33_0').on_event(Event(SYSTEM_UTTERANCE_TO_SPEAK, ['Returning to main menu.', 'Do you want to know the current time, know the current alarm, set the time or set the alarm?'], sender=None, reason=None))
2019-09-12 20:39:39,816 - tdm - DEBUG - FrontendConnectionHandler(id=4452467152, session='2019-09-12T20_39_33_0'): writing {"content": ["Returning to main menu.", "Do you want to know the current time, know the current alarm, set the time or set the alarm?"], "_sender": null, "_reason": null, "event_type": "SYSTEM_UTTERANCE_TO_SPEAK"}
2019-09-12 20:39:39,816 - tdm - DEBUG - FrontendConnectionHandler(id=4452467152, session='2019-09-12T20_39_33_0'): OK
2019-09-12 20:39:39,817 - tdm - DEBUG - FrontendConnectionHandler(id=4452467152, session='2019-09-12T20_39_33_0').on_event(Event(MESSAGE_TO_GUI, [ClosePopup(), Screen(top, Main menu, [<tdm.nlg.tdm_gui_protocol.Element instance at 0x1095dfa70>])], sender=None, reason=None))
2019-09-12 20:39:39,817 - tdm - DEBUG - FrontendConnectionHandler(id=4452467152, session='2019-09-12T20_39_33_0'): writing {"content": [{"ClosePopup": {}}, {"Screen": {"elements": [{"Element": {"name": "move", "title": "", "items": [{"Item": {"attributes": null, "selected": false, "predicted": false, "value": "ask(?X.current_time(X))", "title": "The current time?"}}, {"Item": {"attributes": null, "selected": false, "predicted": false, "value": "ask(?X.current_alarm(X))", "title": "The current alarm?"}}, {"Item": {"attributes": null, "selected": false, "predicted": false, "value": "request(set_time)", "title": "Set the time"}}, {"Item": {"attributes": null, "selected": true, "predicted": false, "value": "request(set_alarm)", "title": "Set the alarm"}}], "format": "", "voice_browsed": false, "value": "", "template": "menu", "type": "list"}}], "name": "top", "title": "Main menu"}}], "_sender": null, "_reason": null, "event_type": "MESSAGE_TO_GUI"}
2019-09-12 20:39:39,817 - tdm - DEBUG - FrontendConnectionHandler(id=4452467152, session='2019-09-12T20_39_33_0'): OK
2019-09-12 20:39:43,356 - tdm - DEBUG - FrontendConnectionHandler(id=4452467152, session='2019-09-12T20_39_33_0').on_message({"content": [{"score": 1.0, "utterance": "whats the alarm"}], "_sender": "TextInputComponent", "_reason": null, "event_type": "RECOGNITION"})
2019-09-12 20:39:43,385 - tdm - DEBUG - DeviceHandler.query_all(?X.current_alarm(X), {}, eng)
2019-09-12 20:39:43,386 - tdm - DEBUG - DeviceHandler invocation ID: b6442274c90613883f5ee426a0bce75a
2019-09-12 20:39:43,387 - tdm - DEBUG - FrontendConnectionHandler(id=4452467152, session='2019-09-12T20_39_33_0').on_event(Event(BACKEND_ERROR, None, sender=None, reason=None))
2019-09-12 20:39:43,387 - tdm - DEBUG - FrontendConnectionHandler(id=4452467152, session='2019-09-12T20_39_33_0'): writing {"content": null, "_sender": null, "_reason": null, "event_type": "BACKEND_ERROR"}
2019-09-12 20:39:43,387 - tdm - DEBUG - FrontendConnectionHandler(id=4452467152, session='2019-09-12T20_39_33_0'): OK
2019-09-12 20:40:54,640 - tdm - DEBUG - FrontendConnectionHandler(id=4452467152, session='2019-09-12T20_39_33_0').on_close()
2019-09-12 20:40:54,640 - tdm - DEBUG - SessionManager.stop('2019-09-12T20_39_33_0')
2019-09-12 20:40:54,641 - tdm - DEBUG - TdmApplication.stop(): Stopping HTTP server
2019-09-12 20:40:54,641 - tdm - DEBUG - TdmApplication.stop(): Stopping IO-loop
2019-09-12 20:40:54,641 - tdm - DEBUG - TdmApplication.stop(): Stopping sessions []
