2019-09-12 20:36:37,965 - tdm - DEBUG - EntityDb(time): add_entity(sort=u'alarm_time', grammar_entry='08:30', name=u'eight_thirty')
2019-09-12 20:36:37,965 - tdm - DEBUG - EntityDb(time): add_entity returns u'eight_thirty'
2019-09-12 20:36:37,965 - tdm - DEBUG - EntityDb(time): add_entity(sort=u'alarm_time', grammar_entry='8:30', name=u'eight_thirty')
2019-09-12 20:36:37,965 - tdm - DEBUG - EntityDb(time): add_entity returns u'eight_thirty'
2019-09-12 20:36:37,965 - tdm - DEBUG - EntityDb(time): add_entity(sort=u'alarm_time', grammar_entry='8 30', name=u'eight_thirty')
2019-09-12 20:36:37,965 - tdm - DEBUG - EntityDb(time): add_entity returns u'eight_thirty'
2019-09-12 20:36:37,965 - tdm - DEBUG - EntityDb(time): add_entity(sort=u'alarm_time', grammar_entry='08 30', name=u'eight_thirty')
2019-09-12 20:36:37,965 - tdm - DEBUG - EntityDb(time): add_entity returns u'eight_thirty'
2019-09-12 20:36:37,965 - tdm - DEBUG - EntityDb(time): add_entity(sort=u'alarm_time', grammar_entry='eight thirty', name=u'eight_thirty')
2019-09-12 20:36:37,966 - tdm - DEBUG - EntityDb(time): add_entity returns u'eight_thirty'
2019-09-12 20:36:37,966 - tdm - DEBUG - EntityDb(time): add_entity(sort=u'alarm_time', grammar_entry='09:00', name=u'nine')
2019-09-12 20:36:37,966 - tdm - DEBUG - EntityDb(time): add_entity returns u'nine'
2019-09-12 20:36:37,966 - tdm - DEBUG - EntityDb(time): add_entity(sort=u'alarm_time', grammar_entry='9:00', name=u'nine')
2019-09-12 20:36:37,966 - tdm - DEBUG - EntityDb(time): add_entity returns u'nine'
2019-09-12 20:36:37,966 - tdm - DEBUG - EntityDb(time): add_entity(sort=u'alarm_time', grammar_entry='09', name=u'nine')
2019-09-12 20:36:37,966 - tdm - DEBUG - EntityDb(time): add_entity returns u'nine'
2019-09-12 20:36:37,966 - tdm - DEBUG - EntityDb(time): add_entity(sort=u'alarm_time', grammar_entry='9', name=u'nine')
2019-09-12 20:36:37,966 - tdm - DEBUG - EntityDb(time): add_entity returns u'nine'
2019-09-12 20:36:37,966 - tdm - DEBUG - EntityDb(time): add_entity(sort=u'alarm_time', grammar_entry='nine', name=u'nine')
2019-09-12 20:36:37,966 - tdm - DEBUG - EntityDb(time): add_entity returns u'nine'
2019-09-12 20:36:37,966 - tdm - DEBUG - EntityDb(time): add_entity(sort=u'alarm_time', grammar_entry='08:00', name=u'eight')
2019-09-12 20:36:37,966 - tdm - DEBUG - EntityDb(time): add_entity returns u'eight'
2019-09-12 20:36:37,966 - tdm - DEBUG - EntityDb(time): add_entity(sort=u'alarm_time', grammar_entry='8:00', name=u'eight')
2019-09-12 20:36:37,966 - tdm - DEBUG - EntityDb(time): add_entity returns u'eight'
2019-09-12 20:36:37,966 - tdm - DEBUG - EntityDb(time): add_entity(sort=u'alarm_time', grammar_entry='8', name=u'eight')
2019-09-12 20:36:37,966 - tdm - DEBUG - EntityDb(time): add_entity returns u'eight'
2019-09-12 20:36:37,966 - tdm - DEBUG - EntityDb(time): add_entity(sort=u'alarm_time', grammar_entry='08', name=u'eight')
2019-09-12 20:36:37,966 - tdm - DEBUG - EntityDb(time): add_entity returns u'eight'
2019-09-12 20:36:37,967 - tdm - DEBUG - EntityDb(time): add_entity(sort=u'alarm_time', grammar_entry='eight', name=u'eight')
2019-09-12 20:36:37,967 - tdm - DEBUG - EntityDb(time): add_entity returns u'eight'
2019-09-12 20:36:37,967 - tdm - DEBUG - EntityDb(time): add_entity(sort=u'alarm_time', grammar_entry='off', name=u'alarm_off')
2019-09-12 20:36:37,967 - tdm - DEBUG - EntityDb(time): add_entity returns u'alarm_off'
2019-09-12 20:36:37,967 - tdm - DEBUG - DddDb().__init__(name='ddds', default_ddds=[u'time'])
2019-09-12 20:36:37,967 - tdm - DEBUG - DddDb(): DB file name is '/Users/marta/Desktop/Course project/time_ddd/ddds.json'
2019-09-12 20:36:37,976 - tdm - DEBUG - FrontendConnectionHandler(id=4502188496, session=None).open()
2019-09-12 20:36:37,977 - tdm - DEBUG - thread_manager.create_thread() with threading.active_count()=3
2019-09-12 20:36:37,977 - tdm - DEBUG - FrontendConnectionHandler(id=4502188496, session=None).on_message({"handshake_content": {"session_id": null, "keep_session_alive": false}, "name": "Frontend"})
2019-09-12 20:36:37,977 - tdm - DEBUG - FrontendConnectionHandler(id=4502188496, session=None)._register({"handshake_content": {"session_id": null, "keep_session_alive": false}, "name": "Frontend"})
2019-09-12 20:36:37,977 - tdm - DEBUG - thread_manager.create_thread() with threading.active_count()=4
2019-09-12 20:36:37,978 - tdm - DEBUG - Creating backend and session with id 2019-09-12T20_36_37_0.
2019-09-12 20:36:37,981 - tdm - DEBUG - FrontendConnectionHandler(id=4502188496, session='2019-09-12T20_36_37_0'): writing {"content": "2019-09-12T20_36_37_0", "_sender": null, "_reason": null, "event_type": "SESSION_ID"}
2019-09-12 20:36:37,981 - tdm - DEBUG - FrontendConnectionHandler(id=4502188496, session='2019-09-12T20_36_37_0'): OK
2019-09-12 20:36:37,982 - tdm - DEBUG - FrontendConnectionHandler._register: Registered in session 2019-09-12T20_36_37_0 with backend <tdm.backend.Backend object at 0x10c5c6490>.
2019-09-12 20:36:37,982 - tdm - DEBUG - FrontendConnectionHandler(id=4502188496, session='2019-09-12T20_36_37_0').on_message({"content": null, "_sender": "Frontend", "_reason": null, "event_type": "START"})
2019-09-12 20:36:38,017 - tdm - DEBUG - FrontendConnectionHandler(id=4502188496, session='2019-09-12T20_36_37_0').on_event(Event(SET_DDD, {'ddd_name': 'time', 'language_code': 'eng'}, sender=DmeModule, reason=None))
2019-09-12 20:36:38,017 - tdm - DEBUG - FrontendConnectionHandler(id=4502188496, session='2019-09-12T20_36_37_0'): writing {"content": {"ddd_name": "time", "language_code": "eng"}, "_sender": "DmeModule", "_reason": null, "event_type": "SET_DDD"}
2019-09-12 20:36:38,017 - tdm - DEBUG - FrontendConnectionHandler(id=4502188496, session='2019-09-12T20_36_37_0'): OK
2019-09-12 20:36:38,017 - tdm - DEBUG - FrontendConnectionHandler(id=4502188496, session='2019-09-12T20_36_37_0').on_event(Event(FACTS, [], sender=DmeModule, reason=None))
2019-09-12 20:36:38,017 - tdm - DEBUG - FrontendConnectionHandler(id=4502188496, session='2019-09-12T20_36_37_0'): writing {"content": [], "_sender": "DmeModule", "_reason": null, "event_type": "FACTS"}
2019-09-12 20:36:38,018 - tdm - DEBUG - FrontendConnectionHandler(id=4502188496, session='2019-09-12T20_36_37_0'): OK
2019-09-12 20:36:38,018 - tdm - DEBUG - FrontendConnectionHandler(id=4502188496, session='2019-09-12T20_36_37_0').on_event(Event(FACTS, [], sender=DmeModule, reason=None))
2019-09-12 20:36:38,018 - tdm - DEBUG - FrontendConnectionHandler(id=4502188496, session='2019-09-12T20_36_37_0'): writing {"content": [], "_sender": "DmeModule", "_reason": null, "event_type": "FACTS"}
2019-09-12 20:36:38,018 - tdm - DEBUG - FrontendConnectionHandler(id=4502188496, session='2019-09-12T20_36_37_0'): OK
2019-09-12 20:36:38,018 - tdm - DEBUG - FrontendConnectionHandler(id=4502188496, session='2019-09-12T20_36_37_0').on_event(Event(END_SYSTEM_TURN, {'passivity_duration': None, 'system_has_asked_question': True}, sender=DmeModule, reason=None))
2019-09-12 20:36:38,018 - tdm - DEBUG - FrontendConnectionHandler(id=4502188496, session='2019-09-12T20_36_37_0'): writing {"content": {"passivity_duration": null, "system_has_asked_question": true}, "_sender": "DmeModule", "_reason": null, "event_type": "END_SYSTEM_TURN"}
2019-09-12 20:36:38,019 - tdm - DEBUG - FrontendConnectionHandler(id=4502188496, session='2019-09-12T20_36_37_0'): OK
2019-09-12 20:36:38,019 - tdm - DEBUG - FrontendConnectionHandler(id=4502188496, session='2019-09-12T20_36_37_0').on_event(Event(SYSTEM_UTTERANCE_TO_SPEAK, ['Do you want to know the current time, know the current alarm, set the time or set the alarm?'], sender=None, reason=None))
2019-09-12 20:36:38,019 - tdm - DEBUG - FrontendConnectionHandler(id=4502188496, session='2019-09-12T20_36_37_0'): writing {"content": ["Do you want to know the current time, know the current alarm, set the time or set the alarm?"], "_sender": null, "_reason": null, "event_type": "SYSTEM_UTTERANCE_TO_SPEAK"}
2019-09-12 20:36:38,019 - tdm - DEBUG - FrontendConnectionHandler(id=4502188496, session='2019-09-12T20_36_37_0'): OK
2019-09-12 20:36:38,019 - tdm - DEBUG - FrontendConnectionHandler(id=4502188496, session='2019-09-12T20_36_37_0').on_event(Event(MESSAGE_TO_GUI, [Screen(top, Main menu, [<tdm.nlg.tdm_gui_protocol.Element instance at 0x10c542f80>])], sender=None, reason=None))
2019-09-12 20:36:38,020 - tdm - DEBUG - FrontendConnectionHandler(id=4502188496, session='2019-09-12T20_36_37_0'): writing {"content": [{"Screen": {"elements": [{"Element": {"name": "move", "title": "", "items": [{"Item": {"attributes": null, "selected": false, "predicted": false, "value": "ask(?X.current_time(X))", "title": "The current time?"}}, {"Item": {"attributes": null, "selected": false, "predicted": false, "value": "ask(?X.current_alarm(X))", "title": "The current alarm?"}}, {"Item": {"attributes": null, "selected": false, "predicted": false, "value": "request(set_time)", "title": "Set the time"}}, {"Item": {"attributes": null, "selected": false, "predicted": false, "value": "request(set_alarm)", "title": "Set the alarm"}}], "format": "", "voice_browsed": false, "value": "", "template": "menu", "type": "list"}}], "name": "top", "title": "Main menu"}}], "_sender": null, "_reason": null, "event_type": "MESSAGE_TO_GUI"}
2019-09-12 20:36:38,020 - tdm - DEBUG - FrontendConnectionHandler(id=4502188496, session='2019-09-12T20_36_37_0'): OK
2019-09-12 20:36:41,129 - tdm - DEBUG - FrontendConnectionHandler(id=4502188496, session='2019-09-12T20_36_37_0').on_message({"content": [{"score": 1.0, "utterance": "set the alarm"}], "_sender": "TextInputComponent", "_reason": null, "event_type": "RECOGNITION"})
2019-09-12 20:36:41,159 - tdm - DEBUG - DeviceHandler.query_all(?X.selected_alarm_time(X), {}, eng)
2019-09-12 20:36:41,160 - tdm - DEBUG - DeviceHandler invocation ID: d9e130ee5a29193d8f3c1c300d6374f9
2019-09-12 20:36:41,160 - tdm - DEBUG - DeviceHandler.query_all(?X.selected_alarm_time(X), {}, eng)
2019-09-12 20:36:41,160 - tdm - DEBUG - DeviceHandler invocation ID: 7d9e36e7b533947a1e3ecacb9739eca4
2019-09-12 20:36:41,161 - tdm - DEBUG - DeviceHandler.query_all(?X.selected_alarm_time(X), {}, eng)
2019-09-12 20:36:41,162 - tdm - DEBUG - DeviceHandler invocation ID: 7e0d2bc04d19f94484c3ef71b911bab8
2019-09-12 20:36:41,162 - tdm - DEBUG - DeviceHandler.query_all(?X.selected_alarm_time(X), {}, eng)
2019-09-12 20:36:41,162 - tdm - DEBUG - DeviceHandler invocation ID: 5cb78910494a6c1cd408937fe2373bec
2019-09-12 20:36:41,173 - tdm - DEBUG - DeviceHandler.query_all(?X.selected_alarm_time(X), {}, eng)
2019-09-12 20:36:41,173 - tdm - DEBUG - DeviceHandler invocation ID: dc7a1304e1f020697da7aaefcef88434
2019-09-12 20:36:41,189 - tdm - DEBUG - DeviceHandler.query_all(?X.selected_alarm_time(X), {}, eng)
2019-09-12 20:36:41,189 - tdm - DEBUG - DeviceHandler invocation ID: 754adc99f9e390fb958e6c223395059b
2019-09-12 20:36:41,190 - tdm - DEBUG - DeviceHandler.query_all(?X.selected_alarm_time(X), {}, eng)
2019-09-12 20:36:41,190 - tdm - DEBUG - DeviceHandler invocation ID: 9a7b52ab8dc5bd7558261dd905860ff7
2019-09-12 20:36:41,197 - tdm - DEBUG - FrontendConnectionHandler(id=4502188496, session='2019-09-12T20_36_37_0').on_event(Event(SELECTED_RECOGNITION, 'set the alarm', sender=DmeModule, reason=None))
2019-09-12 20:36:41,197 - tdm - DEBUG - FrontendConnectionHandler(id=4502188496, session='2019-09-12T20_36_37_0'): writing {"content": "set the alarm", "_sender": "DmeModule", "_reason": null, "event_type": "SELECTED_RECOGNITION"}
2019-09-12 20:36:41,197 - tdm - DEBUG - FrontendConnectionHandler(id=4502188496, session='2019-09-12T20_36_37_0'): OK
2019-09-12 20:36:41,198 - tdm - DEBUG - FrontendConnectionHandler(id=4502188496, session='2019-09-12T20_36_37_0').on_event(Event(FACTS, [], sender=DmeModule, reason=None))
2019-09-12 20:36:41,198 - tdm - DEBUG - FrontendConnectionHandler(id=4502188496, session='2019-09-12T20_36_37_0'): writing {"content": [], "_sender": "DmeModule", "_reason": null, "event_type": "FACTS"}
2019-09-12 20:36:41,198 - tdm - DEBUG - FrontendConnectionHandler(id=4502188496, session='2019-09-12T20_36_37_0'): OK
2019-09-12 20:36:41,198 - tdm - DEBUG - FrontendConnectionHandler(id=4502188496, session='2019-09-12T20_36_37_0').on_event(Event(FACTS, [], sender=DmeModule, reason=None))
2019-09-12 20:36:41,198 - tdm - DEBUG - FrontendConnectionHandler(id=4502188496, session='2019-09-12T20_36_37_0'): writing {"content": [], "_sender": "DmeModule", "_reason": null, "event_type": "FACTS"}
2019-09-12 20:36:41,199 - tdm - DEBUG - FrontendConnectionHandler(id=4502188496, session='2019-09-12T20_36_37_0'): OK
2019-09-12 20:36:41,199 - tdm - DEBUG - FrontendConnectionHandler(id=4502188496, session='2019-09-12T20_36_37_0').on_event(Event(END_SYSTEM_TURN, {'passivity_duration': 5.0, 'system_has_asked_question': True}, sender=DmeModule, reason=None))
2019-09-12 20:36:41,199 - tdm - DEBUG - FrontendConnectionHandler(id=4502188496, session='2019-09-12T20_36_37_0'): writing {"content": {"passivity_duration": 5.0, "system_has_asked_question": true}, "_sender": "DmeModule", "_reason": null, "event_type": "END_SYSTEM_TURN"}
2019-09-12 20:36:41,199 - tdm - DEBUG - FrontendConnectionHandler(id=4502188496, session='2019-09-12T20_36_37_0'): OK
2019-09-12 20:36:41,199 - tdm - DEBUG - FrontendConnectionHandler(id=4502188496, session='2019-09-12T20_36_37_0').on_event(Event(EXPECTED_PASSIVITY_DURATION, 5.0, sender=DmeModule, reason=None))
2019-09-12 20:36:41,199 - tdm - DEBUG - FrontendConnectionHandler(id=4502188496, session='2019-09-12T20_36_37_0'): writing {"content": 5.0, "_sender": "DmeModule", "_reason": null, "event_type": "EXPECTED_PASSIVITY_DURATION"}
2019-09-12 20:36:41,200 - tdm - DEBUG - FrontendConnectionHandler(id=4502188496, session='2019-09-12T20_36_37_0'): OK
2019-09-12 20:36:41,200 - tdm - DEBUG - FrontendConnectionHandler(id=4502188496, session='2019-09-12T20_36_37_0').on_event(Event(SYSTEM_UTTERANCE_TO_SPEAK, ['', '', 'What time do you want to set your alarm to : 08:00, 08:30 or 09:00?'], sender=None, reason=None))
2019-09-12 20:36:41,200 - tdm - DEBUG - FrontendConnectionHandler(id=4502188496, session='2019-09-12T20_36_37_0'): writing {"content": ["", "", "What time do you want to set your alarm to : 08:00, 08:30 or 09:00?"], "_sender": null, "_reason": null, "event_type": "SYSTEM_UTTERANCE_TO_SPEAK"}
2019-09-12 20:36:41,200 - tdm - DEBUG - FrontendConnectionHandler(id=4502188496, session='2019-09-12T20_36_37_0'): OK
2019-09-12 20:36:41,201 - tdm - DEBUG - FrontendConnectionHandler(id=4502188496, session='2019-09-12T20_36_37_0').on_event(Event(MESSAGE_TO_GUI, [Screen(set_alarm, Set the alarm, [<tdm.nlg.tdm_gui_protocol.Element instance at 0x10c5d6638>])], sender=None, reason=None))
2019-09-12 20:36:41,201 - tdm - DEBUG - FrontendConnectionHandler(id=4502188496, session='2019-09-12T20_36_37_0'): writing {"content": [{"Screen": {"elements": [{"Element": {"name": "move", "title": null, "items": [{"Item": {"attributes": [], "selected": false, "predicted": false, "value": "answer(selected_alarm_time(eight))", "title": "08:00"}}, {"Item": {"attributes": [], "selected": false, "predicted": false, "value": "answer(selected_alarm_time(eight_thirty))", "title": "08:30"}}, {"Item": {"attributes": [], "selected": false, "predicted": false, "value": "answer(selected_alarm_time(nine))", "title": "09:00"}}], "format": "", "voice_browsed": false, "value": "", "template": "list", "type": "list"}}], "name": "set_alarm", "title": "Set the alarm"}}], "_sender": null, "_reason": null, "event_type": "MESSAGE_TO_GUI"}
2019-09-12 20:36:41,201 - tdm - DEBUG - FrontendConnectionHandler(id=4502188496, session='2019-09-12T20_36_37_0'): OK
2019-09-12 20:36:44,180 - tdm - DEBUG - FrontendConnectionHandler(id=4502188496, session='2019-09-12T20_36_37_0').on_message({"content": [{"score": 1.0, "utterance": "eight"}], "_sender": "TextInputComponent", "_reason": null, "event_type": "RECOGNITION"})
2019-09-12 20:36:44,195 - tdm - DEBUG - DeviceHandler.query_all(?X.selected_alarm_time(X), set([selected_alarm_time(eight), selected_alarm_time(eight_thirty), selected_alarm_time(nine)]), {}, eng)
2019-09-12 20:36:44,195 - tdm - DEBUG - DeviceHandler invocation ID: cc57502f785e7c8e74918538f2a1fcb5
2019-09-12 20:36:44,209 - tdm - DEBUG - DeviceHandler.is_valid_parameter(selected_alarm_time(eight), {}, eng)
2019-09-12 20:36:44,214 - tdm - DEBUG - DeviceHandler.perform(SetAlarm, {selected_alarm_time(eight), resolved(?X.selected_alarm_time(X), set([selected_alarm_time(eight), selected_alarm_time(eight_thirty), selected_alarm_time(nine)]))}, eng)
2019-09-12 20:36:44,214 - tdm - DEBUG - DeviceHandler invocation ID: 68ff821bd7c879accafeab0256ed5b39
2019-09-12 20:36:44,243 - tdm - DEBUG - FrontendConnectionHandler(id=4502188496, session='2019-09-12T20_36_37_0').on_event(Event(SELECTED_RECOGNITION, 'eight', sender=DmeModule, reason=None))
2019-09-12 20:36:44,243 - tdm - DEBUG - FrontendConnectionHandler(id=4502188496, session='2019-09-12T20_36_37_0'): writing {"content": "eight", "_sender": "DmeModule", "_reason": null, "event_type": "SELECTED_RECOGNITION"}
2019-09-12 20:36:44,243 - tdm - DEBUG - FrontendConnectionHandler(id=4502188496, session='2019-09-12T20_36_37_0'): OK
2019-09-12 20:36:44,243 - tdm - DEBUG - FrontendConnectionHandler(id=4502188496, session='2019-09-12T20_36_37_0').on_event(Event(FACTS, [{'predicate': 'selected_alarm_time', 'grammar_entry': '08:00', 'value': 'eight'}], sender=DmeModule, reason=None))
2019-09-12 20:36:44,244 - tdm - DEBUG - FrontendConnectionHandler(id=4502188496, session='2019-09-12T20_36_37_0'): writing {"content": [{"predicate": "selected_alarm_time", "grammar_entry": "08:00", "value": "eight"}], "_sender": "DmeModule", "_reason": null, "event_type": "FACTS"}
2019-09-12 20:36:44,244 - tdm - DEBUG - FrontendConnectionHandler(id=4502188496, session='2019-09-12T20_36_37_0'): OK
2019-09-12 20:36:44,244 - tdm - DEBUG - FrontendConnectionHandler(id=4502188496, session='2019-09-12T20_36_37_0').on_event(Event(FACTS, [{'predicate': 'selected_alarm_time', 'grammar_entry': '08:00', 'value': 'eight'}], sender=DmeModule, reason=None))
2019-09-12 20:36:44,244 - tdm - DEBUG - FrontendConnectionHandler(id=4502188496, session='2019-09-12T20_36_37_0'): writing {"content": [{"predicate": "selected_alarm_time", "grammar_entry": "08:00", "value": "eight"}], "_sender": "DmeModule", "_reason": null, "event_type": "FACTS"}
2019-09-12 20:36:44,244 - tdm - DEBUG - FrontendConnectionHandler(id=4502188496, session='2019-09-12T20_36_37_0'): OK
2019-09-12 20:36:44,245 - tdm - DEBUG - FrontendConnectionHandler(id=4502188496, session='2019-09-12T20_36_37_0').on_event(Event(END_SYSTEM_TURN, {'passivity_duration': 1.0, 'system_has_asked_question': False}, sender=DmeModule, reason=None))
2019-09-12 20:36:44,245 - tdm - DEBUG - FrontendConnectionHandler(id=4502188496, session='2019-09-12T20_36_37_0'): writing {"content": {"passivity_duration": 1.0, "system_has_asked_question": false}, "_sender": "DmeModule", "_reason": null, "event_type": "END_SYSTEM_TURN"}
2019-09-12 20:36:44,245 - tdm - DEBUG - FrontendConnectionHandler(id=4502188496, session='2019-09-12T20_36_37_0'): OK
2019-09-12 20:36:44,245 - tdm - DEBUG - FrontendConnectionHandler(id=4502188496, session='2019-09-12T20_36_37_0').on_event(Event(EXPECTED_PASSIVITY_DURATION, 1.0, sender=DmeModule, reason=None))
2019-09-12 20:36:44,245 - tdm - DEBUG - FrontendConnectionHandler(id=4502188496, session='2019-09-12T20_36_37_0'): writing {"content": 1.0, "_sender": "DmeModule", "_reason": null, "event_type": "EXPECTED_PASSIVITY_DURATION"}
2019-09-12 20:36:44,245 - tdm - DEBUG - FrontendConnectionHandler(id=4502188496, session='2019-09-12T20_36_37_0'): OK
2019-09-12 20:36:44,245 - tdm - DEBUG - FrontendConnectionHandler(id=4502188496, session='2019-09-12T20_36_37_0').on_event(Event(SYSTEM_UTTERANCE_TO_SPEAK, ['', 'The alarm was set to 08:00.'], sender=None, reason=None))
2019-09-12 20:36:44,246 - tdm - DEBUG - FrontendConnectionHandler(id=4502188496, session='2019-09-12T20_36_37_0'): writing {"content": ["", "The alarm was set to 08:00."], "_sender": null, "_reason": null, "event_type": "SYSTEM_UTTERANCE_TO_SPEAK"}
2019-09-12 20:36:44,246 - tdm - DEBUG - FrontendConnectionHandler(id=4502188496, session='2019-09-12T20_36_37_0'): OK
2019-09-12 20:36:44,246 - tdm - DEBUG - FrontendConnectionHandler(id=4502188496, session='2019-09-12T20_36_37_0').on_event(Event(MESSAGE_TO_GUI, [Popup(The alarm was set to 08:00., elements=[])], sender=None, reason=None))
2019-09-12 20:36:44,246 - tdm - DEBUG - FrontendConnectionHandler(id=4502188496, session='2019-09-12T20_36_37_0'): writing {"content": [{"Popup": {"elements": [], "title": "The alarm was set to 08:00."}}], "_sender": null, "_reason": null, "event_type": "MESSAGE_TO_GUI"}
2019-09-12 20:36:44,246 - tdm - DEBUG - FrontendConnectionHandler(id=4502188496, session='2019-09-12T20_36_37_0'): OK
2019-09-12 20:36:44,246 - tdm - DEBUG - FrontendConnectionHandler(id=4502188496, session='2019-09-12T20_36_37_0').on_event(Event(GUI.POPUP, {'options': [], 'title': 'The alarm was set to 08:00.'}, sender=None, reason=None))
2019-09-12 20:36:44,246 - tdm - DEBUG - FrontendConnectionHandler(id=4502188496, session='2019-09-12T20_36_37_0'): writing {"content": {"options": [], "title": "The alarm was set to 08:00."}, "_sender": null, "_reason": null, "event_type": "GUI.POPUP"}
2019-09-12 20:36:44,246 - tdm - DEBUG - FrontendConnectionHandler(id=4502188496, session='2019-09-12T20_36_37_0'): OK
2019-09-12 20:36:45,255 - tdm - DEBUG - FrontendConnectionHandler(id=4502188496, session='2019-09-12T20_36_37_0').on_message({"content": null, "_sender": "Frontend", "_reason": null, "event_type": "PASSIVITY"})
2019-09-12 20:36:45,298 - tdm - DEBUG - FrontendConnectionHandler(id=4502188496, session='2019-09-12T20_36_37_0').on_event(Event(FACTS, [], sender=DmeModule, reason=None))
2019-09-12 20:36:45,298 - tdm - DEBUG - FrontendConnectionHandler(id=4502188496, session='2019-09-12T20_36_37_0'): writing {"content": [], "_sender": "DmeModule", "_reason": null, "event_type": "FACTS"}
2019-09-12 20:36:45,298 - tdm - DEBUG - FrontendConnectionHandler(id=4502188496, session='2019-09-12T20_36_37_0'): OK
2019-09-12 20:36:45,298 - tdm - DEBUG - FrontendConnectionHandler(id=4502188496, session='2019-09-12T20_36_37_0').on_event(Event(FACTS, [], sender=DmeModule, reason=None))
2019-09-12 20:36:45,298 - tdm - DEBUG - FrontendConnectionHandler(id=4502188496, session='2019-09-12T20_36_37_0'): writing {"content": [], "_sender": "DmeModule", "_reason": null, "event_type": "FACTS"}
2019-09-12 20:36:45,299 - tdm - DEBUG - FrontendConnectionHandler(id=4502188496, session='2019-09-12T20_36_37_0'): OK
2019-09-12 20:36:45,299 - tdm - DEBUG - FrontendConnectionHandler(id=4502188496, session='2019-09-12T20_36_37_0').on_event(Event(END_SYSTEM_TURN, {'passivity_duration': None, 'system_has_asked_question': True}, sender=DmeModule, reason=None))
2019-09-12 20:36:45,299 - tdm - DEBUG - FrontendConnectionHandler(id=4502188496, session='2019-09-12T20_36_37_0'): writing {"content": {"passivity_duration": null, "system_has_asked_question": true}, "_sender": "DmeModule", "_reason": null, "event_type": "END_SYSTEM_TURN"}
2019-09-12 20:36:45,299 - tdm - DEBUG - FrontendConnectionHandler(id=4502188496, session='2019-09-12T20_36_37_0'): OK
2019-09-12 20:36:45,299 - tdm - DEBUG - FrontendConnectionHandler(id=4502188496, session='2019-09-12T20_36_37_0').on_event(Event(SYSTEM_UTTERANCE_TO_SPEAK, ['Returning to main menu.', 'Do you want to know the current time, know the current alarm, set the time or set the alarm?'], sender=None, reason=None))
2019-09-12 20:36:45,299 - tdm - DEBUG - FrontendConnectionHandler(id=4502188496, session='2019-09-12T20_36_37_0'): writing {"content": ["Returning to main menu.", "Do you want to know the current time, know the current alarm, set the time or set the alarm?"], "_sender": null, "_reason": null, "event_type": "SYSTEM_UTTERANCE_TO_SPEAK"}
2019-09-12 20:36:45,300 - tdm - DEBUG - FrontendConnectionHandler(id=4502188496, session='2019-09-12T20_36_37_0'): OK
2019-09-12 20:36:45,300 - tdm - DEBUG - FrontendConnectionHandler(id=4502188496, session='2019-09-12T20_36_37_0').on_event(Event(MESSAGE_TO_GUI, [ClosePopup(), Screen(top, Main menu, [<tdm.nlg.tdm_gui_protocol.Element instance at 0x10c552dd0>])], sender=None, reason=None))
2019-09-12 20:36:45,300 - tdm - DEBUG - FrontendConnectionHandler(id=4502188496, session='2019-09-12T20_36_37_0'): writing {"content": [{"ClosePopup": {}}, {"Screen": {"elements": [{"Element": {"name": "move", "title": "", "items": [{"Item": {"attributes": null, "selected": false, "predicted": false, "value": "ask(?X.current_time(X))", "title": "The current time?"}}, {"Item": {"attributes": null, "selected": false, "predicted": false, "value": "ask(?X.current_alarm(X))", "title": "The current alarm?"}}, {"Item": {"attributes": null, "selected": false, "predicted": false, "value": "request(set_time)", "title": "Set the time"}}, {"Item": {"attributes": null, "selected": true, "predicted": false, "value": "request(set_alarm)", "title": "Set the alarm"}}], "format": "", "voice_browsed": false, "value": "", "template": "menu", "type": "list"}}], "name": "top", "title": "Main menu"}}], "_sender": null, "_reason": null, "event_type": "MESSAGE_TO_GUI"}
2019-09-12 20:36:45,300 - tdm - DEBUG - FrontendConnectionHandler(id=4502188496, session='2019-09-12T20_36_37_0'): OK
2019-09-12 20:36:55,343 - tdm - DEBUG - FrontendConnectionHandler(id=4502188496, session='2019-09-12T20_36_37_0').on_message({"content": [{"score": 1.0, "utterance": "whats the alarm"}], "_sender": "TextInputComponent", "_reason": null, "event_type": "RECOGNITION"})
2019-09-12 20:36:55,372 - tdm - DEBUG - DeviceHandler.query_all(?X.current_alarm(X), {}, eng)
2019-09-12 20:36:55,372 - tdm - DEBUG - DeviceHandler invocation ID: 95ed61d1f79a5001cc228ed2612b5ede
2019-09-12 20:36:55,373 - tdm - DEBUG - FrontendConnectionHandler(id=4502188496, session='2019-09-12T20_36_37_0').on_event(Event(BACKEND_ERROR, None, sender=None, reason=None))
2019-09-12 20:36:55,373 - tdm - DEBUG - FrontendConnectionHandler(id=4502188496, session='2019-09-12T20_36_37_0'): writing {"content": null, "_sender": null, "_reason": null, "event_type": "BACKEND_ERROR"}
2019-09-12 20:36:55,373 - tdm - DEBUG - FrontendConnectionHandler(id=4502188496, session='2019-09-12T20_36_37_0'): OK
2019-09-12 20:37:56,886 - tdm - DEBUG - FrontendConnectionHandler(id=4502188496, session='2019-09-12T20_36_37_0').on_close()
2019-09-12 20:37:56,887 - tdm - DEBUG - SessionManager.stop('2019-09-12T20_36_37_0')
2019-09-12 20:37:56,887 - tdm - DEBUG - TdmApplication.stop(): Stopping HTTP server
2019-09-12 20:37:56,887 - tdm - DEBUG - TdmApplication.stop(): Stopping IO-loop
2019-09-12 20:37:56,888 - tdm - DEBUG - TdmApplication.stop(): Stopping sessions []
