2019-09-12 20:35:19,027 - tdm - DEBUG - EntityDb(time): add_entity(sort=u'alarm_time', grammar_entry='08:30', name=u'eight_thirty')
2019-09-12 20:35:19,027 - tdm - DEBUG - EntityDb(time): add_entity returns u'eight_thirty'
2019-09-12 20:35:19,028 - tdm - DEBUG - EntityDb(time): add_entity(sort=u'alarm_time', grammar_entry='8:30', name=u'eight_thirty')
2019-09-12 20:35:19,028 - tdm - DEBUG - EntityDb(time): add_entity returns u'eight_thirty'
2019-09-12 20:35:19,028 - tdm - DEBUG - EntityDb(time): add_entity(sort=u'alarm_time', grammar_entry='8 30', name=u'eight_thirty')
2019-09-12 20:35:19,028 - tdm - DEBUG - EntityDb(time): add_entity returns u'eight_thirty'
2019-09-12 20:35:19,028 - tdm - DEBUG - EntityDb(time): add_entity(sort=u'alarm_time', grammar_entry='08 30', name=u'eight_thirty')
2019-09-12 20:35:19,028 - tdm - DEBUG - EntityDb(time): add_entity returns u'eight_thirty'
2019-09-12 20:35:19,028 - tdm - DEBUG - EntityDb(time): add_entity(sort=u'alarm_time', grammar_entry='eight thirty', name=u'eight_thirty')
2019-09-12 20:35:19,028 - tdm - DEBUG - EntityDb(time): add_entity returns u'eight_thirty'
2019-09-12 20:35:19,028 - tdm - DEBUG - EntityDb(time): add_entity(sort=u'alarm_time', grammar_entry='09:00', name=u'nine')
2019-09-12 20:35:19,028 - tdm - DEBUG - EntityDb(time): add_entity returns u'nine'
2019-09-12 20:35:19,028 - tdm - DEBUG - EntityDb(time): add_entity(sort=u'alarm_time', grammar_entry='9:00', name=u'nine')
2019-09-12 20:35:19,028 - tdm - DEBUG - EntityDb(time): add_entity returns u'nine'
2019-09-12 20:35:19,028 - tdm - DEBUG - EntityDb(time): add_entity(sort=u'alarm_time', grammar_entry='09', name=u'nine')
2019-09-12 20:35:19,028 - tdm - DEBUG - EntityDb(time): add_entity returns u'nine'
2019-09-12 20:35:19,028 - tdm - DEBUG - EntityDb(time): add_entity(sort=u'alarm_time', grammar_entry='9', name=u'nine')
2019-09-12 20:35:19,028 - tdm - DEBUG - EntityDb(time): add_entity returns u'nine'
2019-09-12 20:35:19,028 - tdm - DEBUG - EntityDb(time): add_entity(sort=u'alarm_time', grammar_entry='nine', name=u'nine')
2019-09-12 20:35:19,028 - tdm - DEBUG - EntityDb(time): add_entity returns u'nine'
2019-09-12 20:35:19,029 - tdm - DEBUG - EntityDb(time): add_entity(sort=u'alarm_time', grammar_entry='08:00', name=u'eight')
2019-09-12 20:35:19,029 - tdm - DEBUG - EntityDb(time): add_entity returns u'eight'
2019-09-12 20:35:19,029 - tdm - DEBUG - EntityDb(time): add_entity(sort=u'alarm_time', grammar_entry='8:00', name=u'eight')
2019-09-12 20:35:19,029 - tdm - DEBUG - EntityDb(time): add_entity returns u'eight'
2019-09-12 20:35:19,029 - tdm - DEBUG - EntityDb(time): add_entity(sort=u'alarm_time', grammar_entry='8', name=u'eight')
2019-09-12 20:35:19,029 - tdm - DEBUG - EntityDb(time): add_entity returns u'eight'
2019-09-12 20:35:19,029 - tdm - DEBUG - EntityDb(time): add_entity(sort=u'alarm_time', grammar_entry='08', name=u'eight')
2019-09-12 20:35:19,029 - tdm - DEBUG - EntityDb(time): add_entity returns u'eight'
2019-09-12 20:35:19,029 - tdm - DEBUG - EntityDb(time): add_entity(sort=u'alarm_time', grammar_entry='eight', name=u'eight')
2019-09-12 20:35:19,029 - tdm - DEBUG - EntityDb(time): add_entity returns u'eight'
2019-09-12 20:35:19,029 - tdm - DEBUG - EntityDb(time): add_entity(sort=u'alarm_time', grammar_entry='off', name=u'alarm_off')
2019-09-12 20:35:19,029 - tdm - DEBUG - EntityDb(time): add_entity returns u'alarm_off'
2019-09-12 20:35:19,029 - tdm - DEBUG - DddDb().__init__(name='ddds', default_ddds=[u'time'])
2019-09-12 20:35:19,029 - tdm - DEBUG - DddDb(): DB file name is '/Users/marta/Desktop/Course project/time_ddd/ddds.json'
2019-09-12 20:35:19,037 - tdm - DEBUG - FrontendConnectionHandler(id=4525211984, session=None).open()
2019-09-12 20:35:19,039 - tdm - DEBUG - FrontendConnectionHandler(id=4525211984, session=None).on_message({"handshake_content": {"session_id": null, "keep_session_alive": false}, "name": "Frontend"})
2019-09-12 20:35:19,039 - tdm - DEBUG - FrontendConnectionHandler(id=4525211984, session=None)._register({"handshake_content": {"session_id": null, "keep_session_alive": false}, "name": "Frontend"})
2019-09-12 20:35:19,040 - tdm - DEBUG - thread_manager.create_thread() with threading.active_count()=3
2019-09-12 20:35:19,041 - tdm - DEBUG - thread_manager.create_thread() with threading.active_count()=4
2019-09-12 20:35:19,041 - tdm - DEBUG - Creating backend and session with id 2019-09-12T20_35_19_0.
2019-09-12 20:35:19,044 - tdm - DEBUG - FrontendConnectionHandler(id=4525211984, session='2019-09-12T20_35_19_0'): writing {"content": "2019-09-12T20_35_19_0", "_sender": null, "_reason": null, "event_type": "SESSION_ID"}
2019-09-12 20:35:19,044 - tdm - DEBUG - FrontendConnectionHandler(id=4525211984, session='2019-09-12T20_35_19_0'): OK
2019-09-12 20:35:19,044 - tdm - DEBUG - FrontendConnectionHandler._register: Registered in session 2019-09-12T20_35_19_0 with backend <tdm.backend.Backend object at 0x10dbbd410>.
2019-09-12 20:35:19,045 - tdm - DEBUG - FrontendConnectionHandler(id=4525211984, session='2019-09-12T20_35_19_0').on_message({"content": null, "_sender": "Frontend", "_reason": null, "event_type": "START"})
2019-09-12 20:35:19,076 - tdm - DEBUG - FrontendConnectionHandler(id=4525211984, session='2019-09-12T20_35_19_0').on_event(Event(SET_DDD, {'ddd_name': 'time', 'language_code': 'eng'}, sender=DmeModule, reason=None))
2019-09-12 20:35:19,076 - tdm - DEBUG - FrontendConnectionHandler(id=4525211984, session='2019-09-12T20_35_19_0'): writing {"content": {"ddd_name": "time", "language_code": "eng"}, "_sender": "DmeModule", "_reason": null, "event_type": "SET_DDD"}
2019-09-12 20:35:19,076 - tdm - DEBUG - FrontendConnectionHandler(id=4525211984, session='2019-09-12T20_35_19_0'): OK
2019-09-12 20:35:19,076 - tdm - DEBUG - FrontendConnectionHandler(id=4525211984, session='2019-09-12T20_35_19_0').on_event(Event(FACTS, [], sender=DmeModule, reason=None))
2019-09-12 20:35:19,076 - tdm - DEBUG - FrontendConnectionHandler(id=4525211984, session='2019-09-12T20_35_19_0'): writing {"content": [], "_sender": "DmeModule", "_reason": null, "event_type": "FACTS"}
2019-09-12 20:35:19,076 - tdm - DEBUG - FrontendConnectionHandler(id=4525211984, session='2019-09-12T20_35_19_0'): OK
2019-09-12 20:35:19,077 - tdm - DEBUG - FrontendConnectionHandler(id=4525211984, session='2019-09-12T20_35_19_0').on_event(Event(FACTS, [], sender=DmeModule, reason=None))
2019-09-12 20:35:19,077 - tdm - DEBUG - FrontendConnectionHandler(id=4525211984, session='2019-09-12T20_35_19_0'): writing {"content": [], "_sender": "DmeModule", "_reason": null, "event_type": "FACTS"}
2019-09-12 20:35:19,077 - tdm - DEBUG - FrontendConnectionHandler(id=4525211984, session='2019-09-12T20_35_19_0'): OK
2019-09-12 20:35:19,077 - tdm - DEBUG - FrontendConnectionHandler(id=4525211984, session='2019-09-12T20_35_19_0').on_event(Event(END_SYSTEM_TURN, {'passivity_duration': None, 'system_has_asked_question': True}, sender=DmeModule, reason=None))
2019-09-12 20:35:19,077 - tdm - DEBUG - FrontendConnectionHandler(id=4525211984, session='2019-09-12T20_35_19_0'): writing {"content": {"passivity_duration": null, "system_has_asked_question": true}, "_sender": "DmeModule", "_reason": null, "event_type": "END_SYSTEM_TURN"}
2019-09-12 20:35:19,078 - tdm - DEBUG - FrontendConnectionHandler(id=4525211984, session='2019-09-12T20_35_19_0'): OK
2019-09-12 20:35:19,078 - tdm - DEBUG - FrontendConnectionHandler(id=4525211984, session='2019-09-12T20_35_19_0').on_event(Event(SYSTEM_UTTERANCE_TO_SPEAK, ['Do you want to know the current time, know the current alarm, set the time or set the alarm?'], sender=None, reason=None))
2019-09-12 20:35:19,078 - tdm - DEBUG - FrontendConnectionHandler(id=4525211984, session='2019-09-12T20_35_19_0'): writing {"content": ["Do you want to know the current time, know the current alarm, set the time or set the alarm?"], "_sender": null, "_reason": null, "event_type": "SYSTEM_UTTERANCE_TO_SPEAK"}
2019-09-12 20:35:19,078 - tdm - DEBUG - FrontendConnectionHandler(id=4525211984, session='2019-09-12T20_35_19_0'): OK
2019-09-12 20:35:19,079 - tdm - DEBUG - FrontendConnectionHandler(id=4525211984, session='2019-09-12T20_35_19_0').on_event(Event(MESSAGE_TO_GUI, [Screen(top, Main menu, [<tdm.nlg.tdm_gui_protocol.Element instance at 0x10db44710>])], sender=None, reason=None))
2019-09-12 20:35:19,079 - tdm - DEBUG - FrontendConnectionHandler(id=4525211984, session='2019-09-12T20_35_19_0'): writing {"content": [{"Screen": {"elements": [{"Element": {"name": "move", "title": "", "items": [{"Item": {"attributes": null, "selected": false, "predicted": false, "value": "ask(?X.current_time(X))", "title": "The current time?"}}, {"Item": {"attributes": null, "selected": false, "predicted": false, "value": "ask(?X.current_alarm(X))", "title": "The current alarm?"}}, {"Item": {"attributes": null, "selected": false, "predicted": false, "value": "request(set_time)", "title": "Set the time"}}, {"Item": {"attributes": null, "selected": false, "predicted": false, "value": "request(set_alarm)", "title": "Set the alarm"}}], "format": "", "voice_browsed": false, "value": "", "template": "menu", "type": "list"}}], "name": "top", "title": "Main menu"}}], "_sender": null, "_reason": null, "event_type": "MESSAGE_TO_GUI"}
2019-09-12 20:35:19,079 - tdm - DEBUG - FrontendConnectionHandler(id=4525211984, session='2019-09-12T20_35_19_0'): OK
2019-09-12 20:35:22,215 - tdm - DEBUG - FrontendConnectionHandler(id=4525211984, session='2019-09-12T20_35_19_0').on_message({"content": [{"score": 1.0, "utterance": "set the alarm"}], "_sender": "TextInputComponent", "_reason": null, "event_type": "RECOGNITION"})
2019-09-12 20:35:22,248 - tdm - DEBUG - DeviceHandler.query_all(?X.selected_alarm_time(X), {}, eng)
2019-09-12 20:35:22,248 - tdm - DEBUG - DeviceHandler invocation ID: a36466b361696892459f68f0f8d240d3
2019-09-12 20:35:22,248 - tdm - DEBUG - DeviceHandler.query_all(?X.selected_alarm_time(X), {}, eng)
2019-09-12 20:35:22,248 - tdm - DEBUG - DeviceHandler invocation ID: 81c17c605dbc52790348f8e250756b30
2019-09-12 20:35:22,250 - tdm - DEBUG - DeviceHandler.query_all(?X.selected_alarm_time(X), {}, eng)
2019-09-12 20:35:22,250 - tdm - DEBUG - DeviceHandler invocation ID: b31e7b158ca35a66be1a0480ea8476f4
2019-09-12 20:35:22,250 - tdm - DEBUG - DeviceHandler.query_all(?X.selected_alarm_time(X), {}, eng)
2019-09-12 20:35:22,250 - tdm - DEBUG - DeviceHandler invocation ID: 7db61fe61805db69e89b861b9a712bb6
2019-09-12 20:35:22,259 - tdm - DEBUG - DeviceHandler.query_all(?X.selected_alarm_time(X), {}, eng)
2019-09-12 20:35:22,259 - tdm - DEBUG - DeviceHandler invocation ID: 4848905ca1d26868702fce94e046023b
2019-09-12 20:35:22,272 - tdm - DEBUG - DeviceHandler.query_all(?X.selected_alarm_time(X), {}, eng)
2019-09-12 20:35:22,273 - tdm - DEBUG - DeviceHandler invocation ID: 701bb76e990e5f485f135c3cfa389b91
2019-09-12 20:35:22,273 - tdm - DEBUG - DeviceHandler.query_all(?X.selected_alarm_time(X), {}, eng)
2019-09-12 20:35:22,273 - tdm - DEBUG - DeviceHandler invocation ID: 1518ff45f0ea8f5d7422ad0c9e138aca
2019-09-12 20:35:22,281 - tdm - DEBUG - FrontendConnectionHandler(id=4525211984, session='2019-09-12T20_35_19_0').on_event(Event(SELECTED_RECOGNITION, 'set the alarm', sender=DmeModule, reason=None))
2019-09-12 20:35:22,281 - tdm - DEBUG - FrontendConnectionHandler(id=4525211984, session='2019-09-12T20_35_19_0'): writing {"content": "set the alarm", "_sender": "DmeModule", "_reason": null, "event_type": "SELECTED_RECOGNITION"}
2019-09-12 20:35:22,281 - tdm - DEBUG - FrontendConnectionHandler(id=4525211984, session='2019-09-12T20_35_19_0'): OK
2019-09-12 20:35:22,281 - tdm - DEBUG - FrontendConnectionHandler(id=4525211984, session='2019-09-12T20_35_19_0').on_event(Event(FACTS, [], sender=DmeModule, reason=None))
2019-09-12 20:35:22,281 - tdm - DEBUG - FrontendConnectionHandler(id=4525211984, session='2019-09-12T20_35_19_0'): writing {"content": [], "_sender": "DmeModule", "_reason": null, "event_type": "FACTS"}
2019-09-12 20:35:22,281 - tdm - DEBUG - FrontendConnectionHandler(id=4525211984, session='2019-09-12T20_35_19_0'): OK
2019-09-12 20:35:22,282 - tdm - DEBUG - FrontendConnectionHandler(id=4525211984, session='2019-09-12T20_35_19_0').on_event(Event(FACTS, [], sender=DmeModule, reason=None))
2019-09-12 20:35:22,282 - tdm - DEBUG - FrontendConnectionHandler(id=4525211984, session='2019-09-12T20_35_19_0'): writing {"content": [], "_sender": "DmeModule", "_reason": null, "event_type": "FACTS"}
2019-09-12 20:35:22,282 - tdm - DEBUG - FrontendConnectionHandler(id=4525211984, session='2019-09-12T20_35_19_0'): OK
2019-09-12 20:35:22,282 - tdm - DEBUG - FrontendConnectionHandler(id=4525211984, session='2019-09-12T20_35_19_0').on_event(Event(END_SYSTEM_TURN, {'passivity_duration': 5.0, 'system_has_asked_question': True}, sender=DmeModule, reason=None))
2019-09-12 20:35:22,282 - tdm - DEBUG - FrontendConnectionHandler(id=4525211984, session='2019-09-12T20_35_19_0'): writing {"content": {"passivity_duration": 5.0, "system_has_asked_question": true}, "_sender": "DmeModule", "_reason": null, "event_type": "END_SYSTEM_TURN"}
2019-09-12 20:35:22,282 - tdm - DEBUG - FrontendConnectionHandler(id=4525211984, session='2019-09-12T20_35_19_0'): OK
2019-09-12 20:35:22,282 - tdm - DEBUG - FrontendConnectionHandler(id=4525211984, session='2019-09-12T20_35_19_0').on_event(Event(EXPECTED_PASSIVITY_DURATION, 5.0, sender=DmeModule, reason=None))
2019-09-12 20:35:22,283 - tdm - DEBUG - FrontendConnectionHandler(id=4525211984, session='2019-09-12T20_35_19_0'): writing {"content": 5.0, "_sender": "DmeModule", "_reason": null, "event_type": "EXPECTED_PASSIVITY_DURATION"}
2019-09-12 20:35:22,283 - tdm - DEBUG - FrontendConnectionHandler(id=4525211984, session='2019-09-12T20_35_19_0'): OK
2019-09-12 20:35:22,283 - tdm - DEBUG - FrontendConnectionHandler(id=4525211984, session='2019-09-12T20_35_19_0').on_event(Event(SYSTEM_UTTERANCE_TO_SPEAK, ['', '', 'What time do you want to set your alarm to : 08:00, 08:30 or 09:00?'], sender=None, reason=None))
2019-09-12 20:35:22,283 - tdm - DEBUG - FrontendConnectionHandler(id=4525211984, session='2019-09-12T20_35_19_0'): writing {"content": ["", "", "What time do you want to set your alarm to : 08:00, 08:30 or 09:00?"], "_sender": null, "_reason": null, "event_type": "SYSTEM_UTTERANCE_TO_SPEAK"}
2019-09-12 20:35:22,283 - tdm - DEBUG - FrontendConnectionHandler(id=4525211984, session='2019-09-12T20_35_19_0'): OK
2019-09-12 20:35:22,283 - tdm - DEBUG - FrontendConnectionHandler(id=4525211984, session='2019-09-12T20_35_19_0').on_event(Event(MESSAGE_TO_GUI, [Screen(set_alarm, Set the alarm, [<tdm.nlg.tdm_gui_protocol.Element instance at 0x10dc205f0>])], sender=None, reason=None))
2019-09-12 20:35:22,284 - tdm - DEBUG - FrontendConnectionHandler(id=4525211984, session='2019-09-12T20_35_19_0'): writing {"content": [{"Screen": {"elements": [{"Element": {"name": "move", "title": null, "items": [{"Item": {"attributes": [], "selected": false, "predicted": false, "value": "answer(selected_alarm_time(eight))", "title": "08:00"}}, {"Item": {"attributes": [], "selected": false, "predicted": false, "value": "answer(selected_alarm_time(eight_thirty))", "title": "08:30"}}, {"Item": {"attributes": [], "selected": false, "predicted": false, "value": "answer(selected_alarm_time(nine))", "title": "09:00"}}], "format": "", "voice_browsed": false, "value": "", "template": "list", "type": "list"}}], "name": "set_alarm", "title": "Set the alarm"}}], "_sender": null, "_reason": null, "event_type": "MESSAGE_TO_GUI"}
2019-09-12 20:35:22,284 - tdm - DEBUG - FrontendConnectionHandler(id=4525211984, session='2019-09-12T20_35_19_0'): OK
2019-09-12 20:35:23,554 - tdm - DEBUG - FrontendConnectionHandler(id=4525211984, session='2019-09-12T20_35_19_0').on_message({"content": [{"score": 1.0, "utterance": "eight"}], "_sender": "TextInputComponent", "_reason": null, "event_type": "RECOGNITION"})
2019-09-12 20:35:23,570 - tdm - DEBUG - DeviceHandler.query_all(?X.selected_alarm_time(X), set([selected_alarm_time(eight), selected_alarm_time(eight_thirty), selected_alarm_time(nine)]), {}, eng)
2019-09-12 20:35:23,570 - tdm - DEBUG - DeviceHandler invocation ID: 7831168e563597932c86dfb3f3edb790
2019-09-12 20:35:23,581 - tdm - DEBUG - DeviceHandler.is_valid_parameter(selected_alarm_time(eight), {}, eng)
2019-09-12 20:35:23,588 - tdm - DEBUG - DeviceHandler.perform(SetAlarm, {selected_alarm_time(eight), resolved(?X.selected_alarm_time(X), set([selected_alarm_time(eight), selected_alarm_time(eight_thirty), selected_alarm_time(nine)]))}, eng)
2019-09-12 20:35:23,588 - tdm - DEBUG - DeviceHandler invocation ID: decebb611af67c68ad1cade906923d8b
2019-09-12 20:35:23,621 - tdm - DEBUG - FrontendConnectionHandler(id=4525211984, session='2019-09-12T20_35_19_0').on_event(Event(SELECTED_RECOGNITION, 'eight', sender=DmeModule, reason=None))
2019-09-12 20:35:23,621 - tdm - DEBUG - FrontendConnectionHandler(id=4525211984, session='2019-09-12T20_35_19_0'): writing {"content": "eight", "_sender": "DmeModule", "_reason": null, "event_type": "SELECTED_RECOGNITION"}
2019-09-12 20:35:23,621 - tdm - DEBUG - FrontendConnectionHandler(id=4525211984, session='2019-09-12T20_35_19_0'): OK
2019-09-12 20:35:23,622 - tdm - DEBUG - FrontendConnectionHandler(id=4525211984, session='2019-09-12T20_35_19_0').on_event(Event(FACTS, [{'predicate': 'selected_alarm_time', 'grammar_entry': '08:00', 'value': 'eight'}], sender=DmeModule, reason=None))
2019-09-12 20:35:23,622 - tdm - DEBUG - FrontendConnectionHandler(id=4525211984, session='2019-09-12T20_35_19_0'): writing {"content": [{"predicate": "selected_alarm_time", "grammar_entry": "08:00", "value": "eight"}], "_sender": "DmeModule", "_reason": null, "event_type": "FACTS"}
2019-09-12 20:35:23,622 - tdm - DEBUG - FrontendConnectionHandler(id=4525211984, session='2019-09-12T20_35_19_0'): OK
2019-09-12 20:35:23,622 - tdm - DEBUG - FrontendConnectionHandler(id=4525211984, session='2019-09-12T20_35_19_0').on_event(Event(FACTS, [{'predicate': 'selected_alarm_time', 'grammar_entry': '08:00', 'value': 'eight'}], sender=DmeModule, reason=None))
2019-09-12 20:35:23,623 - tdm - DEBUG - FrontendConnectionHandler(id=4525211984, session='2019-09-12T20_35_19_0'): writing {"content": [{"predicate": "selected_alarm_time", "grammar_entry": "08:00", "value": "eight"}], "_sender": "DmeModule", "_reason": null, "event_type": "FACTS"}
2019-09-12 20:35:23,623 - tdm - DEBUG - FrontendConnectionHandler(id=4525211984, session='2019-09-12T20_35_19_0'): OK
2019-09-12 20:35:23,623 - tdm - DEBUG - FrontendConnectionHandler(id=4525211984, session='2019-09-12T20_35_19_0').on_event(Event(END_SYSTEM_TURN, {'passivity_duration': 1.0, 'system_has_asked_question': False}, sender=DmeModule, reason=None))
2019-09-12 20:35:23,623 - tdm - DEBUG - FrontendConnectionHandler(id=4525211984, session='2019-09-12T20_35_19_0'): writing {"content": {"passivity_duration": 1.0, "system_has_asked_question": false}, "_sender": "DmeModule", "_reason": null, "event_type": "END_SYSTEM_TURN"}
2019-09-12 20:35:23,624 - tdm - DEBUG - FrontendConnectionHandler(id=4525211984, session='2019-09-12T20_35_19_0'): OK
2019-09-12 20:35:23,624 - tdm - DEBUG - FrontendConnectionHandler(id=4525211984, session='2019-09-12T20_35_19_0').on_event(Event(EXPECTED_PASSIVITY_DURATION, 1.0, sender=DmeModule, reason=None))
2019-09-12 20:35:23,624 - tdm - DEBUG - FrontendConnectionHandler(id=4525211984, session='2019-09-12T20_35_19_0'): writing {"content": 1.0, "_sender": "DmeModule", "_reason": null, "event_type": "EXPECTED_PASSIVITY_DURATION"}
2019-09-12 20:35:23,624 - tdm - DEBUG - FrontendConnectionHandler(id=4525211984, session='2019-09-12T20_35_19_0'): OK
2019-09-12 20:35:23,625 - tdm - DEBUG - FrontendConnectionHandler(id=4525211984, session='2019-09-12T20_35_19_0').on_event(Event(SYSTEM_UTTERANCE_TO_SPEAK, ['', 'The alarm was set to 08:00.'], sender=None, reason=None))
2019-09-12 20:35:23,625 - tdm - DEBUG - FrontendConnectionHandler(id=4525211984, session='2019-09-12T20_35_19_0'): writing {"content": ["", "The alarm was set to 08:00."], "_sender": null, "_reason": null, "event_type": "SYSTEM_UTTERANCE_TO_SPEAK"}
2019-09-12 20:35:23,625 - tdm - DEBUG - FrontendConnectionHandler(id=4525211984, session='2019-09-12T20_35_19_0'): OK
2019-09-12 20:35:23,625 - tdm - DEBUG - FrontendConnectionHandler(id=4525211984, session='2019-09-12T20_35_19_0').on_event(Event(MESSAGE_TO_GUI, [Popup(The alarm was set to 08:00., elements=[])], sender=None, reason=None))
2019-09-12 20:35:23,625 - tdm - DEBUG - FrontendConnectionHandler(id=4525211984, session='2019-09-12T20_35_19_0'): writing {"content": [{"Popup": {"elements": [], "title": "The alarm was set to 08:00."}}], "_sender": null, "_reason": null, "event_type": "MESSAGE_TO_GUI"}
2019-09-12 20:35:23,626 - tdm - DEBUG - FrontendConnectionHandler(id=4525211984, session='2019-09-12T20_35_19_0'): OK
2019-09-12 20:35:23,626 - tdm - DEBUG - FrontendConnectionHandler(id=4525211984, session='2019-09-12T20_35_19_0').on_event(Event(GUI.POPUP, {'options': [], 'title': 'The alarm was set to 08:00.'}, sender=None, reason=None))
2019-09-12 20:35:23,627 - tdm - DEBUG - FrontendConnectionHandler(id=4525211984, session='2019-09-12T20_35_19_0'): writing {"content": {"options": [], "title": "The alarm was set to 08:00."}, "_sender": null, "_reason": null, "event_type": "GUI.POPUP"}
2019-09-12 20:35:23,627 - tdm - DEBUG - FrontendConnectionHandler(id=4525211984, session='2019-09-12T20_35_19_0'): OK
2019-09-12 20:35:24,679 - tdm - DEBUG - FrontendConnectionHandler(id=4525211984, session='2019-09-12T20_35_19_0').on_message({"content": null, "_sender": "Frontend", "_reason": null, "event_type": "PASSIVITY"})
2019-09-12 20:35:24,721 - tdm - DEBUG - FrontendConnectionHandler(id=4525211984, session='2019-09-12T20_35_19_0').on_event(Event(FACTS, [], sender=DmeModule, reason=None))
2019-09-12 20:35:24,721 - tdm - DEBUG - FrontendConnectionHandler(id=4525211984, session='2019-09-12T20_35_19_0'): writing {"content": [], "_sender": "DmeModule", "_reason": null, "event_type": "FACTS"}
2019-09-12 20:35:24,721 - tdm - DEBUG - FrontendConnectionHandler(id=4525211984, session='2019-09-12T20_35_19_0'): OK
2019-09-12 20:35:24,721 - tdm - DEBUG - FrontendConnectionHandler(id=4525211984, session='2019-09-12T20_35_19_0').on_event(Event(FACTS, [], sender=DmeModule, reason=None))
2019-09-12 20:35:24,721 - tdm - DEBUG - FrontendConnectionHandler(id=4525211984, session='2019-09-12T20_35_19_0'): writing {"content": [], "_sender": "DmeModule", "_reason": null, "event_type": "FACTS"}
2019-09-12 20:35:24,722 - tdm - DEBUG - FrontendConnectionHandler(id=4525211984, session='2019-09-12T20_35_19_0'): OK
2019-09-12 20:35:24,722 - tdm - DEBUG - FrontendConnectionHandler(id=4525211984, session='2019-09-12T20_35_19_0').on_event(Event(END_SYSTEM_TURN, {'passivity_duration': None, 'system_has_asked_question': True}, sender=DmeModule, reason=None))
2019-09-12 20:35:24,722 - tdm - DEBUG - FrontendConnectionHandler(id=4525211984, session='2019-09-12T20_35_19_0'): writing {"content": {"passivity_duration": null, "system_has_asked_question": true}, "_sender": "DmeModule", "_reason": null, "event_type": "END_SYSTEM_TURN"}
2019-09-12 20:35:24,722 - tdm - DEBUG - FrontendConnectionHandler(id=4525211984, session='2019-09-12T20_35_19_0'): OK
2019-09-12 20:35:24,722 - tdm - DEBUG - FrontendConnectionHandler(id=4525211984, session='2019-09-12T20_35_19_0').on_event(Event(SYSTEM_UTTERANCE_TO_SPEAK, ['Returning to main menu.', 'Do you want to know the current time, know the current alarm, set the time or set the alarm?'], sender=None, reason=None))
2019-09-12 20:35:24,722 - tdm - DEBUG - FrontendConnectionHandler(id=4525211984, session='2019-09-12T20_35_19_0'): writing {"content": ["Returning to main menu.", "Do you want to know the current time, know the current alarm, set the time or set the alarm?"], "_sender": null, "_reason": null, "event_type": "SYSTEM_UTTERANCE_TO_SPEAK"}
2019-09-12 20:35:24,722 - tdm - DEBUG - FrontendConnectionHandler(id=4525211984, session='2019-09-12T20_35_19_0'): OK
2019-09-12 20:35:24,722 - tdm - DEBUG - FrontendConnectionHandler(id=4525211984, session='2019-09-12T20_35_19_0').on_event(Event(MESSAGE_TO_GUI, [ClosePopup(), Screen(top, Main menu, [<tdm.nlg.tdm_gui_protocol.Element instance at 0x10dbcef38>])], sender=None, reason=None))
2019-09-12 20:35:24,723 - tdm - DEBUG - FrontendConnectionHandler(id=4525211984, session='2019-09-12T20_35_19_0'): writing {"content": [{"ClosePopup": {}}, {"Screen": {"elements": [{"Element": {"name": "move", "title": "", "items": [{"Item": {"attributes": null, "selected": false, "predicted": false, "value": "ask(?X.current_time(X))", "title": "The current time?"}}, {"Item": {"attributes": null, "selected": false, "predicted": false, "value": "ask(?X.current_alarm(X))", "title": "The current alarm?"}}, {"Item": {"attributes": null, "selected": false, "predicted": false, "value": "request(set_time)", "title": "Set the time"}}, {"Item": {"attributes": null, "selected": true, "predicted": false, "value": "request(set_alarm)", "title": "Set the alarm"}}], "format": "", "voice_browsed": false, "value": "", "template": "menu", "type": "list"}}], "name": "top", "title": "Main menu"}}], "_sender": null, "_reason": null, "event_type": "MESSAGE_TO_GUI"}
2019-09-12 20:35:24,723 - tdm - DEBUG - FrontendConnectionHandler(id=4525211984, session='2019-09-12T20_35_19_0'): OK
2019-09-12 20:36:30,715 - tdm - DEBUG - FrontendConnectionHandler(id=4525211984, session='2019-09-12T20_35_19_0').on_close()
2019-09-12 20:36:30,716 - tdm - DEBUG - SessionManager.stop('2019-09-12T20_35_19_0')
2019-09-12 20:36:30,716 - tdm - DEBUG - TdmApplication.stop(): Stopping HTTP server
2019-09-12 20:36:30,717 - tdm - DEBUG - TdmApplication.stop(): Stopping IO-loop
2019-09-12 20:36:30,717 - tdm - DEBUG - TdmApplication.stop(): Stopping sessions []
