2019-09-12 20:40:59,569 - tdm - DEBUG - EntityDb(time): add_entity(sort=u'alarm_time', grammar_entry='08:30', name=u'eight_thirty')
2019-09-12 20:40:59,569 - tdm - DEBUG - EntityDb(time): add_entity returns u'eight_thirty'
2019-09-12 20:40:59,569 - tdm - DEBUG - EntityDb(time): add_entity(sort=u'alarm_time', grammar_entry='8:30', name=u'eight_thirty')
2019-09-12 20:40:59,570 - tdm - DEBUG - EntityDb(time): add_entity returns u'eight_thirty'
2019-09-12 20:40:59,570 - tdm - DEBUG - EntityDb(time): add_entity(sort=u'alarm_time', grammar_entry='8 30', name=u'eight_thirty')
2019-09-12 20:40:59,570 - tdm - DEBUG - EntityDb(time): add_entity returns u'eight_thirty'
2019-09-12 20:40:59,570 - tdm - DEBUG - EntityDb(time): add_entity(sort=u'alarm_time', grammar_entry='08 30', name=u'eight_thirty')
2019-09-12 20:40:59,570 - tdm - DEBUG - EntityDb(time): add_entity returns u'eight_thirty'
2019-09-12 20:40:59,570 - tdm - DEBUG - EntityDb(time): add_entity(sort=u'alarm_time', grammar_entry='eight thirty', name=u'eight_thirty')
2019-09-12 20:40:59,570 - tdm - DEBUG - EntityDb(time): add_entity returns u'eight_thirty'
2019-09-12 20:40:59,570 - tdm - DEBUG - EntityDb(time): add_entity(sort=u'alarm_time', grammar_entry='09:00', name=u'nine')
2019-09-12 20:40:59,570 - tdm - DEBUG - EntityDb(time): add_entity returns u'nine'
2019-09-12 20:40:59,570 - tdm - DEBUG - EntityDb(time): add_entity(sort=u'alarm_time', grammar_entry='9:00', name=u'nine')
2019-09-12 20:40:59,570 - tdm - DEBUG - EntityDb(time): add_entity returns u'nine'
2019-09-12 20:40:59,570 - tdm - DEBUG - EntityDb(time): add_entity(sort=u'alarm_time', grammar_entry='09', name=u'nine')
2019-09-12 20:40:59,570 - tdm - DEBUG - EntityDb(time): add_entity returns u'nine'
2019-09-12 20:40:59,570 - tdm - DEBUG - EntityDb(time): add_entity(sort=u'alarm_time', grammar_entry='9', name=u'nine')
2019-09-12 20:40:59,570 - tdm - DEBUG - EntityDb(time): add_entity returns u'nine'
2019-09-12 20:40:59,570 - tdm - DEBUG - EntityDb(time): add_entity(sort=u'alarm_time', grammar_entry='nine', name=u'nine')
2019-09-12 20:40:59,570 - tdm - DEBUG - EntityDb(time): add_entity returns u'nine'
2019-09-12 20:40:59,570 - tdm - DEBUG - EntityDb(time): add_entity(sort=u'alarm_time', grammar_entry='08:00', name=u'eight')
2019-09-12 20:40:59,570 - tdm - DEBUG - EntityDb(time): add_entity returns u'eight'
2019-09-12 20:40:59,570 - tdm - DEBUG - EntityDb(time): add_entity(sort=u'alarm_time', grammar_entry='8:00', name=u'eight')
2019-09-12 20:40:59,571 - tdm - DEBUG - EntityDb(time): add_entity returns u'eight'
2019-09-12 20:40:59,571 - tdm - DEBUG - EntityDb(time): add_entity(sort=u'alarm_time', grammar_entry='8', name=u'eight')
2019-09-12 20:40:59,571 - tdm - DEBUG - EntityDb(time): add_entity returns u'eight'
2019-09-12 20:40:59,571 - tdm - DEBUG - EntityDb(time): add_entity(sort=u'alarm_time', grammar_entry='08', name=u'eight')
2019-09-12 20:40:59,571 - tdm - DEBUG - EntityDb(time): add_entity returns u'eight'
2019-09-12 20:40:59,571 - tdm - DEBUG - EntityDb(time): add_entity(sort=u'alarm_time', grammar_entry='eight', name=u'eight')
2019-09-12 20:40:59,571 - tdm - DEBUG - EntityDb(time): add_entity returns u'eight'
2019-09-12 20:40:59,571 - tdm - DEBUG - EntityDb(time): add_entity(sort=u'alarm_time', grammar_entry='off', name=u'alarm_off')
2019-09-12 20:40:59,571 - tdm - DEBUG - EntityDb(time): add_entity returns u'alarm_off'
2019-09-12 20:40:59,571 - tdm - DEBUG - DddDb().__init__(name='ddds', default_ddds=[u'time'])
2019-09-12 20:40:59,572 - tdm - DEBUG - DddDb(): DB file name is '/Users/marta/Desktop/Course project/time_ddd/ddds.json'
2019-09-12 20:40:59,580 - tdm - DEBUG - FrontendConnectionHandler(id=4373860752, session=None).open()
2019-09-12 20:40:59,583 - tdm - DEBUG - FrontendConnectionHandler(id=4373860752, session=None).on_message({"handshake_content": {"session_id": null, "keep_session_alive": false}, "name": "Frontend"})
2019-09-12 20:40:59,584 - tdm - DEBUG - thread_manager.create_thread() with threading.active_count()=3
2019-09-12 20:40:59,584 - tdm - DEBUG - FrontendConnectionHandler(id=4373860752, session=None)._register({"handshake_content": {"session_id": null, "keep_session_alive": false}, "name": "Frontend"})
2019-09-12 20:40:59,584 - tdm - DEBUG - thread_manager.create_thread() with threading.active_count()=4
2019-09-12 20:40:59,585 - tdm - DEBUG - Creating backend and session with id 2019-09-12T20_40_59_0.
2019-09-12 20:40:59,588 - tdm - DEBUG - FrontendConnectionHandler(id=4373860752, session='2019-09-12T20_40_59_0'): writing {"content": "2019-09-12T20_40_59_0", "_sender": null, "_reason": null, "event_type": "SESSION_ID"}
2019-09-12 20:40:59,588 - tdm - DEBUG - FrontendConnectionHandler(id=4373860752, session='2019-09-12T20_40_59_0'): OK
2019-09-12 20:40:59,588 - tdm - DEBUG - FrontendConnectionHandler._register: Registered in session 2019-09-12T20_40_59_0 with backend <tdm.backend.Backend object at 0x104b65450>.
2019-09-12 20:40:59,588 - tdm - DEBUG - FrontendConnectionHandler(id=4373860752, session='2019-09-12T20_40_59_0').on_message({"content": null, "_sender": "Frontend", "_reason": null, "event_type": "START"})
2019-09-12 20:40:59,621 - tdm - DEBUG - FrontendConnectionHandler(id=4373860752, session='2019-09-12T20_40_59_0').on_event(Event(SET_DDD, {'ddd_name': 'time', 'language_code': 'eng'}, sender=DmeModule, reason=None))
2019-09-12 20:40:59,621 - tdm - DEBUG - FrontendConnectionHandler(id=4373860752, session='2019-09-12T20_40_59_0'): writing {"content": {"ddd_name": "time", "language_code": "eng"}, "_sender": "DmeModule", "_reason": null, "event_type": "SET_DDD"}
2019-09-12 20:40:59,621 - tdm - DEBUG - FrontendConnectionHandler(id=4373860752, session='2019-09-12T20_40_59_0'): OK
2019-09-12 20:40:59,622 - tdm - DEBUG - FrontendConnectionHandler(id=4373860752, session='2019-09-12T20_40_59_0').on_event(Event(FACTS, [], sender=DmeModule, reason=None))
2019-09-12 20:40:59,622 - tdm - DEBUG - FrontendConnectionHandler(id=4373860752, session='2019-09-12T20_40_59_0'): writing {"content": [], "_sender": "DmeModule", "_reason": null, "event_type": "FACTS"}
2019-09-12 20:40:59,622 - tdm - DEBUG - FrontendConnectionHandler(id=4373860752, session='2019-09-12T20_40_59_0'): OK
2019-09-12 20:40:59,622 - tdm - DEBUG - FrontendConnectionHandler(id=4373860752, session='2019-09-12T20_40_59_0').on_event(Event(FACTS, [], sender=DmeModule, reason=None))
2019-09-12 20:40:59,622 - tdm - DEBUG - FrontendConnectionHandler(id=4373860752, session='2019-09-12T20_40_59_0'): writing {"content": [], "_sender": "DmeModule", "_reason": null, "event_type": "FACTS"}
2019-09-12 20:40:59,622 - tdm - DEBUG - FrontendConnectionHandler(id=4373860752, session='2019-09-12T20_40_59_0'): OK
2019-09-12 20:40:59,622 - tdm - DEBUG - FrontendConnectionHandler(id=4373860752, session='2019-09-12T20_40_59_0').on_event(Event(END_SYSTEM_TURN, {'passivity_duration': None, 'system_has_asked_question': True}, sender=DmeModule, reason=None))
2019-09-12 20:40:59,622 - tdm - DEBUG - FrontendConnectionHandler(id=4373860752, session='2019-09-12T20_40_59_0'): writing {"content": {"passivity_duration": null, "system_has_asked_question": true}, "_sender": "DmeModule", "_reason": null, "event_type": "END_SYSTEM_TURN"}
2019-09-12 20:40:59,622 - tdm - DEBUG - FrontendConnectionHandler(id=4373860752, session='2019-09-12T20_40_59_0'): OK
2019-09-12 20:40:59,623 - tdm - DEBUG - FrontendConnectionHandler(id=4373860752, session='2019-09-12T20_40_59_0').on_event(Event(SYSTEM_UTTERANCE_TO_SPEAK, ['Do you want to know the current time, know the current alarm, set the time or set the alarm?'], sender=None, reason=None))
2019-09-12 20:40:59,623 - tdm - DEBUG - FrontendConnectionHandler(id=4373860752, session='2019-09-12T20_40_59_0'): writing {"content": ["Do you want to know the current time, know the current alarm, set the time or set the alarm?"], "_sender": null, "_reason": null, "event_type": "SYSTEM_UTTERANCE_TO_SPEAK"}
2019-09-12 20:40:59,623 - tdm - DEBUG - FrontendConnectionHandler(id=4373860752, session='2019-09-12T20_40_59_0'): OK
2019-09-12 20:40:59,623 - tdm - DEBUG - FrontendConnectionHandler(id=4373860752, session='2019-09-12T20_40_59_0').on_event(Event(MESSAGE_TO_GUI, [Screen(top, Main menu, [<tdm.nlg.tdm_gui_protocol.Element instance at 0x104ae0e60>])], sender=None, reason=None))
2019-09-12 20:40:59,623 - tdm - DEBUG - FrontendConnectionHandler(id=4373860752, session='2019-09-12T20_40_59_0'): writing {"content": [{"Screen": {"elements": [{"Element": {"name": "move", "title": "", "items": [{"Item": {"attributes": null, "selected": false, "predicted": false, "value": "ask(?X.current_time(X))", "title": "The current time?"}}, {"Item": {"attributes": null, "selected": false, "predicted": false, "value": "ask(?X.current_alarm(X))", "title": "The current alarm?"}}, {"Item": {"attributes": null, "selected": false, "predicted": false, "value": "request(set_time)", "title": "Set the time"}}, {"Item": {"attributes": null, "selected": false, "predicted": false, "value": "request(set_alarm)", "title": "Set the alarm"}}], "format": "", "voice_browsed": false, "value": "", "template": "menu", "type": "list"}}], "name": "top", "title": "Main menu"}}], "_sender": null, "_reason": null, "event_type": "MESSAGE_TO_GUI"}
2019-09-12 20:40:59,624 - tdm - DEBUG - FrontendConnectionHandler(id=4373860752, session='2019-09-12T20_40_59_0'): OK
2019-09-12 20:41:02,275 - tdm - DEBUG - FrontendConnectionHandler(id=4373860752, session='2019-09-12T20_40_59_0').on_message({"content": [{"score": 1.0, "utterance": "set the alarm"}], "_sender": "TextInputComponent", "_reason": null, "event_type": "RECOGNITION"})
2019-09-12 20:41:02,304 - tdm - DEBUG - DeviceHandler.query_all(?X.selected_alarm_time(X), {}, eng)
2019-09-12 20:41:02,304 - tdm - DEBUG - DeviceHandler invocation ID: ba5fba79856b5b559a859915955be345
2019-09-12 20:41:02,305 - tdm - DEBUG - DeviceHandler.query_all(?X.selected_alarm_time(X), {}, eng)
2019-09-12 20:41:02,305 - tdm - DEBUG - DeviceHandler invocation ID: 5450fa1a26d98b874adcc7b097e1289d
2019-09-12 20:41:02,306 - tdm - DEBUG - DeviceHandler.query_all(?X.selected_alarm_time(X), {}, eng)
2019-09-12 20:41:02,306 - tdm - DEBUG - DeviceHandler invocation ID: e2d3b67a6bb75db4daac00c349fb2a74
2019-09-12 20:41:02,307 - tdm - DEBUG - DeviceHandler.query_all(?X.selected_alarm_time(X), {}, eng)
2019-09-12 20:41:02,307 - tdm - DEBUG - DeviceHandler invocation ID: 2583a758868d0e33b44ab26e32a02d6a
2019-09-12 20:41:02,315 - tdm - DEBUG - DeviceHandler.query_all(?X.selected_alarm_time(X), {}, eng)
2019-09-12 20:41:02,315 - tdm - DEBUG - DeviceHandler invocation ID: ca2a2c5514c52ee4921c952ff1a7c95f
2019-09-12 20:41:02,330 - tdm - DEBUG - DeviceHandler.query_all(?X.selected_alarm_time(X), {}, eng)
2019-09-12 20:41:02,330 - tdm - DEBUG - DeviceHandler invocation ID: 1e084e855565bb2ef3c8097991edc89f
2019-09-12 20:41:02,331 - tdm - DEBUG - DeviceHandler.query_all(?X.selected_alarm_time(X), {}, eng)
2019-09-12 20:41:02,331 - tdm - DEBUG - DeviceHandler invocation ID: 6cc7428956ba50cdcbb43dfac332f40f
2019-09-12 20:41:02,338 - tdm - DEBUG - FrontendConnectionHandler(id=4373860752, session='2019-09-12T20_40_59_0').on_event(Event(SELECTED_RECOGNITION, 'set the alarm', sender=DmeModule, reason=None))
2019-09-12 20:41:02,338 - tdm - DEBUG - FrontendConnectionHandler(id=4373860752, session='2019-09-12T20_40_59_0'): writing {"content": "set the alarm", "_sender": "DmeModule", "_reason": null, "event_type": "SELECTED_RECOGNITION"}
2019-09-12 20:41:02,339 - tdm - DEBUG - FrontendConnectionHandler(id=4373860752, session='2019-09-12T20_40_59_0'): OK
2019-09-12 20:41:02,339 - tdm - DEBUG - FrontendConnectionHandler(id=4373860752, session='2019-09-12T20_40_59_0').on_event(Event(FACTS, [], sender=DmeModule, reason=None))
2019-09-12 20:41:02,339 - tdm - DEBUG - FrontendConnectionHandler(id=4373860752, session='2019-09-12T20_40_59_0'): writing {"content": [], "_sender": "DmeModule", "_reason": null, "event_type": "FACTS"}
2019-09-12 20:41:02,339 - tdm - DEBUG - FrontendConnectionHandler(id=4373860752, session='2019-09-12T20_40_59_0'): OK
2019-09-12 20:41:02,339 - tdm - DEBUG - FrontendConnectionHandler(id=4373860752, session='2019-09-12T20_40_59_0').on_event(Event(FACTS, [], sender=DmeModule, reason=None))
2019-09-12 20:41:02,339 - tdm - DEBUG - FrontendConnectionHandler(id=4373860752, session='2019-09-12T20_40_59_0'): writing {"content": [], "_sender": "DmeModule", "_reason": null, "event_type": "FACTS"}
2019-09-12 20:41:02,340 - tdm - DEBUG - FrontendConnectionHandler(id=4373860752, session='2019-09-12T20_40_59_0'): OK
2019-09-12 20:41:02,340 - tdm - DEBUG - FrontendConnectionHandler(id=4373860752, session='2019-09-12T20_40_59_0').on_event(Event(END_SYSTEM_TURN, {'passivity_duration': 5.0, 'system_has_asked_question': True}, sender=DmeModule, reason=None))
2019-09-12 20:41:02,340 - tdm - DEBUG - FrontendConnectionHandler(id=4373860752, session='2019-09-12T20_40_59_0'): writing {"content": {"passivity_duration": 5.0, "system_has_asked_question": true}, "_sender": "DmeModule", "_reason": null, "event_type": "END_SYSTEM_TURN"}
2019-09-12 20:41:02,340 - tdm - DEBUG - FrontendConnectionHandler(id=4373860752, session='2019-09-12T20_40_59_0'): OK
2019-09-12 20:41:02,340 - tdm - DEBUG - FrontendConnectionHandler(id=4373860752, session='2019-09-12T20_40_59_0').on_event(Event(EXPECTED_PASSIVITY_DURATION, 5.0, sender=DmeModule, reason=None))
2019-09-12 20:41:02,340 - tdm - DEBUG - FrontendConnectionHandler(id=4373860752, session='2019-09-12T20_40_59_0'): writing {"content": 5.0, "_sender": "DmeModule", "_reason": null, "event_type": "EXPECTED_PASSIVITY_DURATION"}
2019-09-12 20:41:02,341 - tdm - DEBUG - FrontendConnectionHandler(id=4373860752, session='2019-09-12T20_40_59_0'): OK
2019-09-12 20:41:02,341 - tdm - DEBUG - FrontendConnectionHandler(id=4373860752, session='2019-09-12T20_40_59_0').on_event(Event(SYSTEM_UTTERANCE_TO_SPEAK, ['', '', 'What time do you want to set your alarm to : 08:00, 08:30 or 09:00?'], sender=None, reason=None))
2019-09-12 20:41:02,341 - tdm - DEBUG - FrontendConnectionHandler(id=4373860752, session='2019-09-12T20_40_59_0'): writing {"content": ["", "", "What time do you want to set your alarm to : 08:00, 08:30 or 09:00?"], "_sender": null, "_reason": null, "event_type": "SYSTEM_UTTERANCE_TO_SPEAK"}
2019-09-12 20:41:02,341 - tdm - DEBUG - FrontendConnectionHandler(id=4373860752, session='2019-09-12T20_40_59_0'): OK
2019-09-12 20:41:02,341 - tdm - DEBUG - FrontendConnectionHandler(id=4373860752, session='2019-09-12T20_40_59_0').on_event(Event(MESSAGE_TO_GUI, [Screen(set_alarm, Set the alarm, [<tdm.nlg.tdm_gui_protocol.Element instance at 0x104b765f0>])], sender=None, reason=None))
2019-09-12 20:41:02,342 - tdm - DEBUG - FrontendConnectionHandler(id=4373860752, session='2019-09-12T20_40_59_0'): writing {"content": [{"Screen": {"elements": [{"Element": {"name": "move", "title": null, "items": [{"Item": {"attributes": [], "selected": false, "predicted": false, "value": "answer(selected_alarm_time(eight))", "title": "08:00"}}, {"Item": {"attributes": [], "selected": false, "predicted": false, "value": "answer(selected_alarm_time(eight_thirty))", "title": "08:30"}}, {"Item": {"attributes": [], "selected": false, "predicted": false, "value": "answer(selected_alarm_time(nine))", "title": "09:00"}}], "format": "", "voice_browsed": false, "value": "", "template": "list", "type": "list"}}], "name": "set_alarm", "title": "Set the alarm"}}], "_sender": null, "_reason": null, "event_type": "MESSAGE_TO_GUI"}
2019-09-12 20:41:02,342 - tdm - DEBUG - FrontendConnectionHandler(id=4373860752, session='2019-09-12T20_40_59_0'): OK
2019-09-12 20:41:04,236 - tdm - DEBUG - FrontendConnectionHandler(id=4373860752, session='2019-09-12T20_40_59_0').on_message({"content": [{"score": 1.0, "utterance": "eight"}], "_sender": "TextInputComponent", "_reason": null, "event_type": "RECOGNITION"})
2019-09-12 20:41:04,252 - tdm - DEBUG - DeviceHandler.query_all(?X.selected_alarm_time(X), set([selected_alarm_time(eight), selected_alarm_time(eight_thirty), selected_alarm_time(nine)]), {}, eng)
2019-09-12 20:41:04,253 - tdm - DEBUG - DeviceHandler invocation ID: 0e13270003a11638a5005d5adeb07fda
2019-09-12 20:41:04,262 - tdm - DEBUG - DeviceHandler.is_valid_parameter(selected_alarm_time(eight), {}, eng)
2019-09-12 20:41:04,269 - tdm - DEBUG - DeviceHandler.perform(SetAlarm, {selected_alarm_time(eight), resolved(?X.selected_alarm_time(X), set([selected_alarm_time(eight), selected_alarm_time(eight_thirty), selected_alarm_time(nine)]))}, eng)
2019-09-12 20:41:04,270 - tdm - DEBUG - DeviceHandler invocation ID: cb7f461ee4f28e3d2966d5c60198468b
2019-09-12 20:41:04,297 - tdm - DEBUG - FrontendConnectionHandler(id=4373860752, session='2019-09-12T20_40_59_0').on_event(Event(SELECTED_RECOGNITION, 'eight', sender=DmeModule, reason=None))
2019-09-12 20:41:04,297 - tdm - DEBUG - FrontendConnectionHandler(id=4373860752, session='2019-09-12T20_40_59_0'): writing {"content": "eight", "_sender": "DmeModule", "_reason": null, "event_type": "SELECTED_RECOGNITION"}
2019-09-12 20:41:04,297 - tdm - DEBUG - FrontendConnectionHandler(id=4373860752, session='2019-09-12T20_40_59_0'): OK
2019-09-12 20:41:04,298 - tdm - DEBUG - FrontendConnectionHandler(id=4373860752, session='2019-09-12T20_40_59_0').on_event(Event(FACTS, [{'predicate': 'selected_alarm_time', 'grammar_entry': '08:00', 'value': 'eight'}], sender=DmeModule, reason=None))
2019-09-12 20:41:04,298 - tdm - DEBUG - FrontendConnectionHandler(id=4373860752, session='2019-09-12T20_40_59_0'): writing {"content": [{"predicate": "selected_alarm_time", "grammar_entry": "08:00", "value": "eight"}], "_sender": "DmeModule", "_reason": null, "event_type": "FACTS"}
2019-09-12 20:41:04,298 - tdm - DEBUG - FrontendConnectionHandler(id=4373860752, session='2019-09-12T20_40_59_0'): OK
2019-09-12 20:41:04,298 - tdm - DEBUG - FrontendConnectionHandler(id=4373860752, session='2019-09-12T20_40_59_0').on_event(Event(FACTS, [{'predicate': 'selected_alarm_time', 'grammar_entry': '08:00', 'value': 'eight'}], sender=DmeModule, reason=None))
2019-09-12 20:41:04,298 - tdm - DEBUG - FrontendConnectionHandler(id=4373860752, session='2019-09-12T20_40_59_0'): writing {"content": [{"predicate": "selected_alarm_time", "grammar_entry": "08:00", "value": "eight"}], "_sender": "DmeModule", "_reason": null, "event_type": "FACTS"}
2019-09-12 20:41:04,298 - tdm - DEBUG - FrontendConnectionHandler(id=4373860752, session='2019-09-12T20_40_59_0'): OK
2019-09-12 20:41:04,298 - tdm - DEBUG - FrontendConnectionHandler(id=4373860752, session='2019-09-12T20_40_59_0').on_event(Event(END_SYSTEM_TURN, {'passivity_duration': 1.0, 'system_has_asked_question': False}, sender=DmeModule, reason=None))
2019-09-12 20:41:04,299 - tdm - DEBUG - FrontendConnectionHandler(id=4373860752, session='2019-09-12T20_40_59_0'): writing {"content": {"passivity_duration": 1.0, "system_has_asked_question": false}, "_sender": "DmeModule", "_reason": null, "event_type": "END_SYSTEM_TURN"}
2019-09-12 20:41:04,299 - tdm - DEBUG - FrontendConnectionHandler(id=4373860752, session='2019-09-12T20_40_59_0'): OK
2019-09-12 20:41:04,299 - tdm - DEBUG - FrontendConnectionHandler(id=4373860752, session='2019-09-12T20_40_59_0').on_event(Event(EXPECTED_PASSIVITY_DURATION, 1.0, sender=DmeModule, reason=None))
2019-09-12 20:41:04,299 - tdm - DEBUG - FrontendConnectionHandler(id=4373860752, session='2019-09-12T20_40_59_0'): writing {"content": 1.0, "_sender": "DmeModule", "_reason": null, "event_type": "EXPECTED_PASSIVITY_DURATION"}
2019-09-12 20:41:04,299 - tdm - DEBUG - FrontendConnectionHandler(id=4373860752, session='2019-09-12T20_40_59_0'): OK
2019-09-12 20:41:04,299 - tdm - DEBUG - FrontendConnectionHandler(id=4373860752, session='2019-09-12T20_40_59_0').on_event(Event(SYSTEM_UTTERANCE_TO_SPEAK, ['', 'The alarm was set to 08:00.'], sender=None, reason=None))
2019-09-12 20:41:04,299 - tdm - DEBUG - FrontendConnectionHandler(id=4373860752, session='2019-09-12T20_40_59_0'): writing {"content": ["", "The alarm was set to 08:00."], "_sender": null, "_reason": null, "event_type": "SYSTEM_UTTERANCE_TO_SPEAK"}
2019-09-12 20:41:04,300 - tdm - DEBUG - FrontendConnectionHandler(id=4373860752, session='2019-09-12T20_40_59_0'): OK
2019-09-12 20:41:04,300 - tdm - DEBUG - FrontendConnectionHandler(id=4373860752, session='2019-09-12T20_40_59_0').on_event(Event(MESSAGE_TO_GUI, [Popup(The alarm was set to 08:00., elements=[])], sender=None, reason=None))
2019-09-12 20:41:04,300 - tdm - DEBUG - FrontendConnectionHandler(id=4373860752, session='2019-09-12T20_40_59_0'): writing {"content": [{"Popup": {"elements": [], "title": "The alarm was set to 08:00."}}], "_sender": null, "_reason": null, "event_type": "MESSAGE_TO_GUI"}
2019-09-12 20:41:04,300 - tdm - DEBUG - FrontendConnectionHandler(id=4373860752, session='2019-09-12T20_40_59_0'): OK
2019-09-12 20:41:04,300 - tdm - DEBUG - FrontendConnectionHandler(id=4373860752, session='2019-09-12T20_40_59_0').on_event(Event(GUI.POPUP, {'options': [], 'title': 'The alarm was set to 08:00.'}, sender=None, reason=None))
2019-09-12 20:41:04,300 - tdm - DEBUG - FrontendConnectionHandler(id=4373860752, session='2019-09-12T20_40_59_0'): writing {"content": {"options": [], "title": "The alarm was set to 08:00."}, "_sender": null, "_reason": null, "event_type": "GUI.POPUP"}
2019-09-12 20:41:04,301 - tdm - DEBUG - FrontendConnectionHandler(id=4373860752, session='2019-09-12T20_40_59_0'): OK
2019-09-12 20:41:05,357 - tdm - DEBUG - FrontendConnectionHandler(id=4373860752, session='2019-09-12T20_40_59_0').on_message({"content": null, "_sender": "Frontend", "_reason": null, "event_type": "PASSIVITY"})
2019-09-12 20:41:05,400 - tdm - DEBUG - FrontendConnectionHandler(id=4373860752, session='2019-09-12T20_40_59_0').on_event(Event(FACTS, [], sender=DmeModule, reason=None))
2019-09-12 20:41:05,400 - tdm - DEBUG - FrontendConnectionHandler(id=4373860752, session='2019-09-12T20_40_59_0'): writing {"content": [], "_sender": "DmeModule", "_reason": null, "event_type": "FACTS"}
2019-09-12 20:41:05,400 - tdm - DEBUG - FrontendConnectionHandler(id=4373860752, session='2019-09-12T20_40_59_0'): OK
2019-09-12 20:41:05,400 - tdm - DEBUG - FrontendConnectionHandler(id=4373860752, session='2019-09-12T20_40_59_0').on_event(Event(FACTS, [], sender=DmeModule, reason=None))
2019-09-12 20:41:05,401 - tdm - DEBUG - FrontendConnectionHandler(id=4373860752, session='2019-09-12T20_40_59_0'): writing {"content": [], "_sender": "DmeModule", "_reason": null, "event_type": "FACTS"}
2019-09-12 20:41:05,401 - tdm - DEBUG - FrontendConnectionHandler(id=4373860752, session='2019-09-12T20_40_59_0'): OK
2019-09-12 20:41:05,401 - tdm - DEBUG - FrontendConnectionHandler(id=4373860752, session='2019-09-12T20_40_59_0').on_event(Event(END_SYSTEM_TURN, {'passivity_duration': None, 'system_has_asked_question': True}, sender=DmeModule, reason=None))
2019-09-12 20:41:05,401 - tdm - DEBUG - FrontendConnectionHandler(id=4373860752, session='2019-09-12T20_40_59_0'): writing {"content": {"passivity_duration": null, "system_has_asked_question": true}, "_sender": "DmeModule", "_reason": null, "event_type": "END_SYSTEM_TURN"}
2019-09-12 20:41:05,401 - tdm - DEBUG - FrontendConnectionHandler(id=4373860752, session='2019-09-12T20_40_59_0'): OK
2019-09-12 20:41:05,402 - tdm - DEBUG - FrontendConnectionHandler(id=4373860752, session='2019-09-12T20_40_59_0').on_event(Event(SYSTEM_UTTERANCE_TO_SPEAK, ['Returning to main menu.', 'Do you want to know the current time, know the current alarm, set the time or set the alarm?'], sender=None, reason=None))
2019-09-12 20:41:05,402 - tdm - DEBUG - FrontendConnectionHandler(id=4373860752, session='2019-09-12T20_40_59_0'): writing {"content": ["Returning to main menu.", "Do you want to know the current time, know the current alarm, set the time or set the alarm?"], "_sender": null, "_reason": null, "event_type": "SYSTEM_UTTERANCE_TO_SPEAK"}
2019-09-12 20:41:05,402 - tdm - DEBUG - FrontendConnectionHandler(id=4373860752, session='2019-09-12T20_40_59_0'): OK
2019-09-12 20:41:05,402 - tdm - DEBUG - FrontendConnectionHandler(id=4373860752, session='2019-09-12T20_40_59_0').on_event(Event(MESSAGE_TO_GUI, [ClosePopup(), Screen(top, Main menu, [<tdm.nlg.tdm_gui_protocol.Element instance at 0x104ae8b48>])], sender=None, reason=None))
2019-09-12 20:41:05,403 - tdm - DEBUG - FrontendConnectionHandler(id=4373860752, session='2019-09-12T20_40_59_0'): writing {"content": [{"ClosePopup": {}}, {"Screen": {"elements": [{"Element": {"name": "move", "title": "", "items": [{"Item": {"attributes": null, "selected": false, "predicted": false, "value": "ask(?X.current_time(X))", "title": "The current time?"}}, {"Item": {"attributes": null, "selected": false, "predicted": false, "value": "ask(?X.current_alarm(X))", "title": "The current alarm?"}}, {"Item": {"attributes": null, "selected": false, "predicted": false, "value": "request(set_time)", "title": "Set the time"}}, {"Item": {"attributes": null, "selected": true, "predicted": false, "value": "request(set_alarm)", "title": "Set the alarm"}}], "format": "", "voice_browsed": false, "value": "", "template": "menu", "type": "list"}}], "name": "top", "title": "Main menu"}}], "_sender": null, "_reason": null, "event_type": "MESSAGE_TO_GUI"}
2019-09-12 20:41:05,403 - tdm - DEBUG - FrontendConnectionHandler(id=4373860752, session='2019-09-12T20_40_59_0'): OK
2019-09-12 20:41:08,718 - tdm - DEBUG - FrontendConnectionHandler(id=4373860752, session='2019-09-12T20_40_59_0').on_message({"content": [{"score": 1.0, "utterance": "whats the alarm"}], "_sender": "TextInputComponent", "_reason": null, "event_type": "RECOGNITION"})
2019-09-12 20:41:08,748 - tdm - DEBUG - DeviceHandler.query_all(?X.current_alarm(X), {}, eng)
2019-09-12 20:41:08,748 - tdm - DEBUG - DeviceHandler invocation ID: ea0d664df115f04679bfc037b738fb7a
2019-09-12 20:41:08,749 - tdm - DEBUG - FrontendConnectionHandler(id=4373860752, session='2019-09-12T20_40_59_0').on_event(Event(BACKEND_ERROR, None, sender=None, reason=None))
2019-09-12 20:41:08,749 - tdm - DEBUG - FrontendConnectionHandler(id=4373860752, session='2019-09-12T20_40_59_0'): writing {"content": null, "_sender": null, "_reason": null, "event_type": "BACKEND_ERROR"}
2019-09-12 20:41:08,749 - tdm - DEBUG - FrontendConnectionHandler(id=4373860752, session='2019-09-12T20_40_59_0'): OK
2019-09-12 20:43:07,167 - tdm - DEBUG - FrontendConnectionHandler(id=4373860752, session='2019-09-12T20_40_59_0').on_close()
2019-09-12 20:43:07,167 - tdm - DEBUG - SessionManager.stop('2019-09-12T20_40_59_0')
2019-09-12 20:43:07,168 - tdm - DEBUG - TdmApplication.stop(): Stopping HTTP server
2019-09-12 20:43:07,169 - tdm - DEBUG - TdmApplication.stop(): Stopping IO-loop
2019-09-12 20:43:07,169 - tdm - DEBUG - TdmApplication.stop(): Stopping sessions []
