2019-09-12 19:58:03,955 - tdm - DEBUG - EntityDb(time): add_entity(sort=u'alarm_time', grammar_entry='eight thirty', name=u'eight_thirty')
2019-09-12 19:58:03,955 - tdm - DEBUG - EntityDb(time): add_entity returns u'eight_thirty'
2019-09-12 19:58:03,956 - tdm - DEBUG - EntityDb(time): add_entity(sort=u'alarm_time', grammar_entry='8 30', name=u'eight_thirty')
2019-09-12 19:58:03,956 - tdm - DEBUG - EntityDb(time): add_entity returns u'eight_thirty'
2019-09-12 19:58:03,956 - tdm - DEBUG - EntityDb(time): add_entity(sort=u'alarm_time', grammar_entry='8:30', name=u'eight_thirty')
2019-09-12 19:58:03,956 - tdm - DEBUG - EntityDb(time): add_entity returns u'eight_thirty'
2019-09-12 19:58:03,956 - tdm - DEBUG - EntityDb(time): add_entity(sort=u'alarm_time', grammar_entry='nine', name=u'nine')
2019-09-12 19:58:03,956 - tdm - DEBUG - EntityDb(time): add_entity returns u'nine'
2019-09-12 19:58:03,956 - tdm - DEBUG - EntityDb(time): add_entity(sort=u'alarm_time', grammar_entry='9', name=u'nine')
2019-09-12 19:58:03,956 - tdm - DEBUG - EntityDb(time): add_entity returns u'nine'
2019-09-12 19:58:03,956 - tdm - DEBUG - EntityDb(time): add_entity(sort=u'alarm_time', grammar_entry='eight', name=u'eight')
2019-09-12 19:58:03,956 - tdm - DEBUG - EntityDb(time): add_entity returns u'eight'
2019-09-12 19:58:03,956 - tdm - DEBUG - EntityDb(time): add_entity(sort=u'alarm_time', grammar_entry='8', name=u'eight')
2019-09-12 19:58:03,956 - tdm - DEBUG - EntityDb(time): add_entity returns u'eight'
2019-09-12 19:58:03,956 - tdm - DEBUG - DddDb().__init__(name='ddds', default_ddds=[u'time'])
2019-09-12 19:58:03,957 - tdm - DEBUG - DddDb(): DB file name is '/Users/marta/Desktop/Course project/time_ddd/ddds.json'
2019-09-12 19:58:03,965 - tdm - DEBUG - FrontendConnectionHandler(id=4563705168, session=None).open()
2019-09-12 19:58:03,966 - tdm - DEBUG - FrontendConnectionHandler(id=4563705168, session=None).on_message({"handshake_content": {"session_id": null, "keep_session_alive": false}, "name": "Frontend"})
2019-09-12 19:58:03,966 - tdm - DEBUG - FrontendConnectionHandler(id=4563705168, session=None)._register({"handshake_content": {"session_id": null, "keep_session_alive": false}, "name": "Frontend"})
2019-09-12 19:58:03,967 - tdm - DEBUG - thread_manager.create_thread() with threading.active_count()=3
2019-09-12 19:58:03,968 - tdm - DEBUG - thread_manager.create_thread() with threading.active_count()=4
2019-09-12 19:58:03,968 - tdm - DEBUG - Creating backend and session with id 2019-09-12T19_58_03_0.
2019-09-12 19:58:03,971 - tdm - DEBUG - FrontendConnectionHandler(id=4563705168, session='2019-09-12T19_58_03_0'): writing {"content": "2019-09-12T19_58_03_0", "_sender": null, "_reason": null, "event_type": "SESSION_ID"}
2019-09-12 19:58:03,971 - tdm - DEBUG - FrontendConnectionHandler(id=4563705168, session='2019-09-12T19_58_03_0'): OK
2019-09-12 19:58:03,971 - tdm - DEBUG - FrontendConnectionHandler._register: Registered in session 2019-09-12T19_58_03_0 with backend <tdm.backend.Backend object at 0x11005eb50>.
2019-09-12 19:58:03,971 - tdm - DEBUG - FrontendConnectionHandler(id=4563705168, session='2019-09-12T19_58_03_0').on_message({"content": null, "_sender": "Frontend", "_reason": null, "event_type": "START"})
2019-09-12 19:58:04,004 - tdm - DEBUG - FrontendConnectionHandler(id=4563705168, session='2019-09-12T19_58_03_0').on_event(Event(SET_DDD, {'ddd_name': 'time', 'language_code': 'eng'}, sender=DmeModule, reason=None))
2019-09-12 19:58:04,004 - tdm - DEBUG - FrontendConnectionHandler(id=4563705168, session='2019-09-12T19_58_03_0'): writing {"content": {"ddd_name": "time", "language_code": "eng"}, "_sender": "DmeModule", "_reason": null, "event_type": "SET_DDD"}
2019-09-12 19:58:04,004 - tdm - DEBUG - FrontendConnectionHandler(id=4563705168, session='2019-09-12T19_58_03_0'): OK
2019-09-12 19:58:04,004 - tdm - DEBUG - FrontendConnectionHandler(id=4563705168, session='2019-09-12T19_58_03_0').on_event(Event(FACTS, [], sender=DmeModule, reason=None))
2019-09-12 19:58:04,005 - tdm - DEBUG - FrontendConnectionHandler(id=4563705168, session='2019-09-12T19_58_03_0'): writing {"content": [], "_sender": "DmeModule", "_reason": null, "event_type": "FACTS"}
2019-09-12 19:58:04,005 - tdm - DEBUG - FrontendConnectionHandler(id=4563705168, session='2019-09-12T19_58_03_0'): OK
2019-09-12 19:58:04,005 - tdm - DEBUG - FrontendConnectionHandler(id=4563705168, session='2019-09-12T19_58_03_0').on_event(Event(FACTS, [], sender=DmeModule, reason=None))
2019-09-12 19:58:04,005 - tdm - DEBUG - FrontendConnectionHandler(id=4563705168, session='2019-09-12T19_58_03_0'): writing {"content": [], "_sender": "DmeModule", "_reason": null, "event_type": "FACTS"}
2019-09-12 19:58:04,005 - tdm - DEBUG - FrontendConnectionHandler(id=4563705168, session='2019-09-12T19_58_03_0'): OK
2019-09-12 19:58:04,005 - tdm - DEBUG - FrontendConnectionHandler(id=4563705168, session='2019-09-12T19_58_03_0').on_event(Event(END_SYSTEM_TURN, {'passivity_duration': None, 'system_has_asked_question': True}, sender=DmeModule, reason=None))
2019-09-12 19:58:04,006 - tdm - DEBUG - FrontendConnectionHandler(id=4563705168, session='2019-09-12T19_58_03_0'): writing {"content": {"passivity_duration": null, "system_has_asked_question": true}, "_sender": "DmeModule", "_reason": null, "event_type": "END_SYSTEM_TURN"}
2019-09-12 19:58:04,006 - tdm - DEBUG - FrontendConnectionHandler(id=4563705168, session='2019-09-12T19_58_03_0'): OK
2019-09-12 19:58:04,006 - tdm - DEBUG - FrontendConnectionHandler(id=4563705168, session='2019-09-12T19_58_03_0').on_event(Event(SYSTEM_UTTERANCE_TO_SPEAK, ['Do you want to know the current time, know the current alarm, set the time or set the alarm?'], sender=None, reason=None))
2019-09-12 19:58:04,006 - tdm - DEBUG - FrontendConnectionHandler(id=4563705168, session='2019-09-12T19_58_03_0'): writing {"content": ["Do you want to know the current time, know the current alarm, set the time or set the alarm?"], "_sender": null, "_reason": null, "event_type": "SYSTEM_UTTERANCE_TO_SPEAK"}
2019-09-12 19:58:04,007 - tdm - DEBUG - FrontendConnectionHandler(id=4563705168, session='2019-09-12T19_58_03_0'): OK
2019-09-12 19:58:04,007 - tdm - DEBUG - FrontendConnectionHandler(id=4563705168, session='2019-09-12T19_58_03_0').on_event(Event(MESSAGE_TO_GUI, [Screen(top, Main menu, [<tdm.nlg.tdm_gui_protocol.Element instance at 0x10ffff0e0>])], sender=None, reason=None))
2019-09-12 19:58:04,007 - tdm - DEBUG - FrontendConnectionHandler(id=4563705168, session='2019-09-12T19_58_03_0'): writing {"content": [{"Screen": {"elements": [{"Element": {"name": "move", "title": "", "items": [{"Item": {"attributes": null, "selected": false, "predicted": false, "value": "ask(?X.current_time(X))", "title": "The current time?"}}, {"Item": {"attributes": null, "selected": false, "predicted": false, "value": "ask(?X.current_alarm(X))", "title": "The current alarm?"}}, {"Item": {"attributes": null, "selected": false, "predicted": false, "value": "request(set_time)", "title": "Set the time"}}, {"Item": {"attributes": null, "selected": false, "predicted": false, "value": "request(set_alarm)", "title": "Set the alarm"}}], "format": "", "voice_browsed": false, "value": "", "template": "menu", "type": "list"}}], "name": "top", "title": "Main menu"}}], "_sender": null, "_reason": null, "event_type": "MESSAGE_TO_GUI"}
2019-09-12 19:58:04,008 - tdm - DEBUG - FrontendConnectionHandler(id=4563705168, session='2019-09-12T19_58_03_0'): OK
2019-09-12 19:58:20,189 - tdm - DEBUG - FrontendConnectionHandler(id=4563705168, session='2019-09-12T19_58_03_0').on_message({"content": [{"score": 1.0, "utterance": "whats the alarm"}], "_sender": "TextInputComponent", "_reason": null, "event_type": "RECOGNITION"})
2019-09-12 19:58:20,219 - tdm - DEBUG - DeviceHandler.query_all(?X.current_alarm(X), {}, eng)
2019-09-12 19:58:20,219 - tdm - DEBUG - DeviceHandler invocation ID: 0b69ad3d9dd59cf0da1987cd08446530
2019-09-12 19:58:20,245 - tdm - DEBUG - FrontendConnectionHandler(id=4563705168, session='2019-09-12T19_58_03_0').on_event(Event(BACKEND_ERROR, None, sender=None, reason=None))
2019-09-12 19:58:20,245 - tdm - DEBUG - FrontendConnectionHandler(id=4563705168, session='2019-09-12T19_58_03_0'): writing {"content": null, "_sender": null, "_reason": null, "event_type": "BACKEND_ERROR"}
2019-09-12 19:58:20,245 - tdm - DEBUG - FrontendConnectionHandler(id=4563705168, session='2019-09-12T19_58_03_0'): OK
2019-09-12 19:58:30,362 - tdm - DEBUG - FrontendConnectionHandler(id=4563705168, session='2019-09-12T19_58_03_0').on_close()
2019-09-12 19:58:30,362 - tdm - DEBUG - SessionManager.stop('2019-09-12T19_58_03_0')
2019-09-12 19:58:30,363 - tdm - DEBUG - TdmApplication.stop(): Stopping HTTP server
2019-09-12 19:58:30,363 - tdm - DEBUG - TdmApplication.stop(): Stopping IO-loop
2019-09-12 19:58:30,363 - tdm - DEBUG - TdmApplication.stop(): Stopping sessions []
